Namespace(arch='MI50', backend='tvm', code_dir='pooling', data_type='float32', eval_bar=[1, 5, 10, 20, 50], fuse=False, keep_tiny=False, num_threads=4, op='avgpool2d_expr_S1P1', padding_threshold_cap=1.0, reg_tiling=True, rtile0_shape=[64, 128, 32], rtile1_shape=[8, 8, 1], rtile2_shape=[1, 1, 1], schedule_fuse=False, shape=[86016, 11, 11, 3, 3], smem_tiling=True, st_align=False, topk=10, use_artificial_rtile=False, use_tc=False)
IODependent:  False
threshold 0
failed to find results with padding threshold 0
threshold 0.1
failed to find results with padding threshold 0.1
threshold 0.2
failed to find results with padding threshold 0.2
threshold 0.30000000000000004
failed to find results with padding threshold 0.30000000000000004
threshold 0.4
failed to find results with padding threshold 0.4
threshold 0.5
found 10 results in first round with threshold 0.5
evaluating top 10 configs
{'b': [2, 1], 'ho': [12, 1], 'wo': [8, 2], 'kh': [3, 1], 'kw': [3, 1]}
{'b': [1, 1], 'ho': [8, 1], 'wo': [8, 2], 'kh': [3, 1], 'kw': [3, 1]}{'b': [3, 1], 'ho': [16, 1], 'wo': [8, 2], 'kh': [3, 1], 'kw': [3, 1]}

{'b': [2, 1], 'ho': [8, 1], 'wo': [8, 2], 'kh': [3, 1], 'kw': [3, 1]}
{'b': [1, 2, 1], 'ho': [1, 12, 1], 'wo': [2, 8, 1], 'kh': [3, 1], 'kw': [3, 1]}
{'b': [1, 1, 1], 'ho': [1, 8, 1], 'wo': [2, 8, 1], 'kh': [3, 1], 'kw': [3, 1]}
{'b': [1, 3, 1], 'ho': [1, 16, 1], 'wo': [2, 8, 1], 'kh': [3, 1], 'kw': [3, 1]}
{'b': [1, 2, 1], 'ho': [1, 8, 1], 'wo': [2, 8, 1], 'kh': [3, 1], 'kw': [3, 1]}
[08:51:52] /host/home/v-ruofanwu/sokoban/tvm/src/target/target_kind.cc:163: Warning: Unable to detect CUDA version, default to "-arch=sm_20" instead
[08:51:52] /host/home/v-ruofanwu/sokoban/tvm/src/target/target_kind.cc:163: Warning: Unable to detect CUDA version, default to "-arch=sm_20" instead
[08:51:52] /host/home/v-ruofanwu/sokoban/tvm/src/target/target_kind.cc:163: Warning: Unable to detect CUDA version, default to "-arch=sm_20" instead
[08:51:52] /host/home/v-ruofanwu/sokoban/tvm/src/target/target_kind.cc:163: Warning: Unable to detect CUDA version, default to "-arch=sm_20" instead
{'b': [4, 1], 'ho': [16, 1], 'wo': [8, 2], 'kh': [3, 1], 'kw': [3, 1]}
{'b': [1, 4, 1], 'ho': [1, 16, 1], 'wo': [2, 8, 1], 'kh': [3, 1], 'kw': [3, 1]}
[08:51:54] /host/home/v-ruofanwu/sokoban/tvm/src/target/target_kind.cc:163: Warning: Unable to detect CUDA version, default to "-arch=sm_20" instead
{'b': [1, 1], 'ho': [16, 1], 'wo': [8, 2], 'kh': [3, 1], 'kw': [3, 1]}
{'b': [1, 1, 1], 'ho': [1, 16, 1], 'wo': [2, 8, 1], 'kh': [3, 1], 'kw': [3, 1]}
[08:51:54] /host/home/v-ruofanwu/sokoban/tvm/src/target/target_kind.cc:163: Warning: Unable to detect CUDA version, default to "-arch=sm_20" instead
{'b': [3, 1], 'ho': [8, 1], 'wo': [8, 2], 'kh': [3, 1], 'kw': [3, 1]}
{'b': [1, 3, 1], 'ho': [1, 8, 1], 'wo': [2, 8, 1], 'kh': [3, 1], 'kw': [3, 1]}
[08:51:54] /host/home/v-ruofanwu/sokoban/tvm/src/target/target_kind.cc:163: Warning: Unable to detect CUDA version, default to "-arch=sm_20" instead
{'b': [4, 1], 'ho': [12, 1], 'wo': [8, 2], 'kh': [3, 1], 'kw': [3, 1]}
{'b': [1, 4, 1], 'ho': [1, 12, 1], 'wo': [2, 8, 1], 'kh': [3, 1], 'kw': [3, 1]}
[08:51:54] /host/home/v-ruofanwu/sokoban/tvm/src/target/target_kind.cc:163: Warning: Unable to detect CUDA version, default to "-arch=sm_20" instead
{'b': [2, 1], 'ho': [16, 1], 'wo': [8, 2], 'kh': [3, 1], 'kw': [3, 1]}
{'b': [1, 2, 1], 'ho': [1, 16, 1], 'wo': [2, 8, 1], 'kh': [3, 1], 'kw': [3, 1]}
{'b': [4, 1], 'ho': [14, 1], 'wo': [8, 2], 'kh': [3, 1], 'kw': [3, 1]}
{'b': [1, 4, 1], 'ho': [1, 14, 1], 'wo': [2, 8, 1], 'kh': [3, 1], 'kw': [3, 1]}
[08:51:57] /host/home/v-ruofanwu/sokoban/tvm/src/target/target_kind.cc:163: Warning: Unable to detect CUDA version, default to "-arch=sm_20" instead
[08:51:57] /host/home/v-ruofanwu/sokoban/tvm/src/target/target_kind.cc:163: Warning: Unable to detect CUDA version, default to "-arch=sm_20" instead
rm: cannot remove 'tmp': No such file or directory
top1 time: 0.559309 ms
top10 time: 0.269197 ms
best idx: 6
best config: [level 0: [tile: [2, 12, 16]; step: [3, 3]]][level 1: [tile: [1, 1, 2]; step: [1, 1]]][level 2: [tile: [1, 1, 1]; step: [1, 1]]]
top1 compile time: 0.0028564929962158203 s
top10 compile time: 7.230098724365234 s
