Namespace(arch='MI50', backend='tvm', code_dir='pooling', data_type='float32', eval_bar=[1, 5, 10, 20, 50], fuse=False, keep_tiny=False, num_threads=4, op='avgpool2d_expr_S1P1', padding_threshold_cap=1.0, reg_tiling=True, rtile0_shape=[64, 128, 32], rtile1_shape=[8, 8, 1], rtile2_shape=[1, 1, 1], schedule_fuse=False, shape=[21504, 42, 42, 3, 3], smem_tiling=True, st_align=False, topk=10, use_artificial_rtile=False, use_tc=False)
IODependent:  False
threshold 0
failed to find results with padding threshold 0
threshold 0.1
failed to find results with padding threshold 0.1
threshold 0.2
found 10 results in first round with threshold 0.2
evaluating top 10 configs
{'b': [1, 1], 'ho': [8, 1], 'wo': [24, 2], 'kh': [3, 1], 'kw': [3, 1]}{'b': [8, 1], 'ho': [2, 1], 'wo': [24, 2], 'kh': [3, 1], 'kw': [3, 1]}

{'b': [1, 1, 1], 'ho': [1, 8, 1], 'wo': [2, 24, 1], 'kh': [3, 1], 'kw': [3, 1]}
{'b': [2, 1], 'ho': [4, 1], 'wo': [24, 2], 'kh': [3, 1], 'kw': [3, 1]}
{'b': [1, 8, 1], 'ho': [1, 2, 1], 'wo': [2, 24, 1], 'kh': [3, 1], 'kw': [3, 1]}
{'b': [16, 1], 'ho': [1, 1], 'wo': [24, 2], 'kh': [3, 1], 'kw': [3, 1]}{'b': [1, 2, 1], 'ho': [1, 4, 1], 'wo': [2, 24, 1], 'kh': [3, 1], 'kw': [3, 1]}

{'b': [1, 16, 1], 'ho': [1, 1, 1], 'wo': [2, 24, 1], 'kh': [3, 1], 'kw': [3, 1]}
[08:52:50] /host/home/v-ruofanwu/sokoban/tvm/src/target/target_kind.cc:163: Warning: Unable to detect CUDA version, default to "-arch=sm_20" instead
[08:52:50] /host/home/v-ruofanwu/sokoban/tvm/src/target/target_kind.cc:163: Warning: Unable to detect CUDA version, default to "-arch=sm_20" instead
[08:52:50] /host/home/v-ruofanwu/sokoban/tvm/src/target/target_kind.cc:163: Warning: Unable to detect CUDA version, default to "-arch=sm_20" instead
[08:52:50] /host/home/v-ruofanwu/sokoban/tvm/src/target/target_kind.cc:163: Warning: Unable to detect CUDA version, default to "-arch=sm_20" instead
{'b': [4, 1], 'ho': [4, 1], 'wo': [24, 2], 'kh': [3, 1], 'kw': [3, 1]}
{'b': [1, 4, 1], 'ho': [1, 4, 1], 'wo': [2, 24, 1], 'kh': [3, 1], 'kw': [3, 1]}
{'b': [1, 1], 'ho': [8, 1], 'wo': [8, 2], 'kh': [3, 1], 'kw': [3, 1]}
[08:52:53] /host/home/v-ruofanwu/sokoban/tvm/src/target/target_kind.cc:163: Warning: Unable to detect CUDA version, default to "-arch=sm_20" instead
{'b': [1, 1, 1], 'ho': [1, 8, 1], 'wo': [2, 8, 1], 'kh': [3, 1], 'kw': [3, 1]}
[08:52:53] /host/home/v-ruofanwu/sokoban/tvm/src/target/target_kind.cc:163: Warning: Unable to detect CUDA version, default to "-arch=sm_20" instead
{'b': [8, 1], 'ho': [1, 1], 'wo': [24, 2], 'kh': [3, 1], 'kw': [3, 1]}
{'b': [1, 8, 1], 'ho': [1, 1, 1], 'wo': [2, 24, 1], 'kh': [3, 1], 'kw': [3, 1]}
[08:52:53] /host/home/v-ruofanwu/sokoban/tvm/src/target/target_kind.cc:163: Warning: Unable to detect CUDA version, default to "-arch=sm_20" instead
{'b': [1, 1], 'ho': [16, 1], 'wo': [24, 2], 'kh': [3, 1], 'kw': [3, 1]}
{'b': [1, 1, 1], 'ho': [1, 16, 1], 'wo': [2, 24, 1], 'kh': [3, 1], 'kw': [3, 1]}
[08:52:53] /host/home/v-ruofanwu/sokoban/tvm/src/target/target_kind.cc:163: Warning: Unable to detect CUDA version, default to "-arch=sm_20" instead
{'b': [4, 1], 'ho': [2, 1], 'wo': [24, 2], 'kh': [3, 1], 'kw': [3, 1]}
{'b': [1, 4, 1], 'ho': [1, 2, 1], 'wo': [2, 24, 1], 'kh': [3, 1], 'kw': [3, 1]}
[08:52:55] /host/home/v-ruofanwu/sokoban/tvm/src/target/target_kind.cc:163: Warning: Unable to detect CUDA version, default to "-arch=sm_20" instead
{'b': [2, 1], 'ho': [8, 1], 'wo': [24, 2], 'kh': [3, 1], 'kw': [3, 1]}
{'b': [1, 2, 1], 'ho': [1, 8, 1], 'wo': [2, 24, 1], 'kh': [3, 1], 'kw': [3, 1]}
[08:52:55] /host/home/v-ruofanwu/sokoban/tvm/src/target/target_kind.cc:163: Warning: Unable to detect CUDA version, default to "-arch=sm_20" instead
rm: cannot remove 'tmp': No such file or directory
top1 time: 0.794926 ms
top10 time: 0.777493 ms
best idx: 1
best config: [level 0: [tile: [1, 16, 48]; step: [3, 3]]][level 1: [tile: [1, 1, 2]; step: [1, 1]]][level 2: [tile: [1, 1, 1]; step: [1, 1]]]
top1 compile time: 0.0028982162475585938 s
top10 compile time: 7.6156980991363525 s
