WARNING:tensorflow:From ./src/conv.py:9: The name tf.logging.set_verbosity is deprecated. Please use tf.compat.v1.logging.set_verbosity instead.

WARNING:tensorflow:From ./src/conv.py:9: The name tf.logging.ERROR is deprecated. Please use tf.compat.v1.logging.ERROR instead.

N, C, H, W, F, K, S, D, P, repeat_time: 128 2016 21 21 336 1 1 1 SAME 10000
is eager mode:  True
2022-04-15 11:39:46.505360: I tensorflow/stream_executor/platform/default/dso_loader.cc:44] Successfully opened dynamic library libamdhip64.so
2022-04-15 11:39:46.570887: I tensorflow/core/common_runtime/gpu/gpu_device.cc:1650] Found device 0 with properties: 
name: Vega 20
AMDGPU ISA: gfx906
memoryClockRate (GHz) 1.725
pciBusID 0000:3f:00.0
2022-04-15 11:39:46.570930: I tensorflow/core/common_runtime/gpu/gpu_device.cc:1650] Found device 1 with properties: 
name: Vega 20
AMDGPU ISA: gfx906
memoryClockRate (GHz) 1.725
pciBusID 0000:43:00.0
2022-04-15 11:39:46.570949: I tensorflow/core/common_runtime/gpu/gpu_device.cc:1650] Found device 2 with properties: 
name: Vega 20
AMDGPU ISA: gfx906
memoryClockRate (GHz) 1.725
pciBusID 0000:46:00.0
2022-04-15 11:39:46.570976: I tensorflow/core/common_runtime/gpu/gpu_device.cc:1650] Found device 3 with properties: 
name: Vega 20
AMDGPU ISA: gfx906
memoryClockRate (GHz) 1.725
pciBusID 0000:49:00.0
2022-04-15 11:39:46.574607: I tensorflow/stream_executor/platform/default/dso_loader.cc:44] Successfully opened dynamic library librocblas.so
2022-04-15 11:39:46.576329: I tensorflow/stream_executor/platform/default/dso_loader.cc:44] Successfully opened dynamic library libMIOpen.so
2022-04-15 11:39:46.592253: I tensorflow/stream_executor/platform/default/dso_loader.cc:44] Successfully opened dynamic library librocfft.so
2022-04-15 11:39:46.592530: I tensorflow/stream_executor/platform/default/dso_loader.cc:44] Successfully opened dynamic library librocrand.so
2022-04-15 11:39:46.592701: I tensorflow/core/common_runtime/gpu/gpu_device.cc:1767] Adding visible gpu devices: 0, 1, 2, 3
2022-04-15 11:39:46.593012: I tensorflow/core/platform/cpu_feature_guard.cc:142] Your CPU supports instructions that this TensorFlow binary was not compiled to use: SSE4.1 SSE4.2 AVX AVX2 AVX512F FMA
2022-04-15 11:39:46.606168: I tensorflow/core/platform/profile_utils/cpu_utils.cc:94] CPU Frequency: 2300000000 Hz
2022-04-15 11:39:46.610452: I tensorflow/compiler/xla/service/service.cc:168] XLA service 0x432a730 initialized for platform Host (this does not guarantee that XLA will be used). Devices:
2022-04-15 11:39:46.610497: I tensorflow/compiler/xla/service/service.cc:176]   StreamExecutor device (0): Host, Default Version
2022-04-15 11:39:46.611164: I tensorflow/core/common_runtime/gpu/gpu_device.cc:1650] Found device 0 with properties: 
name: Vega 20
AMDGPU ISA: gfx906
memoryClockRate (GHz) 1.725
pciBusID 0000:3f:00.0
2022-04-15 11:39:46.611206: I tensorflow/core/common_runtime/gpu/gpu_device.cc:1650] Found device 1 with properties: 
name: Vega 20
AMDGPU ISA: gfx906
memoryClockRate (GHz) 1.725
pciBusID 0000:43:00.0
2022-04-15 11:39:46.611236: I tensorflow/core/common_runtime/gpu/gpu_device.cc:1650] Found device 2 with properties: 
name: Vega 20
AMDGPU ISA: gfx906
memoryClockRate (GHz) 1.725
pciBusID 0000:46:00.0
2022-04-15 11:39:46.611264: I tensorflow/core/common_runtime/gpu/gpu_device.cc:1650] Found device 3 with properties: 
name: Vega 20
AMDGPU ISA: gfx906
memoryClockRate (GHz) 1.725
pciBusID 0000:49:00.0
2022-04-15 11:39:46.611287: I tensorflow/stream_executor/platform/default/dso_loader.cc:44] Successfully opened dynamic library librocblas.so
2022-04-15 11:39:46.611299: I tensorflow/stream_executor/platform/default/dso_loader.cc:44] Successfully opened dynamic library libMIOpen.so
2022-04-15 11:39:46.611310: I tensorflow/stream_executor/platform/default/dso_loader.cc:44] Successfully opened dynamic library librocfft.so
2022-04-15 11:39:46.611321: I tensorflow/stream_executor/platform/default/dso_loader.cc:44] Successfully opened dynamic library librocrand.so
2022-04-15 11:39:46.611471: I tensorflow/core/common_runtime/gpu/gpu_device.cc:1767] Adding visible gpu devices: 0, 1, 2, 3
2022-04-15 11:39:46.611506: I tensorflow/core/common_runtime/gpu/gpu_device.cc:1180] Device interconnect StreamExecutor with strength 1 edge matrix:
2022-04-15 11:39:46.611520: I tensorflow/core/common_runtime/gpu/gpu_device.cc:1186]      0 1 2 3 
2022-04-15 11:39:46.611531: I tensorflow/core/common_runtime/gpu/gpu_device.cc:1199] 0:   N Y Y Y 
2022-04-15 11:39:46.611539: I tensorflow/core/common_runtime/gpu/gpu_device.cc:1199] 1:   Y N Y Y 
2022-04-15 11:39:46.611545: I tensorflow/core/common_runtime/gpu/gpu_device.cc:1199] 2:   Y Y N Y 
2022-04-15 11:39:46.611552: I tensorflow/core/common_runtime/gpu/gpu_device.cc:1199] 3:   Y Y Y N 
2022-04-15 11:39:46.611750: I tensorflow/core/common_runtime/gpu/gpu_device.cc:1325] Created TensorFlow device (/job:localhost/replica:0/task:0/device:GPU:0 with 31114 MB memory) -> physical GPU (device: 0, name: Vega 20, pci bus id: 0000:3f:00.0)
2022-04-15 11:39:46.972031: I tensorflow/core/common_runtime/gpu/gpu_device.cc:1325] Created TensorFlow device (/job:localhost/replica:0/task:0/device:GPU:1 with 31114 MB memory) -> physical GPU (device: 1, name: Vega 20, pci bus id: 0000:43:00.0)
2022-04-15 11:39:47.290607: I tensorflow/core/common_runtime/gpu/gpu_device.cc:1325] Created TensorFlow device (/job:localhost/replica:0/task:0/device:GPU:2 with 31114 MB memory) -> physical GPU (device: 2, name: Vega 20, pci bus id: 0000:46:00.0)
2022-04-15 11:39:47.619025: I tensorflow/core/common_runtime/gpu/gpu_device.cc:1325] Created TensorFlow device (/job:localhost/replica:0/task:0/device:GPU:3 with 31114 MB memory) -> physical GPU (device: 3, name: Vega 20, pci bus id: 0000:49:00.0)
2022-04-15 11:39:48.519390: I tensorflow/stream_executor/platform/default/dso_loader.cc:44] Successfully opened dynamic library libMIOpen.so
12.410882830619812 ms on avg
