WARNING:tensorflow:From conv.py:9: The name tf.logging.set_verbosity is deprecated. Please use tf.compat.v1.logging.set_verbosity instead.

WARNING:tensorflow:From conv.py:9: The name tf.logging.ERROR is deprecated. Please use tf.compat.v1.logging.ERROR instead.

2021-12-14 07:03:54.636446: I tensorflow/stream_executor/platform/default/dso_loader.cc:44] Successfully opened dynamic library libcuda.so.1
2021-12-14 07:03:54.692971: I tensorflow/core/common_runtime/gpu/gpu_device.cc:1639] Found device 0 with properties: 
name: Tesla K80 major: 3 minor: 7 memoryClockRate(GHz): 0.8235
pciBusID: e5f1:00:00.0
2021-12-14 07:03:54.693290: I tensorflow/stream_executor/platform/default/dso_loader.cc:44] Successfully opened dynamic library libcudart.so.10.0
2021-12-14 07:03:54.695116: I tensorflow/stream_executor/platform/default/dso_loader.cc:44] Successfully opened dynamic library libcublas.so.10.0
2021-12-14 07:03:54.696728: I tensorflow/stream_executor/platform/default/dso_loader.cc:44] Successfully opened dynamic library libcufft.so.10.0
2021-12-14 07:03:54.697113: I tensorflow/stream_executor/platform/default/dso_loader.cc:44] Successfully opened dynamic library libcurand.so.10.0
2021-12-14 07:03:54.699220: I tensorflow/stream_executor/platform/default/dso_loader.cc:44] Successfully opened dynamic library libcusolver.so.10.0
2021-12-14 07:03:54.700777: I tensorflow/stream_executor/platform/default/dso_loader.cc:44] Successfully opened dynamic library libcusparse.so.10.0
2021-12-14 07:03:54.705749: I tensorflow/stream_executor/platform/default/dso_loader.cc:44] Successfully opened dynamic library libcudnn.so.7
2021-12-14 07:03:54.707902: I tensorflow/core/common_runtime/gpu/gpu_device.cc:1767] Adding visible gpu devices: 0
2021-12-14 07:03:54.708365: I tensorflow/core/platform/cpu_feature_guard.cc:142] Your CPU supports instructions that this TensorFlow binary was not compiled to use: AVX2 FMA
2021-12-14 07:03:54.721904: I tensorflow/core/platform/profile_utils/cpu_utils.cc:94] CPU Frequency: 2596990000 Hz
2021-12-14 07:03:54.725713: I tensorflow/compiler/xla/service/service.cc:168] XLA service 0x55f07528ae90 initialized for platform Host (this does not guarantee that XLA will be used). Devices:
2021-12-14 07:03:54.725752: I tensorflow/compiler/xla/service/service.cc:176]   StreamExecutor device (0): Host, Default Version
2021-12-14 07:03:54.812225: I tensorflow/compiler/xla/service/service.cc:168] XLA service 0x55f0756ca1c0 initialized for platform CUDA (this does not guarantee that XLA will be used). Devices:
2021-12-14 07:03:54.812282: I tensorflow/compiler/xla/service/service.cc:176]   StreamExecutor device (0): Tesla K80, Compute Capability 3.7
2021-12-14 07:03:54.814157: I tensorflow/core/common_runtime/gpu/gpu_device.cc:1639] Found device 0 with properties: 
name: Tesla K80 major: 3 minor: 7 memoryClockRate(GHz): 0.8235
pciBusID: e5f1:00:00.0
2021-12-14 07:03:54.814235: I tensorflow/stream_executor/platform/default/dso_loader.cc:44] Successfully opened dynamic library libcudart.so.10.0
2021-12-14 07:03:54.814263: I tensorflow/stream_executor/platform/default/dso_loader.cc:44] Successfully opened dynamic library libcublas.so.10.0
2021-12-14 07:03:54.814281: I tensorflow/stream_executor/platform/default/dso_loader.cc:44] Successfully opened dynamic library libcufft.so.10.0
2021-12-14 07:03:54.814297: I tensorflow/stream_executor/platform/default/dso_loader.cc:44] Successfully opened dynamic library libcurand.so.10.0
2021-12-14 07:03:54.814322: I tensorflow/stream_executor/platform/default/dso_loader.cc:44] Successfully opened dynamic library libcusolver.so.10.0
2021-12-14 07:03:54.814340: I tensorflow/stream_executor/platform/default/dso_loader.cc:44] Successfully opened dynamic library libcusparse.so.10.0
2021-12-14 07:03:54.814365: I tensorflow/stream_executor/platform/default/dso_loader.cc:44] Successfully opened dynamic library libcudnn.so.7
2021-12-14 07:03:54.816458: I tensorflow/core/common_runtime/gpu/gpu_device.cc:1767] Adding visible gpu devices: 0
2021-12-14 07:03:54.816528: I tensorflow/stream_executor/platform/default/dso_loader.cc:44] Successfully opened dynamic library libcudart.so.10.0
2021-12-14 07:03:54.819779: I tensorflow/core/common_runtime/gpu/gpu_device.cc:1180] Device interconnect StreamExecutor with strength 1 edge matrix:
2021-12-14 07:03:54.819816: I tensorflow/core/common_runtime/gpu/gpu_device.cc:1186]      0 
2021-12-14 07:03:54.819828: I tensorflow/core/common_runtime/gpu/gpu_device.cc:1199] 0:   N 
2021-12-14 07:03:54.823255: I tensorflow/core/common_runtime/gpu/gpu_device.cc:1325] Created TensorFlow device (/job:localhost/replica:0/task:0/device:GPU:0 with 10805 MB memory) -> physical GPU (device: 0, name: Tesla K80, pci bus id: e5f1:00:00.0, compute capability: 3.7)
2021-12-14 07:03:55.433214: I tensorflow/stream_executor/platform/default/dso_loader.cc:44] Successfully opened dynamic library libcudnn.so.7
2021-12-14 07:03:56.395035: I tensorflow/stream_executor/platform/default/dso_loader.cc:44] Successfully opened dynamic library libcublas.so.10.0
N, C, H, W, F, K, S, D, P, repeat_time: 128 256 14 14 256 3 1 1 SAME 1000
is eager mode:  True
6.775497674942017 ms on avg
