WARNING:tensorflow:From conv.py:9: The name tf.logging.set_verbosity is deprecated. Please use tf.compat.v1.logging.set_verbosity instead.

WARNING:tensorflow:From conv.py:9: The name tf.logging.ERROR is deprecated. Please use tf.compat.v1.logging.ERROR instead.

2021-12-14 06:48:53.439718: I tensorflow/stream_executor/platform/default/dso_loader.cc:44] Successfully opened dynamic library libcuda.so.1
2021-12-14 06:48:53.493908: I tensorflow/core/common_runtime/gpu/gpu_device.cc:1639] Found device 0 with properties: 
name: Tesla K80 major: 3 minor: 7 memoryClockRate(GHz): 0.8235
pciBusID: e5f1:00:00.0
2021-12-14 06:48:53.494205: I tensorflow/stream_executor/platform/default/dso_loader.cc:44] Successfully opened dynamic library libcudart.so.10.0
2021-12-14 06:48:53.495985: I tensorflow/stream_executor/platform/default/dso_loader.cc:44] Successfully opened dynamic library libcublas.so.10.0
2021-12-14 06:48:53.497558: I tensorflow/stream_executor/platform/default/dso_loader.cc:44] Successfully opened dynamic library libcufft.so.10.0
2021-12-14 06:48:53.497965: I tensorflow/stream_executor/platform/default/dso_loader.cc:44] Successfully opened dynamic library libcurand.so.10.0
2021-12-14 06:48:53.500046: I tensorflow/stream_executor/platform/default/dso_loader.cc:44] Successfully opened dynamic library libcusolver.so.10.0
2021-12-14 06:48:53.501592: I tensorflow/stream_executor/platform/default/dso_loader.cc:44] Successfully opened dynamic library libcusparse.so.10.0
2021-12-14 06:48:53.506394: I tensorflow/stream_executor/platform/default/dso_loader.cc:44] Successfully opened dynamic library libcudnn.so.7
2021-12-14 06:48:53.509215: I tensorflow/core/common_runtime/gpu/gpu_device.cc:1767] Adding visible gpu devices: 0
2021-12-14 06:48:53.509748: I tensorflow/core/platform/cpu_feature_guard.cc:142] Your CPU supports instructions that this TensorFlow binary was not compiled to use: AVX2 FMA
2021-12-14 06:48:53.520668: I tensorflow/core/platform/profile_utils/cpu_utils.cc:94] CPU Frequency: 2596990000 Hz
2021-12-14 06:48:53.523813: I tensorflow/compiler/xla/service/service.cc:168] XLA service 0x557905fece90 initialized for platform Host (this does not guarantee that XLA will be used). Devices:
2021-12-14 06:48:53.523846: I tensorflow/compiler/xla/service/service.cc:176]   StreamExecutor device (0): Host, Default Version
2021-12-14 06:48:53.605154: I tensorflow/compiler/xla/service/service.cc:168] XLA service 0x557906303750 initialized for platform CUDA (this does not guarantee that XLA will be used). Devices:
2021-12-14 06:48:53.605212: I tensorflow/compiler/xla/service/service.cc:176]   StreamExecutor device (0): Tesla K80, Compute Capability 3.7
2021-12-14 06:48:53.606536: I tensorflow/core/common_runtime/gpu/gpu_device.cc:1639] Found device 0 with properties: 
name: Tesla K80 major: 3 minor: 7 memoryClockRate(GHz): 0.8235
pciBusID: e5f1:00:00.0
2021-12-14 06:48:53.606620: I tensorflow/stream_executor/platform/default/dso_loader.cc:44] Successfully opened dynamic library libcudart.so.10.0
2021-12-14 06:48:53.606645: I tensorflow/stream_executor/platform/default/dso_loader.cc:44] Successfully opened dynamic library libcublas.so.10.0
2021-12-14 06:48:53.606663: I tensorflow/stream_executor/platform/default/dso_loader.cc:44] Successfully opened dynamic library libcufft.so.10.0
2021-12-14 06:48:53.606681: I tensorflow/stream_executor/platform/default/dso_loader.cc:44] Successfully opened dynamic library libcurand.so.10.0
2021-12-14 06:48:53.606699: I tensorflow/stream_executor/platform/default/dso_loader.cc:44] Successfully opened dynamic library libcusolver.so.10.0
2021-12-14 06:48:53.606717: I tensorflow/stream_executor/platform/default/dso_loader.cc:44] Successfully opened dynamic library libcusparse.so.10.0
2021-12-14 06:48:53.606736: I tensorflow/stream_executor/platform/default/dso_loader.cc:44] Successfully opened dynamic library libcudnn.so.7
2021-12-14 06:48:53.608924: I tensorflow/core/common_runtime/gpu/gpu_device.cc:1767] Adding visible gpu devices: 0
2021-12-14 06:48:53.608989: I tensorflow/stream_executor/platform/default/dso_loader.cc:44] Successfully opened dynamic library libcudart.so.10.0
2021-12-14 06:48:53.612294: I tensorflow/core/common_runtime/gpu/gpu_device.cc:1180] Device interconnect StreamExecutor with strength 1 edge matrix:
2021-12-14 06:48:53.612337: I tensorflow/core/common_runtime/gpu/gpu_device.cc:1186]      0 
2021-12-14 06:48:53.612349: I tensorflow/core/common_runtime/gpu/gpu_device.cc:1199] 0:   N 
2021-12-14 06:48:53.615138: I tensorflow/core/common_runtime/gpu/gpu_device.cc:1325] Created TensorFlow device (/job:localhost/replica:0/task:0/device:GPU:0 with 10805 MB memory) -> physical GPU (device: 0, name: Tesla K80, pci bus id: e5f1:00:00.0, compute capability: 3.7)
2021-12-14 06:48:54.229558: I tensorflow/stream_executor/platform/default/dso_loader.cc:44] Successfully opened dynamic library libcudnn.so.7
2021-12-14 06:48:55.171272: I tensorflow/stream_executor/platform/default/dso_loader.cc:44] Successfully opened dynamic library libcublas.so.10.0
N, C, H, W, F, K, S, D, P, repeat_time: 128 256 14 14 1024 1 1 1 SAME 1000
is eager mode:  True
10.693146467208862 ms on avg
