128 4032 1000 /home/shanbinke/TiledCompiler/tiled-compiler/microbenchmark/tvm/autotvm/matmul_nn
dense_large_batch.gpu
ConfigSpace (len=24192000, space_map=
   0 tile_x: Split(policy=factors, product=128, num_outputs=4) len=120
   1 tile_y: Split(policy=factors, product=1000, num_outputs=4) len=400
   2 tile_k: Split(policy=factors, product=4032, num_outputs=3) len=504
)
Finish loading 1000 records
/home/shanbinke/TiledCompiler/tiled-compiler/microbenchmark/tvm/autotvm/matmul_nn/matmul_128_4032_1000.log

Best config:
[('tile_x', [-1, 2, 4, 2]), ('tile_y', [-1, 5, 4, 1]), ('tile_k', [-1, 3, 6])],None,6627650
best runtime:  0.8128003065326633
compilation time:  1354.0634846687317
128 2048 1000 /home/shanbinke/TiledCompiler/tiled-compiler/microbenchmark/tvm/autotvm/matmul_nn
dense_large_batch.gpu
ConfigSpace (len=3744000, space_map=
   0 tile_x: Split(policy=factors, product=128, num_outputs=4) len=120
   1 tile_y: Split(policy=factors, product=1000, num_outputs=4) len=400
   2 tile_k: Split(policy=factors, product=2048, num_outputs=3) len=78
)
Finish loading 1000 records
/home/shanbinke/TiledCompiler/tiled-compiler/microbenchmark/tvm/autotvm/matmul_nn/matmul_128_2048_1000.log

Best config:
[('tile_x', [-1, 2, 4, 8]), ('tile_y', [-1, 5, 4, 2]), ('tile_k', [-1, 1, 32])],None,2414615
best runtime:  1.794329
compilation time:  1521.9695143699646
