WARNING:tensorflow:From pool.py:9: The name tf.logging.set_verbosity is deprecated. Please use tf.compat.v1.logging.set_verbosity instead.

WARNING:tensorflow:From pool.py:9: The name tf.logging.ERROR is deprecated. Please use tf.compat.v1.logging.ERROR instead.

2021-12-14 05:55:52.595012: I tensorflow/stream_executor/platform/default/dso_loader.cc:44] Successfully opened dynamic library libcuda.so.1
2021-12-14 05:55:52.647073: I tensorflow/core/common_runtime/gpu/gpu_device.cc:1639] Found device 0 with properties: 
name: Tesla K80 major: 3 minor: 7 memoryClockRate(GHz): 0.8235
pciBusID: 3f61:00:00.0
2021-12-14 05:55:52.647376: I tensorflow/stream_executor/platform/default/dso_loader.cc:44] Successfully opened dynamic library libcudart.so.10.0
2021-12-14 05:55:52.648820: I tensorflow/stream_executor/platform/default/dso_loader.cc:44] Successfully opened dynamic library libcublas.so.10.0
2021-12-14 05:55:52.650110: I tensorflow/stream_executor/platform/default/dso_loader.cc:44] Successfully opened dynamic library libcufft.so.10.0
2021-12-14 05:55:52.650439: I tensorflow/stream_executor/platform/default/dso_loader.cc:44] Successfully opened dynamic library libcurand.so.10.0
2021-12-14 05:55:52.652060: I tensorflow/stream_executor/platform/default/dso_loader.cc:44] Successfully opened dynamic library libcusolver.so.10.0
2021-12-14 05:55:52.653357: I tensorflow/stream_executor/platform/default/dso_loader.cc:44] Successfully opened dynamic library libcusparse.so.10.0
2021-12-14 05:55:52.657388: I tensorflow/stream_executor/platform/default/dso_loader.cc:44] Successfully opened dynamic library libcudnn.so.7
2021-12-14 05:55:52.659375: I tensorflow/core/common_runtime/gpu/gpu_device.cc:1767] Adding visible gpu devices: 0
2021-12-14 05:55:52.659783: I tensorflow/core/platform/cpu_feature_guard.cc:142] Your CPU supports instructions that this TensorFlow binary was not compiled to use: AVX2 FMA
2021-12-14 05:55:52.669125: I tensorflow/core/platform/profile_utils/cpu_utils.cc:94] CPU Frequency: 2596990000 Hz
2021-12-14 05:55:52.672183: I tensorflow/compiler/xla/service/service.cc:168] XLA service 0x55fbc88df640 initialized for platform Host (this does not guarantee that XLA will be used). Devices:
2021-12-14 05:55:52.672212: I tensorflow/compiler/xla/service/service.cc:176]   StreamExecutor device (0): Host, Default Version
2021-12-14 05:55:52.752226: I tensorflow/compiler/xla/service/service.cc:168] XLA service 0x55fbc75aa040 initialized for platform CUDA (this does not guarantee that XLA will be used). Devices:
2021-12-14 05:55:52.752263: I tensorflow/compiler/xla/service/service.cc:176]   StreamExecutor device (0): Tesla K80, Compute Capability 3.7
2021-12-14 05:55:52.753385: I tensorflow/core/common_runtime/gpu/gpu_device.cc:1639] Found device 0 with properties: 
name: Tesla K80 major: 3 minor: 7 memoryClockRate(GHz): 0.8235
pciBusID: 3f61:00:00.0
2021-12-14 05:55:52.753441: I tensorflow/stream_executor/platform/default/dso_loader.cc:44] Successfully opened dynamic library libcudart.so.10.0
2021-12-14 05:55:52.753466: I tensorflow/stream_executor/platform/default/dso_loader.cc:44] Successfully opened dynamic library libcublas.so.10.0
2021-12-14 05:55:52.753481: I tensorflow/stream_executor/platform/default/dso_loader.cc:44] Successfully opened dynamic library libcufft.so.10.0
2021-12-14 05:55:52.753494: I tensorflow/stream_executor/platform/default/dso_loader.cc:44] Successfully opened dynamic library libcurand.so.10.0
2021-12-14 05:55:52.753507: I tensorflow/stream_executor/platform/default/dso_loader.cc:44] Successfully opened dynamic library libcusolver.so.10.0
2021-12-14 05:55:52.753521: I tensorflow/stream_executor/platform/default/dso_loader.cc:44] Successfully opened dynamic library libcusparse.so.10.0
2021-12-14 05:55:52.753535: I tensorflow/stream_executor/platform/default/dso_loader.cc:44] Successfully opened dynamic library libcudnn.so.7
2021-12-14 05:55:52.755314: I tensorflow/core/common_runtime/gpu/gpu_device.cc:1767] Adding visible gpu devices: 0
2021-12-14 05:55:52.755373: I tensorflow/stream_executor/platform/default/dso_loader.cc:44] Successfully opened dynamic library libcudart.so.10.0
2021-12-14 05:55:52.758331: I tensorflow/core/common_runtime/gpu/gpu_device.cc:1180] Device interconnect StreamExecutor with strength 1 edge matrix:
2021-12-14 05:55:52.758372: I tensorflow/core/common_runtime/gpu/gpu_device.cc:1186]      0 
2021-12-14 05:55:52.758382: I tensorflow/core/common_runtime/gpu/gpu_device.cc:1199] 0:   N 
2021-12-14 05:55:52.760738: I tensorflow/core/common_runtime/gpu/gpu_device.cc:1325] Created TensorFlow device (/job:localhost/replica:0/task:0/device:GPU:0 with 10805 MB memory) -> physical GPU (device: 0, name: Tesla K80, pci bus id: 3f61:00:00.0, compute capability: 3.7)
2021-12-14 05:55:53.435149: I tensorflow/stream_executor/platform/default/dso_loader.cc:44] Successfully opened dynamic library libcudnn.so.7
N, C, H, W, K, S, P, repeat_time: 128 672 21 21 3 2 SAME 100000
is eager mode:  True
2.575673570632935 ms on avg
