[WARNING] 2022-04-15T23:38:36z src/contrib/custom_op/custom_op.h 27	$NNFUSION_HOME was not set, use /home/shanbinke/nnfusion.

============================================================================
---- Processing '/home/lingm/projects0/sokoban/frozen_models_for_op_bench/frozen_lstm_infer_bs128.const_folded.pb'
============================================================================
[INFO] 2022-04-15T23:38:37z src/nnfusion/frontend/tensorflow_import/tensorflow.cpp 18	Import Tensorflow Graph Size: [22962967]
[INFO] 2022-04-15T23:38:37z src/nnfusion/frontend/tensorflow_import/util/graph_convert.cpp 3587	Converting Tensorflow Graph
[WARNING] 2022-04-15T23:38:37z src/nnfusion/frontend/util/evaluator.hpp 211	Datatypes byte size are not same.
[WARNING] 2022-04-15T23:38:37z src/nnfusion/frontend/util/evaluator.hpp 211	Datatypes byte size are not same.
[WARNING] 2022-04-15T23:38:37z src/nnfusion/frontend/util/evaluator.hpp 211	Datatypes byte size are not same.
1, 1, 1
1, 1, 1
[WARNING] 2022-04-15T23:38:37z src/nnfusion/frontend/util/evaluator.hpp 211	Datatypes byte size are not same.
[WARNING] 2022-04-15T23:38:37z src/nnfusion/frontend/util/evaluator.hpp 211	Datatypes byte size are not same.
[WARNING] 2022-04-15T23:38:37z src/nnfusion/frontend/util/evaluator.hpp 211	Datatypes byte size are not same.
1, 1, 1
1, 1, 1
[WARNING] 2022-04-15T23:38:37z src/nnfusion/frontend/util/evaluator.hpp 211	Datatypes byte size are not same.
[WARNING] 2022-04-15T23:38:37z src/nnfusion/frontend/util/evaluator.hpp 211	Datatypes byte size are not same.
[WARNING] 2022-04-15T23:38:37z src/nnfusion/frontend/util/evaluator.hpp 211	Datatypes byte size are not same.
1, 1, 1
1, 1, 1
[WARNING] 2022-04-15T23:38:37z src/nnfusion/frontend/util/evaluator.hpp 211	Datatypes byte size are not same.
[WARNING] 2022-04-15T23:38:37z src/nnfusion/frontend/util/evaluator.hpp 211	Datatypes byte size are not same.
[WARNING] 2022-04-15T23:38:37z src/nnfusion/frontend/util/evaluator.hpp 211	Datatypes byte size are not same.
1, 1, 1
1, 1, 1
[WARNING] 2022-04-15T23:38:37z src/nnfusion/frontend/util/evaluator.hpp 211	Datatypes byte size are not same.
[WARNING] 2022-04-15T23:38:37z src/nnfusion/frontend/util/evaluator.hpp 211	Datatypes byte size are not same.
[WARNING] 2022-04-15T23:38:37z src/nnfusion/frontend/util/evaluator.hpp 211	Datatypes byte size are not same.
1, 1, 1
1, 1, 1
[WARNING] 2022-04-15T23:38:37z src/nnfusion/frontend/util/evaluator.hpp 211	Datatypes byte size are not same.
[WARNING] 2022-04-15T23:38:37z src/nnfusion/frontend/util/evaluator.hpp 211	Datatypes byte size are not same.
[WARNING] 2022-04-15T23:38:37z src/nnfusion/frontend/util/evaluator.hpp 211	Datatypes byte size are not same.
1, 1, 1
1, 1, 1
[WARNING] 2022-04-15T23:38:37z src/nnfusion/frontend/util/evaluator.hpp 211	Datatypes byte size are not same.
[WARNING] 2022-04-15T23:38:37z src/nnfusion/frontend/util/evaluator.hpp 211	Datatypes byte size are not same.
[WARNING] 2022-04-15T23:38:37z src/nnfusion/frontend/util/evaluator.hpp 211	Datatypes byte size are not same.
1, 1, 1
1, 1, 1
[WARNING] 2022-04-15T23:38:37z src/nnfusion/frontend/util/evaluator.hpp 211	Datatypes byte size are not same.
[WARNING] 2022-04-15T23:38:37z src/nnfusion/frontend/util/evaluator.hpp 211	Datatypes byte size are not same.
[WARNING] 2022-04-15T23:38:37z src/nnfusion/frontend/util/evaluator.hpp 211	Datatypes byte size are not same.
1, 1, 1
1, 1, 1
[WARNING] 2022-04-15T23:38:37z src/nnfusion/frontend/util/evaluator.hpp 211	Datatypes byte size are not same.
[WARNING] 2022-04-15T23:38:37z src/nnfusion/frontend/util/evaluator.hpp 211	Datatypes byte size are not same.
[WARNING] 2022-04-15T23:38:37z src/nnfusion/frontend/util/evaluator.hpp 211	Datatypes byte size are not same.
1, 1, 1
1, 1, 1
[WARNING] 2022-04-15T23:38:37z src/nnfusion/frontend/util/evaluator.hpp 211	Datatypes byte size are not same.
[WARNING] 2022-04-15T23:38:37z src/nnfusion/frontend/util/evaluator.hpp 211	Datatypes byte size are not same.
[WARNING] 2022-04-15T23:38:37z src/nnfusion/frontend/util/evaluator.hpp 211	Datatypes byte size are not same.
1, 1, 1
1, 1, 1
[WARNING] 2022-04-15T23:38:37z src/nnfusion/frontend/util/evaluator.hpp 211	Datatypes byte size are not same.
[WARNING] 2022-04-15T23:38:37z src/nnfusion/frontend/util/evaluator.hpp 211	Datatypes byte size are not same.
[WARNING] 2022-04-15T23:38:37z src/nnfusion/frontend/util/evaluator.hpp 211	Datatypes byte size are not same.
1, 1, 1
1, 1, 1
[WARNING] 2022-04-15T23:38:37z src/nnfusion/frontend/util/evaluator.hpp 211	Datatypes byte size are not same.
[WARNING] 2022-04-15T23:38:37z src/nnfusion/frontend/util/evaluator.hpp 211	Datatypes byte size are not same.
[WARNING] 2022-04-15T23:38:37z src/nnfusion/frontend/util/evaluator.hpp 211	Datatypes byte size are not same.
1, 1, 1
1, 1, 1
[WARNING] 2022-04-15T23:38:37z src/nnfusion/frontend/util/evaluator.hpp 211	Datatypes byte size are not same.
[WARNING] 2022-04-15T23:38:37z src/nnfusion/frontend/util/evaluator.hpp 211	Datatypes byte size are not same.
[WARNING] 2022-04-15T23:38:37z src/nnfusion/frontend/util/evaluator.hpp 211	Datatypes byte size are not same.
1, 1, 1
1, 1, 1
[WARNING] 2022-04-15T23:38:37z src/nnfusion/frontend/util/evaluator.hpp 211	Datatypes byte size are not same.
[WARNING] 2022-04-15T23:38:37z src/nnfusion/frontend/util/evaluator.hpp 211	Datatypes byte size are not same.
[WARNING] 2022-04-15T23:38:37z src/nnfusion/frontend/util/evaluator.hpp 211	Datatypes byte size are not same.
1, 1, 1
1, 1, 1
[WARNING] 2022-04-15T23:38:37z src/nnfusion/frontend/util/evaluator.hpp 211	Datatypes byte size are not same.
[WARNING] 2022-04-15T23:38:37z src/nnfusion/frontend/util/evaluator.hpp 211	Datatypes byte size are not same.
[WARNING] 2022-04-15T23:38:37z src/nnfusion/frontend/util/evaluator.hpp 211	Datatypes byte size are not same.
1, 1, 1
1, 1, 1
[WARNING] 2022-04-15T23:38:37z src/nnfusion/frontend/util/evaluator.hpp 211	Datatypes byte size are not same.
[WARNING] 2022-04-15T23:38:37z src/nnfusion/frontend/util/evaluator.hpp 211	Datatypes byte size are not same.
[WARNING] 2022-04-15T23:38:37z src/nnfusion/frontend/util/evaluator.hpp 211	Datatypes byte size are not same.
1, 1, 1
1, 1, 1
[WARNING] 2022-04-15T23:38:37z src/nnfusion/frontend/util/evaluator.hpp 211	Datatypes byte size are not same.
[WARNING] 2022-04-15T23:38:37z src/nnfusion/frontend/util/evaluator.hpp 211	Datatypes byte size are not same.
[WARNING] 2022-04-15T23:38:37z src/nnfusion/frontend/util/evaluator.hpp 211	Datatypes byte size are not same.
1, 1, 1
1, 1, 1
[WARNING] 2022-04-15T23:38:37z src/nnfusion/frontend/util/evaluator.hpp 211	Datatypes byte size are not same.
[WARNING] 2022-04-15T23:38:37z src/nnfusion/frontend/util/evaluator.hpp 211	Datatypes byte size are not same.
[WARNING] 2022-04-15T23:38:37z src/nnfusion/frontend/util/evaluator.hpp 211	Datatypes byte size are not same.
1, 1, 1
1, 1, 1
[WARNING] 2022-04-15T23:38:37z src/nnfusion/frontend/util/evaluator.hpp 211	Datatypes byte size are not same.
[WARNING] 2022-04-15T23:38:37z src/nnfusion/frontend/util/evaluator.hpp 211	Datatypes byte size are not same.
[WARNING] 2022-04-15T23:38:37z src/nnfusion/frontend/util/evaluator.hpp 211	Datatypes byte size are not same.
1, 1, 1
1, 1, 1
[WARNING] 2022-04-15T23:38:37z src/nnfusion/frontend/util/evaluator.hpp 211	Datatypes byte size are not same.
[WARNING] 2022-04-15T23:38:37z src/nnfusion/frontend/util/evaluator.hpp 211	Datatypes byte size are not same.
[WARNING] 2022-04-15T23:38:37z src/nnfusion/frontend/util/evaluator.hpp 211	Datatypes byte size are not same.
1, 1, 1
1, 1, 1
[WARNING] 2022-04-15T23:38:37z src/nnfusion/frontend/util/evaluator.hpp 211	Datatypes byte size are not same.
[WARNING] 2022-04-15T23:38:37z src/nnfusion/frontend/util/evaluator.hpp 211	Datatypes byte size are not same.
[WARNING] 2022-04-15T23:38:37z src/nnfusion/frontend/util/evaluator.hpp 211	Datatypes byte size are not same.
1, 1, 1
1, 1, 1
[WARNING] 2022-04-15T23:38:37z src/nnfusion/frontend/util/evaluator.hpp 211	Datatypes byte size are not same.
[WARNING] 2022-04-15T23:38:37z src/nnfusion/frontend/util/evaluator.hpp 211	Datatypes byte size are not same.
[WARNING] 2022-04-15T23:38:37z src/nnfusion/frontend/util/evaluator.hpp 211	Datatypes byte size are not same.
1, 1, 1
1, 1, 1
[WARNING] 2022-04-15T23:38:37z src/nnfusion/frontend/util/evaluator.hpp 211	Datatypes byte size are not same.
[WARNING] 2022-04-15T23:38:37z src/nnfusion/frontend/util/evaluator.hpp 211	Datatypes byte size are not same.
[WARNING] 2022-04-15T23:38:37z src/nnfusion/frontend/util/evaluator.hpp 211	Datatypes byte size are not same.
1, 1, 1
1, 1, 1
[WARNING] 2022-04-15T23:38:37z src/nnfusion/frontend/util/evaluator.hpp 211	Datatypes byte size are not same.
[WARNING] 2022-04-15T23:38:37z src/nnfusion/frontend/util/evaluator.hpp 211	Datatypes byte size are not same.
[WARNING] 2022-04-15T23:38:37z src/nnfusion/frontend/util/evaluator.hpp 211	Datatypes byte size are not same.
1, 1, 1
1, 1, 1
[WARNING] 2022-04-15T23:38:37z src/nnfusion/frontend/util/evaluator.hpp 211	Datatypes byte size are not same.
[WARNING] 2022-04-15T23:38:37z src/nnfusion/frontend/util/evaluator.hpp 211	Datatypes byte size are not same.
[WARNING] 2022-04-15T23:38:37z src/nnfusion/frontend/util/evaluator.hpp 211	Datatypes byte size are not same.
1, 1, 1
1, 1, 1
[WARNING] 2022-04-15T23:38:37z src/nnfusion/frontend/util/evaluator.hpp 211	Datatypes byte size are not same.
[WARNING] 2022-04-15T23:38:37z src/nnfusion/frontend/util/evaluator.hpp 211	Datatypes byte size are not same.
[WARNING] 2022-04-15T23:38:37z src/nnfusion/frontend/util/evaluator.hpp 211	Datatypes byte size are not same.
1, 1, 1
1, 1, 1
[WARNING] 2022-04-15T23:38:37z src/nnfusion/frontend/util/evaluator.hpp 211	Datatypes byte size are not same.
[WARNING] 2022-04-15T23:38:37z src/nnfusion/frontend/util/evaluator.hpp 211	Datatypes byte size are not same.
[WARNING] 2022-04-15T23:38:37z src/nnfusion/frontend/util/evaluator.hpp 211	Datatypes byte size are not same.
1, 1, 1
1, 1, 1
[WARNING] 2022-04-15T23:38:37z src/nnfusion/frontend/util/evaluator.hpp 211	Datatypes byte size are not same.
[WARNING] 2022-04-15T23:38:37z src/nnfusion/frontend/util/evaluator.hpp 211	Datatypes byte size are not same.
[WARNING] 2022-04-15T23:38:37z src/nnfusion/frontend/util/evaluator.hpp 211	Datatypes byte size are not same.
1, 1, 1
1, 1, 1
[WARNING] 2022-04-15T23:38:37z src/nnfusion/frontend/util/evaluator.hpp 211	Datatypes byte size are not same.
[WARNING] 2022-04-15T23:38:37z src/nnfusion/frontend/util/evaluator.hpp 211	Datatypes byte size are not same.
[WARNING] 2022-04-15T23:38:37z src/nnfusion/frontend/util/evaluator.hpp 211	Datatypes byte size are not same.
1, 1, 1
1, 1, 1
[WARNING] 2022-04-15T23:38:37z src/nnfusion/frontend/util/evaluator.hpp 211	Datatypes byte size are not same.
[WARNING] 2022-04-15T23:38:37z src/nnfusion/frontend/util/evaluator.hpp 211	Datatypes byte size are not same.
[WARNING] 2022-04-15T23:38:37z src/nnfusion/frontend/util/evaluator.hpp 211	Datatypes byte size are not same.
1, 1, 1
1, 1, 1
[WARNING] 2022-04-15T23:38:37z src/nnfusion/frontend/util/evaluator.hpp 211	Datatypes byte size are not same.
[WARNING] 2022-04-15T23:38:37z src/nnfusion/frontend/util/evaluator.hpp 211	Datatypes byte size are not same.
[WARNING] 2022-04-15T23:38:37z src/nnfusion/frontend/util/evaluator.hpp 211	Datatypes byte size are not same.
1, 1, 1
1, 1, 1
[WARNING] 2022-04-15T23:38:37z src/nnfusion/frontend/util/evaluator.hpp 211	Datatypes byte size are not same.
[WARNING] 2022-04-15T23:38:37z src/nnfusion/frontend/util/evaluator.hpp 211	Datatypes byte size are not same.
[WARNING] 2022-04-15T23:38:37z src/nnfusion/frontend/util/evaluator.hpp 211	Datatypes byte size are not same.
1, 1, 1
1, 1, 1
[WARNING] 2022-04-15T23:38:37z src/nnfusion/frontend/util/evaluator.hpp 211	Datatypes byte size are not same.
[WARNING] 2022-04-15T23:38:37z src/nnfusion/frontend/util/evaluator.hpp 211	Datatypes byte size are not same.
[WARNING] 2022-04-15T23:38:37z src/nnfusion/frontend/util/evaluator.hpp 211	Datatypes byte size are not same.
1, 1, 1
1, 1, 1
[WARNING] 2022-04-15T23:38:37z src/nnfusion/frontend/util/evaluator.hpp 211	Datatypes byte size are not same.
[WARNING] 2022-04-15T23:38:37z src/nnfusion/frontend/util/evaluator.hpp 211	Datatypes byte size are not same.
[WARNING] 2022-04-15T23:38:37z src/nnfusion/frontend/util/evaluator.hpp 211	Datatypes byte size are not same.
1, 1, 1
1, 1, 1
[WARNING] 2022-04-15T23:38:37z src/nnfusion/frontend/util/evaluator.hpp 211	Datatypes byte size are not same.
[WARNING] 2022-04-15T23:38:37z src/nnfusion/frontend/util/evaluator.hpp 211	Datatypes byte size are not same.
[WARNING] 2022-04-15T23:38:37z src/nnfusion/frontend/util/evaluator.hpp 211	Datatypes byte size are not same.
1, 1, 1
1, 1, 1
[WARNING] 2022-04-15T23:38:37z src/nnfusion/frontend/util/evaluator.hpp 211	Datatypes byte size are not same.
[WARNING] 2022-04-15T23:38:37z src/nnfusion/frontend/util/evaluator.hpp 211	Datatypes byte size are not same.
[WARNING] 2022-04-15T23:38:37z src/nnfusion/frontend/util/evaluator.hpp 211	Datatypes byte size are not same.
1, 1, 1
1, 1, 1
[WARNING] 2022-04-15T23:38:37z src/nnfusion/frontend/util/evaluator.hpp 211	Datatypes byte size are not same.
[WARNING] 2022-04-15T23:38:37z src/nnfusion/frontend/util/evaluator.hpp 211	Datatypes byte size are not same.
[WARNING] 2022-04-15T23:38:37z src/nnfusion/frontend/util/evaluator.hpp 211	Datatypes byte size are not same.
1, 1, 1
1, 1, 1
[WARNING] 2022-04-15T23:38:37z src/nnfusion/frontend/util/evaluator.hpp 211	Datatypes byte size are not same.
[WARNING] 2022-04-15T23:38:37z src/nnfusion/frontend/util/evaluator.hpp 211	Datatypes byte size are not same.
[WARNING] 2022-04-15T23:38:37z src/nnfusion/frontend/util/evaluator.hpp 211	Datatypes byte size are not same.
1, 1, 1
1, 1, 1
[WARNING] 2022-04-15T23:38:37z src/nnfusion/frontend/util/evaluator.hpp 211	Datatypes byte size are not same.
[WARNING] 2022-04-15T23:38:37z src/nnfusion/frontend/util/evaluator.hpp 211	Datatypes byte size are not same.
[WARNING] 2022-04-15T23:38:37z src/nnfusion/frontend/util/evaluator.hpp 211	Datatypes byte size are not same.
1, 1, 1
1, 1, 1
[WARNING] 2022-04-15T23:38:37z src/nnfusion/frontend/util/evaluator.hpp 211	Datatypes byte size are not same.
[WARNING] 2022-04-15T23:38:37z src/nnfusion/frontend/util/evaluator.hpp 211	Datatypes byte size are not same.
[WARNING] 2022-04-15T23:38:37z src/nnfusion/frontend/util/evaluator.hpp 211	Datatypes byte size are not same.
1, 1, 1
1, 1, 1
[WARNING] 2022-04-15T23:38:37z src/nnfusion/frontend/util/evaluator.hpp 211	Datatypes byte size are not same.
[WARNING] 2022-04-15T23:38:37z src/nnfusion/frontend/util/evaluator.hpp 211	Datatypes byte size are not same.
[WARNING] 2022-04-15T23:38:37z src/nnfusion/frontend/util/evaluator.hpp 211	Datatypes byte size are not same.
1, 1, 1
1, 1, 1
[WARNING] 2022-04-15T23:38:37z src/nnfusion/frontend/util/evaluator.hpp 211	Datatypes byte size are not same.
[WARNING] 2022-04-15T23:38:37z src/nnfusion/frontend/util/evaluator.hpp 211	Datatypes byte size are not same.
[WARNING] 2022-04-15T23:38:37z src/nnfusion/frontend/util/evaluator.hpp 211	Datatypes byte size are not same.
1, 1, 1
1, 1, 1
[WARNING] 2022-04-15T23:38:37z src/nnfusion/frontend/util/evaluator.hpp 211	Datatypes byte size are not same.
[WARNING] 2022-04-15T23:38:37z src/nnfusion/frontend/util/evaluator.hpp 211	Datatypes byte size are not same.
[WARNING] 2022-04-15T23:38:37z src/nnfusion/frontend/util/evaluator.hpp 211	Datatypes byte size are not same.
1, 1, 1
1, 1, 1
[WARNING] 2022-04-15T23:38:37z src/nnfusion/frontend/util/evaluator.hpp 211	Datatypes byte size are not same.
[WARNING] 2022-04-15T23:38:37z src/nnfusion/frontend/util/evaluator.hpp 211	Datatypes byte size are not same.
[WARNING] 2022-04-15T23:38:37z src/nnfusion/frontend/util/evaluator.hpp 211	Datatypes byte size are not same.
1, 1, 1
1, 1, 1
[WARNING] 2022-04-15T23:38:37z src/nnfusion/frontend/util/evaluator.hpp 211	Datatypes byte size are not same.
[WARNING] 2022-04-15T23:38:37z src/nnfusion/frontend/util/evaluator.hpp 211	Datatypes byte size are not same.
[WARNING] 2022-04-15T23:38:37z src/nnfusion/frontend/util/evaluator.hpp 211	Datatypes byte size are not same.
1, 1, 1
1, 1, 1
[WARNING] 2022-04-15T23:38:37z src/nnfusion/frontend/util/evaluator.hpp 211	Datatypes byte size are not same.
[WARNING] 2022-04-15T23:38:37z src/nnfusion/frontend/util/evaluator.hpp 211	Datatypes byte size are not same.
[WARNING] 2022-04-15T23:38:37z src/nnfusion/frontend/util/evaluator.hpp 211	Datatypes byte size are not same.
1, 1, 1
1, 1, 1
[WARNING] 2022-04-15T23:38:37z src/nnfusion/frontend/util/evaluator.hpp 211	Datatypes byte size are not same.
[WARNING] 2022-04-15T23:38:37z src/nnfusion/frontend/util/evaluator.hpp 211	Datatypes byte size are not same.
[WARNING] 2022-04-15T23:38:37z src/nnfusion/frontend/util/evaluator.hpp 211	Datatypes byte size are not same.
1, 1, 1
1, 1, 1
[WARNING] 2022-04-15T23:38:37z src/nnfusion/frontend/util/evaluator.hpp 211	Datatypes byte size are not same.
[WARNING] 2022-04-15T23:38:37z src/nnfusion/frontend/util/evaluator.hpp 211	Datatypes byte size are not same.
[WARNING] 2022-04-15T23:38:37z src/nnfusion/frontend/util/evaluator.hpp 211	Datatypes byte size are not same.
1, 1, 1
1, 1, 1
[WARNING] 2022-04-15T23:38:37z src/nnfusion/frontend/util/evaluator.hpp 211	Datatypes byte size are not same.
[WARNING] 2022-04-15T23:38:37z src/nnfusion/frontend/util/evaluator.hpp 211	Datatypes byte size are not same.
[WARNING] 2022-04-15T23:38:37z src/nnfusion/frontend/util/evaluator.hpp 211	Datatypes byte size are not same.
1, 1, 1
1, 1, 1
[WARNING] 2022-04-15T23:38:37z src/nnfusion/frontend/util/evaluator.hpp 211	Datatypes byte size are not same.
[WARNING] 2022-04-15T23:38:37z src/nnfusion/frontend/util/evaluator.hpp 211	Datatypes byte size are not same.
[WARNING] 2022-04-15T23:38:37z src/nnfusion/frontend/util/evaluator.hpp 211	Datatypes byte size are not same.
1, 1, 1
1, 1, 1
[WARNING] 2022-04-15T23:38:37z src/nnfusion/frontend/util/evaluator.hpp 211	Datatypes byte size are not same.
[WARNING] 2022-04-15T23:38:37z src/nnfusion/frontend/util/evaluator.hpp 211	Datatypes byte size are not same.
[WARNING] 2022-04-15T23:38:37z src/nnfusion/frontend/util/evaluator.hpp 211	Datatypes byte size are not same.
1, 1, 1
1, 1, 1
[WARNING] 2022-04-15T23:38:37z src/nnfusion/frontend/util/evaluator.hpp 211	Datatypes byte size are not same.
[WARNING] 2022-04-15T23:38:37z src/nnfusion/frontend/util/evaluator.hpp 211	Datatypes byte size are not same.
[WARNING] 2022-04-15T23:38:37z src/nnfusion/frontend/util/evaluator.hpp 211	Datatypes byte size are not same.
1, 1, 1
1, 1, 1
[WARNING] 2022-04-15T23:38:37z src/nnfusion/frontend/util/evaluator.hpp 211	Datatypes byte size are not same.
[WARNING] 2022-04-15T23:38:37z src/nnfusion/frontend/util/evaluator.hpp 211	Datatypes byte size are not same.
[WARNING] 2022-04-15T23:38:37z src/nnfusion/frontend/util/evaluator.hpp 211	Datatypes byte size are not same.
1, 1, 1
1, 1, 1
[WARNING] 2022-04-15T23:38:37z src/nnfusion/frontend/util/evaluator.hpp 211	Datatypes byte size are not same.
[WARNING] 2022-04-15T23:38:37z src/nnfusion/frontend/util/evaluator.hpp 211	Datatypes byte size are not same.
[WARNING] 2022-04-15T23:38:37z src/nnfusion/frontend/util/evaluator.hpp 211	Datatypes byte size are not same.
1, 1, 1
1, 1, 1
[WARNING] 2022-04-15T23:38:37z src/nnfusion/frontend/util/evaluator.hpp 211	Datatypes byte size are not same.
[WARNING] 2022-04-15T23:38:37z src/nnfusion/frontend/util/evaluator.hpp 211	Datatypes byte size are not same.
[WARNING] 2022-04-15T23:38:37z src/nnfusion/frontend/util/evaluator.hpp 211	Datatypes byte size are not same.
1, 1, 1
1, 1, 1
[WARNING] 2022-04-15T23:38:37z src/nnfusion/frontend/util/evaluator.hpp 211	Datatypes byte size are not same.
[WARNING] 2022-04-15T23:38:37z src/nnfusion/frontend/util/evaluator.hpp 211	Datatypes byte size are not same.
[WARNING] 2022-04-15T23:38:37z src/nnfusion/frontend/util/evaluator.hpp 211	Datatypes byte size are not same.
1, 1, 1
1, 1, 1
[WARNING] 2022-04-15T23:38:37z src/nnfusion/frontend/util/evaluator.hpp 211	Datatypes byte size are not same.
[WARNING] 2022-04-15T23:38:37z src/nnfusion/frontend/util/evaluator.hpp 211	Datatypes byte size are not same.
[WARNING] 2022-04-15T23:38:37z src/nnfusion/frontend/util/evaluator.hpp 211	Datatypes byte size are not same.
1, 1, 1
1, 1, 1
[WARNING] 2022-04-15T23:38:37z src/nnfusion/frontend/util/evaluator.hpp 211	Datatypes byte size are not same.
[WARNING] 2022-04-15T23:38:37z src/nnfusion/frontend/util/evaluator.hpp 211	Datatypes byte size are not same.
[WARNING] 2022-04-15T23:38:37z src/nnfusion/frontend/util/evaluator.hpp 211	Datatypes byte size are not same.
1, 1, 1
1, 1, 1
[WARNING] 2022-04-15T23:38:37z src/nnfusion/frontend/util/evaluator.hpp 211	Datatypes byte size are not same.
[WARNING] 2022-04-15T23:38:37z src/nnfusion/frontend/util/evaluator.hpp 211	Datatypes byte size are not same.
[WARNING] 2022-04-15T23:38:37z src/nnfusion/frontend/util/evaluator.hpp 211	Datatypes byte size are not same.
1, 1, 1
1, 1, 1
[WARNING] 2022-04-15T23:38:37z src/nnfusion/frontend/util/evaluator.hpp 211	Datatypes byte size are not same.
[WARNING] 2022-04-15T23:38:37z src/nnfusion/frontend/util/evaluator.hpp 211	Datatypes byte size are not same.
[WARNING] 2022-04-15T23:38:37z src/nnfusion/frontend/util/evaluator.hpp 211	Datatypes byte size are not same.
1, 1, 1
1, 1, 1
[WARNING] 2022-04-15T23:38:37z src/nnfusion/frontend/util/evaluator.hpp 211	Datatypes byte size are not same.
[WARNING] 2022-04-15T23:38:37z src/nnfusion/frontend/util/evaluator.hpp 211	Datatypes byte size are not same.
[WARNING] 2022-04-15T23:38:37z src/nnfusion/frontend/util/evaluator.hpp 211	Datatypes byte size are not same.
1, 1, 1
1, 1, 1
[WARNING] 2022-04-15T23:38:37z src/nnfusion/frontend/util/evaluator.hpp 211	Datatypes byte size are not same.
[WARNING] 2022-04-15T23:38:37z src/nnfusion/frontend/util/evaluator.hpp 211	Datatypes byte size are not same.
[WARNING] 2022-04-15T23:38:37z src/nnfusion/frontend/util/evaluator.hpp 211	Datatypes byte size are not same.
1, 1, 1
1, 1, 1
[WARNING] 2022-04-15T23:38:37z src/nnfusion/frontend/util/evaluator.hpp 211	Datatypes byte size are not same.
[WARNING] 2022-04-15T23:38:37z src/nnfusion/frontend/util/evaluator.hpp 211	Datatypes byte size are not same.
[WARNING] 2022-04-15T23:38:37z src/nnfusion/frontend/util/evaluator.hpp 211	Datatypes byte size are not same.
1, 1, 1
1, 1, 1
[WARNING] 2022-04-15T23:38:37z src/nnfusion/frontend/util/evaluator.hpp 211	Datatypes byte size are not same.
[WARNING] 2022-04-15T23:38:37z src/nnfusion/frontend/util/evaluator.hpp 211	Datatypes byte size are not same.
[WARNING] 2022-04-15T23:38:37z src/nnfusion/frontend/util/evaluator.hpp 211	Datatypes byte size are not same.
1, 1, 1
1, 1, 1
[WARNING] 2022-04-15T23:38:37z src/nnfusion/frontend/util/evaluator.hpp 211	Datatypes byte size are not same.
[WARNING] 2022-04-15T23:38:37z src/nnfusion/frontend/util/evaluator.hpp 211	Datatypes byte size are not same.
[WARNING] 2022-04-15T23:38:37z src/nnfusion/frontend/util/evaluator.hpp 211	Datatypes byte size are not same.
1, 1, 1
1, 1, 1
[WARNING] 2022-04-15T23:38:37z src/nnfusion/frontend/util/evaluator.hpp 211	Datatypes byte size are not same.
[WARNING] 2022-04-15T23:38:37z src/nnfusion/frontend/util/evaluator.hpp 211	Datatypes byte size are not same.
[WARNING] 2022-04-15T23:38:37z src/nnfusion/frontend/util/evaluator.hpp 211	Datatypes byte size are not same.
1, 1, 1
1, 1, 1
[WARNING] 2022-04-15T23:38:37z src/nnfusion/frontend/util/evaluator.hpp 211	Datatypes byte size are not same.
[WARNING] 2022-04-15T23:38:37z src/nnfusion/frontend/util/evaluator.hpp 211	Datatypes byte size are not same.
[WARNING] 2022-04-15T23:38:37z src/nnfusion/frontend/util/evaluator.hpp 211	Datatypes byte size are not same.
1, 1, 1
1, 1, 1
[WARNING] 2022-04-15T23:38:37z src/nnfusion/frontend/util/evaluator.hpp 211	Datatypes byte size are not same.
[WARNING] 2022-04-15T23:38:37z src/nnfusion/frontend/util/evaluator.hpp 211	Datatypes byte size are not same.
[WARNING] 2022-04-15T23:38:37z src/nnfusion/frontend/util/evaluator.hpp 211	Datatypes byte size are not same.
1, 1, 1
1, 1, 1
[WARNING] 2022-04-15T23:38:37z src/nnfusion/frontend/util/evaluator.hpp 211	Datatypes byte size are not same.
[WARNING] 2022-04-15T23:38:37z src/nnfusion/frontend/util/evaluator.hpp 211	Datatypes byte size are not same.
[WARNING] 2022-04-15T23:38:37z src/nnfusion/frontend/util/evaluator.hpp 211	Datatypes byte size are not same.
1, 1, 1
1, 1, 1
[WARNING] 2022-04-15T23:38:37z src/nnfusion/frontend/util/evaluator.hpp 211	Datatypes byte size are not same.
[WARNING] 2022-04-15T23:38:37z src/nnfusion/frontend/util/evaluator.hpp 211	Datatypes byte size are not same.
[WARNING] 2022-04-15T23:38:37z src/nnfusion/frontend/util/evaluator.hpp 211	Datatypes byte size are not same.
1, 1, 1
1, 1, 1
[WARNING] 2022-04-15T23:38:37z src/nnfusion/frontend/util/evaluator.hpp 211	Datatypes byte size are not same.
[WARNING] 2022-04-15T23:38:37z src/nnfusion/frontend/util/evaluator.hpp 211	Datatypes byte size are not same.
[WARNING] 2022-04-15T23:38:37z src/nnfusion/frontend/util/evaluator.hpp 211	Datatypes byte size are not same.
1, 1, 1
1, 1, 1
[WARNING] 2022-04-15T23:38:37z src/nnfusion/frontend/util/evaluator.hpp 211	Datatypes byte size are not same.
[WARNING] 2022-04-15T23:38:37z src/nnfusion/frontend/util/evaluator.hpp 211	Datatypes byte size are not same.
[WARNING] 2022-04-15T23:38:37z src/nnfusion/frontend/util/evaluator.hpp 211	Datatypes byte size are not same.
1, 1, 1
1, 1, 1
[WARNING] 2022-04-15T23:38:37z src/nnfusion/frontend/util/evaluator.hpp 211	Datatypes byte size are not same.
[WARNING] 2022-04-15T23:38:37z src/nnfusion/frontend/util/evaluator.hpp 211	Datatypes byte size are not same.
[WARNING] 2022-04-15T23:38:37z src/nnfusion/frontend/util/evaluator.hpp 211	Datatypes byte size are not same.
1, 1, 1
1, 1, 1
[WARNING] 2022-04-15T23:38:37z src/nnfusion/frontend/util/evaluator.hpp 211	Datatypes byte size are not same.
[WARNING] 2022-04-15T23:38:37z src/nnfusion/frontend/util/evaluator.hpp 211	Datatypes byte size are not same.
[WARNING] 2022-04-15T23:38:37z src/nnfusion/frontend/util/evaluator.hpp 211	Datatypes byte size are not same.
1, 1, 1
1, 1, 1
[WARNING] 2022-04-15T23:38:37z src/nnfusion/frontend/util/evaluator.hpp 211	Datatypes byte size are not same.
[WARNING] 2022-04-15T23:38:37z src/nnfusion/frontend/util/evaluator.hpp 211	Datatypes byte size are not same.
[WARNING] 2022-04-15T23:38:37z src/nnfusion/frontend/util/evaluator.hpp 211	Datatypes byte size are not same.
1, 1, 1
1, 1, 1
[WARNING] 2022-04-15T23:38:37z src/nnfusion/frontend/util/evaluator.hpp 211	Datatypes byte size are not same.
[WARNING] 2022-04-15T23:38:37z src/nnfusion/frontend/util/evaluator.hpp 211	Datatypes byte size are not same.
[WARNING] 2022-04-15T23:38:37z src/nnfusion/frontend/util/evaluator.hpp 211	Datatypes byte size are not same.
1, 1, 1
1, 1, 1
[WARNING] 2022-04-15T23:38:37z src/nnfusion/frontend/util/evaluator.hpp 211	Datatypes byte size are not same.
[WARNING] 2022-04-15T23:38:37z src/nnfusion/frontend/util/evaluator.hpp 211	Datatypes byte size are not same.
[WARNING] 2022-04-15T23:38:37z src/nnfusion/frontend/util/evaluator.hpp 211	Datatypes byte size are not same.
1, 1, 1
1, 1, 1
[WARNING] 2022-04-15T23:38:37z src/nnfusion/frontend/util/evaluator.hpp 211	Datatypes byte size are not same.
[WARNING] 2022-04-15T23:38:37z src/nnfusion/frontend/util/evaluator.hpp 211	Datatypes byte size are not same.
[WARNING] 2022-04-15T23:38:37z src/nnfusion/frontend/util/evaluator.hpp 211	Datatypes byte size are not same.
1, 1, 1
1, 1, 1
[WARNING] 2022-04-15T23:38:37z src/nnfusion/frontend/util/evaluator.hpp 211	Datatypes byte size are not same.
[WARNING] 2022-04-15T23:38:37z src/nnfusion/frontend/util/evaluator.hpp 211	Datatypes byte size are not same.
[WARNING] 2022-04-15T23:38:37z src/nnfusion/frontend/util/evaluator.hpp 211	Datatypes byte size are not same.
1, 1, 1
1, 1, 1
[WARNING] 2022-04-15T23:38:37z src/nnfusion/frontend/util/evaluator.hpp 211	Datatypes byte size are not same.
[WARNING] 2022-04-15T23:38:37z src/nnfusion/frontend/util/evaluator.hpp 211	Datatypes byte size are not same.
[WARNING] 2022-04-15T23:38:37z src/nnfusion/frontend/util/evaluator.hpp 211	Datatypes byte size are not same.
1, 1, 1
1, 1, 1
[WARNING] 2022-04-15T23:38:37z src/nnfusion/frontend/util/evaluator.hpp 211	Datatypes byte size are not same.
[WARNING] 2022-04-15T23:38:37z src/nnfusion/frontend/util/evaluator.hpp 211	Datatypes byte size are not same.
[WARNING] 2022-04-15T23:38:37z src/nnfusion/frontend/util/evaluator.hpp 211	Datatypes byte size are not same.
1, 1, 1
1, 1, 1
[WARNING] 2022-04-15T23:38:37z src/nnfusion/frontend/util/evaluator.hpp 211	Datatypes byte size are not same.
[WARNING] 2022-04-15T23:38:37z src/nnfusion/frontend/util/evaluator.hpp 211	Datatypes byte size are not same.
[WARNING] 2022-04-15T23:38:37z src/nnfusion/frontend/util/evaluator.hpp 211	Datatypes byte size are not same.
1, 1, 1
1, 1, 1
[WARNING] 2022-04-15T23:38:37z src/nnfusion/frontend/util/evaluator.hpp 211	Datatypes byte size are not same.
[WARNING] 2022-04-15T23:38:37z src/nnfusion/frontend/util/evaluator.hpp 211	Datatypes byte size are not same.
[WARNING] 2022-04-15T23:38:37z src/nnfusion/frontend/util/evaluator.hpp 211	Datatypes byte size are not same.
1, 1, 1
1, 1, 1
[WARNING] 2022-04-15T23:38:37z src/nnfusion/frontend/util/evaluator.hpp 211	Datatypes byte size are not same.
[WARNING] 2022-04-15T23:38:37z src/nnfusion/frontend/util/evaluator.hpp 211	Datatypes byte size are not same.
[WARNING] 2022-04-15T23:38:37z src/nnfusion/frontend/util/evaluator.hpp 211	Datatypes byte size are not same.
1, 1, 1
1, 1, 1
[WARNING] 2022-04-15T23:38:37z src/nnfusion/frontend/util/evaluator.hpp 211	Datatypes byte size are not same.
[WARNING] 2022-04-15T23:38:37z src/nnfusion/frontend/util/evaluator.hpp 211	Datatypes byte size are not same.
[WARNING] 2022-04-15T23:38:37z src/nnfusion/frontend/util/evaluator.hpp 211	Datatypes byte size are not same.
1, 1, 1
1, 1, 1
[WARNING] 2022-04-15T23:38:37z src/nnfusion/frontend/util/evaluator.hpp 211	Datatypes byte size are not same.
[WARNING] 2022-04-15T23:38:37z src/nnfusion/frontend/util/evaluator.hpp 211	Datatypes byte size are not same.
[WARNING] 2022-04-15T23:38:37z src/nnfusion/frontend/util/evaluator.hpp 211	Datatypes byte size are not same.
1, 1, 1
1, 1, 1
[WARNING] 2022-04-15T23:38:37z src/nnfusion/frontend/util/evaluator.hpp 211	Datatypes byte size are not same.
[WARNING] 2022-04-15T23:38:37z src/nnfusion/frontend/util/evaluator.hpp 211	Datatypes byte size are not same.
[WARNING] 2022-04-15T23:38:37z src/nnfusion/frontend/util/evaluator.hpp 211	Datatypes byte size are not same.
1, 1, 1
1, 1, 1
[WARNING] 2022-04-15T23:38:37z src/nnfusion/frontend/util/evaluator.hpp 211	Datatypes byte size are not same.
[WARNING] 2022-04-15T23:38:37z src/nnfusion/frontend/util/evaluator.hpp 211	Datatypes byte size are not same.
[WARNING] 2022-04-15T23:38:37z src/nnfusion/frontend/util/evaluator.hpp 211	Datatypes byte size are not same.
1, 1, 1
1, 1, 1
[WARNING] 2022-04-15T23:38:37z src/nnfusion/frontend/util/evaluator.hpp 211	Datatypes byte size are not same.
[WARNING] 2022-04-15T23:38:37z src/nnfusion/frontend/util/evaluator.hpp 211	Datatypes byte size are not same.
[WARNING] 2022-04-15T23:38:37z src/nnfusion/frontend/util/evaluator.hpp 211	Datatypes byte size are not same.
1, 1, 1
1, 1, 1
[WARNING] 2022-04-15T23:38:37z src/nnfusion/frontend/util/evaluator.hpp 211	Datatypes byte size are not same.
[WARNING] 2022-04-15T23:38:37z src/nnfusion/frontend/util/evaluator.hpp 211	Datatypes byte size are not same.
[WARNING] 2022-04-15T23:38:37z src/nnfusion/frontend/util/evaluator.hpp 211	Datatypes byte size are not same.
1, 1, 1
1, 1, 1
[WARNING] 2022-04-15T23:38:37z src/nnfusion/frontend/util/evaluator.hpp 211	Datatypes byte size are not same.
[WARNING] 2022-04-15T23:38:37z src/nnfusion/frontend/util/evaluator.hpp 211	Datatypes byte size are not same.
[WARNING] 2022-04-15T23:38:37z src/nnfusion/frontend/util/evaluator.hpp 211	Datatypes byte size are not same.
1, 1, 1
1, 1, 1
[WARNING] 2022-04-15T23:38:37z src/nnfusion/frontend/util/evaluator.hpp 211	Datatypes byte size are not same.
[WARNING] 2022-04-15T23:38:37z src/nnfusion/frontend/util/evaluator.hpp 211	Datatypes byte size are not same.
[WARNING] 2022-04-15T23:38:37z src/nnfusion/frontend/util/evaluator.hpp 211	Datatypes byte size are not same.
1, 1, 1
1, 1, 1
[WARNING] 2022-04-15T23:38:37z src/nnfusion/frontend/util/evaluator.hpp 211	Datatypes byte size are not same.
[WARNING] 2022-04-15T23:38:37z src/nnfusion/frontend/util/evaluator.hpp 211	Datatypes byte size are not same.
[WARNING] 2022-04-15T23:38:37z src/nnfusion/frontend/util/evaluator.hpp 211	Datatypes byte size are not same.
1, 1, 1
1, 1, 1
[WARNING] 2022-04-15T23:38:37z src/nnfusion/frontend/util/evaluator.hpp 211	Datatypes byte size are not same.
[WARNING] 2022-04-15T23:38:37z src/nnfusion/frontend/util/evaluator.hpp 211	Datatypes byte size are not same.
[WARNING] 2022-04-15T23:38:37z src/nnfusion/frontend/util/evaluator.hpp 211	Datatypes byte size are not same.
1, 1, 1
1, 1, 1
[WARNING] 2022-04-15T23:38:37z src/nnfusion/frontend/util/evaluator.hpp 211	Datatypes byte size are not same.
[WARNING] 2022-04-15T23:38:37z src/nnfusion/frontend/util/evaluator.hpp 211	Datatypes byte size are not same.
[WARNING] 2022-04-15T23:38:37z src/nnfusion/frontend/util/evaluator.hpp 211	Datatypes byte size are not same.
1, 1, 1
1, 1, 1
[WARNING] 2022-04-15T23:38:37z src/nnfusion/frontend/util/evaluator.hpp 211	Datatypes byte size are not same.
[WARNING] 2022-04-15T23:38:37z src/nnfusion/frontend/util/evaluator.hpp 211	Datatypes byte size are not same.
[WARNING] 2022-04-15T23:38:37z src/nnfusion/frontend/util/evaluator.hpp 211	Datatypes byte size are not same.
1, 1, 1
1, 1, 1
[WARNING] 2022-04-15T23:38:37z src/nnfusion/frontend/util/evaluator.hpp 211	Datatypes byte size are not same.
[WARNING] 2022-04-15T23:38:37z src/nnfusion/frontend/util/evaluator.hpp 211	Datatypes byte size are not same.
[WARNING] 2022-04-15T23:38:37z src/nnfusion/frontend/util/evaluator.hpp 211	Datatypes byte size are not same.
1, 1, 1
1, 1, 1
[WARNING] 2022-04-15T23:38:37z src/nnfusion/frontend/util/evaluator.hpp 211	Datatypes byte size are not same.
[WARNING] 2022-04-15T23:38:37z src/nnfusion/frontend/util/evaluator.hpp 211	Datatypes byte size are not same.
[WARNING] 2022-04-15T23:38:37z src/nnfusion/frontend/util/evaluator.hpp 211	Datatypes byte size are not same.
1, 1, 1
1, 1, 1
[WARNING] 2022-04-15T23:38:37z src/nnfusion/frontend/util/evaluator.hpp 211	Datatypes byte size are not same.
[WARNING] 2022-04-15T23:38:37z src/nnfusion/frontend/util/evaluator.hpp 211	Datatypes byte size are not same.
[WARNING] 2022-04-15T23:38:37z src/nnfusion/frontend/util/evaluator.hpp 211	Datatypes byte size are not same.
1, 1, 1
1, 1, 1
[WARNING] 2022-04-15T23:38:37z src/nnfusion/frontend/util/evaluator.hpp 211	Datatypes byte size are not same.
[WARNING] 2022-04-15T23:38:37z src/nnfusion/frontend/util/evaluator.hpp 211	Datatypes byte size are not same.
[WARNING] 2022-04-15T23:38:37z src/nnfusion/frontend/util/evaluator.hpp 211	Datatypes byte size are not same.
1, 1, 1
1, 1, 1
[INFO] 2022-04-15T23:38:37z src/nnfusion/frontend/tensorflow_import/util/graph_convert.cpp 3681	convert graph done
[INFO] 2022-04-15T23:38:37z src/nnfusion/engine/engine.cpp 33	Graph Passes count:28
[INFO] 2022-04-15T23:38:37z src/nnfusion/engine/engine.cpp 34	Interpreter Passes count:6
[INFO] 2022-04-15T23:38:37z src/nnfusion/engine/pass/graph/runtime_const_folding_pass.cpp 241	Runtime Constant Folding Pass starts up for Graph: Graph_0
[INFO] 2022-04-15T23:38:37z src/nnfusion/engine/pass/graph/runtime_const_folding_pass.cpp 260	>> Runtime One Iteration Folds Infer-able Node Count: 0
[INFO] 2022-04-15T23:38:37z src/nnfusion/engine/pass/graph/runtime_const_folding_pass.cpp 263	
[INFO] 2022-04-15T23:38:37z src/nnfusion/engine/pass/graph/runtime_const_folding_pass.cpp 264	>> Runtime Constant Folding Pass ends for Graph: Graph_0
[INFO] 2022-04-15T23:38:37z src/nnfusion/engine/pass/graph/runtime_const_folding_pass.cpp 265	
[INFO] 2022-04-15T23:38:37z src/nnfusion/engine/pass/graph/batchnorm_inference_folding_pass.cpp 899	batchnorm inference folding Pass starts up for Graph: Graph_0
[INFO] 2022-04-15T23:38:38z src/nnfusion/engine/pass/graph/runtime_const_folding_pass.cpp 241	Runtime Constant Folding Pass starts up for Graph: Graph_0
[INFO] 2022-04-15T23:38:38z src/nnfusion/engine/pass/graph/runtime_const_folding_pass.cpp 260	>> Runtime One Iteration Folds Infer-able Node Count: 0
[INFO] 2022-04-15T23:38:38z src/nnfusion/engine/pass/graph/runtime_const_folding_pass.cpp 263	
[INFO] 2022-04-15T23:38:38z src/nnfusion/engine/pass/graph/runtime_const_folding_pass.cpp 264	>> Runtime Constant Folding Pass ends for Graph: Graph_0
[INFO] 2022-04-15T23:38:38z src/nnfusion/engine/pass/graph/runtime_const_folding_pass.cpp 265	
[INFO] 2022-04-15T23:38:38z src/nnfusion/engine/pass/graph/batchnorm_inference_folding_pass.cpp 911	batchnorm inference folding Pass ends for Graph: Graph_0
[INFO] 2022-04-15T23:38:38z src/nnfusion/engine/cache/manager.cpp 52	Open kernel cache from: /home/shanbinke/.cache/nnfusion/kernel_cache.db
[INFO] 2022-04-15T23:38:56z src/nnfusion/engine/cache/manager.cpp 52	Open kernel cache from: /home/shanbinke/.cache/nnfusion/kernel_cache.db
[ERROR] 2022-04-15T23:39:27z src/nnfusion/engine/pass/graph/kernel_selection.cpp 270	No valid kernel found:eval_input(op type: Parameter, dev type: CUDA_GPU)
[INFO] 2022-04-15T23:39:30z src/nnfusion/engine/cache/manager.cpp 52	Open kernel cache from: /home/shanbinke/.cache/nnfusion/kernel_cache.db
[INFO] 2022-04-15T23:39:30z src/nnfusion/engine/cache/manager.cpp 52	Open kernel cache from: /home/shanbinke/.cache/nnfusion/kernel_cache.db
[WARNING] 2022-04-15T23:39:30z src/nnfusion/engine/pass/graph/blockfusion/blockfusion_optimizer.cpp 153	Kernel should be emitted before this pass:eval_input
[INFO] 2022-04-15T23:39:30z src/nnfusion/engine/pass/graph/blockfusion/blockfusion_optimizer.cpp 184	Operator strided_slice_31 is not BlockCudaEmitter, skip in BlockFusion
[INFO] 2022-04-15T23:39:30z src/nnfusion/engine/pass/graph/blockfusion/blockfusion_optimizer.cpp 184	Operator strided_slice_36 is not BlockCudaEmitter, skip in BlockFusion
[INFO] 2022-04-15T23:39:30z src/nnfusion/engine/pass/graph/blockfusion/blockfusion_optimizer.cpp 184	Operator strided_slice_42 is not BlockCudaEmitter, skip in BlockFusion
[INFO] 2022-04-15T23:39:30z src/nnfusion/engine/pass/graph/blockfusion/blockfusion_optimizer.cpp 184	Operator strided_slice_32 is not BlockCudaEmitter, skip in BlockFusion
[INFO] 2022-04-15T23:39:30z src/nnfusion/engine/pass/graph/blockfusion/blockfusion_optimizer.cpp 184	Operator strided_slice_26 is not BlockCudaEmitter, skip in BlockFusion
[INFO] 2022-04-15T23:39:30z src/nnfusion/engine/pass/graph/blockfusion/blockfusion_optimizer.cpp 184	Operator strided_slice_75 is not BlockCudaEmitter, skip in BlockFusion
[INFO] 2022-04-15T23:39:30z src/nnfusion/engine/pass/graph/blockfusion/blockfusion_optimizer.cpp 184	Operator strided_slice_63 is not BlockCudaEmitter, skip in BlockFusion
[INFO] 2022-04-15T23:39:30z src/nnfusion/engine/pass/graph/blockfusion/blockfusion_optimizer.cpp 184	Operator strided_slice_14 is not BlockCudaEmitter, skip in BlockFusion
[INFO] 2022-04-15T23:39:30z src/nnfusion/engine/pass/graph/blockfusion/blockfusion_optimizer.cpp 184	Operator strided_slice_3 is not BlockCudaEmitter, skip in BlockFusion
[INFO] 2022-04-15T23:39:30z src/nnfusion/engine/pass/graph/blockfusion/blockfusion_optimizer.cpp 184	Operator strided_slice_80 is not BlockCudaEmitter, skip in BlockFusion
[INFO] 2022-04-15T23:39:30z src/nnfusion/engine/pass/graph/blockfusion/blockfusion_optimizer.cpp 184	Operator strided_slice_50 is not BlockCudaEmitter, skip in BlockFusion
[INFO] 2022-04-15T23:39:30z src/nnfusion/engine/pass/graph/blockfusion/blockfusion_optimizer.cpp 184	Operator strided_slice_67 is not BlockCudaEmitter, skip in BlockFusion
[INFO] 2022-04-15T23:39:30z src/nnfusion/engine/pass/graph/blockfusion/blockfusion_optimizer.cpp 184	Operator strided_slice_7 is not BlockCudaEmitter, skip in BlockFusion
[INFO] 2022-04-15T23:39:30z src/nnfusion/engine/pass/graph/blockfusion/blockfusion_optimizer.cpp 184	Operator strided_slice_8 is not BlockCudaEmitter, skip in BlockFusion
[INFO] 2022-04-15T23:39:30z src/nnfusion/engine/pass/graph/blockfusion/blockfusion_optimizer.cpp 184	Operator strided_slice_70 is not BlockCudaEmitter, skip in BlockFusion
[INFO] 2022-04-15T23:39:30z src/nnfusion/engine/pass/graph/blockfusion/blockfusion_optimizer.cpp 184	Operator strided_slice_71 is not BlockCudaEmitter, skip in BlockFusion
[INFO] 2022-04-15T23:39:30z src/nnfusion/engine/pass/graph/blockfusion/blockfusion_optimizer.cpp 184	Operator strided_slice_74 is not BlockCudaEmitter, skip in BlockFusion
[INFO] 2022-04-15T23:39:30z src/nnfusion/engine/pass/graph/blockfusion/blockfusion_optimizer.cpp 184	Operator strided_slice_6 is not BlockCudaEmitter, skip in BlockFusion
[INFO] 2022-04-15T23:39:30z src/nnfusion/engine/pass/graph/blockfusion/blockfusion_optimizer.cpp 184	Operator strided_slice_73 is not BlockCudaEmitter, skip in BlockFusion
[INFO] 2022-04-15T23:39:30z src/nnfusion/engine/pass/graph/blockfusion/blockfusion_optimizer.cpp 184	Operator strided_slice_76 is not BlockCudaEmitter, skip in BlockFusion
[INFO] 2022-04-15T23:39:30z src/nnfusion/engine/pass/graph/blockfusion/blockfusion_optimizer.cpp 184	Operator strided_slice_79 is not BlockCudaEmitter, skip in BlockFusion
[INFO] 2022-04-15T23:39:30z src/nnfusion/engine/pass/graph/blockfusion/blockfusion_optimizer.cpp 184	Operator strided_slice_11 is not BlockCudaEmitter, skip in BlockFusion
[INFO] 2022-04-15T23:39:30z src/nnfusion/engine/pass/graph/blockfusion/blockfusion_optimizer.cpp 184	Operator strided_slice_4 is not BlockCudaEmitter, skip in BlockFusion
[INFO] 2022-04-15T23:39:30z src/nnfusion/engine/pass/graph/blockfusion/blockfusion_optimizer.cpp 184	Operator strided_slice_33 is not BlockCudaEmitter, skip in BlockFusion
[INFO] 2022-04-15T23:39:30z src/nnfusion/engine/pass/graph/blockfusion/blockfusion_optimizer.cpp 184	Operator strided_slice_24 is not BlockCudaEmitter, skip in BlockFusion
[INFO] 2022-04-15T23:39:30z src/nnfusion/engine/pass/graph/blockfusion/blockfusion_optimizer.cpp 184	Operator strided_slice_96 is not BlockCudaEmitter, skip in BlockFusion
[INFO] 2022-04-15T23:39:30z src/nnfusion/engine/pass/graph/blockfusion/blockfusion_optimizer.cpp 184	Operator strided_slice_91 is not BlockCudaEmitter, skip in BlockFusion
[INFO] 2022-04-15T23:39:30z src/nnfusion/engine/pass/graph/blockfusion/blockfusion_optimizer.cpp 184	Operator strided_slice_47 is not BlockCudaEmitter, skip in BlockFusion
[INFO] 2022-04-15T23:39:30z src/nnfusion/engine/pass/graph/blockfusion/blockfusion_optimizer.cpp 184	Operator strided_slice_94 is not BlockCudaEmitter, skip in BlockFusion
[INFO] 2022-04-15T23:39:30z src/nnfusion/engine/pass/graph/blockfusion/blockfusion_optimizer.cpp 184	Operator strided_slice_39 is not BlockCudaEmitter, skip in BlockFusion
[INFO] 2022-04-15T23:39:30z src/nnfusion/engine/pass/graph/blockfusion/blockfusion_optimizer.cpp 184	Operator strided_slice_93 is not BlockCudaEmitter, skip in BlockFusion
[INFO] 2022-04-15T23:39:30z src/nnfusion/engine/pass/graph/blockfusion/blockfusion_optimizer.cpp 184	Operator strided_slice_82 is not BlockCudaEmitter, skip in BlockFusion
[INFO] 2022-04-15T23:39:30z src/nnfusion/engine/pass/graph/blockfusion/blockfusion_optimizer.cpp 184	Operator strided_slice_88 is not BlockCudaEmitter, skip in BlockFusion
[INFO] 2022-04-15T23:39:30z src/nnfusion/engine/pass/graph/blockfusion/blockfusion_optimizer.cpp 184	Operator strided_slice_52 is not BlockCudaEmitter, skip in BlockFusion
[INFO] 2022-04-15T23:39:30z src/nnfusion/engine/pass/graph/blockfusion/blockfusion_optimizer.cpp 184	Operator strided_slice_35 is not BlockCudaEmitter, skip in BlockFusion
[INFO] 2022-04-15T23:39:30z src/nnfusion/engine/pass/graph/blockfusion/blockfusion_optimizer.cpp 184	Operator strided_slice_89 is not BlockCudaEmitter, skip in BlockFusion
[INFO] 2022-04-15T23:39:30z src/nnfusion/engine/pass/graph/blockfusion/blockfusion_optimizer.cpp 184	Operator strided_slice_64 is not BlockCudaEmitter, skip in BlockFusion
[INFO] 2022-04-15T23:39:30z src/nnfusion/engine/pass/graph/blockfusion/blockfusion_optimizer.cpp 184	Operator strided_slice_51 is not BlockCudaEmitter, skip in BlockFusion
[INFO] 2022-04-15T23:39:30z src/nnfusion/engine/pass/graph/blockfusion/blockfusion_optimizer.cpp 184	Operator strided_slice_37 is not BlockCudaEmitter, skip in BlockFusion
[INFO] 2022-04-15T23:39:30z src/nnfusion/engine/pass/graph/blockfusion/blockfusion_optimizer.cpp 184	Operator strided_slice_81 is not BlockCudaEmitter, skip in BlockFusion
[INFO] 2022-04-15T23:39:30z src/nnfusion/engine/pass/graph/blockfusion/blockfusion_optimizer.cpp 184	Operator strided_slice_68 is not BlockCudaEmitter, skip in BlockFusion
[INFO] 2022-04-15T23:39:30z src/nnfusion/engine/pass/graph/blockfusion/blockfusion_optimizer.cpp 184	Operator strided_slice_77 is not BlockCudaEmitter, skip in BlockFusion
[INFO] 2022-04-15T23:39:30z src/nnfusion/engine/pass/graph/blockfusion/blockfusion_optimizer.cpp 184	Operator strided_slice_72 is not BlockCudaEmitter, skip in BlockFusion
[INFO] 2022-04-15T23:39:30z src/nnfusion/engine/pass/graph/blockfusion/blockfusion_optimizer.cpp 184	Operator strided_slice_65 is not BlockCudaEmitter, skip in BlockFusion
[INFO] 2022-04-15T23:39:30z src/nnfusion/engine/pass/graph/blockfusion/blockfusion_optimizer.cpp 184	Operator strided_slice_98 is not BlockCudaEmitter, skip in BlockFusion
[INFO] 2022-04-15T23:39:30z src/nnfusion/engine/pass/graph/blockfusion/blockfusion_optimizer.cpp 184	Operator strided_slice_34 is not BlockCudaEmitter, skip in BlockFusion
[INFO] 2022-04-15T23:39:30z src/nnfusion/engine/pass/graph/blockfusion/blockfusion_optimizer.cpp 184	Operator strided_slice_92 is not BlockCudaEmitter, skip in BlockFusion
[INFO] 2022-04-15T23:39:30z src/nnfusion/engine/pass/graph/blockfusion/blockfusion_optimizer.cpp 184	Operator strided_slice_27 is not BlockCudaEmitter, skip in BlockFusion
[INFO] 2022-04-15T23:39:30z src/nnfusion/engine/pass/graph/blockfusion/blockfusion_optimizer.cpp 184	Operator strided_slice_95 is not BlockCudaEmitter, skip in BlockFusion
[INFO] 2022-04-15T23:39:30z src/nnfusion/engine/pass/graph/blockfusion/blockfusion_optimizer.cpp 184	Operator strided_slice_17 is not BlockCudaEmitter, skip in BlockFusion
[INFO] 2022-04-15T23:39:30z src/nnfusion/engine/pass/graph/blockfusion/blockfusion_optimizer.cpp 184	Operator strided_slice_25 is not BlockCudaEmitter, skip in BlockFusion
[INFO] 2022-04-15T23:39:30z src/nnfusion/engine/pass/graph/blockfusion/blockfusion_optimizer.cpp 184	Operator strided_slice_55 is not BlockCudaEmitter, skip in BlockFusion
[INFO] 2022-04-15T23:39:30z src/nnfusion/engine/pass/graph/blockfusion/blockfusion_optimizer.cpp 184	Operator strided_slice_56 is not BlockCudaEmitter, skip in BlockFusion
[INFO] 2022-04-15T23:39:30z src/nnfusion/engine/pass/graph/blockfusion/blockfusion_optimizer.cpp 184	Operator strided_slice_20 is not BlockCudaEmitter, skip in BlockFusion
[INFO] 2022-04-15T23:39:30z src/nnfusion/engine/pass/graph/blockfusion/blockfusion_optimizer.cpp 184	Operator strided_slice_21 is not BlockCudaEmitter, skip in BlockFusion
[INFO] 2022-04-15T23:39:30z src/nnfusion/engine/pass/graph/blockfusion/blockfusion_optimizer.cpp 184	Operator strided_slice_22 is not BlockCudaEmitter, skip in BlockFusion
[INFO] 2022-04-15T23:39:30z src/nnfusion/engine/pass/graph/blockfusion/blockfusion_optimizer.cpp 184	Operator strided_slice_86 is not BlockCudaEmitter, skip in BlockFusion
[INFO] 2022-04-15T23:39:30z src/nnfusion/engine/pass/graph/blockfusion/blockfusion_optimizer.cpp 184	Operator strided_slice_19 is not BlockCudaEmitter, skip in BlockFusion
[INFO] 2022-04-15T23:39:30z src/nnfusion/engine/pass/graph/blockfusion/blockfusion_optimizer.cpp 184	Operator strided_slice_83 is not BlockCudaEmitter, skip in BlockFusion
[INFO] 2022-04-15T23:39:30z src/nnfusion/engine/pass/graph/blockfusion/blockfusion_optimizer.cpp 184	Operator strided_slice_59 is not BlockCudaEmitter, skip in BlockFusion
[INFO] 2022-04-15T23:39:30z src/nnfusion/engine/pass/graph/blockfusion/blockfusion_optimizer.cpp 184	Operator strided_slice_87 is not BlockCudaEmitter, skip in BlockFusion
[INFO] 2022-04-15T23:39:30z src/nnfusion/engine/pass/graph/blockfusion/blockfusion_optimizer.cpp 184	Operator strided_slice_28 is not BlockCudaEmitter, skip in BlockFusion
[INFO] 2022-04-15T23:39:30z src/nnfusion/engine/pass/graph/blockfusion/blockfusion_optimizer.cpp 184	Operator strided_slice_69 is not BlockCudaEmitter, skip in BlockFusion
[INFO] 2022-04-15T23:39:30z src/nnfusion/engine/pass/graph/blockfusion/blockfusion_optimizer.cpp 184	Operator strided_slice_40 is not BlockCudaEmitter, skip in BlockFusion
[INFO] 2022-04-15T23:39:30z src/nnfusion/engine/pass/graph/blockfusion/blockfusion_optimizer.cpp 184	Operator strided_slice_38 is not BlockCudaEmitter, skip in BlockFusion
[INFO] 2022-04-15T23:39:30z src/nnfusion/engine/pass/graph/blockfusion/blockfusion_optimizer.cpp 184	Operator strided_slice_15 is not BlockCudaEmitter, skip in BlockFusion
[INFO] 2022-04-15T23:39:30z src/nnfusion/engine/pass/graph/blockfusion/blockfusion_optimizer.cpp 184	Operator strided_slice_78 is not BlockCudaEmitter, skip in BlockFusion
[INFO] 2022-04-15T23:39:30z src/nnfusion/engine/pass/graph/blockfusion/blockfusion_optimizer.cpp 184	Operator strided_slice_23 is not BlockCudaEmitter, skip in BlockFusion
[INFO] 2022-04-15T23:39:30z src/nnfusion/engine/pass/graph/blockfusion/blockfusion_optimizer.cpp 184	Operator strided_slice_10 is not BlockCudaEmitter, skip in BlockFusion
[INFO] 2022-04-15T23:39:30z src/nnfusion/engine/pass/graph/blockfusion/blockfusion_optimizer.cpp 184	Operator strided_slice_66 is not BlockCudaEmitter, skip in BlockFusion
[INFO] 2022-04-15T23:39:30z src/nnfusion/engine/pass/graph/blockfusion/blockfusion_optimizer.cpp 184	Operator strided_slice_9 is not BlockCudaEmitter, skip in BlockFusion
[INFO] 2022-04-15T23:39:30z src/nnfusion/engine/pass/graph/blockfusion/blockfusion_optimizer.cpp 184	Operator strided_slice_97 is not BlockCudaEmitter, skip in BlockFusion
[INFO] 2022-04-15T23:39:30z src/nnfusion/engine/pass/graph/blockfusion/blockfusion_optimizer.cpp 184	Operator strided_slice_46 is not BlockCudaEmitter, skip in BlockFusion
[INFO] 2022-04-15T23:39:30z src/nnfusion/engine/pass/graph/blockfusion/blockfusion_optimizer.cpp 184	Operator strided_slice_18 is not BlockCudaEmitter, skip in BlockFusion
[INFO] 2022-04-15T23:39:30z src/nnfusion/engine/pass/graph/blockfusion/blockfusion_optimizer.cpp 184	Operator strided_slice_2 is not BlockCudaEmitter, skip in BlockFusion
[INFO] 2022-04-15T23:39:30z src/nnfusion/engine/pass/graph/blockfusion/blockfusion_optimizer.cpp 184	Operator strided_slice_1 is not BlockCudaEmitter, skip in BlockFusion
[INFO] 2022-04-15T23:39:30z src/nnfusion/engine/pass/graph/blockfusion/blockfusion_optimizer.cpp 184	Operator strided_slice_90 is not BlockCudaEmitter, skip in BlockFusion
[INFO] 2022-04-15T23:39:30z src/nnfusion/engine/pass/graph/blockfusion/blockfusion_optimizer.cpp 184	Operator strided_slice_16 is not BlockCudaEmitter, skip in BlockFusion
[INFO] 2022-04-15T23:39:30z src/nnfusion/engine/pass/graph/blockfusion/blockfusion_optimizer.cpp 184	Operator strided_slice_43 is not BlockCudaEmitter, skip in BlockFusion
[INFO] 2022-04-15T23:39:30z src/nnfusion/engine/pass/graph/blockfusion/blockfusion_optimizer.cpp 184	Operator strided_slice_5 is not BlockCudaEmitter, skip in BlockFusion
[INFO] 2022-04-15T23:39:30z src/nnfusion/engine/pass/graph/blockfusion/blockfusion_optimizer.cpp 184	Operator strided_slice_60 is not BlockCudaEmitter, skip in BlockFusion
[INFO] 2022-04-15T23:39:30z src/nnfusion/engine/pass/graph/blockfusion/blockfusion_optimizer.cpp 184	Operator strided_slice_61 is not BlockCudaEmitter, skip in BlockFusion
[INFO] 2022-04-15T23:39:30z src/nnfusion/engine/pass/graph/blockfusion/blockfusion_optimizer.cpp 184	Operator strided_slice_44 is not BlockCudaEmitter, skip in BlockFusion
[INFO] 2022-04-15T23:39:30z src/nnfusion/engine/pass/graph/blockfusion/blockfusion_optimizer.cpp 184	Operator strided_slice_45 is not BlockCudaEmitter, skip in BlockFusion
[INFO] 2022-04-15T23:39:30z src/nnfusion/engine/pass/graph/blockfusion/blockfusion_optimizer.cpp 184	Operator strided_slice_49 is not BlockCudaEmitter, skip in BlockFusion
[INFO] 2022-04-15T23:39:30z src/nnfusion/engine/pass/graph/blockfusion/blockfusion_optimizer.cpp 184	Operator strided_slice_48 is not BlockCudaEmitter, skip in BlockFusion
[INFO] 2022-04-15T23:39:30z src/nnfusion/engine/pass/graph/blockfusion/blockfusion_optimizer.cpp 184	Operator strided_slice_12 is not BlockCudaEmitter, skip in BlockFusion
[INFO] 2022-04-15T23:39:30z src/nnfusion/engine/pass/graph/blockfusion/blockfusion_optimizer.cpp 184	Operator strided_slice_13 is not BlockCudaEmitter, skip in BlockFusion
[INFO] 2022-04-15T23:39:30z src/nnfusion/engine/pass/graph/blockfusion/blockfusion_optimizer.cpp 184	Operator strided_slice_53 is not BlockCudaEmitter, skip in BlockFusion
[INFO] 2022-04-15T23:39:30z src/nnfusion/engine/pass/graph/blockfusion/blockfusion_optimizer.cpp 184	Operator strided_slice is not BlockCudaEmitter, skip in BlockFusion
[INFO] 2022-04-15T23:39:30z src/nnfusion/engine/pass/graph/blockfusion/blockfusion_optimizer.cpp 184	Operator strided_slice_54 is not BlockCudaEmitter, skip in BlockFusion
[INFO] 2022-04-15T23:39:30z src/nnfusion/engine/pass/graph/blockfusion/blockfusion_optimizer.cpp 184	Operator strided_slice_85 is not BlockCudaEmitter, skip in BlockFusion
[INFO] 2022-04-15T23:39:30z src/nnfusion/engine/pass/graph/blockfusion/blockfusion_optimizer.cpp 184	Operator strided_slice_84 is not BlockCudaEmitter, skip in BlockFusion
[INFO] 2022-04-15T23:39:30z src/nnfusion/engine/pass/graph/blockfusion/blockfusion_optimizer.cpp 184	Operator strided_slice_99 is not BlockCudaEmitter, skip in BlockFusion
[INFO] 2022-04-15T23:39:30z src/nnfusion/engine/pass/graph/blockfusion/blockfusion_optimizer.cpp 184	Operator strided_slice_29 is not BlockCudaEmitter, skip in BlockFusion
[INFO] 2022-04-15T23:39:30z src/nnfusion/engine/pass/graph/blockfusion/blockfusion_optimizer.cpp 184	Operator strided_slice_30 is not BlockCudaEmitter, skip in BlockFusion
[INFO] 2022-04-15T23:39:30z src/nnfusion/engine/pass/graph/blockfusion/blockfusion_optimizer.cpp 184	Operator strided_slice_62 is not BlockCudaEmitter, skip in BlockFusion
[INFO] 2022-04-15T23:39:30z src/nnfusion/engine/pass/graph/blockfusion/blockfusion_optimizer.cpp 184	Operator strided_slice_57 is not BlockCudaEmitter, skip in BlockFusion
[INFO] 2022-04-15T23:39:30z src/nnfusion/engine/pass/graph/blockfusion/blockfusion_optimizer.cpp 184	Operator strided_slice_58 is not BlockCudaEmitter, skip in BlockFusion
[INFO] 2022-04-15T23:39:30z src/nnfusion/engine/pass/graph/blockfusion/blockfusion_optimizer.cpp 184	Operator strided_slice_41 is not BlockCudaEmitter, skip in BlockFusion
[INFO] 2022-04-15T23:39:30z src/nnfusion/engine/pass/graph/blockfusion/blockfusion_optimizer.cpp 184	Operator Result_31346 is not BlockCudaEmitter, skip in BlockFusion
[INFO] 2022-04-15T23:40:22z src/nnfusion/engine/pass/graph/assign_async_info_pass.cpp 211	assign thread info-------------------------------
[INFO] 2022-04-15T23:40:22z src/nnfusion/engine/pass/graph/assign_async_info_pass.cpp 404	assign stream info-------------------------------
[INFO] 2022-04-15T23:40:23z src/nnfusion/engine/pass/graph/assign_async_info_pass.cpp 463	assign event info-------------------------------
[INFO] 2022-04-15T23:40:23z src/nnfusion/engine/pass/graph/assign_async_info_pass.cpp 67	run async-------------------------------
[INFO] 2022-04-15T23:40:23z src/nnfusion/engine/device/reversed_dfs_visitor.cpp 236	Translating graph:	Graph_0
[WARNING] 2022-04-15T23:40:23z src/nnfusion/core/IR/instruction.cpp 29	Kernel should be selected before translating:eval_input
[INFO] 2022-04-15T23:40:23z src/nnfusion/engine/engine.hpp 59	Legacy graph used in interpreter;
[INFO] 2022-04-15T23:40:23z src/nnfusion/engine/pass/extract_graph_signature.cpp 152	Param Tensor:	Parameter_139_0	with id: ((float*)(inputs[0]))
[INFO] 2022-04-15T23:40:23z src/nnfusion/engine/pass/tensor/liveness_analysis.cpp 238	------------------Liveness analysis pass done.
[INFO] 2022-04-15T23:40:23z src/nnfusion/engine/pass/tensor/inplace_tensor_analysis.cpp 331	Inpalce tensor analysis: annotated concat: 0, inlace_concat: 0
[INFO] 2022-04-15T23:40:23z src/nnfusion/engine/pass/tensor/tensor_memory_layout.cpp 163	---------------Tensor memory layout pass done.
[INFO] 2022-04-15T23:40:24z src/nnfusion/engine/pass/codegen/base_codegen_pass.cpp 29	Codegen for CUDA_GPU done.
cost time: 64
Result_31346_0: 
1.211671e-01 1.356543e-01 1.939021e-01 -6.774440e-02 -1.439042e-01 4.650065e-02 -1.423912e-01 -2.398677e-01 4.196562e-01 -6.991927e-02  .. (size = 32768, ends with 1.268552e-01);
Result_31346_0: 
1.211671e-01 1.356543e-01 1.939021e-01 -6.774440e-02 -1.439042e-01 4.650065e-02 -1.423912e-01 -2.398677e-01 4.196562e-01 -6.991927e-02  .. (size = 32768, ends with 1.268552e-01);
Result_31346_0: 
1.211671e-01 1.356543e-01 1.939021e-01 -6.774440e-02 -1.439042e-01 4.650065e-02 -1.423912e-01 -2.398677e-01 4.196562e-01 -6.991927e-02  .. (size = 32768, ends with 1.268552e-01);
Result_31346_0: 
1.211671e-01 1.356543e-01 1.939021e-01 -6.774440e-02 -1.439042e-01 4.650065e-02 -1.423912e-01 -2.398677e-01 4.196562e-01 -6.991927e-02  .. (size = 32768, ends with 1.268552e-01);
Result_31346_0: 
1.211671e-01 1.356543e-01 1.939021e-01 -6.774440e-02 -1.439042e-01 4.650065e-02 -1.423912e-01 -2.398677e-01 4.196562e-01 -6.991927e-02  .. (size = 32768, ends with 1.268552e-01);
Iteration time 49.007679 ms
Iteration time 48.843777 ms
Iteration time 48.715935 ms
Iteration time 48.693409 ms
Iteration time 48.657280 ms
Iteration time 48.684673 ms
Iteration time 48.650463 ms
Iteration time 48.634174 ms
Iteration time 48.654369 ms
Iteration time 48.606785 ms
Iteration time 48.631714 ms
Iteration time 48.645535 ms
Iteration time 48.631680 ms
Iteration time 48.640160 ms
Iteration time 48.631454 ms
Iteration time 48.660641 ms
Iteration time 48.647263 ms
Iteration time 48.652767 ms
Iteration time 48.645985 ms
Iteration time 48.642914 ms
Iteration time 48.664513 ms
Iteration time 48.651169 ms
Iteration time 48.687809 ms
Iteration time 48.650879 ms
Iteration time 48.664768 ms
Iteration time 48.623455 ms
Iteration time 48.728287 ms
Iteration time 49.322880 ms
Iteration time 52.803425 ms
Iteration time 53.248543 ms
Iteration time 53.399616 ms
Iteration time 57.411839 ms
Iteration time 49.119007 ms
Iteration time 48.661983 ms
Iteration time 48.656223 ms
Iteration time 48.681953 ms
Iteration time 49.422657 ms
Iteration time 48.634785 ms
Iteration time 49.413921 ms
Iteration time 55.462177 ms
Iteration time 48.686657 ms
Iteration time 48.661377 ms
Iteration time 48.691586 ms
Iteration time 48.810818 ms
Iteration time 55.962528 ms
Iteration time 48.686497 ms
Iteration time 48.649120 ms
Iteration time 49.281120 ms
Iteration time 48.695358 ms
Iteration time 48.680447 ms
Iteration time 48.709728 ms
Iteration time 48.642529 ms
Iteration time 48.633858 ms
Iteration time 48.890305 ms
Iteration time 48.812702 ms
Iteration time 48.776031 ms
Iteration time 48.712479 ms
Iteration time 48.693375 ms
Iteration time 48.657471 ms
Iteration time 48.656734 ms
Iteration time 48.676575 ms
Iteration time 48.666016 ms
Iteration time 48.664738 ms
Iteration time 48.663265 ms
Iteration time 48.632706 ms
Iteration time 48.642944 ms
Iteration time 48.635296 ms
Iteration time 48.636097 ms
Iteration time 48.665249 ms
Iteration time 48.665215 ms
Iteration time 48.637249 ms
Iteration time 48.643776 ms
Iteration time 48.640545 ms
Iteration time 48.655106 ms
Iteration time 48.970272 ms
Iteration time 48.751999 ms
Iteration time 48.720322 ms
Iteration time 48.657825 ms
Iteration time 48.647457 ms
Iteration time 48.647263 ms
Iteration time 48.646816 ms
Iteration time 48.629311 ms
Iteration time 48.631264 ms
Iteration time 48.645184 ms
Iteration time 48.634495 ms
Iteration time 48.614208 ms
Iteration time 48.644066 ms
Iteration time 48.646271 ms
Iteration time 49.433441 ms
Iteration time 53.556225 ms
Iteration time 56.283680 ms
Iteration time 57.023167 ms
Iteration time 48.716866 ms
Iteration time 48.661953 ms
Iteration time 51.962399 ms
Iteration time 49.074497 ms
Iteration time 48.624161 ms
Iteration time 48.652191 ms
Iteration time 48.620033 ms
Iteration time 49.420544 ms
Iteration time 48.670624 ms
Iteration time 48.666752 ms
Iteration time 48.675072 ms
Iteration time 54.873314 ms
Iteration time 48.748383 ms
Iteration time 48.664223 ms
Iteration time 48.693695 ms
Iteration time 49.300194 ms
Iteration time 48.636063 ms
Iteration time 48.669823 ms
Iteration time 48.652000 ms
Iteration time 48.680065 ms
Iteration time 48.666592 ms
Iteration time 48.660927 ms
Iteration time 48.642689 ms
Iteration time 48.648865 ms
Iteration time 48.622047 ms
Iteration time 48.638145 ms
Iteration time 48.639103 ms
Iteration time 48.616447 ms
Iteration time 48.655006 ms
Iteration time 48.625183 ms
Iteration time 48.652927 ms
Iteration time 48.656384 ms
Iteration time 48.684544 ms
Iteration time 48.684319 ms
Iteration time 48.659969 ms
Iteration time 48.627777 ms
Iteration time 48.626530 ms
Iteration time 48.623775 ms
Iteration time 48.616096 ms
Iteration time 48.617695 ms
Iteration time 48.625118 ms
Iteration time 48.638912 ms
Iteration time 48.603809 ms
Iteration time 48.616768 ms
Iteration time 48.646210 ms
Iteration time 48.659870 ms
Iteration time 48.638943 ms
Iteration time 48.656673 ms
Iteration time 48.623650 ms
Iteration time 48.628674 ms
Iteration time 48.638145 ms
Iteration time 48.633568 ms
Iteration time 48.641792 ms
Iteration time 48.622177 ms
Iteration time 48.634495 ms
Iteration time 48.622879 ms
Iteration time 48.651455 ms
Iteration time 48.605728 ms
Iteration time 48.645889 ms
Iteration time 48.603168 ms
Iteration time 48.627136 ms
Iteration time 48.633408 ms
Iteration time 48.615776 ms
Iteration time 48.625919 ms
Iteration time 48.602207 ms
Iteration time 48.610207 ms
Iteration time 48.634014 ms
Iteration time 48.632481 ms
Iteration time 48.638912 ms
Iteration time 48.641376 ms
Iteration time 48.614719 ms
Iteration time 48.624321 ms
Iteration time 48.620705 ms
Iteration time 48.639809 ms
Iteration time 48.642654 ms
Iteration time 48.643585 ms
Iteration time 48.661121 ms
Iteration time 48.644417 ms
Iteration time 48.630207 ms
Iteration time 48.624512 ms
Iteration time 48.607967 ms
Iteration time 48.586754 ms
Iteration time 48.627777 ms
Iteration time 48.629887 ms
Iteration time 48.743103 ms
Iteration time 48.633537 ms
Iteration time 48.616512 ms
Iteration time 48.626369 ms
Iteration time 48.626049 ms
Iteration time 48.635807 ms
Iteration time 48.618401 ms
Iteration time 48.637730 ms
Iteration time 48.605282 ms
Iteration time 48.616352 ms
Iteration time 48.619041 ms
Iteration time 48.621311 ms
Iteration time 48.620735 ms
Iteration time 48.634113 ms
Iteration time 48.628384 ms
Iteration time 48.611809 ms
Iteration time 48.619873 ms
Iteration time 48.597057 ms
Iteration time 48.588737 ms
Iteration time 48.633152 ms
Iteration time 48.639904 ms
Iteration time 48.620319 ms
Iteration time 48.616737 ms
Iteration time 48.630177 ms
Iteration time 48.670143 ms
Iteration time 48.639168 ms
Iteration time 48.640705 ms
Iteration time 48.631199 ms
Iteration time 48.622688 ms
Iteration time 48.627647 ms
Iteration time 48.639008 ms
Iteration time 48.658146 ms
Iteration time 48.636383 ms
Iteration time 48.665215 ms
Iteration time 48.655968 ms
Iteration time 48.595425 ms
Iteration time 48.647167 ms
Iteration time 48.623295 ms
Iteration time 48.632801 ms
Iteration time 48.644352 ms
Iteration time 48.656799 ms
Iteration time 48.619583 ms
Iteration time 48.624641 ms
Iteration time 48.627327 ms
Iteration time 48.630142 ms
Iteration time 48.638111 ms
Iteration time 48.615967 ms
Iteration time 48.614910 ms
Iteration time 48.615776 ms
Iteration time 48.622719 ms
Iteration time 48.633503 ms
Iteration time 48.625759 ms
Iteration time 48.640129 ms
Iteration time 48.644543 ms
Iteration time 48.620289 ms
Iteration time 48.649025 ms
Iteration time 48.607136 ms
Iteration time 48.610561 ms
Iteration time 48.630753 ms
Iteration time 48.618210 ms
Iteration time 48.604416 ms
Iteration time 48.609024 ms
Iteration time 48.620289 ms
Iteration time 48.640255 ms
Iteration time 48.629726 ms
Iteration time 48.648159 ms
Iteration time 48.633312 ms
Iteration time 48.651711 ms
Iteration time 48.639713 ms
Iteration time 48.638752 ms
Iteration time 48.622047 ms
Iteration time 48.615681 ms
Iteration time 48.632961 ms
Iteration time 48.629951 ms
Iteration time 48.622849 ms
Iteration time 48.637569 ms
Iteration time 48.621601 ms
Iteration time 48.630688 ms
Iteration time 48.612480 ms
Iteration time 48.634113 ms
Iteration time 48.620770 ms
Iteration time 48.627296 ms
Iteration time 48.638622 ms
Iteration time 48.642143 ms
Iteration time 48.629696 ms
Iteration time 48.621120 ms
Iteration time 48.643135 ms
Iteration time 48.633438 ms
Iteration time 48.743263 ms
Iteration time 48.617790 ms
Iteration time 48.611744 ms
Iteration time 48.637791 ms
Iteration time 48.635742 ms
Iteration time 48.643040 ms
Iteration time 48.613697 ms
Iteration time 48.629185 ms
Iteration time 48.627968 ms
Iteration time 48.629665 ms
Iteration time 48.636833 ms
Iteration time 48.623295 ms
Iteration time 48.659679 ms
Iteration time 48.610146 ms
Iteration time 49.173374 ms
Iteration time 52.489441 ms
Iteration time 56.663486 ms
Iteration time 68.361855 ms
Iteration time 52.664257 ms
Iteration time 50.216736 ms
Iteration time 48.947937 ms
Iteration time 50.753952 ms
Iteration time 48.636799 ms
Iteration time 48.633022 ms
Iteration time 48.619873 ms
Iteration time 48.623039 ms
Iteration time 48.640129 ms
Iteration time 48.639904 ms
Iteration time 48.607777 ms
Iteration time 48.642048 ms
Iteration time 48.599136 ms
Iteration time 48.611073 ms
Iteration time 48.598591 ms
Iteration time 48.606079 ms
Iteration time 48.616673 ms
Iteration time 48.623295 ms
Iteration time 48.612801 ms
Iteration time 48.616482 ms
Iteration time 48.640705 ms
Iteration time 48.611198 ms
Iteration time 48.619328 ms
Iteration time 48.612961 ms
Iteration time 48.620895 ms
Iteration time 48.613537 ms
Iteration time 48.647072 ms
Iteration time 48.652225 ms
Iteration time 48.637569 ms
Iteration time 48.620319 ms
Iteration time 48.603775 ms
Iteration time 48.629410 ms
Iteration time 48.620960 ms
Iteration time 48.610497 ms
Iteration time 48.613087 ms
Iteration time 48.620510 ms
Iteration time 48.605247 ms
Iteration time 48.608353 ms
Iteration time 48.632801 ms
Iteration time 48.636929 ms
Iteration time 48.624065 ms
Iteration time 48.628834 ms
Iteration time 48.622753 ms
Iteration time 48.619328 ms
Iteration time 48.615967 ms
Iteration time 48.615616 ms
Iteration time 48.645313 ms
Iteration time 48.611904 ms
Iteration time 48.611038 ms
Iteration time 48.637024 ms
Iteration time 48.623169 ms
Iteration time 48.606976 ms
Iteration time 48.615070 ms
Iteration time 48.607426 ms
Iteration time 48.599072 ms
Iteration time 48.614529 ms
Iteration time 48.601406 ms
Iteration time 48.622974 ms
Iteration time 48.633472 ms
Iteration time 48.616417 ms
Iteration time 48.629185 ms
Iteration time 48.700542 ms
Iteration time 48.659554 ms
Iteration time 48.630302 ms
Iteration time 48.627071 ms
Iteration time 48.999870 ms
Iteration time 48.630817 ms
Iteration time 48.619202 ms
Iteration time 48.605728 ms
Iteration time 48.623650 ms
Iteration time 48.617889 ms
Iteration time 48.606689 ms
Iteration time 48.620735 ms
Iteration time 48.613247 ms
Iteration time 48.622398 ms
Iteration time 48.620609 ms
Iteration time 48.626846 ms
Iteration time 48.633282 ms
Iteration time 48.652096 ms
Iteration time 48.632446 ms
Iteration time 48.605568 ms
Iteration time 48.608994 ms
Iteration time 48.629215 ms
Iteration time 48.628414 ms
Iteration time 49.332256 ms
Iteration time 52.602753 ms
Iteration time 56.049919 ms
Iteration time 55.857857 ms
Iteration time 57.597569 ms
Iteration time 48.720417 ms
Iteration time 48.652897 ms
Iteration time 81.377472 ms
Iteration time 110.795677 ms
Iteration time 111.083267 ms
Iteration time 73.235519 ms
Iteration time 48.611649 ms
Iteration time 48.632832 ms
Iteration time 48.664673 ms
Iteration time 48.651520 ms
Iteration time 48.659744 ms
Iteration time 48.626686 ms
Iteration time 48.624802 ms
Iteration time 48.619678 ms
Iteration time 48.593025 ms
Iteration time 48.637791 ms
Iteration time 48.640961 ms
Iteration time 48.641762 ms
Iteration time 48.627872 ms
Iteration time 48.618145 ms
Iteration time 48.619839 ms
Iteration time 48.610561 ms
Iteration time 48.626976 ms
Iteration time 48.652191 ms
Iteration time 48.624447 ms
Iteration time 48.616322 ms
Iteration time 48.605473 ms
Iteration time 48.667999 ms
Iteration time 48.642208 ms
Iteration time 48.679394 ms
Iteration time 48.649120 ms
Iteration time 48.653664 ms
Iteration time 48.608768 ms
Iteration time 48.622784 ms
Iteration time 48.624577 ms
Iteration time 48.646626 ms
Iteration time 48.634590 ms
Iteration time 48.608929 ms
Iteration time 48.637215 ms
Iteration time 48.625793 ms
Iteration time 50.723423 ms
Iteration time 50.816032 ms
Iteration time 48.618145 ms
Iteration time 48.627522 ms
Iteration time 48.635586 ms
Iteration time 48.645855 ms
Iteration time 48.630016 ms
Iteration time 48.624096 ms
Iteration time 48.642654 ms
Iteration time 48.622593 ms
Iteration time 48.622398 ms
Iteration time 48.623264 ms
Iteration time 48.645729 ms
Iteration time 48.621727 ms
Iteration time 48.627682 ms
Iteration time 48.610561 ms
Iteration time 48.630783 ms
Iteration time 48.627838 ms
Iteration time 48.621407 ms
Iteration time 48.677567 ms
Iteration time 48.662689 ms
Iteration time 48.642815 ms
Iteration time 48.635521 ms
Iteration time 48.627872 ms
Iteration time 48.653824 ms
Iteration time 48.618015 ms
Iteration time 48.763199 ms
Iteration time 48.618561 ms
Iteration time 48.630337 ms
Iteration time 48.652767 ms
Iteration time 48.633183 ms
Iteration time 48.610847 ms
Iteration time 48.687424 ms
Iteration time 48.628384 ms
Iteration time 48.626431 ms
Iteration time 48.656097 ms
Iteration time 48.673374 ms
Iteration time 48.632351 ms
Iteration time 48.633121 ms
Iteration time 48.614880 ms
Iteration time 48.640640 ms
Iteration time 48.599743 ms
Iteration time 48.615200 ms
Iteration time 48.611073 ms
Iteration time 48.589855 ms
Iteration time 48.623871 ms
Iteration time 48.612926 ms
Iteration time 48.623455 ms
Iteration time 48.638847 ms
Iteration time 48.618591 ms
Iteration time 48.724159 ms
Iteration time 48.633633 ms
Iteration time 48.615135 ms
Iteration time 48.604191 ms
Iteration time 48.610943 ms
Iteration time 48.623550 ms
Iteration time 48.625664 ms
Iteration time 48.658657 ms
Iteration time 48.603233 ms
Iteration time 48.606880 ms
Iteration time 48.626335 ms
Iteration time 48.635326 ms
Iteration time 48.631680 ms
Iteration time 48.615906 ms
Iteration time 48.584866 ms
Iteration time 48.609665 ms
Iteration time 48.622784 ms
Iteration time 48.648895 ms
Iteration time 48.611423 ms
Iteration time 48.603233 ms
Iteration time 48.625408 ms
Iteration time 48.626560 ms
Iteration time 48.624321 ms
Iteration time 48.622498 ms
Iteration time 48.630623 ms
Iteration time 48.630657 ms
Iteration time 48.640095 ms
Iteration time 48.680256 ms
Iteration time 48.638783 ms
Iteration time 48.636959 ms
Iteration time 48.614048 ms
Iteration time 48.880928 ms
Iteration time 49.185825 ms
Iteration time 57.281631 ms
Iteration time 56.809696 ms
Iteration time 55.365410 ms
Iteration time 48.640064 ms
Iteration time 48.620510 ms
Iteration time 48.987297 ms
Iteration time 48.678143 ms
Iteration time 48.623390 ms
Iteration time 48.647007 ms
Iteration time 48.639458 ms
Iteration time 48.626369 ms
Iteration time 48.614143 ms
Iteration time 48.605282 ms
Iteration time 48.606880 ms
Iteration time 48.637730 ms
Iteration time 48.629280 ms
Iteration time 48.621601 ms
Iteration time 48.599167 ms
Iteration time 48.620384 ms
Iteration time 48.612255 ms
Iteration time 48.615967 ms
Iteration time 48.605728 ms
Iteration time 48.612511 ms
Iteration time 48.604641 ms
Iteration time 48.616161 ms
Iteration time 48.607841 ms
Iteration time 48.604031 ms
Iteration time 48.634369 ms
Iteration time 48.639137 ms
Iteration time 48.652542 ms
Iteration time 48.644993 ms
Iteration time 48.618080 ms
Iteration time 48.616863 ms
Iteration time 48.615871 ms
Iteration time 48.636417 ms
Iteration time 48.634434 ms
Iteration time 48.606400 ms
Iteration time 48.621376 ms
Iteration time 48.597183 ms
Iteration time 48.638561 ms
Iteration time 48.613728 ms
Iteration time 48.619648 ms
Iteration time 48.613983 ms
Iteration time 48.623585 ms
Iteration time 48.612865 ms
Iteration time 48.609665 ms
Iteration time 48.633953 ms
Iteration time 48.625694 ms
Iteration time 48.622879 ms
Iteration time 48.644417 ms
Iteration time 48.632416 ms
Iteration time 48.628479 ms
Iteration time 48.629471 ms
Iteration time 48.607136 ms
Iteration time 48.717503 ms
Iteration time 49.012192 ms
Iteration time 48.713310 ms
Iteration time 48.706818 ms
Iteration time 48.674721 ms
Iteration time 48.644257 ms
Iteration time 48.619873 ms
Iteration time 48.637535 ms
Iteration time 48.607807 ms
Iteration time 48.595295 ms
Iteration time 48.605152 ms
Iteration time 48.614143 ms
Iteration time 48.646847 ms
Iteration time 48.635426 ms
Iteration time 48.640831 ms
Iteration time 48.631039 ms
Iteration time 48.624672 ms
Iteration time 48.632927 ms
Iteration time 48.640831 ms
Iteration time 48.632191 ms
Iteration time 48.623074 ms
Iteration time 48.626495 ms
Iteration time 48.638466 ms
Iteration time 48.611073 ms
Iteration time 48.642689 ms
Iteration time 48.636993 ms
Iteration time 48.622017 ms
Iteration time 48.605408 ms
Iteration time 48.634014 ms
Iteration time 48.631935 ms
Iteration time 48.653824 ms
Iteration time 48.642849 ms
Iteration time 48.649120 ms
Iteration time 49.745567 ms
Iteration time 54.189121 ms
Iteration time 54.259903 ms
Iteration time 57.558334 ms
Iteration time 48.718143 ms
Iteration time 48.639042 ms
Iteration time 78.096672 ms
Iteration time 95.764610 ms
Iteration time 48.636833 ms
Iteration time 48.621761 ms
Iteration time 48.646656 ms
Iteration time 48.646210 ms
Iteration time 48.663746 ms
Iteration time 48.586849 ms
Iteration time 48.618786 ms
Iteration time 48.617119 ms
Iteration time 48.636894 ms
Iteration time 48.632992 ms
Iteration time 48.629215 ms
Iteration time 48.621471 ms
Iteration time 48.628128 ms
Iteration time 48.625023 ms
Iteration time 48.649376 ms
Iteration time 48.625793 ms
Iteration time 48.613632 ms
Iteration time 48.617569 ms
Iteration time 48.625919 ms
Iteration time 48.599167 ms
Iteration time 48.625984 ms
Iteration time 48.622463 ms
Iteration time 48.615170 ms
Iteration time 48.616959 ms
Iteration time 48.612450 ms
Iteration time 48.607327 ms
Iteration time 48.642784 ms
Iteration time 48.633087 ms
Iteration time 48.618050 ms
Iteration time 48.630718 ms
Iteration time 48.616928 ms
Iteration time 48.637569 ms
Iteration time 48.607105 ms
Iteration time 48.641663 ms
Iteration time 48.625408 ms
Iteration time 48.625118 ms
Iteration time 48.616863 ms
Iteration time 48.627872 ms
Iteration time 49.289471 ms
Iteration time 49.280033 ms
Iteration time 48.608894 ms
Iteration time 48.618401 ms
Iteration time 48.654785 ms
Iteration time 48.652481 ms
Iteration time 48.626656 ms
Iteration time 48.600414 ms
Iteration time 48.610111 ms
Iteration time 48.631615 ms
Iteration time 48.736897 ms
Iteration time 48.913120 ms
Iteration time 48.714527 ms
Iteration time 48.691616 ms
Iteration time 48.633152 ms
Iteration time 48.629887 ms
Iteration time 48.615170 ms
Iteration time 48.659039 ms
Iteration time 48.670753 ms
Iteration time 48.664352 ms
Iteration time 48.617695 ms
Iteration time 48.605698 ms
Iteration time 48.607647 ms
Iteration time 48.610592 ms
Iteration time 48.637760 ms
Iteration time 48.628098 ms
Iteration time 48.617889 ms
Iteration time 48.610462 ms
Iteration time 48.616222 ms
Iteration time 48.604256 ms
Iteration time 48.642368 ms
Iteration time 48.599937 ms
Iteration time 48.604385 ms
Iteration time 48.616959 ms
Iteration time 48.636738 ms
Iteration time 48.621662 ms
Iteration time 48.655006 ms
Iteration time 48.666206 ms
Iteration time 48.635456 ms
Iteration time 48.634880 ms
Iteration time 48.656769 ms
Iteration time 48.621025 ms
Iteration time 48.611008 ms
Iteration time 48.625568 ms
Iteration time 48.646465 ms
Iteration time 48.621887 ms
Iteration time 48.611744 ms
Iteration time 48.647518 ms
Iteration time 48.629089 ms
Iteration time 48.630302 ms
Iteration time 48.621536 ms
Iteration time 48.617058 ms
Iteration time 48.634434 ms
Iteration time 48.609249 ms
Iteration time 48.615456 ms
Iteration time 48.604992 ms
Iteration time 48.634144 ms
Iteration time 48.634560 ms
Iteration time 48.598209 ms
Iteration time 48.622433 ms
Iteration time 48.619232 ms
Iteration time 48.600990 ms
Iteration time 48.624287 ms
Iteration time 48.591007 ms
Iteration time 48.643936 ms
Iteration time 48.622398 ms
Iteration time 48.611774 ms
Iteration time 48.618305 ms
Iteration time 48.636929 ms
Iteration time 48.609600 ms
Iteration time 48.629311 ms
Iteration time 48.624096 ms
Iteration time 48.594879 ms
Iteration time 48.609055 ms
Iteration time 48.626720 ms
Iteration time 48.608894 ms
Iteration time 48.618977 ms
Iteration time 48.637375 ms
Iteration time 48.624161 ms
Iteration time 48.625088 ms
Iteration time 48.645760 ms
Iteration time 48.617184 ms
Iteration time 48.648384 ms
Iteration time 48.631615 ms
Iteration time 48.628414 ms
Iteration time 48.627552 ms
Iteration time 48.626400 ms
Iteration time 48.619553 ms
Iteration time 48.622047 ms
Iteration time 48.629089 ms
Iteration time 48.613312 ms
Iteration time 48.628929 ms
Iteration time 48.598110 ms
Iteration time 48.623489 ms
Iteration time 48.616127 ms
Iteration time 48.617313 ms
Iteration time 48.625919 ms
Iteration time 48.652672 ms
Iteration time 48.644897 ms
Iteration time 48.639839 ms
Iteration time 48.616993 ms
Iteration time 48.612385 ms
Iteration time 48.646145 ms
Iteration time 48.648129 ms
Iteration time 48.630112 ms
Iteration time 48.656544 ms
Iteration time 48.624481 ms
Iteration time 48.601120 ms
Iteration time 48.612671 ms
Iteration time 48.679424 ms
Iteration time 49.366432 ms
Iteration time 58.279327 ms
Iteration time 56.187519 ms
Iteration time 58.889313 ms
Iteration time 48.646240 ms
Iteration time 48.604897 ms
Iteration time 48.989983 ms
Iteration time 48.624126 ms
Iteration time 48.615967 ms
Iteration time 48.656097 ms
Iteration time 48.647362 ms
Iteration time 48.635807 ms
Iteration time 48.658047 ms
Iteration time 48.658817 ms
Iteration time 48.676830 ms
Iteration time 48.614334 ms
Iteration time 48.612415 ms
Iteration time 48.629505 ms
Iteration time 48.631039 ms
Iteration time 48.620865 ms
Iteration time 48.618401 ms
Iteration time 48.616257 ms
Iteration time 48.651264 ms
Iteration time 48.639874 ms
Iteration time 48.633633 ms
Iteration time 48.605183 ms
Iteration time 50.605408 ms
Iteration time 48.600769 ms
Iteration time 48.668926 ms
Iteration time 48.637119 ms
Iteration time 48.641792 ms
Iteration time 48.604736 ms
Iteration time 48.638466 ms
Iteration time 48.631680 ms
Iteration time 48.612225 ms
Iteration time 48.616703 ms
Iteration time 48.644577 ms
Iteration time 48.614273 ms
Iteration time 48.631519 ms
Iteration time 48.606239 ms
Iteration time 48.639458 ms
Iteration time 48.602432 ms
Iteration time 48.610176 ms
Iteration time 48.614559 ms
Iteration time 48.625439 ms
Iteration time 48.604286 ms
Iteration time 48.588448 ms
Iteration time 48.626015 ms
Iteration time 48.613441 ms
Iteration time 48.619263 ms
Iteration time 48.600353 ms
Iteration time 48.615807 ms
Iteration time 48.618786 ms
Iteration time 48.613762 ms
Iteration time 48.613602 ms
Iteration time 48.637024 ms
Iteration time 48.613728 ms
Iteration time 48.604481 ms
Iteration time 48.616993 ms
Iteration time 48.648033 ms
Iteration time 48.605247 ms
Iteration time 48.606750 ms
Iteration time 48.613152 ms
Iteration time 48.608639 ms
Iteration time 48.596737 ms
Iteration time 48.611103 ms
Iteration time 48.614910 ms
Iteration time 48.597118 ms
Iteration time 48.583839 ms
Iteration time 48.605377 ms
Iteration time 48.608418 ms
Iteration time 48.612255 ms
Iteration time 48.620094 ms
Iteration time 48.626846 ms
Iteration time 48.608418 ms
Iteration time 48.619743 ms
Iteration time 48.619423 ms
Iteration time 48.615456 ms
Iteration time 48.695297 ms
Iteration time 48.622368 ms
Iteration time 48.603199 ms
Iteration time 48.626049 ms
Iteration time 48.587391 ms
Iteration time 48.618050 ms
Iteration time 48.618465 ms
Iteration time 48.622017 ms
Iteration time 48.602463 ms
Iteration time 48.620510 ms
Iteration time 49.208191 ms
Iteration time 55.527199 ms
Iteration time 55.542625 ms
Iteration time 57.095390 ms
Iteration time 48.716129 ms
Iteration time 48.661858 ms
Iteration time 81.187874 ms
Iteration time 110.651680 ms
Iteration time 72.947746 ms
Iteration time 48.593567 ms
Iteration time 48.633633 ms
Iteration time 48.585758 ms
Iteration time 48.593151 ms
Iteration time 48.614754 ms
Iteration time 48.616447 ms
Iteration time 48.611103 ms
Iteration time 48.619518 ms
Iteration time 48.611359 ms
Iteration time 48.626976 ms
Iteration time 48.621567 ms
Iteration time 48.612801 ms
Iteration time 48.666656 ms
Iteration time 48.611553 ms
Iteration time 48.612640 ms
Iteration time 48.659103 ms
Iteration time 48.634590 ms
Iteration time 48.609921 ms
Iteration time 48.609375 ms
Iteration time 48.614784 ms
Iteration time 48.615681 ms
Iteration time 48.604511 ms
Iteration time 48.613503 ms
Iteration time 48.634560 ms
Iteration time 48.638657 ms
Iteration time 48.612415 ms
Iteration time 48.615360 ms
Iteration time 48.614719 ms
Iteration time 48.603809 ms
Iteration time 48.623775 ms
Iteration time 48.648960 ms
Iteration time 48.622753 ms
Iteration time 48.607807 ms
Iteration time 48.661377 ms
Iteration time 48.636703 ms
Iteration time 48.657440 ms
Iteration time 49.775040 ms
Iteration time 51.481247 ms
Iteration time 48.613216 ms
Iteration time 48.625759 ms
Iteration time 48.637791 ms
Iteration time 48.596031 ms
Iteration time 48.604641 ms
Iteration time 48.631519 ms
Iteration time 48.614079 ms
Iteration time 48.592255 ms
Iteration time 48.606590 ms
Iteration time 48.591934 ms
Iteration time 48.597218 ms
Iteration time 48.600288 ms
Iteration time 48.588417 ms
Iteration time 48.605022 ms
Iteration time 48.631233 ms
Iteration time 48.604832 ms
Iteration time 48.601345 ms
Iteration time 48.606369 ms
Iteration time 48.610046 ms
Iteration time 48.604736 ms
Iteration time 48.595074 ms
Iteration time 48.612831 ms
Iteration time 48.610176 ms
Iteration time 48.616833 ms
Iteration time 48.615456 ms
Iteration time 48.632160 ms
Iteration time 48.610912 ms
Iteration time 48.610687 ms
Iteration time 48.619617 ms
Iteration time 48.632030 ms
Iteration time 48.639328 ms
Iteration time 48.614399 ms
Iteration time 48.652065 ms
Iteration time 48.603359 ms
Iteration time 48.619137 ms
Iteration time 48.608032 ms
Iteration time 48.627552 ms
Iteration time 48.629410 ms
Iteration time 48.654560 ms
Iteration time 48.638432 ms
Iteration time 48.655457 ms
Iteration time 48.625694 ms
Iteration time 48.630302 ms
Iteration time 48.652287 ms
Iteration time 48.636162 ms
Iteration time 48.637344 ms
Iteration time 48.648159 ms
Iteration time 48.625248 ms
Iteration time 48.629631 ms
Iteration time 48.644798 ms
Iteration time 48.612640 ms
Iteration time 48.599297 ms
Iteration time 48.602913 ms
Iteration time 48.609344 ms
Iteration time 48.594879 ms
Iteration time 48.615009 ms
Iteration time 48.620510 ms
Iteration time 48.637409 ms
Iteration time 48.589119 ms
Iteration time 48.629471 ms
Iteration time 48.638367 ms
Iteration time 48.615711 ms
Iteration time 48.612129 ms
Iteration time 48.629150 ms
Iteration time 48.617760 ms
Iteration time 48.634113 ms
Iteration time 48.625504 ms
Iteration time 48.603870 ms
Iteration time 48.635326 ms
Iteration time 48.608257 ms
Iteration time 48.614689 ms
Iteration time 48.621761 ms
Iteration time 48.626369 ms
Iteration time 48.629601 ms
Iteration time 48.638401 ms
Iteration time 48.632416 ms
Iteration time 48.625984 ms
Iteration time 48.657505 ms
Iteration time 48.613377 ms
Iteration time 49.232960 ms
Iteration time 52.820641 ms
Iteration time 56.713791 ms
Iteration time 62.055744 ms
Iteration time 51.835938 ms
Iteration time 48.582081 ms
Iteration time 49.011841 ms
Iteration time 48.958591 ms
Iteration time 48.656704 ms
Iteration time 48.623009 ms
Iteration time 48.589024 ms
Iteration time 48.621441 ms
Iteration time 48.603294 ms
Iteration time 48.610367 ms
Iteration time 48.625854 ms
Iteration time 48.595230 ms
Iteration time 48.634689 ms
Iteration time 48.632320 ms
Iteration time 48.605824 ms
Iteration time 48.615486 ms
Iteration time 48.637440 ms
Iteration time 48.616863 ms
Iteration time 48.610561 ms
Iteration time 48.619423 ms
Iteration time 48.622658 ms
Iteration time 48.636448 ms
Iteration time 48.601665 ms
Iteration time 48.611423 ms
Iteration time 48.628990 ms
Iteration time 48.615551 ms
Iteration time 48.614464 ms
Iteration time 48.621696 ms
Iteration time 48.607647 ms
Iteration time 48.630367 ms
Iteration time 48.594017 ms
Iteration time 48.601025 ms
Iteration time 48.611774 ms
Iteration time 48.612511 ms
Iteration time 48.617855 ms
Iteration time 48.607265 ms
Iteration time 48.625854 ms
Iteration time 48.596863 ms
Iteration time 48.617439 ms
Iteration time 48.618816 ms
Iteration time 48.612511 ms
Iteration time 48.615040 ms
Iteration time 48.628704 ms
Iteration time 48.627617 ms
Iteration time 48.629120 ms
Summary: [min, max, mean] = [48.582081, 111.083267, 49.291206] ms
