Namespace(arch='MI50', backend='tvm', code_dir='depthwiseconv', data_type='float32', eval_bar=[1, 5, 10, 20, 50], fuse=False, keep_tiny=False, num_threads=4, op='depthwiseconv_expr_S1D1P1', padding_threshold_cap=1.0, reg_tiling=True, rtile0_shape=[64, 128, 32], rtile1_shape=[8, 8, 1], rtile2_shape=[1, 1, 1], schedule_fuse=True, shape=[128, 42, 83, 83, 3, 3], smem_tiling=True, st_align=False, topk=10, use_artificial_rtile=False, use_tc=False)
IODependent:  False
threshold 0
failed to find results with padding threshold 0
threshold 0.1
failed to find results with padding threshold 0.1
threshold 0.2
found 10 results in first round with threshold 0.2
evaluating top 10 configs
pad:  {'n': 0, 'c': 0, 'ho': 1, 'wo': 13, 'kh': 0, 'kw': 0}
pad:  {'n': 0, 'c': 0, 'ho': 1, 'wo': 13, 'kh': 0, 'kw': 0}
pad:  pad:  {'n': 0, 'c': 0, 'ho': 1, 'wo': 13, 'kh': 0, 'kw': 0}
{'n': 0, 'c': 0, 'ho': 1, 'wo': 13, 'kh': 0, 'kw': 0}
{'n': [2, 1], 'c': [2, 1], 'ho': [2, 1], 'wo': [48, 2], 'kh': [3, 1], 'kw': [3, 1]}
{'n': [1, 2, 1], 'c': [1, 2, 1], 'ho': [1, 2, 1], 'wo': [2, 48, 1], 'kh': [3, 1], 'kw': [3, 1]}{'n': [4, 1], 'c': [1, 1], 'ho': [2, 1], 'wo': [48, 2], 'kh': [3, 1], 'kw': [3, 1]}

{'n': [1, 4, 1], 'c': [1, 1, 1], 'ho': [1, 2, 1], 'wo': [2, 48, 1], 'kh': [3, 1], 'kw': [3, 1]}
{'n': [2, 1], 'c': [1, 1], 'ho': [4, 1], 'wo': [48, 2], 'kh': [3, 1], 'kw': [3, 1]}
{'n': [1, 2, 1], 'c': [1, 1, 1], 'ho': [1, 4, 1], 'wo': [2, 48, 1], 'kh': [3, 1], 'kw': [3, 1]}
{'n': [1, 1], 'c': [1, 1], 'ho': [4, 1], 'wo': [48, 2], 'kh': [3, 1], 'kw': [3, 1]}
{'n': [1, 1, 1], 'c': [1, 1, 1], 'ho': [1, 4, 1], 'wo': [2, 48, 1], 'kh': [3, 1], 'kw': [3, 1]}
[08:44:45] /host/home/v-ruofanwu/sokoban/tvm/src/target/target_kind.cc:163: Warning: Unable to detect CUDA version, default to "-arch=sm_20" instead
[08:44:45] /host/home/v-ruofanwu/sokoban/tvm/src/target/target_kind.cc:163: Warning: Unable to detect CUDA version, default to "-arch=sm_20" instead
[08:44:45] /host/home/v-ruofanwu/sokoban/tvm/src/target/target_kind.cc:163: Warning: Unable to detect CUDA version, default to "-arch=sm_20" instead
[08:44:45] /host/home/v-ruofanwu/sokoban/tvm/src/target/target_kind.cc:163: Warning: Unable to detect CUDA version, default to "-arch=sm_20" instead
pad:  {'n': 0, 'c': 2, 'ho': 0, 'wo': 13, 'kh': 0, 'kw': 0}
{'n': [1, 1], 'c': [4, 1], 'ho': [1, 1], 'wo': [48, 2], 'kh': [3, 1], 'kw': [3, 1]}
{'n': [1, 1, 1], 'c': [1, 4, 1], 'ho': [1, 1, 1], 'wo': [2, 48, 1], 'kh': [3, 1], 'kw': [3, 1]}
pad:  {'n': 0, 'c': 0, 'ho': 5, 'wo': 13, 'kh': 0, 'kw': 0}
[08:44:47] /host/home/v-ruofanwu/sokoban/tvm/src/target/target_kind.cc:163: Warning: Unable to detect CUDA version, default to "-arch=sm_20" instead
{'n': [1, 1], 'c': [1, 1], 'ho': [8, 1], 'wo': [48, 2], 'kh': [3, 1], 'kw': [3, 1]}
{'n': [1, 1, 1], 'c': [1, 1, 1], 'ho': [1, 8, 1], 'wo': [2, 48, 1], 'kh': [3, 1], 'kw': [3, 1]}
[08:44:47] /host/home/v-ruofanwu/sokoban/tvm/src/target/target_kind.cc:163: Warning: Unable to detect CUDA version, default to "-arch=sm_20" instead
pad:  {'n': 0, 'c': 0, 'ho': 1, 'wo': 13, 'kh': 0, 'kw': 0}
{'n': [2, 1], 'c': [1, 1], 'ho': [2, 1], 'wo': [48, 2], 'kh': [3, 1], 'kw': [3, 1]}
{'n': [1, 2, 1], 'c': [1, 1, 1], 'ho': [1, 2, 1], 'wo': [2, 48, 1], 'kh': [3, 1], 'kw': [3, 1]}
[08:44:48] /host/home/v-ruofanwu/sokoban/tvm/src/target/target_kind.cc:163: Warning: Unable to detect CUDA version, default to "-arch=sm_20" instead
pad:  {'n': 0, 'c': 0, 'ho': 1, 'wo': 13, 'kh': 0, 'kw': 0}
{'n': [1, 1], 'c': [2, 1], 'ho': [2, 1], 'wo': [48, 2], 'kh': [3, 1], 'kw': [3, 1]}
{'n': [1, 1, 1], 'c': [1, 2, 1], 'ho': [1, 2, 1], 'wo': [2, 48, 1], 'kh': [3, 1], 'kw': [3, 1]}
[08:44:48] /host/home/v-ruofanwu/sokoban/tvm/src/target/target_kind.cc:163: Warning: Unable to detect CUDA version, default to "-arch=sm_20" instead
pad:  {'n': 0, 'c': 0, 'ho': 1, 'wo': 13, 'kh': 0, 'kw': 0}
{'n': [1, 1], 'c': [2, 1], 'ho': [4, 1], 'wo': [48, 2], 'kh': [3, 1], 'kw': [3, 1]}
{'n': [1, 1, 1], 'c': [1, 2, 1], 'ho': [1, 4, 1], 'wo': [2, 48, 1], 'kh': [3, 1], 'kw': [3, 1]}
[08:44:50] /host/home/v-ruofanwu/sokoban/tvm/src/target/target_kind.cc:163: Warning: Unable to detect CUDA version, default to "-arch=sm_20" instead
pad:  {'n': 0, 'c': 2, 'ho': 1, 'wo': 13, 'kh': 0, 'kw': 0}
{'n': [1, 1], 'c': [4, 1], 'ho': [2, 1], 'wo': [48, 2], 'kh': [3, 1], 'kw': [3, 1]}
{'n': [1, 1, 1], 'c': [1, 4, 1], 'ho': [1, 2, 1], 'wo': [2, 48, 1], 'kh': [3, 1], 'kw': [3, 1]}
[08:44:50] /host/home/v-ruofanwu/sokoban/tvm/src/target/target_kind.cc:163: Warning: Unable to detect CUDA version, default to "-arch=sm_20" instead
rm: cannot remove 'tmp': No such file or directory
top1 time: 0.81024 ms
top10 time: 0.81024 ms
best idx: 0
best config: [level 0: [tile: [1, 1, 4, 96]; step: [3, 3]]][level 1: [tile: [1, 1, 1, 2]; step: [1, 1]]][level 2: [tile: [1, 1, 1, 1]; step: [1, 1]]]
top1 compile time: 0.004149436950683594 s
top10 compile time: 8.030937194824219 s
