reduce_expr2_65536_1024_3_1024_1_1_32_1_1.cu(83): warning: variable "output_size0" was declared but never referenced

reduce_expr2_65536_1024_3_1024_1_1_32_1_1.cu(91): warning: variable "output0h" was declared but never referenced

reduce_expr2_65536_1024_8_256_1_1_64_1_1.cu(121): warning: variable "output_size0" was declared but never referenced

reduce_expr2_65536_1024_8_256_1_1_64_1_1.cu(129): warning: variable "output0h" was declared but never referenced

reduce_expr2_65536_1024_0_1024_1_1_32_1_1.cu(179): warning: variable "output_size0" was declared but never referenced

reduce_expr2_65536_1024_0_1024_1_1_32_1_1.cu(187): warning: variable "output0h" was declared but never referenced

reduce_expr2_65536_1024_6_512_1_1_32_1_1.cu(185): warning: variable "output_size0" was declared but never referenced

reduce_expr2_65536_1024_6_512_1_1_32_1_1.cu(193): warning: variable "output0h" was declared but never referenced

reduce_expr2_65536_1024_4_512_1_1_64_1_1.cu(83): warning: variable "output_size0" was declared but never referenced

reduce_expr2_65536_1024_4_512_1_1_64_1_1.cu(91): warning: variable "output0h" was declared but never referenced

reduce_expr2_65536_1024_9_256_1_1_32_1_1.cu(197): warning: variable "output_size0" was declared but never referenced

reduce_expr2_65536_1024_9_256_1_1_32_1_1.cu(205): warning: variable "output0h" was declared but never referenced

reduce_expr2_65536_1024_1_1024_1_1_32_1_1.cu(115): warning: variable "output_size0" was declared but never referenced

reduce_expr2_65536_1024_1_1024_1_1_32_1_1.cu(123): warning: variable "output0h" was declared but never referenced

reduce_expr2_65536_1024_7_512_1_1_32_1_1.cu(121): warning: variable "output_size0" was declared but never referenced

reduce_expr2_65536_1024_7_512_1_1_32_1_1.cu(129): warning: variable "output0h" was declared but never referenced

reduce_expr2_65536_1024_5_256_1_1_128_1_1.cu(83): warning: variable "output_size0" was declared but never referenced

reduce_expr2_65536_1024_5_256_1_1_128_1_1.cu(91): warning: variable "output0h" was declared but never referenced

reduce_expr2_65536_1024_2_512_1_1_64_1_1.cu(115): warning: variable "output_size0" was declared but never referenced

reduce_expr2_65536_1024_2_512_1_1_64_1_1.cu(123): warning: variable "output0h" was declared but never referenced

Namespace(arch='K80', backend='tvm', code_dir='roller_src/reduce', data_type='float32', eval_bar=[1, 5, 10, 20, 50], fuse=False, keep_tiny=False, num_threads=4, op='reduce_expr2', padding_threshold_cap=1.0, reg_tiling=True, rtile0_shape=[64, 128, 32], rtile1_shape=[8, 8, 1], rtile2_shape=[1, 1, 1], schedule_fuse=False, shape=[65536, 1024], smem_tiling=True, st_align=False, topk=10, use_artificial_rtile=False, use_tc=False)
IODependent:  False
threshold 0
found 10 results in first round with threshold 0
evaluating top 10 configs
{'d1': [32, 2], 'k': [128, 1]}
{'d1': [2, 32, 1], 'k': [128, 1]}
{'d1': [64, 4], 'k': [32, 1]}
{'d1': [32, 2], 'k': [32, 1]}
{'d1': [2, 32, 1], 'k': [32, 1]}
{'d1': [32, 4], 'k': [64, 1]}
{'d1': [4, 64, 1], 'k': [32, 1]}
updated self.tiling:  {'d1': [1, 32, 2], 'k': [128, 1]}
{'d1': [4, 32, 1], 'k': [64, 1]}
updated self.tiling:  {'d1': [1, 32, 2], 'k': [32, 1]}
updated self.tiling:  {'d1': [2, 32, 2], 'k': [64, 1]}
updated self.tiling:  {'d1': [2, 64, 2], 'k': [32, 1]}
{'d1': [64, 2], 'k': [32, 1]}
{'d1': [2, 64, 1], 'k': [32, 1]}
updated self.tiling:  {'d1': [1, 64, 2], 'k': [32, 1]}
{'d1': [32, 8], 'k': [32, 1]}
{'d1': [8, 32, 1], 'k': [32, 1]}
updated self.tiling:  {'d1': [4, 32, 2], 'k': [32, 1]}
{'d1': [32, 2], 'k': [64, 1]}
{'d1': [2, 32, 1], 'k': [64, 1]}
updated self.tiling:  {'d1': [1, 32, 2], 'k': [64, 1]}
{'d1': [32, 4], 'k': [32, 1]}
{'d1': [4, 32, 1], 'k': [32, 1]}
updated self.tiling:  {'d1': [2, 32, 2], 'k': [32, 1]}
{'d1': [128, 2], 'k': [32, 1]}
{'d1': [2, 128, 1], 'k': [32, 1]}
updated self.tiling:  {'d1': [1, 128, 2], 'k': [32, 1]}
{'d1': [64, 2], 'k': [64, 1]}
{'d1': [2, 64, 1], 'k': [64, 1]}
updated self.tiling:  {'d1': [1, 64, 2], 'k': [64, 1]}
top1 time: 4.3932 ms
top10 time: 1.8369 ms
best idx: 3
best config: [level 0: [tile: [64]; step: [32]]][level 1: [tile: [2]; step: [1]]][level 2: [tile: [1]; step: [1]]]
top1 compile time: 0.0031266212463378906 s
top10 compile time: 8.791266441345215 s
