reduce_expr2_262144_49_0_4096_1_1_32_1_1.cu(97): warning: variable "output_size0" was declared but never referenced

reduce_expr2_262144_49_0_4096_1_1_32_1_1.cu(105): warning: variable "output0h" was declared but never referenced

reduce_expr2_262144_49_3_2048_1_1_64_1_1.cu(217): warning: variable "output_size0" was declared but never referenced

reduce_expr2_262144_49_3_2048_1_1_64_1_1.cu(225): warning: variable "output0h" was declared but never referenced

reduce_expr2_262144_49_6_2048_1_1_32_1_1.cu(383): warning: variable "output_size0" was declared but never referenced

reduce_expr2_262144_49_6_2048_1_1_32_1_1.cu(391): warning: variable "output0h" was declared but never referenced

reduce_expr2_262144_49_8_1024_1_1_32_1_1.cu(715): warning: variable "output_size0" was declared but never referenced

reduce_expr2_262144_49_8_1024_1_1_32_1_1.cu(723): warning: variable "output0h" was declared but never referenced

reduce_expr2_262144_49_1_2048_1_1_64_1_1.cu(97): warning: variable "output_size0" was declared but never referenced

reduce_expr2_262144_49_1_2048_1_1_64_1_1.cu(105): warning: variable "output0h" was declared but never referenced

reduce_expr2_262144_49_4_1024_1_1_128_1_1.cu(217): warning: variable "output_size0" was declared but never referenced

reduce_expr2_262144_49_4_1024_1_1_128_1_1.cu(225): warning: variable "output0h" was declared but never referenced

reduce_expr2_262144_49_7_1024_1_1_64_1_1.cu(383): warning: variable "output_size0" was declared but never referenced

reduce_expr2_262144_49_7_1024_1_1_64_1_1.cu(391): warning: variable "output0h" was declared but never referenced

reduce_expr2_262144_49_9_1366_1_1_96_1_1.cu(269): warning: variable "output_size0" was declared but never referenced

reduce_expr2_262144_49_9_1366_1_1_96_1_1.cu(277): warning: variable "output0h" was declared but never referenced

reduce_expr2_262144_49_2_4096_1_1_32_1_1.cu(217): warning: variable "output_size0" was declared but never referenced

reduce_expr2_262144_49_2_4096_1_1_32_1_1.cu(225): warning: variable "output0h" was declared but never referenced

reduce_expr2_262144_49_5_2048_1_1_32_1_1.cu(152): warning: variable "output_size0" was declared but never referenced

reduce_expr2_262144_49_5_2048_1_1_32_1_1.cu(160): warning: variable "output0h" was declared but never referenced

Namespace(arch='K80', backend='tvm', code_dir='roller_src/reduce', data_type='float32', eval_bar=[1, 5, 10, 20, 50], fuse=False, keep_tiny=False, num_threads=4, op='reduce_expr2', padding_threshold_cap=1.0, reg_tiling=True, rtile0_shape=[64, 128, 32], rtile1_shape=[8, 8, 1], rtile2_shape=[1, 1, 1], schedule_fuse=False, shape=[262144, 49], smem_tiling=True, st_align=False, topk=10, use_artificial_rtile=False, use_tc=False)
IODependent:  False
threshold 0
found 9 results in first round with threshold 0
threshold 0.1
found 10 results in first round with threshold 0.1
evaluating top 10 configs
{'d1': [64, 2], 'k': [32, 1]}
{'d1': [2, 64, 1], 'k': [32, 1]}
{'d1': [32, 2], 'k': [49, 1]}
updated self.tiling:  {'d1': [1, 64, 2], 'k': [32, 1]}
{'d1': [32, 4], 'k': [32, 1]}
{'d1': [4, 32, 1], 'k': [32, 1]}
{'d1': [2, 32, 1], 'k': [49, 1]}
{'d1': [32, 8], 'k': [32, 1]}
{'d1': [8, 32, 1], 'k': [32, 1]}
updated self.tiling:  {'d1': [1, 32, 2], 'k': [49, 1]}
updated self.tiling:  {'d1': [2, 32, 2], 'k': [32, 1]}
updated self.tiling:  {'d1': [4, 32, 2], 'k': [32, 1]}
{'d1': [64, 2], 'k': [49, 1]}
{'d1': [2, 64, 1], 'k': [49, 1]}
updated self.tiling:  {'d1': [1, 64, 2], 'k': [49, 1]}
{'d1': [128, 2], 'k': [32, 1]}
{'d1': [2, 128, 1], 'k': [32, 1]}
updated self.tiling:  {'d1': [1, 128, 2], 'k': [32, 1]}
{'d1': [64, 4], 'k': [32, 1]}
{'d1': [4, 64, 1], 'k': [32, 1]}
updated self.tiling:  {'d1': [2, 64, 2], 'k': [32, 1]}
{'d1': [96, 2], 'k': [49, 1]}
{'d1': [2, 96, 1], 'k': [49, 1]}
updated self.tiling:  {'d1': [1, 96, 2], 'k': [49, 1]}
{'d1': [32, 2], 'k': [32, 1]}
{'d1': [2, 32, 1], 'k': [32, 1]}
updated self.tiling:  {'d1': [1, 32, 2], 'k': [32, 1]}
{'d1': [32, 4], 'k': [49, 1]}
{'d1': [4, 32, 1], 'k': [49, 1]}
updated self.tiling:  {'d1': [2, 32, 2], 'k': [49, 1]}
top1 time: 0.33064 ms
top10 time: 0.32550999999999997 ms
best idx: 1
best config: [level 0: [tile: [128]; step: [49]]][level 1: [tile: [2]; step: [1]]][level 2: [tile: [1]; step: [1]]]
top1 compile time: 0.00286102294921875 s
top10 compile time: 7.673389434814453 s
