reduce_expr2_516096_121_3_8064_1_1_32_1_1.cu(217): warning: variable "output_size0" was declared but never referenced

reduce_expr2_516096_121_3_8064_1_1_32_1_1.cu(225): warning: variable "output0h" was declared but never referenced

reduce_expr2_516096_121_6_2016_1_1_128_1_1.cu(217): warning: variable "output_size0" was declared but never referenced

reduce_expr2_516096_121_6_2016_1_1_128_1_1.cu(225): warning: variable "output0h" was declared but never referenced

reduce_expr2_516096_121_0_8064_1_1_32_1_1.cu(169): warning: variable "output_size0" was declared but never referenced

reduce_expr2_516096_121_0_8064_1_1_32_1_1.cu(177): warning: variable "output0h" was declared but never referenced

reduce_expr2_516096_121_8_4032_1_1_32_1_1.cu(383): warning: variable "output_size0" was declared but never referenced

reduce_expr2_516096_121_8_4032_1_1_32_1_1.cu(391): warning: variable "output0h" was declared but never referenced

reduce_expr2_516096_121_4_4032_1_1_64_1_1.cu(217): warning: variable "output_size0" was declared but never referenced

reduce_expr2_516096_121_4_4032_1_1_64_1_1.cu(225): warning: variable "output0h" was declared but never referenced

reduce_expr2_516096_121_1_8064_1_1_32_1_1.cu(377): warning: variable "output_size0" was declared but never referenced

reduce_expr2_516096_121_1_8064_1_1_32_1_1.cu(385): warning: variable "output0h" was declared but never referenced

reduce_expr2_516096_121_9_2016_1_1_64_1_1.cu(383): warning: variable "output_size0" was declared but never referenced

reduce_expr2_516096_121_9_2016_1_1_64_1_1.cu(391): warning: variable "output0h" was declared but never referenced

reduce_expr2_516096_121_7_4032_1_1_32_1_1.cu(703): warning: variable "output_size0" was declared but never referenced

reduce_expr2_516096_121_7_4032_1_1_32_1_1.cu(711): warning: variable "output0h" was declared but never referenced

reduce_expr2_516096_121_5_2688_1_1_96_1_1.cu(217): warning: variable "output_size0" was declared but never referenced

reduce_expr2_516096_121_5_2688_1_1_96_1_1.cu(225): warning: variable "output0h" was declared but never referenced

reduce_expr2_516096_121_2_4032_1_1_64_1_1.cu(377): warning: variable "output_size0" was declared but never referenced

reduce_expr2_516096_121_2_4032_1_1_64_1_1.cu(385): warning: variable "output0h" was declared but never referenced

Namespace(arch='K80', backend='tvm', code_dir='roller_src/reduce', data_type='float32', eval_bar=[1, 5, 10, 20, 50], fuse=False, keep_tiny=False, num_threads=4, op='reduce_expr2', padding_threshold_cap=1.0, reg_tiling=True, rtile0_shape=[64, 128, 32], rtile1_shape=[8, 8, 1], rtile2_shape=[1, 1, 1], schedule_fuse=False, shape=[516096, 121], smem_tiling=True, st_align=False, topk=10, use_artificial_rtile=False, use_tc=False)
IODependent:  False
threshold 0
found 10 results in first round with threshold 0
evaluating top 10 configs
{'d1': [32, 2], 'k': [32, 1]}
{'d1': [2, 32, 1], 'k': [32, 1]}
{'d1': [32, 2], 'k': [121, 1]}
updated self.tiling:  {'d1': [1, 32, 2], 'k': [32, 1]}
{'d1': [2, 32, 1], 'k': [121, 1]}
{'d1': [128, 2], 'k': [32, 1]}
{'d1': [2, 128, 1], 'k': [32, 1]}
{'d1': [32, 4], 'k': [32, 1]}
{'d1': [4, 32, 1], 'k': [32, 1]}
updated self.tiling:  {'d1': [1, 32, 2], 'k': [121, 1]}
updated self.tiling:  {'d1': [1, 128, 2], 'k': [32, 1]}
updated self.tiling:  {'d1': [2, 32, 2], 'k': [32, 1]}
{'d1': [64, 2], 'k': [32, 1]}
{'d1': [2, 64, 1], 'k': [32, 1]}
updated self.tiling:  {'d1': [1, 64, 2], 'k': [32, 1]}
{'d1': [32, 2], 'k': [64, 1]}
{'d1': [2, 32, 1], 'k': [64, 1]}
updated self.tiling:  {'d1': [1, 32, 2], 'k': [64, 1]}
{'d1': [32, 4], 'k': [64, 1]}
{'d1': [4, 32, 1], 'k': [64, 1]}
updated self.tiling:  {'d1': [2, 32, 2], 'k': [64, 1]}
{'d1': [64, 4], 'k': [32, 1]}
{'d1': [4, 64, 1], 'k': [32, 1]}
updated self.tiling:  {'d1': [2, 64, 2], 'k': [32, 1]}
{'d1': [96, 2], 'k': [32, 1]}
{'d1': [2, 96, 1], 'k': [32, 1]}
updated self.tiling:  {'d1': [1, 96, 2], 'k': [32, 1]}
{'d1': [64, 2], 'k': [64, 1]}
{'d1': [2, 64, 1], 'k': [64, 1]}
updated self.tiling:  {'d1': [1, 64, 2], 'k': [64, 1]}
top1 time: 2.3561 ms
top10 time: 2.3561 ms
best idx: 0
best config: [level 0: [tile: [64]; step: [121]]][level 1: [tile: [2]; step: [1]]][level 2: [tile: [1]; step: [1]]]
top1 compile time: 0.002909421920776367 s
top10 compile time: 8.873488664627075 s
