Namespace(arch='MI50', backend='tvm', code_dir='conv', data_type='float32', eval_bar=[1, 5, 10, 20, 50], fuse=False, keep_tiny=False, num_threads=4, op='fused_conv_expr_S1D1P1', padding_threshold_cap=1.0, reg_tiling=True, rtile0_shape=[64, 128, 32], rtile1_shape=[8, 8, 1], rtile2_shape=[1, 1, 1], schedule_fuse=True, shape=[128, 64, 56, 56, 64, 3, 3], smem_tiling=True, st_align=False, topk=10, use_artificial_rtile=False, use_tc=False)
IODependent:  True
found 3 results with threshold 0
failed to find results with padding threshold 0.2
failed to find results with padding threshold 0.4
failed to find results with padding threshold 0.6000000000000001
failed to find results with padding threshold 0.8
failed to find results with padding threshold 1.0
evaluating top 3 configs
rm: cannot remove 'tmpfused_conv_expr_S1D1P13': No such file or directory
pad:  {'f': 0, 'sa_fused0': 0, 'ra_fused0': 0}
pad:  {'f': 0, 'sa_fused0': 0, 'ra_fused0': 0}
pad:  {'f': 0, 'sa_fused0': 0, 'ra_fused0': 0}
{'f': [8, 8], 'sa_fused0': [32, 4], 'ra_fused0': [16, 1]}
{'f': [4, 8], 'sa_fused0': [64, 4], 'ra_fused0': [16, 1]}
{'f': [8, 8, 1], 'sa_fused0': [4, 32, 1], 'ra_fused0': [16, 1]}
{'f': [8, 4, 1], 'sa_fused0': [4, 64, 1], 'ra_fused0': [16, 1]}
{'f': [8, 8], 'sa_fused0': [32, 4], 'ra_fused0': [32, 1]}
{'f': [8, 8, 1], 'sa_fused0': [4, 32, 1], 'ra_fused0': [32, 1]}
[08:38:41] /host/home/v-ruofanwu/sokoban/tvm/src/target/target_kind.cc:163: Warning: Unable to detect CUDA version, default to "-arch=sm_20" instead
[08:38:41] /host/home/v-ruofanwu/sokoban/tvm/src/target/target_kind.cc:163: Warning: Unable to detect CUDA version, default to "-arch=sm_20" instead
[08:38:41] /host/home/v-ruofanwu/sokoban/tvm/src/target/target_kind.cc:163: Warning: Unable to detect CUDA version, default to "-arch=sm_20" instead
rm: cannot remove 'tmp': No such file or directory
top1 time: 4.67116 ms
top10 time: 4.67116 ms
best idx: 0
best config: [level 0: [tile: [64, 128]; step: [16]]][level 1: [tile: [8, 4]; step: [1]]][level 2: [tile: [1, 1]; step: [1]]]
top1 compile time: 0.0038101673126220703 s
top10 compile time: 2.8399581909179688 s
