Namespace(arch='MI50', backend='tvm', code_dir='conv', data_type='float32', eval_bar=[1, 5, 10, 20, 50], fuse=False, keep_tiny=False, num_threads=4, op='fused_conv_expr_S1D1P0', padding_threshold_cap=1.0, reg_tiling=True, rtile0_shape=[64, 128, 32], rtile1_shape=[8, 8, 1], rtile2_shape=[1, 1, 1], schedule_fuse=True, shape=[128, 168, 42, 42, 336, 1, 1], smem_tiling=True, st_align=False, topk=10, use_artificial_rtile=False, use_tc=False)
IODependent:  True
failed to find results with padding threshold 0
found 2 results with threshold 0.2
failed to find results with padding threshold 0.4
failed to find results with padding threshold 0.6000000000000001
failed to find results with padding threshold 0.8
failed to find results with padding threshold 1.0
evaluating top 2 configs
rm: cannot remove 'tmpfused_conv_expr_S1D1P02': No such file or directory
rm: cannot remove 'tmpfused_conv_expr_S1D1P03': No such file or directory
pad:  {'f': 24, 'sa_fused0': 0, 'ra_fused0': 0}
pad:  {'f': 24, 'sa_fused0': 0, 'ra_fused0': 16}
{'f': [8, 8], 'sa_fused0': [32, 4], 'ra_fused0': [16, 1]}
{'f': [8, 8, 1], 'sa_fused0': [4, 32, 1], 'ra_fused0': [16, 1]}
{'f': [8, 8], 'sa_fused0': [32, 4], 'ra_fused0': [32, 1]}
{'f': [8, 8, 1], 'sa_fused0': [4, 32, 1], 'ra_fused0': [32, 1]}
[08:39:25] /host/home/v-ruofanwu/sokoban/tvm/src/target/target_kind.cc:163: Warning: Unable to detect CUDA version, default to "-arch=sm_20" instead
[08:39:25] /host/home/v-ruofanwu/sokoban/tvm/src/target/target_kind.cc:163: Warning: Unable to detect CUDA version, default to "-arch=sm_20" instead
rm: cannot remove 'tmp': No such file or directory
top1 time: 3.56452 ms
top10 time: 3.56452 ms
best idx: 0
best config: [level 0: [tile: [64, 128]; step: [16]]][level 1: [tile: [8, 4]; step: [1]]][level 2: [tile: [1, 1]; step: [1]]]
top1 compile time: 0.003576993942260742 s
top10 compile time: 4.06937837600708 s
