Namespace(arch='MI50', backend='tvm', code_dir='conv', data_type='float32', eval_bar=[1, 5, 10, 20, 50], fuse=False, keep_tiny=False, num_threads=4, op='fused_conv_expr_S1D1P0', padding_threshold_cap=1.0, reg_tiling=True, rtile0_shape=[64, 128, 32], rtile1_shape=[8, 8, 1], rtile2_shape=[1, 1, 1], schedule_fuse=True, shape=[128, 42, 83, 83, 96, 1, 1], smem_tiling=True, st_align=False, topk=10, use_artificial_rtile=False, use_tc=False)
IODependent:  True
failed to find results with padding threshold 0
found 3 results with threshold 0.2
found 3 results with threshold 0.4
found 2 results with threshold 0.6000000000000001
failed to find results with padding threshold 0.8
failed to find results with padding threshold 1.0
evaluating top 5 configs
pad:  {'f': 6, 'sa_fused0': 384, 'ra_fused0': 0}
pad:  {'f': 22, 'sa_fused0': 0, 'ra_fused0': 0}
pad:  {'f': 6, 'sa_fused0': 384, 'ra_fused0': 0}
pad:  {'f': 22, 'sa_fused0': 0, 'ra_fused0': 0}
{'f': [8, 8], 'sa_fused0': [32, 4], 'ra_fused0': [32, 1]}
{'f': [8, 8, 1], 'sa_fused0': [4, 32, 1], 'ra_fused0': [32, 1]}{'f': [8, 2], 'sa_fused0': [32, 16], 'ra_fused0': [16, 1]}

{'f': [2, 8, 1], 'sa_fused0': [16, 32, 1], 'ra_fused0': [16, 1]}
{'f': [2, 8], 'sa_fused0': [128, 4], 'ra_fused0': [16, 1]}
{'f': [8, 2, 1], 'sa_fused0': [4, 128, 1], 'ra_fused0': [16, 1]}
{'f': [8, 8], 'sa_fused0': [32, 4], 'ra_fused0': [16, 1]}
{'f': [8, 8, 1], 'sa_fused0': [4, 32, 1], 'ra_fused0': [16, 1]}
[08:37:04] /host/home/v-ruofanwu/sokoban/tvm/src/target/target_kind.cc:163: Warning: Unable to detect CUDA version, default to "-arch=sm_20" instead
[08:37:04] /host/home/v-ruofanwu/sokoban/tvm/src/target/target_kind.cc:163: Warning: Unable to detect CUDA version, default to "-arch=sm_20" instead
[08:37:04] /host/home/v-ruofanwu/sokoban/tvm/src/target/target_kind.cc:163: Warning: Unable to detect CUDA version, default to "-arch=sm_20" instead
[08:37:05] /host/home/v-ruofanwu/sokoban/tvm/src/target/target_kind.cc:163: Warning: Unable to detect CUDA version, default to "-arch=sm_20" instead
pad:  {'f': 6, 'sa_fused0': 384, 'ra_fused0': 0}
{'f': [4, 4], 'sa_fused0': [64, 8], 'ra_fused0': [16, 1]}
{'f': [4, 4, 1], 'sa_fused0': [8, 64, 1], 'ra_fused0': [16, 1]}
[08:37:07] /host/home/v-ruofanwu/sokoban/tvm/src/target/target_kind.cc:163: Warning: Unable to detect CUDA version, default to "-arch=sm_20" instead
rm: cannot remove 'tmp': No such file or directory
top1 time: 8.22573 ms
top10 time: 1.34978 ms
best idx: 4
best config: [level 0: [tile: [64, 128]; step: [16]]][level 1: [tile: [8, 4]; step: [1]]][level 2: [tile: [1, 1]; step: [1]]]
top1 compile time: 0.003847360610961914 s
top10 compile time: 9.47790002822876 s
