WARNING:tensorflow:From ./src/pool.py:9: The name tf.logging.set_verbosity is deprecated. Please use tf.compat.v1.logging.set_verbosity instead.

WARNING:tensorflow:From ./src/pool.py:9: The name tf.logging.ERROR is deprecated. Please use tf.compat.v1.logging.ERROR instead.

N, C, H, W, K, S, P, repeat_time: 128 672 21 21 3 2 SAME 10000
is eager mode:  True
2022-04-15 14:36:50.686995: I tensorflow/stream_executor/platform/default/dso_loader.cc:44] Successfully opened dynamic library libamdhip64.so
2022-04-15 14:36:50.764050: I tensorflow/core/common_runtime/gpu/gpu_device.cc:1650] Found device 0 with properties: 
name: Vega 20
AMDGPU ISA: gfx906
memoryClockRate (GHz) 1.725
pciBusID 0000:3f:00.0
2022-04-15 14:36:50.764105: I tensorflow/core/common_runtime/gpu/gpu_device.cc:1650] Found device 1 with properties: 
name: Vega 20
AMDGPU ISA: gfx906
memoryClockRate (GHz) 1.725
pciBusID 0000:43:00.0
2022-04-15 14:36:50.764131: I tensorflow/core/common_runtime/gpu/gpu_device.cc:1650] Found device 2 with properties: 
name: Vega 20
AMDGPU ISA: gfx906
memoryClockRate (GHz) 1.725
pciBusID 0000:46:00.0
2022-04-15 14:36:50.764154: I tensorflow/core/common_runtime/gpu/gpu_device.cc:1650] Found device 3 with properties: 
name: Vega 20
AMDGPU ISA: gfx906
memoryClockRate (GHz) 1.725
pciBusID 0000:49:00.0
2022-04-15 14:36:50.768772: I tensorflow/stream_executor/platform/default/dso_loader.cc:44] Successfully opened dynamic library librocblas.so
2022-04-15 14:36:50.770622: I tensorflow/stream_executor/platform/default/dso_loader.cc:44] Successfully opened dynamic library libMIOpen.so
2022-04-15 14:36:50.790988: I tensorflow/stream_executor/platform/default/dso_loader.cc:44] Successfully opened dynamic library librocfft.so
2022-04-15 14:36:50.791299: I tensorflow/stream_executor/platform/default/dso_loader.cc:44] Successfully opened dynamic library librocrand.so
2022-04-15 14:36:50.791490: I tensorflow/core/common_runtime/gpu/gpu_device.cc:1767] Adding visible gpu devices: 0, 1, 2, 3
2022-04-15 14:36:50.791883: I tensorflow/core/platform/cpu_feature_guard.cc:142] Your CPU supports instructions that this TensorFlow binary was not compiled to use: SSE4.1 SSE4.2 AVX AVX2 AVX512F FMA
2022-04-15 14:36:50.804521: I tensorflow/core/platform/profile_utils/cpu_utils.cc:94] CPU Frequency: 2300000000 Hz
2022-04-15 14:36:50.808035: I tensorflow/compiler/xla/service/service.cc:168] XLA service 0x4a99980 initialized for platform Host (this does not guarantee that XLA will be used). Devices:
2022-04-15 14:36:50.808059: I tensorflow/compiler/xla/service/service.cc:176]   StreamExecutor device (0): Host, Default Version
2022-04-15 14:36:50.808545: I tensorflow/core/common_runtime/gpu/gpu_device.cc:1650] Found device 0 with properties: 
name: Vega 20
AMDGPU ISA: gfx906
memoryClockRate (GHz) 1.725
pciBusID 0000:3f:00.0
2022-04-15 14:36:50.808586: I tensorflow/core/common_runtime/gpu/gpu_device.cc:1650] Found device 1 with properties: 
name: Vega 20
AMDGPU ISA: gfx906
memoryClockRate (GHz) 1.725
pciBusID 0000:43:00.0
2022-04-15 14:36:50.808616: I tensorflow/core/common_runtime/gpu/gpu_device.cc:1650] Found device 2 with properties: 
name: Vega 20
AMDGPU ISA: gfx906
memoryClockRate (GHz) 1.725
pciBusID 0000:46:00.0
2022-04-15 14:36:50.808652: I tensorflow/core/common_runtime/gpu/gpu_device.cc:1650] Found device 3 with properties: 
name: Vega 20
AMDGPU ISA: gfx906
memoryClockRate (GHz) 1.725
pciBusID 0000:49:00.0
2022-04-15 14:36:50.808676: I tensorflow/stream_executor/platform/default/dso_loader.cc:44] Successfully opened dynamic library librocblas.so
2022-04-15 14:36:50.808690: I tensorflow/stream_executor/platform/default/dso_loader.cc:44] Successfully opened dynamic library libMIOpen.so
2022-04-15 14:36:50.808703: I tensorflow/stream_executor/platform/default/dso_loader.cc:44] Successfully opened dynamic library librocfft.so
2022-04-15 14:36:50.808716: I tensorflow/stream_executor/platform/default/dso_loader.cc:44] Successfully opened dynamic library librocrand.so
2022-04-15 14:36:50.808864: I tensorflow/core/common_runtime/gpu/gpu_device.cc:1767] Adding visible gpu devices: 0, 1, 2, 3
2022-04-15 14:36:50.808910: I tensorflow/core/common_runtime/gpu/gpu_device.cc:1180] Device interconnect StreamExecutor with strength 1 edge matrix:
2022-04-15 14:36:50.808921: I tensorflow/core/common_runtime/gpu/gpu_device.cc:1186]      0 1 2 3 
2022-04-15 14:36:50.808929: I tensorflow/core/common_runtime/gpu/gpu_device.cc:1199] 0:   N Y Y Y 
2022-04-15 14:36:50.808936: I tensorflow/core/common_runtime/gpu/gpu_device.cc:1199] 1:   Y N Y Y 
2022-04-15 14:36:50.808942: I tensorflow/core/common_runtime/gpu/gpu_device.cc:1199] 2:   Y Y N Y 
2022-04-15 14:36:50.808949: I tensorflow/core/common_runtime/gpu/gpu_device.cc:1199] 3:   Y Y Y N 
2022-04-15 14:36:50.809136: I tensorflow/core/common_runtime/gpu/gpu_device.cc:1325] Created TensorFlow device (/job:localhost/replica:0/task:0/device:GPU:0 with 31114 MB memory) -> physical GPU (device: 0, name: Vega 20, pci bus id: 0000:3f:00.0)
2022-04-15 14:36:51.112324: I tensorflow/core/common_runtime/gpu/gpu_device.cc:1325] Created TensorFlow device (/job:localhost/replica:0/task:0/device:GPU:1 with 31114 MB memory) -> physical GPU (device: 1, name: Vega 20, pci bus id: 0000:43:00.0)
2022-04-15 14:36:51.432483: I tensorflow/core/common_runtime/gpu/gpu_device.cc:1325] Created TensorFlow device (/job:localhost/replica:0/task:0/device:GPU:2 with 31114 MB memory) -> physical GPU (device: 2, name: Vega 20, pci bus id: 0000:46:00.0)
2022-04-15 14:36:51.759189: I tensorflow/core/common_runtime/gpu/gpu_device.cc:1325] Created TensorFlow device (/job:localhost/replica:0/task:0/device:GPU:3 with 31114 MB memory) -> physical GPU (device: 3, name: Vega 20, pci bus id: 0000:49:00.0)
2022-04-15 14:36:52.645058: I tensorflow/stream_executor/platform/default/dso_loader.cc:44] Successfully opened dynamic library libMIOpen.so
0.5363954544067383 ms on avg
