ONNX model check passed!
Importing ONNX model into ONNX Runtime...
Execution Providers: ['CUDAExecutionProvider', 'CPUExecutionProvider']
tensor([[49406, 49407, 49407, 49407, 49407, 49407, 49407, 49407, 49407, 49407,
         49407, 49407, 49407, 49407, 49407, 49407, 49407, 49407, 49407, 49407,
         49407, 49407, 49407, 49407, 49407, 49407, 49407, 49407, 49407, 49407,
         49407, 49407, 49407, 49407, 49407, 49407, 49407, 49407, 49407, 49407,
         49407, 49407, 49407, 49407, 49407, 49407, 49407, 49407, 49407, 49407,
         49407, 49407, 49407, 49407, 49407, 49407, 49407, 49407, 49407, 49407,
         49407, 49407, 49407, 49407, 49407, 49407, 49407, 49407, 49407, 49407,
         49407, 49407, 49407, 49407, 49407, 49407, 49407]], device='cuda:0',
       dtype=torch.int32)
last_hidden_state
[-0.3887   0.02284 -0.05206 -0.1843  -0.0274  -0.336   -0.01762 -0.1871
  0.1875  -0.0907 ] ...(size= 59136 end with -0.2378 )
pooler_output
[-0.3755  -1.448   -0.3406  -0.11194 -1.404    0.323   -0.1875  -0.2357
 -1.1045   0.9014 ] ...(size= 768 end with -1.104 )
last_hidden_state
[-0.3887   0.02284 -0.05206 -0.1843  -0.0274  -0.336   -0.01762 -0.1871
  0.1875  -0.0907 ] ...(size= 59136 end with -0.2378 )
pooler_output
[-0.3755  -1.448   -0.3406  -0.11194 -1.404    0.323   -0.1875  -0.2357
 -1.1045   0.9014 ] ...(size= 768 end with -1.104 )
last_hidden_state
[-0.3887   0.02284 -0.05206 -0.1843  -0.0274  -0.336   -0.01762 -0.1871
  0.1875  -0.0907 ] ...(size= 59136 end with -0.2378 )
pooler_output
[-0.3755  -1.448   -0.3406  -0.11194 -1.404    0.323   -0.1875  -0.2357
 -1.1045   0.9014 ] ...(size= 768 end with -1.104 )
last_hidden_state
[-0.3887   0.02284 -0.05206 -0.1843  -0.0274  -0.336   -0.01762 -0.1871
  0.1875  -0.0907 ] ...(size= 59136 end with -0.2378 )
pooler_output
[-0.3755  -1.448   -0.3406  -0.11194 -1.404    0.323   -0.1875  -0.2357
 -1.1045   0.9014 ] ...(size= 768 end with -1.104 )
last_hidden_state
[-0.3887   0.02284 -0.05206 -0.1843  -0.0274  -0.336   -0.01762 -0.1871
  0.1875  -0.0907 ] ...(size= 59136 end with -0.2378 )
pooler_output
[-0.3755  -1.448   -0.3406  -0.11194 -1.404    0.323   -0.1875  -0.2357
 -1.1045   0.9014 ] ...(size= 768 end with -1.104 )
>> Evaluating Benchmark ...
>> Average time for each run: 4.1311 ms;
