128 1024 14 14 2048 1 1 2 VALID /home/shanbinke/osdi22_ae/artifacts/osdi22/Figure13/../microbenchmark/tvm/scale_out/conv_scale
Get devices for measurement successfully!
(1792, 1, 1) (224, 1, 1)
best runtime:  3.17169
compilation time:  4229.094899999999
256 1024 14 14 2048 1 1 2 VALID /home/shanbinke/osdi22_ae/artifacts/osdi22/Figure13/../microbenchmark/tvm/scale_out/conv_scale
Get devices for measurement successfully!
(1024, 1, 1) (896, 1, 1)
best runtime:  6.603890000000001
compilation time:  3927.138049999999
512 1024 14 14 2048 1 1 2 VALID /home/shanbinke/osdi22_ae/artifacts/osdi22/Figure13/../microbenchmark/tvm/scale_out/conv_scale
Get devices for measurement successfully!
(2048, 1, 1) (224, 1, 1)
best runtime:  12.519499999999999
compilation time:  6453.8634799999945
1024 1024 14 14 2048 1 1 2 VALID /home/shanbinke/osdi22_ae/artifacts/osdi22/Figure13/../microbenchmark/tvm/scale_out/conv_scale
Get devices for measurement successfully!
(7168, 1, 1) (128, 1, 1)
best runtime:  24.860699999999998
compilation time:  10805.005300000024
2048 1024 14 14 2048 1 1 2 VALID /home/shanbinke/osdi22_ae/artifacts/osdi22/Figure13/../microbenchmark/tvm/scale_out/conv_scale
Get devices for measurement successfully!
error: not valid shedule
best runtime:  0
compilation time:  0
4096 1024 14 14 2048 1 1 2 VALID /home/shanbinke/osdi22_ae/artifacts/osdi22/Figure13/../microbenchmark/tvm/scale_out/conv_scale
Get devices for measurement successfully!
error: not valid shedule
best runtime:  0
compilation time:  0
8192 1024 14 14 2048 1 1 2 VALID /home/shanbinke/osdi22_ae/artifacts/osdi22/Figure13/../microbenchmark/tvm/scale_out/conv_scale
Get devices for measurement successfully!
error: not valid shedule
best runtime:  0
compilation time:  0
128 1024 14 14 2048 1 1 2 VALID /home/shanbinke/osdi22_ae/artifacts/osdi22/Figure14/../microbenchmark/tvm/scale_out/conv_scale
Get devices for measurement successfully!
(1792, 1, 1) (224, 1, 1)
best runtime:  3.17169
compilation time:  4229.094899999999
256 1024 14 14 2048 1 1 2 VALID /home/shanbinke/osdi22_ae/artifacts/osdi22/Figure14/../microbenchmark/tvm/scale_out/conv_scale
Get devices for measurement successfully!
(1024, 1, 1) (896, 1, 1)
best runtime:  6.603890000000001
compilation time:  3927.138049999999
512 1024 14 14 2048 1 1 2 VALID /home/shanbinke/osdi22_ae/artifacts/osdi22/Figure14/../microbenchmark/tvm/scale_out/conv_scale
Get devices for measurement successfully!
(2048, 1, 1) (224, 1, 1)
best runtime:  12.519499999999999
compilation time:  6453.8634799999945
1024 1024 14 14 2048 1 1 2 VALID /home/shanbinke/osdi22_ae/artifacts/osdi22/Figure14/../microbenchmark/tvm/scale_out/conv_scale
Get devices for measurement successfully!
(7168, 1, 1) (128, 1, 1)
best runtime:  24.860699999999998
compilation time:  10805.005300000024
2048 1024 14 14 2048 1 1 2 VALID /home/shanbinke/osdi22_ae/artifacts/osdi22/Figure14/../microbenchmark/tvm/scale_out/conv_scale
Get devices for measurement successfully!
error: not valid shedule
best runtime:  0
compilation time:  0
4096 1024 14 14 2048 1 1 2 VALID /home/shanbinke/osdi22_ae/artifacts/osdi22/Figure14/../microbenchmark/tvm/scale_out/conv_scale
Get devices for measurement successfully!
error: not valid shedule
best runtime:  0
compilation time:  0
8192 1024 14 14 2048 1 1 2 VALID /home/shanbinke/osdi22_ae/artifacts/osdi22/Figure14/../microbenchmark/tvm/scale_out/conv_scale
Get devices for measurement successfully!
error: not valid shedule
best runtime:  0
compilation time:  0
