128 1024 14 14 2048 1 1 2 VALID /home/shanbinke/osdi22_ae/artifacts/osdi22/Figure13/../microbenchmark/tvm/scale_out/conv_scale
Finish loading 4000 records
/home/shanbinke/osdi22_ae/artifacts/osdi22/Figure13/../microbenchmark/tvm/scale_out/conv_scale/conv2d_128_1024_14_14_2048_1_1_2_VALID.log

Best config:
[('tile_f', [-1, 2, 32, 2]), ('tile_y', [-1, 1, 1, 7]), ('tile_x', [-1, 1, 7, 1]), ('tile_rc', [-1, 8]), ('tile_ry', [-1, 1]), ('tile_rx', [-1, 1]), ('auto_unroll_max_step', 1500), ('unroll_explicit', 0)],None,149728
[Tensor(shape=[128, 1024, 14, 14], op.name=placeholder), Tensor(shape=[2048, 1024, 1, 1], op.name=placeholder), Tensor(shape=[128, 2048, 7, 7], op.name=compute)]
best runtime:  4.11633144
compilation time:  1962.917331457138
256 1024 14 14 2048 1 1 2 VALID /home/shanbinke/osdi22_ae/artifacts/osdi22/Figure13/../microbenchmark/tvm/scale_out/conv_scale
Finish loading 4000 records
/home/shanbinke/osdi22_ae/artifacts/osdi22/Figure13/../microbenchmark/tvm/scale_out/conv_scale/conv2d_256_1024_14_14_2048_1_1_2_VALID.log

Best config:
[('tile_f', [-1, 2, 64, 2]), ('tile_y', [-1, 1, 1, 7]), ('tile_x', [-1, 1, 7, 1]), ('tile_rc', [-1, 8]), ('tile_ry', [-1, 1]), ('tile_rx', [-1, 1]), ('auto_unroll_max_step', 512), ('unroll_explicit', 0)],None,85670
[Tensor(shape=[256, 1024, 14, 14], op.name=placeholder), Tensor(shape=[2048, 1024, 1, 1], op.name=placeholder), Tensor(shape=[256, 2048, 7, 7], op.name=compute)]
best runtime:  7.659730857142858
compilation time:  2716.8620657920837
512 1024 14 14 2048 1 1 2 VALID /home/shanbinke/osdi22_ae/artifacts/osdi22/Figure13/../microbenchmark/tvm/scale_out/conv_scale
Finish loading 4000 records
/home/shanbinke/osdi22_ae/artifacts/osdi22/Figure13/../microbenchmark/tvm/scale_out/conv_scale/conv2d_512_1024_14_14_2048_1_1_2_VALID.log

Best config:
[('tile_f', [-1, 2, 64, 2]), ('tile_y', [-1, 1, 1, 7]), ('tile_x', [-1, 1, 7, 1]), ('tile_rc', [-1, 8]), ('tile_ry', [-1, 1]), ('tile_rx', [-1, 1]), ('auto_unroll_max_step', 512), ('unroll_explicit', 0)],None,85670
[Tensor(shape=[512, 1024, 14, 14], op.name=placeholder), Tensor(shape=[2048, 1024, 1, 1], op.name=placeholder), Tensor(shape=[512, 2048, 7, 7], op.name=compute)]
best runtime:  15.880859142857144
compilation time:  4681.348465681076
1024 1024 14 14 2048 1 1 2 VALID /home/shanbinke/osdi22_ae/artifacts/osdi22/Figure13/../microbenchmark/tvm/scale_out/conv_scale
Finish loading 4000 records
/home/shanbinke/osdi22_ae/artifacts/osdi22/Figure13/../microbenchmark/tvm/scale_out/conv_scale/conv2d_1024_1024_14_14_2048_1_1_2_VALID.log

Best config:
[('tile_f', [-1, 2, 64, 2]), ('tile_y', [-1, 1, 1, 7]), ('tile_x', [-1, 1, 7, 1]), ('tile_rc', [-1, 8]), ('tile_ry', [-1, 1]), ('tile_rx', [-1, 1]), ('auto_unroll_max_step', 1500), ('unroll_explicit', 0)],None,149734
[Tensor(shape=[1024, 1024, 14, 14], op.name=placeholder), Tensor(shape=[2048, 1024, 1, 1], op.name=placeholder), Tensor(shape=[1024, 2048, 7, 7], op.name=compute)]
best runtime:  30.48107675
compilation time:  6858.661835670471
2048 1024 14 14 2048 1 1 2 VALID /home/shanbinke/osdi22_ae/artifacts/osdi22/Figure13/../microbenchmark/tvm/scale_out/conv_scale
Finish loading 4000 records
/home/shanbinke/osdi22_ae/artifacts/osdi22/Figure13/../microbenchmark/tvm/scale_out/conv_scale/conv2d_2048_1024_14_14_2048_1_1_2_VALID.log

Best config:
[('tile_f', [-1, 2, 64, 2]), ('tile_y', [-1, 1, 1, 7]), ('tile_x', [-1, 1, 7, 1]), ('tile_rc', [-1, 8]), ('tile_ry', [-1, 1]), ('tile_rx', [-1, 1]), ('auto_unroll_max_step', 1500), ('unroll_explicit', 0)],None,149734
[Tensor(shape=[2048, 1024, 14, 14], op.name=placeholder), Tensor(shape=[2048, 1024, 1, 1], op.name=placeholder), Tensor(shape=[2048, 2048, 7, 7], op.name=compute)]
best runtime:  60.41895875
compilation time:  10890.540964841843
4096 1024 14 14 2048 1 1 2 VALID /home/shanbinke/osdi22_ae/artifacts/osdi22/Figure13/../microbenchmark/tvm/scale_out/conv_scale
Finish loading 4000 records
/home/shanbinke/osdi22_ae/artifacts/osdi22/Figure13/../microbenchmark/tvm/scale_out/conv_scale/conv2d_4096_1024_14_14_2048_1_1_2_VALID.log

Best config:
[('tile_f', [-1, 2, 64, 2]), ('tile_y', [-1, 1, 1, 7]), ('tile_x', [-1, 1, 7, 1]), ('tile_rc', [-1, 8]), ('tile_ry', [-1, 1]), ('tile_rx', [-1, 1]), ('auto_unroll_max_step', 512), ('unroll_explicit', 0)],None,85670
[Tensor(shape=[4096, 1024, 14, 14], op.name=placeholder), Tensor(shape=[2048, 1024, 1, 1], op.name=placeholder), Tensor(shape=[4096, 2048, 7, 7], op.name=compute)]
best runtime:  144.378916
compilation time:  20489.67880010605
8192 1024 14 14 2048 1 1 2 VALID /home/shanbinke/osdi22_ae/artifacts/osdi22/Figure13/../microbenchmark/tvm/scale_out/conv_scale
Finish loading 4000 records
/home/shanbinke/osdi22_ae/artifacts/osdi22/Figure13/../microbenchmark/tvm/scale_out/conv_scale/conv2d_8192_1024_14_14_2048_1_1_2_VALID.log

Best config:
[('tile_f', [-1, 1, 64, 8]), ('tile_y', [-1, 1, 1, 7]), ('tile_x', [-1, 1, 7, 1]), ('tile_rc', [-1, 16]), ('tile_ry', [-1, 1]), ('tile_rx', [-1, 1]), ('auto_unroll_max_step', 1500), ('unroll_explicit', 1)],None,347858
[Tensor(shape=[8192, 1024, 14, 14], op.name=placeholder), Tensor(shape=[2048, 1024, 1, 1], op.name=placeholder), Tensor(shape=[8192, 2048, 7, 7], op.name=compute)]
best runtime:  293.70758975
compilation time:  34389.368433475494
128 1024 14 14 2048 1 1 2 VALID /home/shanbinke/osdi22_ae/artifacts/osdi22/Figure14/../microbenchmark/tvm/scale_out/conv_scale
Finish loading 4000 records
/home/shanbinke/osdi22_ae/artifacts/osdi22/Figure14/../microbenchmark/tvm/scale_out/conv_scale/conv2d_128_1024_14_14_2048_1_1_2_VALID.log

Best config:
[('tile_f', [-1, 2, 32, 2]), ('tile_y', [-1, 1, 1, 7]), ('tile_x', [-1, 1, 7, 1]), ('tile_rc', [-1, 8]), ('tile_ry', [-1, 1]), ('tile_rx', [-1, 1]), ('auto_unroll_max_step', 1500), ('unroll_explicit', 0)],None,149728
[Tensor(shape=[128, 1024, 14, 14], op.name=placeholder), Tensor(shape=[2048, 1024, 1, 1], op.name=placeholder), Tensor(shape=[128, 2048, 7, 7], op.name=compute)]
best runtime:  4.11633144
compilation time:  1962.917331457138
256 1024 14 14 2048 1 1 2 VALID /home/shanbinke/osdi22_ae/artifacts/osdi22/Figure14/../microbenchmark/tvm/scale_out/conv_scale
Finish loading 4000 records
/home/shanbinke/osdi22_ae/artifacts/osdi22/Figure14/../microbenchmark/tvm/scale_out/conv_scale/conv2d_256_1024_14_14_2048_1_1_2_VALID.log

Best config:
[('tile_f', [-1, 2, 64, 2]), ('tile_y', [-1, 1, 1, 7]), ('tile_x', [-1, 1, 7, 1]), ('tile_rc', [-1, 8]), ('tile_ry', [-1, 1]), ('tile_rx', [-1, 1]), ('auto_unroll_max_step', 512), ('unroll_explicit', 0)],None,85670
[Tensor(shape=[256, 1024, 14, 14], op.name=placeholder), Tensor(shape=[2048, 1024, 1, 1], op.name=placeholder), Tensor(shape=[256, 2048, 7, 7], op.name=compute)]
best runtime:  7.659730857142858
compilation time:  2716.8620657920837
512 1024 14 14 2048 1 1 2 VALID /home/shanbinke/osdi22_ae/artifacts/osdi22/Figure14/../microbenchmark/tvm/scale_out/conv_scale
Finish loading 4000 records
/home/shanbinke/osdi22_ae/artifacts/osdi22/Figure14/../microbenchmark/tvm/scale_out/conv_scale/conv2d_512_1024_14_14_2048_1_1_2_VALID.log

Best config:
[('tile_f', [-1, 2, 64, 2]), ('tile_y', [-1, 1, 1, 7]), ('tile_x', [-1, 1, 7, 1]), ('tile_rc', [-1, 8]), ('tile_ry', [-1, 1]), ('tile_rx', [-1, 1]), ('auto_unroll_max_step', 512), ('unroll_explicit', 0)],None,85670
[Tensor(shape=[512, 1024, 14, 14], op.name=placeholder), Tensor(shape=[2048, 1024, 1, 1], op.name=placeholder), Tensor(shape=[512, 2048, 7, 7], op.name=compute)]
best runtime:  15.880859142857144
compilation time:  4681.348465681076
1024 1024 14 14 2048 1 1 2 VALID /home/shanbinke/osdi22_ae/artifacts/osdi22/Figure14/../microbenchmark/tvm/scale_out/conv_scale
Finish loading 4000 records
/home/shanbinke/osdi22_ae/artifacts/osdi22/Figure14/../microbenchmark/tvm/scale_out/conv_scale/conv2d_1024_1024_14_14_2048_1_1_2_VALID.log

Best config:
[('tile_f', [-1, 2, 64, 2]), ('tile_y', [-1, 1, 1, 7]), ('tile_x', [-1, 1, 7, 1]), ('tile_rc', [-1, 8]), ('tile_ry', [-1, 1]), ('tile_rx', [-1, 1]), ('auto_unroll_max_step', 1500), ('unroll_explicit', 0)],None,149734
[Tensor(shape=[1024, 1024, 14, 14], op.name=placeholder), Tensor(shape=[2048, 1024, 1, 1], op.name=placeholder), Tensor(shape=[1024, 2048, 7, 7], op.name=compute)]
best runtime:  30.48107675
compilation time:  6858.661835670471
2048 1024 14 14 2048 1 1 2 VALID /home/shanbinke/osdi22_ae/artifacts/osdi22/Figure14/../microbenchmark/tvm/scale_out/conv_scale
Finish loading 4000 records
/home/shanbinke/osdi22_ae/artifacts/osdi22/Figure14/../microbenchmark/tvm/scale_out/conv_scale/conv2d_2048_1024_14_14_2048_1_1_2_VALID.log

Best config:
[('tile_f', [-1, 2, 64, 2]), ('tile_y', [-1, 1, 1, 7]), ('tile_x', [-1, 1, 7, 1]), ('tile_rc', [-1, 8]), ('tile_ry', [-1, 1]), ('tile_rx', [-1, 1]), ('auto_unroll_max_step', 1500), ('unroll_explicit', 0)],None,149734
[Tensor(shape=[2048, 1024, 14, 14], op.name=placeholder), Tensor(shape=[2048, 1024, 1, 1], op.name=placeholder), Tensor(shape=[2048, 2048, 7, 7], op.name=compute)]
best runtime:  60.41895875
compilation time:  10890.540964841843
4096 1024 14 14 2048 1 1 2 VALID /home/shanbinke/osdi22_ae/artifacts/osdi22/Figure14/../microbenchmark/tvm/scale_out/conv_scale
Finish loading 4000 records
/home/shanbinke/osdi22_ae/artifacts/osdi22/Figure14/../microbenchmark/tvm/scale_out/conv_scale/conv2d_4096_1024_14_14_2048_1_1_2_VALID.log

Best config:
[('tile_f', [-1, 2, 64, 2]), ('tile_y', [-1, 1, 1, 7]), ('tile_x', [-1, 1, 7, 1]), ('tile_rc', [-1, 8]), ('tile_ry', [-1, 1]), ('tile_rx', [-1, 1]), ('auto_unroll_max_step', 512), ('unroll_explicit', 0)],None,85670
[Tensor(shape=[4096, 1024, 14, 14], op.name=placeholder), Tensor(shape=[2048, 1024, 1, 1], op.name=placeholder), Tensor(shape=[4096, 2048, 7, 7], op.name=compute)]
best runtime:  144.378916
compilation time:  20489.67880010605
8192 1024 14 14 2048 1 1 2 VALID /home/shanbinke/osdi22_ae/artifacts/osdi22/Figure14/../microbenchmark/tvm/scale_out/conv_scale
Finish loading 4000 records
/home/shanbinke/osdi22_ae/artifacts/osdi22/Figure14/../microbenchmark/tvm/scale_out/conv_scale/conv2d_8192_1024_14_14_2048_1_1_2_VALID.log

Best config:
[('tile_f', [-1, 1, 64, 8]), ('tile_y', [-1, 1, 1, 7]), ('tile_x', [-1, 1, 7, 1]), ('tile_rc', [-1, 16]), ('tile_ry', [-1, 1]), ('tile_rx', [-1, 1]), ('auto_unroll_max_step', 1500), ('unroll_explicit', 1)],None,347858
[Tensor(shape=[8192, 1024, 14, 14], op.name=placeholder), Tensor(shape=[2048, 1024, 1, 1], op.name=placeholder), Tensor(shape=[8192, 2048, 7, 7], op.name=compute)]
best runtime:  293.70758975
compilation time:  34389.368433475494
