WARNING:tensorflow:From ./src/reduce.py:9: The name tf.logging.set_verbosity is deprecated. Please use tf.compat.v1.logging.set_verbosity instead.

WARNING:tensorflow:From ./src/reduce.py:9: The name tf.logging.ERROR is deprecated. Please use tf.compat.v1.logging.ERROR instead.

id, repeat_time: 0 10000
is eager mode:  True
2022-04-15 14:30:25.076904: I tensorflow/stream_executor/platform/default/dso_loader.cc:44] Successfully opened dynamic library libamdhip64.so
2022-04-15 14:30:25.144969: I tensorflow/core/common_runtime/gpu/gpu_device.cc:1650] Found device 0 with properties: 
name: Vega 20
AMDGPU ISA: gfx906
memoryClockRate (GHz) 1.725
pciBusID 0000:3f:00.0
2022-04-15 14:30:25.145012: I tensorflow/core/common_runtime/gpu/gpu_device.cc:1650] Found device 1 with properties: 
name: Vega 20
AMDGPU ISA: gfx906
memoryClockRate (GHz) 1.725
pciBusID 0000:43:00.0
2022-04-15 14:30:25.145031: I tensorflow/core/common_runtime/gpu/gpu_device.cc:1650] Found device 2 with properties: 
name: Vega 20
AMDGPU ISA: gfx906
memoryClockRate (GHz) 1.725
pciBusID 0000:46:00.0
2022-04-15 14:30:25.145048: I tensorflow/core/common_runtime/gpu/gpu_device.cc:1650] Found device 3 with properties: 
name: Vega 20
AMDGPU ISA: gfx906
memoryClockRate (GHz) 1.725
pciBusID 0000:49:00.0
2022-04-15 14:30:25.148352: I tensorflow/stream_executor/platform/default/dso_loader.cc:44] Successfully opened dynamic library librocblas.so
2022-04-15 14:30:25.149649: I tensorflow/stream_executor/platform/default/dso_loader.cc:44] Successfully opened dynamic library libMIOpen.so
2022-04-15 14:30:25.163448: I tensorflow/stream_executor/platform/default/dso_loader.cc:44] Successfully opened dynamic library librocfft.so
2022-04-15 14:30:25.163716: I tensorflow/stream_executor/platform/default/dso_loader.cc:44] Successfully opened dynamic library librocrand.so
2022-04-15 14:30:25.163861: I tensorflow/core/common_runtime/gpu/gpu_device.cc:1767] Adding visible gpu devices: 0, 1, 2, 3
2022-04-15 14:30:25.164204: I tensorflow/core/platform/cpu_feature_guard.cc:142] Your CPU supports instructions that this TensorFlow binary was not compiled to use: SSE4.1 SSE4.2 AVX AVX2 AVX512F FMA
2022-04-15 14:30:25.179738: I tensorflow/core/platform/profile_utils/cpu_utils.cc:94] CPU Frequency: 2300000000 Hz
2022-04-15 14:30:25.183316: I tensorflow/compiler/xla/service/service.cc:168] XLA service 0x4f81710 initialized for platform Host (this does not guarantee that XLA will be used). Devices:
2022-04-15 14:30:25.183348: I tensorflow/compiler/xla/service/service.cc:176]   StreamExecutor device (0): Host, Default Version
2022-04-15 14:30:25.183856: I tensorflow/core/common_runtime/gpu/gpu_device.cc:1650] Found device 0 with properties: 
name: Vega 20
AMDGPU ISA: gfx906
memoryClockRate (GHz) 1.725
pciBusID 0000:3f:00.0
2022-04-15 14:30:25.183895: I tensorflow/core/common_runtime/gpu/gpu_device.cc:1650] Found device 1 with properties: 
name: Vega 20
AMDGPU ISA: gfx906
memoryClockRate (GHz) 1.725
pciBusID 0000:43:00.0
2022-04-15 14:30:25.183920: I tensorflow/core/common_runtime/gpu/gpu_device.cc:1650] Found device 2 with properties: 
name: Vega 20
AMDGPU ISA: gfx906
memoryClockRate (GHz) 1.725
pciBusID 0000:46:00.0
2022-04-15 14:30:25.183946: I tensorflow/core/common_runtime/gpu/gpu_device.cc:1650] Found device 3 with properties: 
name: Vega 20
AMDGPU ISA: gfx906
memoryClockRate (GHz) 1.725
pciBusID 0000:49:00.0
2022-04-15 14:30:25.183968: I tensorflow/stream_executor/platform/default/dso_loader.cc:44] Successfully opened dynamic library librocblas.so
2022-04-15 14:30:25.183979: I tensorflow/stream_executor/platform/default/dso_loader.cc:44] Successfully opened dynamic library libMIOpen.so
2022-04-15 14:30:25.183989: I tensorflow/stream_executor/platform/default/dso_loader.cc:44] Successfully opened dynamic library librocfft.so
2022-04-15 14:30:25.183999: I tensorflow/stream_executor/platform/default/dso_loader.cc:44] Successfully opened dynamic library librocrand.so
2022-04-15 14:30:25.184124: I tensorflow/core/common_runtime/gpu/gpu_device.cc:1767] Adding visible gpu devices: 0, 1, 2, 3
2022-04-15 14:30:25.184156: I tensorflow/core/common_runtime/gpu/gpu_device.cc:1180] Device interconnect StreamExecutor with strength 1 edge matrix:
2022-04-15 14:30:25.184165: I tensorflow/core/common_runtime/gpu/gpu_device.cc:1186]      0 1 2 3 
2022-04-15 14:30:25.184173: I tensorflow/core/common_runtime/gpu/gpu_device.cc:1199] 0:   N Y Y Y 
2022-04-15 14:30:25.184179: I tensorflow/core/common_runtime/gpu/gpu_device.cc:1199] 1:   Y N Y Y 
2022-04-15 14:30:25.184185: I tensorflow/core/common_runtime/gpu/gpu_device.cc:1199] 2:   Y Y N Y 
2022-04-15 14:30:25.184190: I tensorflow/core/common_runtime/gpu/gpu_device.cc:1199] 3:   Y Y Y N 
2022-04-15 14:30:25.184361: I tensorflow/core/common_runtime/gpu/gpu_device.cc:1325] Created TensorFlow device (/job:localhost/replica:0/task:0/device:GPU:0 with 31114 MB memory) -> physical GPU (device: 0, name: Vega 20, pci bus id: 0000:3f:00.0)
2022-04-15 14:30:25.536156: I tensorflow/core/common_runtime/gpu/gpu_device.cc:1325] Created TensorFlow device (/job:localhost/replica:0/task:0/device:GPU:1 with 31114 MB memory) -> physical GPU (device: 1, name: Vega 20, pci bus id: 0000:43:00.0)
2022-04-15 14:30:25.851278: I tensorflow/core/common_runtime/gpu/gpu_device.cc:1325] Created TensorFlow device (/job:localhost/replica:0/task:0/device:GPU:2 with 31114 MB memory) -> physical GPU (device: 2, name: Vega 20, pci bus id: 0000:46:00.0)
2022-04-15 14:30:26.177691: I tensorflow/core/common_runtime/gpu/gpu_device.cc:1325] Created TensorFlow device (/job:localhost/replica:0/task:0/device:GPU:3 with 31114 MB memory) -> physical GPU (device: 3, name: Vega 20, pci bus id: 0000:49:00.0)
0.37390110492706297 ms on avg
