WARNING:tensorflow:From ./src/element.py:9: The name tf.logging.set_verbosity is deprecated. Please use tf.compat.v1.logging.set_verbosity instead.

WARNING:tensorflow:From ./src/element.py:9: The name tf.logging.ERROR is deprecated. Please use tf.compat.v1.logging.ERROR instead.

N, C, H, W, repeat_time: 128 336 21 21 10000
is eager mode:  True
2022-04-15 14:34:53.579186: I tensorflow/stream_executor/platform/default/dso_loader.cc:44] Successfully opened dynamic library libamdhip64.so
2022-04-15 14:34:53.642462: I tensorflow/core/common_runtime/gpu/gpu_device.cc:1650] Found device 0 with properties: 
name: Vega 20
AMDGPU ISA: gfx906
memoryClockRate (GHz) 1.725
pciBusID 0000:3f:00.0
2022-04-15 14:34:53.642506: I tensorflow/core/common_runtime/gpu/gpu_device.cc:1650] Found device 1 with properties: 
name: Vega 20
AMDGPU ISA: gfx906
memoryClockRate (GHz) 1.725
pciBusID 0000:43:00.0
2022-04-15 14:34:53.642525: I tensorflow/core/common_runtime/gpu/gpu_device.cc:1650] Found device 2 with properties: 
name: Vega 20
AMDGPU ISA: gfx906
memoryClockRate (GHz) 1.725
pciBusID 0000:46:00.0
2022-04-15 14:34:53.642542: I tensorflow/core/common_runtime/gpu/gpu_device.cc:1650] Found device 3 with properties: 
name: Vega 20
AMDGPU ISA: gfx906
memoryClockRate (GHz) 1.725
pciBusID 0000:49:00.0
2022-04-15 14:34:53.646109: I tensorflow/stream_executor/platform/default/dso_loader.cc:44] Successfully opened dynamic library librocblas.so
2022-04-15 14:34:53.647744: I tensorflow/stream_executor/platform/default/dso_loader.cc:44] Successfully opened dynamic library libMIOpen.so
2022-04-15 14:34:53.663577: I tensorflow/stream_executor/platform/default/dso_loader.cc:44] Successfully opened dynamic library librocfft.so
2022-04-15 14:34:53.663858: I tensorflow/stream_executor/platform/default/dso_loader.cc:44] Successfully opened dynamic library librocrand.so
2022-04-15 14:34:53.663996: I tensorflow/core/common_runtime/gpu/gpu_device.cc:1767] Adding visible gpu devices: 0, 1, 2, 3
2022-04-15 14:34:53.664291: I tensorflow/core/platform/cpu_feature_guard.cc:142] Your CPU supports instructions that this TensorFlow binary was not compiled to use: SSE4.1 SSE4.2 AVX AVX2 AVX512F FMA
2022-04-15 14:34:53.679706: I tensorflow/core/platform/profile_utils/cpu_utils.cc:94] CPU Frequency: 2300000000 Hz
2022-04-15 14:34:53.682935: I tensorflow/compiler/xla/service/service.cc:168] XLA service 0x3f9e7c0 initialized for platform Host (this does not guarantee that XLA will be used). Devices:
2022-04-15 14:34:53.682963: I tensorflow/compiler/xla/service/service.cc:176]   StreamExecutor device (0): Host, Default Version
2022-04-15 14:34:53.683428: I tensorflow/core/common_runtime/gpu/gpu_device.cc:1650] Found device 0 with properties: 
name: Vega 20
AMDGPU ISA: gfx906
memoryClockRate (GHz) 1.725
pciBusID 0000:3f:00.0
2022-04-15 14:34:53.683467: I tensorflow/core/common_runtime/gpu/gpu_device.cc:1650] Found device 1 with properties: 
name: Vega 20
AMDGPU ISA: gfx906
memoryClockRate (GHz) 1.725
pciBusID 0000:43:00.0
2022-04-15 14:34:53.683505: I tensorflow/core/common_runtime/gpu/gpu_device.cc:1650] Found device 2 with properties: 
name: Vega 20
AMDGPU ISA: gfx906
memoryClockRate (GHz) 1.725
pciBusID 0000:46:00.0
2022-04-15 14:34:53.683531: I tensorflow/core/common_runtime/gpu/gpu_device.cc:1650] Found device 3 with properties: 
name: Vega 20
AMDGPU ISA: gfx906
memoryClockRate (GHz) 1.725
pciBusID 0000:49:00.0
2022-04-15 14:34:53.683555: I tensorflow/stream_executor/platform/default/dso_loader.cc:44] Successfully opened dynamic library librocblas.so
2022-04-15 14:34:53.683569: I tensorflow/stream_executor/platform/default/dso_loader.cc:44] Successfully opened dynamic library libMIOpen.so
2022-04-15 14:34:53.683581: I tensorflow/stream_executor/platform/default/dso_loader.cc:44] Successfully opened dynamic library librocfft.so
2022-04-15 14:34:53.683594: I tensorflow/stream_executor/platform/default/dso_loader.cc:44] Successfully opened dynamic library librocrand.so
2022-04-15 14:34:53.683742: I tensorflow/core/common_runtime/gpu/gpu_device.cc:1767] Adding visible gpu devices: 0, 1, 2, 3
2022-04-15 14:34:53.683780: I tensorflow/core/common_runtime/gpu/gpu_device.cc:1180] Device interconnect StreamExecutor with strength 1 edge matrix:
2022-04-15 14:34:53.683793: I tensorflow/core/common_runtime/gpu/gpu_device.cc:1186]      0 1 2 3 
2022-04-15 14:34:53.683800: I tensorflow/core/common_runtime/gpu/gpu_device.cc:1199] 0:   N Y Y Y 
2022-04-15 14:34:53.683807: I tensorflow/core/common_runtime/gpu/gpu_device.cc:1199] 1:   Y N Y Y 
2022-04-15 14:34:53.683813: I tensorflow/core/common_runtime/gpu/gpu_device.cc:1199] 2:   Y Y N Y 
2022-04-15 14:34:53.683819: I tensorflow/core/common_runtime/gpu/gpu_device.cc:1199] 3:   Y Y Y N 
2022-04-15 14:34:53.683983: I tensorflow/core/common_runtime/gpu/gpu_device.cc:1325] Created TensorFlow device (/job:localhost/replica:0/task:0/device:GPU:0 with 31114 MB memory) -> physical GPU (device: 0, name: Vega 20, pci bus id: 0000:3f:00.0)
2022-04-15 14:34:54.039497: I tensorflow/core/common_runtime/gpu/gpu_device.cc:1325] Created TensorFlow device (/job:localhost/replica:0/task:0/device:GPU:1 with 31114 MB memory) -> physical GPU (device: 1, name: Vega 20, pci bus id: 0000:43:00.0)
2022-04-15 14:34:54.337423: I tensorflow/core/common_runtime/gpu/gpu_device.cc:1325] Created TensorFlow device (/job:localhost/replica:0/task:0/device:GPU:2 with 31114 MB memory) -> physical GPU (device: 2, name: Vega 20, pci bus id: 0000:46:00.0)
2022-04-15 14:34:54.661867: I tensorflow/core/common_runtime/gpu/gpu_device.cc:1325] Created TensorFlow device (/job:localhost/replica:0/task:0/device:GPU:3 with 31114 MB memory) -> physical GPU (device: 3, name: Vega 20, pci bus id: 0000:49:00.0)
0.22171242237091066 ms on avg
