WARNING:tensorflow:From ./src/depthwise.py:9: The name tf.logging.set_verbosity is deprecated. Please use tf.compat.v1.logging.set_verbosity instead.

WARNING:tensorflow:From ./src/depthwise.py:9: The name tf.logging.ERROR is deprecated. Please use tf.compat.v1.logging.ERROR instead.

N, C, H, W, K, S, D, P, repeat_time: 128 168 42 42 3 1 1 SAME 10000
is eager mode:  True
2022-04-15 14:11:45.825861: I tensorflow/stream_executor/platform/default/dso_loader.cc:44] Successfully opened dynamic library libamdhip64.so
2022-04-15 14:11:45.892918: I tensorflow/core/common_runtime/gpu/gpu_device.cc:1650] Found device 0 with properties: 
name: Vega 20
AMDGPU ISA: gfx906
memoryClockRate (GHz) 1.725
pciBusID 0000:3f:00.0
2022-04-15 14:11:45.892961: I tensorflow/core/common_runtime/gpu/gpu_device.cc:1650] Found device 1 with properties: 
name: Vega 20
AMDGPU ISA: gfx906
memoryClockRate (GHz) 1.725
pciBusID 0000:43:00.0
2022-04-15 14:11:45.892980: I tensorflow/core/common_runtime/gpu/gpu_device.cc:1650] Found device 2 with properties: 
name: Vega 20
AMDGPU ISA: gfx906
memoryClockRate (GHz) 1.725
pciBusID 0000:46:00.0
2022-04-15 14:11:45.892997: I tensorflow/core/common_runtime/gpu/gpu_device.cc:1650] Found device 3 with properties: 
name: Vega 20
AMDGPU ISA: gfx906
memoryClockRate (GHz) 1.725
pciBusID 0000:49:00.0
2022-04-15 14:11:45.896282: I tensorflow/stream_executor/platform/default/dso_loader.cc:44] Successfully opened dynamic library librocblas.so
2022-04-15 14:11:45.897673: I tensorflow/stream_executor/platform/default/dso_loader.cc:44] Successfully opened dynamic library libMIOpen.so
2022-04-15 14:11:45.911482: I tensorflow/stream_executor/platform/default/dso_loader.cc:44] Successfully opened dynamic library librocfft.so
2022-04-15 14:11:45.911761: I tensorflow/stream_executor/platform/default/dso_loader.cc:44] Successfully opened dynamic library librocrand.so
2022-04-15 14:11:45.911935: I tensorflow/core/common_runtime/gpu/gpu_device.cc:1767] Adding visible gpu devices: 0, 1, 2, 3
2022-04-15 14:11:45.912289: I tensorflow/core/platform/cpu_feature_guard.cc:142] Your CPU supports instructions that this TensorFlow binary was not compiled to use: SSE4.1 SSE4.2 AVX AVX2 AVX512F FMA
2022-04-15 14:11:45.926087: I tensorflow/core/platform/profile_utils/cpu_utils.cc:94] CPU Frequency: 2300000000 Hz
2022-04-15 14:11:45.930405: I tensorflow/compiler/xla/service/service.cc:168] XLA service 0x4f923e0 initialized for platform Host (this does not guarantee that XLA will be used). Devices:
2022-04-15 14:11:45.930444: I tensorflow/compiler/xla/service/service.cc:176]   StreamExecutor device (0): Host, Default Version
2022-04-15 14:11:45.931026: I tensorflow/core/common_runtime/gpu/gpu_device.cc:1650] Found device 0 with properties: 
name: Vega 20
AMDGPU ISA: gfx906
memoryClockRate (GHz) 1.725
pciBusID 0000:3f:00.0
2022-04-15 14:11:45.931076: I tensorflow/core/common_runtime/gpu/gpu_device.cc:1650] Found device 1 with properties: 
name: Vega 20
AMDGPU ISA: gfx906
memoryClockRate (GHz) 1.725
pciBusID 0000:43:00.0
2022-04-15 14:11:45.931108: I tensorflow/core/common_runtime/gpu/gpu_device.cc:1650] Found device 2 with properties: 
name: Vega 20
AMDGPU ISA: gfx906
memoryClockRate (GHz) 1.725
pciBusID 0000:46:00.0
2022-04-15 14:11:45.931137: I tensorflow/core/common_runtime/gpu/gpu_device.cc:1650] Found device 3 with properties: 
name: Vega 20
AMDGPU ISA: gfx906
memoryClockRate (GHz) 1.725
pciBusID 0000:49:00.0
2022-04-15 14:11:45.931166: I tensorflow/stream_executor/platform/default/dso_loader.cc:44] Successfully opened dynamic library librocblas.so
2022-04-15 14:11:45.931181: I tensorflow/stream_executor/platform/default/dso_loader.cc:44] Successfully opened dynamic library libMIOpen.so
2022-04-15 14:11:45.931196: I tensorflow/stream_executor/platform/default/dso_loader.cc:44] Successfully opened dynamic library librocfft.so
2022-04-15 14:11:45.931211: I tensorflow/stream_executor/platform/default/dso_loader.cc:44] Successfully opened dynamic library librocrand.so
2022-04-15 14:11:45.931352: I tensorflow/core/common_runtime/gpu/gpu_device.cc:1767] Adding visible gpu devices: 0, 1, 2, 3
2022-04-15 14:11:45.931389: I tensorflow/core/common_runtime/gpu/gpu_device.cc:1180] Device interconnect StreamExecutor with strength 1 edge matrix:
2022-04-15 14:11:45.931399: I tensorflow/core/common_runtime/gpu/gpu_device.cc:1186]      0 1 2 3 
2022-04-15 14:11:45.931407: I tensorflow/core/common_runtime/gpu/gpu_device.cc:1199] 0:   N Y Y Y 
2022-04-15 14:11:45.931414: I tensorflow/core/common_runtime/gpu/gpu_device.cc:1199] 1:   Y N Y Y 
2022-04-15 14:11:45.931424: I tensorflow/core/common_runtime/gpu/gpu_device.cc:1199] 2:   Y Y N Y 
2022-04-15 14:11:45.931433: I tensorflow/core/common_runtime/gpu/gpu_device.cc:1199] 3:   Y Y Y N 
2022-04-15 14:11:45.931613: I tensorflow/core/common_runtime/gpu/gpu_device.cc:1325] Created TensorFlow device (/job:localhost/replica:0/task:0/device:GPU:0 with 31114 MB memory) -> physical GPU (device: 0, name: Vega 20, pci bus id: 0000:3f:00.0)
2022-04-15 14:11:46.247116: I tensorflow/core/common_runtime/gpu/gpu_device.cc:1325] Created TensorFlow device (/job:localhost/replica:0/task:0/device:GPU:1 with 31114 MB memory) -> physical GPU (device: 1, name: Vega 20, pci bus id: 0000:43:00.0)
2022-04-15 14:11:46.587134: I tensorflow/core/common_runtime/gpu/gpu_device.cc:1325] Created TensorFlow device (/job:localhost/replica:0/task:0/device:GPU:2 with 31114 MB memory) -> physical GPU (device: 2, name: Vega 20, pci bus id: 0000:46:00.0)
2022-04-15 14:11:46.874026: I tensorflow/core/common_runtime/gpu/gpu_device.cc:1325] Created TensorFlow device (/job:localhost/replica:0/task:0/device:GPU:3 with 31114 MB memory) -> physical GPU (device: 3, name: Vega 20, pci bus id: 0000:49:00.0)
3.795595908164978 ms on avg
