Namespace(arch='MI50', backend='tvm', code_dir='matmul', data_type='float32', eval_bar=[1, 5, 10, 20, 50], fuse=False, keep_tiny=False, num_threads=4, op='matmul_expr', padding_threshold_cap=1.0, reg_tiling=True, rtile0_shape=[64, 128, 32], rtile1_shape=[8, 8, 1], rtile2_shape=[1, 1, 1], schedule_fuse=False, shape=[65536, 1024, 2], smem_tiling=True, st_align=False, topk=10, use_artificial_rtile=False, use_tc=False)
IODependent:  True
found 10 results with threshold 0
evaluating top 10 configs
{'y': [8, 16], 'x': [32, 2], 'k': [2, 1]}{'y': [16, 8], 'x': [16, 4], 'k': [2, 1]}
{'y': [16, 16], 'x': [16, 2], 'k': [2, 1]}

{'y': [32, 4], 'x': [8, 8], 'k': [2, 1]}
{'y': [16, 8, 1], 'x': [2, 32, 1], 'k': [2, 1]}
{'y': [4, 32, 1], 'x': [8, 8, 1], 'k': [2, 1]}
{'y': [16, 16, 1], 'x': [2, 16, 1], 'k': [2, 1]}{'y': [8, 16, 1], 'x': [4, 16, 1], 'k': [2, 1]}

[08:49:33] /host/home/v-ruofanwu/sokoban/tvm/src/target/target_kind.cc:163: Warning: Unable to detect CUDA version, default to "-arch=sm_20" instead
[08:49:33] /host/home/v-ruofanwu/sokoban/tvm/src/target/target_kind.cc:163: Warning: Unable to detect CUDA version, default to "-arch=sm_20" instead
[08:49:33] /host/home/v-ruofanwu/sokoban/tvm/src/target/target_kind.cc:163: Warning: Unable to detect CUDA version, default to "-arch=sm_20" instead
[08:49:33] /host/home/v-ruofanwu/sokoban/tvm/src/target/target_kind.cc:163: Warning: Unable to detect CUDA version, default to "-arch=sm_20" instead
{'y': [8, 8], 'x': [32, 4], 'k': [2, 1]}
{'y': [8, 8, 1], 'x': [4, 32, 1], 'k': [2, 1]}
[08:49:36] /host/home/v-ruofanwu/sokoban/tvm/src/target/target_kind.cc:163: Warning: Unable to detect CUDA version, default to "-arch=sm_20" instead
{'y': [2, 16], 'x': [128, 2], 'k': [2, 1]}
{'y': [16, 2, 1], 'x': [2, 128, 1], 'k': [2, 1]}
{'y': [4, 16], 'x': [64, 2], 'k': [2, 1]}
{'y': [16, 4, 1], 'x': [2, 64, 1], 'k': [2, 1]}
[08:49:36] /host/home/v-ruofanwu/sokoban/tvm/src/target/target_kind.cc:163: Warning: Unable to detect CUDA version, default to "-arch=sm_20" instead
[08:49:36] /host/home/v-ruofanwu/sokoban/tvm/src/target/target_kind.cc:163: Warning: Unable to detect CUDA version, default to "-arch=sm_20" instead
{'y': [16, 4], 'x': [16, 8], 'k': [2, 1]}
{'y': [4, 16, 1], 'x': [8, 16, 1], 'k': [2, 1]}
[08:49:36] /host/home/v-ruofanwu/sokoban/tvm/src/target/target_kind.cc:163: Warning: Unable to detect CUDA version, default to "-arch=sm_20" instead
{'y': [4, 8], 'x': [64, 4], 'k': [2, 1]}
{'y': [8, 4, 1], 'x': [4, 64, 1], 'k': [2, 1]}
{'y': [8, 4], 'x': [32, 8], 'k': [2, 1]}
[08:49:38] /host/home/v-ruofanwu/sokoban/tvm/src/target/target_kind.cc:163: Warning: Unable to detect CUDA version, default to "-arch=sm_20" instead
{'y': [4, 8, 1], 'x': [8, 32, 1], 'k': [2, 1]}
[08:49:38] /host/home/v-ruofanwu/sokoban/tvm/src/target/target_kind.cc:163: Warning: Unable to detect CUDA version, default to "-arch=sm_20" instead
rm: cannot remove 'tmp': No such file or directory
top1 time: 0.553856 ms
top10 time: 0.46024 ms
best idx: 9
best config: [level 0: [tile: [32, 256]; step: [2]]][level 1: [tile: [16, 2]; step: [1]]][level 2: [tile: [1, 1]; step: [1]]]
top1 compile time: 0.0022687911987304688 s
top10 compile time: 7.173300504684448 s
