Namespace(arch='MI50', backend='tvm', code_dir='matmul', data_type='float32', eval_bar=[1, 5, 10, 20, 50], fuse=False, keep_tiny=False, num_threads=4, op='matmul_expr', padding_threshold_cap=1.0, reg_tiling=True, rtile0_shape=[64, 128, 32], rtile1_shape=[8, 8, 1], rtile2_shape=[1, 1, 1], schedule_fuse=False, shape=[65536, 1024, 4096], smem_tiling=True, st_align=False, topk=10, use_artificial_rtile=False, use_tc=False)
IODependent:  True
found 6 results with threshold 0
failed to find results with padding threshold 0.2
failed to find results with padding threshold 0.4
failed to find results with padding threshold 0.6000000000000001
failed to find results with padding threshold 0.8
failed to find results with padding threshold 1.0
evaluating top 6 configs
{'y': [4, 8], 'x': [64, 4], 'k': [16, 1]}
{'y': [32, 8], 'x': [8, 4], 'k': [16, 1]}
{'y': [8, 4, 1], 'x': [4, 64, 1], 'k': [16, 1]}
{'y': [8, 8], 'x': [32, 4], 'k': [16, 1]}
{'y': [8, 32, 1], 'x': [4, 8, 1], 'k': [16, 1]}{'y': [8, 8, 1], 'x': [4, 32, 1], 'k': [16, 1]}{'y': [16, 8], 'x': [16, 4], 'k': [16, 1]}


{'y': [8, 16, 1], 'x': [4, 16, 1], 'k': [16, 1]}
[08:50:10] /host/home/v-ruofanwu/sokoban/tvm/src/target/target_kind.cc:163: Warning: Unable to detect CUDA version, default to "-arch=sm_20" instead
[08:50:10] /host/home/v-ruofanwu/sokoban/tvm/src/target/target_kind.cc:163: Warning: Unable to detect CUDA version, default to "-arch=sm_20" instead
[08:50:10] /host/home/v-ruofanwu/sokoban/tvm/src/target/target_kind.cc:163: Warning: Unable to detect CUDA version, default to "-arch=sm_20" instead
[08:50:10] /host/home/v-ruofanwu/sokoban/tvm/src/target/target_kind.cc:163: Warning: Unable to detect CUDA version, default to "-arch=sm_20" instead
{'y': [8, 8], 'x': [32, 4], 'k': [32, 1]}
{'y': [8, 8, 1], 'x': [4, 32, 1], 'k': [32, 1]}
[08:50:14] /host/home/v-ruofanwu/sokoban/tvm/src/target/target_kind.cc:163: Warning: Unable to detect CUDA version, default to "-arch=sm_20" instead
{'y': [16, 8], 'x': [16, 4], 'k': [32, 1]}
{'y': [8, 16, 1], 'x': [4, 16, 1], 'k': [32, 1]}
[08:50:14] /host/home/v-ruofanwu/sokoban/tvm/src/target/target_kind.cc:163: Warning: Unable to detect CUDA version, default to "-arch=sm_20" instead
rm: cannot remove 'tmp': No such file or directory
top1 time: 56.6813 ms
top10 time: 56.6813 ms
best idx: 0
best config: [level 0: [tile: [128, 64]; step: [16]]][level 1: [tile: [8, 4]; step: [1]]][level 2: [tile: [1, 1]; step: [1]]]
top1 compile time: 0.002248525619506836 s
top10 compile time: 8.311994314193726 s
