avgpool2d_expr_S1P1_86016_11_11_3_3_3_86016_1_1_128_1_1.cu(73): warning: variable "output_size0" was declared but never referenced

avgpool2d_expr_S1P1_86016_11_11_3_3_3_86016_1_1_128_1_1.cu(81): warning: variable "output0h" was declared but never referenced

avgpool2d_expr_S1P1_86016_11_11_3_3_6_21504_1_1_512_1_1.cu(71): warning: variable "output_size0" was declared but never referenced

avgpool2d_expr_S1P1_86016_11_11_3_3_6_21504_1_1_512_1_1.cu(79): warning: variable "output0h" was declared but never referenced

avgpool2d_expr_S1P1_86016_11_11_3_3_0_258048_1_1_32_1_1.cu(76): warning: variable "output_size0" was declared but never referenced

avgpool2d_expr_S1P1_86016_11_11_3_3_0_258048_1_1_32_1_1.cu(84): warning: variable "output0h" was declared but never referenced

avgpool2d_expr_S1P1_86016_11_11_3_3_8_43008_1_1_224_1_1.cu(71): warning: variable "output_size0" was declared but never referenced

avgpool2d_expr_S1P1_86016_11_11_3_3_8_43008_1_1_224_1_1.cu(79): warning: variable "output0h" was declared but never referenced

avgpool2d_expr_S1P1_86016_11_11_3_3_4_43008_1_1_256_1_1.cu(71): warning: variable "output_size0" was declared but never referenced

avgpool2d_expr_S1P1_86016_11_11_3_3_4_43008_1_1_256_1_1.cu(79): warning: variable "output0h" was declared but never referenced

avgpool2d_expr_S1P1_86016_11_11_3_3_7_21504_1_1_480_1_1.cu(71): warning: variable "output_size0" was declared but never referenced

avgpool2d_expr_S1P1_86016_11_11_3_3_7_21504_1_1_480_1_1.cu(79): warning: variable "output0h" was declared but never referenced

avgpool2d_expr_S1P1_86016_11_11_3_3_9_21504_1_1_448_1_1.cu(71): warning: variable "output_size0" was declared but never referenced

avgpool2d_expr_S1P1_86016_11_11_3_3_9_21504_1_1_448_1_1.cu(79): warning: variable "output0h" was declared but never referenced

avgpool2d_expr_S1P1_86016_11_11_3_3_1_172032_1_1_64_1_1.cu(78): warning: variable "output_size0" was declared but never referenced

avgpool2d_expr_S1P1_86016_11_11_3_3_1_172032_1_1_64_1_1.cu(86): warning: variable "output0h" was declared but never referenced

avgpool2d_expr_S1P1_86016_11_11_3_3_5_28672_1_1_384_1_1.cu(73): warning: variable "output_size0" was declared but never referenced

avgpool2d_expr_S1P1_86016_11_11_3_3_5_28672_1_1_384_1_1.cu(81): warning: variable "output0h" was declared but never referenced

avgpool2d_expr_S1P1_86016_11_11_3_3_2_86016_1_1_96_1_1.cu(73): warning: variable "output_size0" was declared but never referenced

avgpool2d_expr_S1P1_86016_11_11_3_3_2_86016_1_1_96_1_1.cu(81): warning: variable "output0h" was declared but never referenced

Namespace(arch='K80', backend='tvm', code_dir='roller_src/pooling', data_type='float32', eval_bar=[1, 5, 10, 20, 50], fuse=False, keep_tiny=False, num_threads=4, op='avgpool2d_expr_S1P1', padding_threshold_cap=1.0, reg_tiling=True, rtile0_shape=[64, 128, 32], rtile1_shape=[8, 8, 1], rtile2_shape=[1, 1, 1], schedule_fuse=False, shape=[86016, 11, 11, 3, 3], smem_tiling=True, st_align=False, topk=10, use_artificial_rtile=False, use_tc=False)
IODependent:  False
threshold 0
failed to find results with padding threshold 0
threshold 0.1
failed to find results with padding threshold 0.1
threshold 0.2
failed to find results with padding threshold 0.2
threshold 0.30000000000000004
failed to find results with padding threshold 0.30000000000000004
threshold 0.4
failed to find results with padding threshold 0.4
threshold 0.5
found 10 results in first round with threshold 0.5
evaluating top 10 configs
{'b': [4, 1], 'ho': [16, 1], 'wo': [8, 2], 'kh': [3, 1], 'kw': [3, 1]}
{'b': [1, 1], 'ho': [16, 1], 'wo': [8, 2], 'kh': [3, 1], 'kw': [3, 1]}
{'b': [1, 1], 'ho': [4, 1], 'wo': [8, 2], 'kh': [3, 1], 'kw': [3, 1]}
{'b': [1, 4, 1], 'ho': [1, 16, 1], 'wo': [2, 8, 1], 'kh': [3, 1], 'kw': [3, 1]}
{'b': [1, 1, 1], 'ho': [1, 4, 1], 'wo': [2, 8, 1], 'kh': [3, 1], 'kw': [3, 1]}
{'b': [1, 1, 1], 'ho': [1, 16, 1], 'wo': [2, 8, 1], 'kh': [3, 1], 'kw': [3, 1]}
{'b': [2, 1], 'ho': [14, 1], 'wo': [8, 2], 'kh': [3, 1], 'kw': [3, 1]}
shared mem tiling is too small.
updated self.tiling:  {'b': [1, 1, 1], 'ho': [1, 4, 1], 'wo': [2, 8, 1], 'kh': [3, 1], 'kw': [3, 1]}
shared mem tiling is too small.
shared mem tiling is too small.
updated self.tiling:  {'b': [1, 1, 1], 'ho': [1, 4, 1], 'wo': [2, 8, 1], 'kh': [3, 1], 'kw': [3, 1]}
updated self.tiling:  {'b': [1, 1, 1], 'ho': [1, 16, 1], 'wo': [2, 8, 1], 'kh': [3, 1], 'kw': [3, 1]}
{'b': [1, 2, 1], 'ho': [1, 14, 1], 'wo': [2, 8, 1], 'kh': [3, 1], 'kw': [3, 1]}
shared mem tiling is too small.
updated self.tiling:  {'b': [1, 1, 1], 'ho': [1, 4, 1], 'wo': [1, 8, 2], 'kh': [3, 1], 'kw': [3, 1]}
shared mem tiling is too small.
updated self.tiling:  {'b': [1, 4, 1], 'ho': [1, 16, 1], 'wo': [2, 8, 1], 'kh': [3, 1], 'kw': [3, 1]}
updated self.tiling:  {'b': [1, 1, 1], 'ho': [1, 16, 1], 'wo': [2, 8, 1], 'kh': [3, 1], 'kw': [3, 1]}
shared mem tiling is too small.
updated self.tiling:  {'b': [1, 4, 1], 'ho': [1, 16, 1], 'wo': [2, 8, 1], 'kh': [3, 1], 'kw': [3, 1]}
updated self.tiling:  {'b': [1, 1, 1], 'ho': [1, 16, 1], 'wo': [1, 8, 2], 'kh': [3, 1], 'kw': [3, 1]}
shared mem tiling is too small.
updated self.tiling:  {'b': [1, 2, 1], 'ho': [1, 14, 1], 'wo': [2, 8, 1], 'kh': [3, 1], 'kw': [3, 1]}
updated self.tiling:  {'b': [1, 4, 1], 'ho': [1, 16, 1], 'wo': [1, 8, 2], 'kh': [3, 1], 'kw': [3, 1]}
shared mem tiling is too small.
updated self.tiling:  {'b': [1, 2, 1], 'ho': [1, 14, 1], 'wo': [2, 8, 1], 'kh': [3, 1], 'kw': [3, 1]}
updated self.tiling:  {'b': [1, 2, 1], 'ho': [1, 14, 1], 'wo': [1, 8, 2], 'kh': [3, 1], 'kw': [3, 1]}
{'b': [2, 1], 'ho': [16, 1], 'wo': [8, 2], 'kh': [3, 1], 'kw': [3, 1]}
{'b': [1, 2, 1], 'ho': [1, 16, 1], 'wo': [2, 8, 1], 'kh': [3, 1], 'kw': [3, 1]}
shared mem tiling is too small.
updated self.tiling:  {'b': [1, 2, 1], 'ho': [1, 16, 1], 'wo': [2, 8, 1], 'kh': [3, 1], 'kw': [3, 1]}
shared mem tiling is too small.
updated self.tiling:  {'b': [1, 2, 1], 'ho': [1, 16, 1], 'wo': [2, 8, 1], 'kh': [3, 1], 'kw': [3, 1]}
updated self.tiling:  {'b': [1, 2, 1], 'ho': [1, 16, 1], 'wo': [1, 8, 2], 'kh': [3, 1], 'kw': [3, 1]}
{'b': [4, 1], 'ho': [15, 1], 'wo': [8, 2], 'kh': [3, 1], 'kw': [3, 1]}
{'b': [1, 4, 1], 'ho': [1, 15, 1], 'wo': [2, 8, 1], 'kh': [3, 1], 'kw': [3, 1]}
shared mem tiling is too small.
updated self.tiling:  {'b': [1, 4, 1], 'ho': [1, 15, 1], 'wo': [2, 8, 1], 'kh': [3, 1], 'kw': [3, 1]}
shared mem tiling is too small.
{'b': [1, 1], 'ho': [8, 1], 'wo': [8, 2], 'kh': [3, 1], 'kw': [3, 1]}
updated self.tiling:  {'b': [1, 4, 1], 'ho': [1, 15, 1], 'wo': [2, 8, 1], 'kh': [3, 1], 'kw': [3, 1]}
{'b': [1, 1, 1], 'ho': [1, 8, 1], 'wo': [2, 8, 1], 'kh': [3, 1], 'kw': [3, 1]}
updated self.tiling:  {'b': [1, 4, 1], 'ho': [1, 15, 1], 'wo': [1, 8, 2], 'kh': [3, 1], 'kw': [3, 1]}
shared mem tiling is too small.
updated self.tiling:  {'b': [1, 1, 1], 'ho': [1, 8, 1], 'wo': [2, 8, 1], 'kh': [3, 1], 'kw': [3, 1]}
shared mem tiling is too small.
updated self.tiling:  {'b': [1, 1, 1], 'ho': [1, 8, 1], 'wo': [2, 8, 1], 'kh': [3, 1], 'kw': [3, 1]}
updated self.tiling:  {'b': [1, 1, 1], 'ho': [1, 8, 1], 'wo': [1, 8, 2], 'kh': [3, 1], 'kw': [3, 1]}
{'b': [4, 1], 'ho': [14, 1], 'wo': [8, 2], 'kh': [3, 1], 'kw': [3, 1]}
{'b': [1, 4, 1], 'ho': [1, 14, 1], 'wo': [2, 8, 1], 'kh': [3, 1], 'kw': [3, 1]}
shared mem tiling is too small.
updated self.tiling:  {'b': [1, 4, 1], 'ho': [1, 14, 1], 'wo': [2, 8, 1], 'kh': [3, 1], 'kw': [3, 1]}
shared mem tiling is too small.
updated self.tiling:  {'b': [1, 4, 1], 'ho': [1, 14, 1], 'wo': [2, 8, 1], 'kh': [3, 1], 'kw': [3, 1]}
updated self.tiling:  {'b': [1, 4, 1], 'ho': [1, 14, 1], 'wo': [1, 8, 2], 'kh': [3, 1], 'kw': [3, 1]}
{'b': [3, 1], 'ho': [16, 1], 'wo': [8, 2], 'kh': [3, 1], 'kw': [3, 1]}
{'b': [1, 3, 1], 'ho': [1, 16, 1], 'wo': [2, 8, 1], 'kh': [3, 1], 'kw': [3, 1]}
shared mem tiling is too small.
updated self.tiling:  {'b': [1, 3, 1], 'ho': [1, 16, 1], 'wo': [2, 8, 1], 'kh': [3, 1], 'kw': [3, 1]}
shared mem tiling is too small.
updated self.tiling:  {'b': [1, 3, 1], 'ho': [1, 16, 1], 'wo': [2, 8, 1], 'kh': [3, 1], 'kw': [3, 1]}
updated self.tiling:  {'b': [1, 3, 1], 'ho': [1, 16, 1], 'wo': [1, 8, 2], 'kh': [3, 1], 'kw': [3, 1]}
{'b': [1, 1], 'ho': [12, 1], 'wo': [8, 2], 'kh': [3, 1], 'kw': [3, 1]}
{'b': [1, 1, 1], 'ho': [1, 12, 1], 'wo': [2, 8, 1], 'kh': [3, 1], 'kw': [3, 1]}
shared mem tiling is too small.
updated self.tiling:  {'b': [1, 1, 1], 'ho': [1, 12, 1], 'wo': [2, 8, 1], 'kh': [3, 1], 'kw': [3, 1]}
shared mem tiling is too small.
updated self.tiling:  {'b': [1, 1, 1], 'ho': [1, 12, 1], 'wo': [2, 8, 1], 'kh': [3, 1], 'kw': [3, 1]}
updated self.tiling:  {'b': [1, 1, 1], 'ho': [1, 12, 1], 'wo': [1, 8, 2], 'kh': [3, 1], 'kw': [3, 1]}
top1 time: 4.3014 ms
top10 time: 1.6047 ms
best idx: 2
best config: [level 0: [tile: [1, 12, 16]; step: [3, 3]]][level 1: [tile: [1, 1, 2]; step: [1, 1]]][level 2: [tile: [1, 1, 1]; step: [1, 1]]]
top1 compile time: 0.0047414302825927734 s
top10 compile time: 8.242990970611572 s
