avgpool2d_expr_S2P1_10752_42_42_3_3_6_37632_1_1_288_1_1.cu(72): warning: variable "output_size0" was declared but never referenced

avgpool2d_expr_S2P1_10752_42_42_3_3_6_37632_1_1_288_1_1.cu(80): warning: variable "output0h" was declared but never referenced

avgpool2d_expr_S2P1_10752_42_42_3_3_8_59136_1_1_192_1_1.cu(84): warning: variable "output_size0" was declared but never referenced

avgpool2d_expr_S2P1_10752_42_42_3_3_8_59136_1_1_192_1_1.cu(92): warning: variable "output0h" was declared but never referenced

avgpool2d_expr_S2P1_10752_42_42_3_3_3_32256_1_1_384_1_1.cu(86): warning: variable "output_size0" was declared but never referenced

avgpool2d_expr_S2P1_10752_42_42_3_3_3_32256_1_1_384_1_1.cu(94): warning: variable "output0h" was declared but never referenced

avgpool2d_expr_S2P1_10752_42_42_3_3_0_118272_1_1_96_1_1.cu(86): warning: variable "output_size0" was declared but never referenced

avgpool2d_expr_S2P1_10752_42_42_3_3_0_118272_1_1_96_1_1.cu(94): warning: variable "output0h" was declared but never referenced

avgpool2d_expr_S2P1_10752_42_42_3_3_1_64512_1_1_192_1_1.cu(88): warning: variable "output_size0" was declared but never referenced

avgpool2d_expr_S2P1_10752_42_42_3_3_1_64512_1_1_192_1_1.cu(96): warning: variable "output0h" was declared but never referenced

avgpool2d_expr_S2P1_10752_42_42_3_3_9_39424_1_1_288_1_1.cu(90): warning: variable "output_size0" was declared but never referenced

avgpool2d_expr_S2P1_10752_42_42_3_3_9_39424_1_1_288_1_1.cu(98): warning: variable "output0h" was declared but never referenced

avgpool2d_expr_S2P1_10752_42_42_3_3_7_24192_1_1_480_1_1.cu(88): warning: variable "output_size0" was declared but never referenced

avgpool2d_expr_S2P1_10752_42_42_3_3_7_24192_1_1_480_1_1.cu(96): warning: variable "output0h" was declared but never referenced

avgpool2d_expr_S2P1_10752_42_42_3_3_4_26880_1_1_480_1_1.cu(88): warning: variable "output_size0" was declared but never referenced

avgpool2d_expr_S2P1_10752_42_42_3_3_4_26880_1_1_480_1_1.cu(96): warning: variable "output0h" was declared but never referenced

avgpool2d_expr_S2P1_10752_42_42_3_3_2_43008_1_1_288_1_1.cu(88): warning: variable "output_size0" was declared but never referenced

avgpool2d_expr_S2P1_10752_42_42_3_3_2_43008_1_1_288_1_1.cu(96): warning: variable "output0h" was declared but never referenced

avgpool2d_expr_S2P1_10752_42_42_3_3_5_32256_1_1_384_1_1.cu(88): warning: variable "output_size0" was declared but never referenced

avgpool2d_expr_S2P1_10752_42_42_3_3_5_32256_1_1_384_1_1.cu(96): warning: variable "output0h" was declared but never referenced

Namespace(arch='K80', backend='tvm', code_dir='roller_src/pooling', data_type='float32', eval_bar=[1, 5, 10, 20, 50], fuse=False, keep_tiny=False, num_threads=4, op='avgpool2d_expr_S2P1', padding_threshold_cap=1.0, reg_tiling=True, rtile0_shape=[64, 128, 32], rtile1_shape=[8, 8, 1], rtile2_shape=[1, 1, 1], schedule_fuse=False, shape=[10752, 42, 42, 3, 3], smem_tiling=True, st_align=False, topk=10, use_artificial_rtile=False, use_tc=False)
IODependent:  False
threshold 0
failed to find results with padding threshold 0
threshold 0.1
failed to find results with padding threshold 0.1
threshold 0.2
found 10 results in first round with threshold 0.2
evaluating top 10 configs
{'b': [1, 1], 'ho': [16, 1], 'wo': [24, 2], 'kh': [3, 1], 'kw': [3, 1]}
{'b': [2, 1], 'ho': [4, 1], 'wo': [24, 2], 'kh': [3, 1], 'kw': [3, 1]}
{'b': [1, 1, 1], 'ho': [1, 16, 1], 'wo': [2, 24, 1], 'kh': [3, 1], 'kw': [3, 1]}
{'b': [1, 2, 1], 'ho': [1, 4, 1], 'wo': [2, 24, 1], 'kh': [3, 1], 'kw': [3, 1]}
{'b': [1, 1], 'ho': [4, 1], 'wo': [24, 2], 'kh': [3, 1], 'kw': [3, 1]}
{'b': [2, 1], 'ho': [6, 1], 'wo': [24, 2], 'kh': [3, 1], 'kw': [3, 1]}
shared mem tiling is too small.
{'b': [1, 2, 1], 'ho': [1, 6, 1], 'wo': [2, 24, 1], 'kh': [3, 1], 'kw': [3, 1]}
updated self.tiling:  {'b': [1, 1, 1], 'ho': [1, 16, 1], 'wo': [2, 24, 1], 'kh': [3, 1], 'kw': [3, 1]}
{'b': [1, 1, 1], 'ho': [1, 4, 1], 'wo': [2, 24, 1], 'kh': [3, 1], 'kw': [3, 1]}
shared mem tiling is too small.
updated self.tiling:  {'b': [1, 1, 1], 'ho': [1, 16, 1], 'wo': [2, 24, 1], 'kh': [3, 1], 'kw': [3, 1]}
shared mem tiling is too small.
updated self.tiling:  {'b': [1, 2, 1], 'ho': [1, 4, 1], 'wo': [2, 24, 1], 'kh': [3, 1], 'kw': [3, 1]}
shared mem tiling is too small.
updated self.tiling:  {'b': [1, 2, 1], 'ho': [1, 6, 1], 'wo': [2, 24, 1], 'kh': [3, 1], 'kw': [3, 1]}
shared mem tiling is too small.
updated self.tiling:  {'b': [1, 1, 1], 'ho': [1, 4, 1], 'wo': [2, 24, 1], 'kh': [3, 1], 'kw': [3, 1]}
shared mem tiling is too small.
updated self.tiling:  {'b': [1, 2, 1], 'ho': [1, 4, 1], 'wo': [2, 24, 1], 'kh': [3, 1], 'kw': [3, 1]}
updated self.tiling:  {'b': [1, 1, 1], 'ho': [1, 16, 1], 'wo': [1, 24, 2], 'kh': [3, 1], 'kw': [3, 1]}
shared mem tiling is too small.
updated self.tiling:  {'b': [1, 2, 1], 'ho': [1, 6, 1], 'wo': [2, 24, 1], 'kh': [3, 1], 'kw': [3, 1]}
updated self.tiling:  {'b': [1, 2, 1], 'ho': [1, 4, 1], 'wo': [1, 24, 2], 'kh': [3, 1], 'kw': [3, 1]}
updated self.tiling:  {'b': [1, 2, 1], 'ho': [1, 6, 1], 'wo': [1, 24, 2], 'kh': [3, 1], 'kw': [3, 1]}
shared mem tiling is too small.
updated self.tiling:  {'b': [1, 1, 1], 'ho': [1, 4, 1], 'wo': [2, 24, 1], 'kh': [3, 1], 'kw': [3, 1]}
updated self.tiling:  {'b': [1, 1, 1], 'ho': [1, 4, 1], 'wo': [1, 24, 2], 'kh': [3, 1], 'kw': [3, 1]}
{'b': [4, 1], 'ho': [5, 1], 'wo': [24, 2], 'kh': [3, 1], 'kw': [3, 1]}
{'b': [1, 4, 1], 'ho': [1, 5, 1], 'wo': [2, 24, 1], 'kh': [3, 1], 'kw': [3, 1]}
shared mem tiling is too small.
updated self.tiling:  {'b': [1, 4, 1], 'ho': [1, 5, 1], 'wo': [2, 24, 1], 'kh': [3, 1], 'kw': [3, 1]}
{'b': [2, 1], 'ho': [10, 1], 'wo': [24, 2], 'kh': [3, 1], 'kw': [3, 1]}
{'b': [3, 1], 'ho': [4, 1], 'wo': [24, 2], 'kh': [3, 1], 'kw': [3, 1]}
{'b': [1, 1], 'ho': [8, 1], 'wo': [24, 2], 'kh': [3, 1], 'kw': [3, 1]}
{'b': [1, 3, 1], 'ho': [1, 4, 1], 'wo': [2, 24, 1], 'kh': [3, 1], 'kw': [3, 1]}
{'b': [1, 1, 1], 'ho': [1, 8, 1], 'wo': [2, 24, 1], 'kh': [3, 1], 'kw': [3, 1]}
shared mem tiling is too small.
{'b': [1, 2, 1], 'ho': [1, 10, 1], 'wo': [2, 24, 1], 'kh': [3, 1], 'kw': [3, 1]}
updated self.tiling:  {'b': [1, 4, 1], 'ho': [1, 5, 1], 'wo': [2, 24, 1], 'kh': [3, 1], 'kw': [3, 1]}
shared mem tiling is too small.
updated self.tiling:  {'b': [1, 3, 1], 'ho': [1, 4, 1], 'wo': [2, 24, 1], 'kh': [3, 1], 'kw': [3, 1]}
shared mem tiling is too small.
updated self.tiling:  {'b': [1, 4, 1], 'ho': [1, 5, 1], 'wo': [1, 24, 2], 'kh': [3, 1], 'kw': [3, 1]}
updated self.tiling:  {'b': [1, 1, 1], 'ho': [1, 8, 1], 'wo': [2, 24, 1], 'kh': [3, 1], 'kw': [3, 1]}
shared mem tiling is too small.
shared mem tiling is too small.
updated self.tiling:  {'b': [1, 2, 1], 'ho': [1, 10, 1], 'wo': [2, 24, 1], 'kh': [3, 1], 'kw': [3, 1]}
updated self.tiling:  {'b': [1, 3, 1], 'ho': [1, 4, 1], 'wo': [2, 24, 1], 'kh': [3, 1], 'kw': [3, 1]}
shared mem tiling is too small.
updated self.tiling:  {'b': [1, 1, 1], 'ho': [1, 8, 1], 'wo': [2, 24, 1], 'kh': [3, 1], 'kw': [3, 1]}
shared mem tiling is too small.
updated self.tiling:  {'b': [1, 2, 1], 'ho': [1, 10, 1], 'wo': [2, 24, 1], 'kh': [3, 1], 'kw': [3, 1]}
updated self.tiling:  {'b': [1, 3, 1], 'ho': [1, 4, 1], 'wo': [1, 24, 2], 'kh': [3, 1], 'kw': [3, 1]}
updated self.tiling:  {'b': [1, 1, 1], 'ho': [1, 8, 1], 'wo': [1, 24, 2], 'kh': [3, 1], 'kw': [3, 1]}
updated self.tiling:  {'b': [1, 2, 1], 'ho': [1, 10, 1], 'wo': [1, 24, 2], 'kh': [3, 1], 'kw': [3, 1]}
{'b': [1, 1], 'ho': [12, 1], 'wo': [24, 2], 'kh': [3, 1], 'kw': [3, 1]}
{'b': [1, 1, 1], 'ho': [1, 12, 1], 'wo': [2, 24, 1], 'kh': [3, 1], 'kw': [3, 1]}
shared mem tiling is too small.
updated self.tiling:  {'b': [1, 1, 1], 'ho': [1, 12, 1], 'wo': [2, 24, 1], 'kh': [3, 1], 'kw': [3, 1]}
shared mem tiling is too small.
updated self.tiling:  {'b': [1, 1, 1], 'ho': [1, 12, 1], 'wo': [2, 24, 1], 'kh': [3, 1], 'kw': [3, 1]}
updated self.tiling:  {'b': [1, 1, 1], 'ho': [1, 12, 1], 'wo': [1, 24, 2], 'kh': [3, 1], 'kw': [3, 1]}
{'b': [2, 1], 'ho': [8, 1], 'wo': [24, 2], 'kh': [3, 1], 'kw': [3, 1]}
{'b': [1, 2, 1], 'ho': [1, 8, 1], 'wo': [2, 24, 1], 'kh': [3, 1], 'kw': [3, 1]}
shared mem tiling is too small.
updated self.tiling:  {'b': [1, 2, 1], 'ho': [1, 8, 1], 'wo': [2, 24, 1], 'kh': [3, 1], 'kw': [3, 1]}
shared mem tiling is too small.
updated self.tiling:  {'b': [1, 2, 1], 'ho': [1, 8, 1], 'wo': [2, 24, 1], 'kh': [3, 1], 'kw': [3, 1]}
updated self.tiling:  {'b': [1, 2, 1], 'ho': [1, 8, 1], 'wo': [1, 24, 2], 'kh': [3, 1], 'kw': [3, 1]}
top1 time: 4.8346 ms
top10 time: 3.872 ms
best idx: 3
best config: [level 0: [tile: [1, 16, 48]; step: [3, 3]]][level 1: [tile: [1, 1, 2]; step: [1, 1]]][level 2: [tile: [1, 1, 1]; step: [1, 1]]]
top1 compile time: 0.004938364028930664 s
top10 compile time: 9.056898832321167 s
