relu_expr_3211264_6_3136_1_1_512_1_1.cu(35): warning: variable "output_size0" was declared but never referenced

relu_expr_3211264_6_3136_1_1_512_1_1.cu(43): warning: variable "output0h" was declared but never referenced

relu_expr_3211264_3_7168_1_1_224_1_1.cu(35): warning: variable "output_size0" was declared but never referenced

relu_expr_3211264_3_7168_1_1_224_1_1.cu(43): warning: variable "output0h" was declared but never referenced

relu_expr_3211264_8_12544_1_1_64_1_1.cu(36): warning: variable "output_size0" was declared but never referenced

relu_expr_3211264_8_12544_1_1_64_1_1.cu(44): warning: variable "output0h" was declared but never referenced

relu_expr_3211264_0_50176_1_1_32_1_1.cu(35): warning: variable "output_size0" was declared but never referenced

relu_expr_3211264_0_50176_1_1_32_1_1.cu(43): warning: variable "output0h" was declared but never referenced

relu_expr_3211264_1_25088_1_1_64_1_1.cu(35): warning: variable "output_size0" was declared but never referenced

relu_expr_3211264_1_25088_1_1_64_1_1.cu(43): warning: variable "output0h" was declared but never referenced

relu_expr_3211264_7_25088_1_1_32_1_1.cu(36): warning: variable "output_size0" was declared but never referenced

relu_expr_3211264_7_25088_1_1_32_1_1.cu(44): warning: variable "output0h" was declared but never referenced

relu_expr_3211264_9_6272_1_1_128_1_1.cu(36): warning: variable "output_size0" was declared but never referenced

relu_expr_3211264_9_6272_1_1_128_1_1.cu(44): warning: variable "output0h" was declared but never referenced

relu_expr_3211264_4_6272_1_1_256_1_1.cu(35): warning: variable "output_size0" was declared but never referenced

relu_expr_3211264_4_6272_1_1_256_1_1.cu(43): warning: variable "output0h" was declared but never referenced

relu_expr_3211264_2_12544_1_1_128_1_1.cu(35): warning: variable "output_size0" was declared but never referenced

relu_expr_3211264_2_12544_1_1_128_1_1.cu(43): warning: variable "output0h" was declared but never referenced

relu_expr_3211264_5_3584_1_1_448_1_1.cu(35): warning: variable "output_size0" was declared but never referenced

relu_expr_3211264_5_3584_1_1_448_1_1.cu(43): warning: variable "output0h" was declared but never referenced

Namespace(arch='K80', backend='tvm', code_dir='roller_src/elementwise', data_type='float32', eval_bar=[1, 5, 10, 20, 50], fuse=False, keep_tiny=False, num_threads=4, op='relu_expr', padding_threshold_cap=1.0, reg_tiling=False, rtile0_shape=[64, 128, 32], rtile1_shape=[8, 8, 1], rtile2_shape=[1, 1, 1], schedule_fuse=False, shape=[3211264], smem_tiling=False, st_align=False, topk=10, use_artificial_rtile=False, use_tc=False)
IODependent:  False
threshold 0
found 10 results in first round with threshold 0
evaluating top 10 configs
{'i0': [32, 2]}
{'i0': [2, 32, 1]}
{'i0': [224, 2]}
{'i0': [512, 2]}
{'i0': [2, 224, 1]}
{'i0': [64, 4]}
updated self.tiling:  {'i0': [1, 32, 2]}
{'i0': [4, 64, 1]}
{'i0': [2, 512, 1]}
updated self.tiling:  {'i0': [1, 224, 2]}
updated self.tiling:  {'i0': [1, 512, 2]}
updated self.tiling:  {'i0': [2, 64, 2]}
{'i0': [64, 2]}
{'i0': [2, 64, 1]}
updated self.tiling:  {'i0': [1, 64, 2]}
{'i0': [32, 4]}
{'i0': [4, 32, 1]}
updated self.tiling:  {'i0': [2, 32, 2]}
{'i0': [256, 2]}
{'i0': [2, 256, 1]}
{'i0': [128, 4]}
{'i0': [4, 128, 1]}
updated self.tiling:  {'i0': [1, 256, 2]}
updated self.tiling:  {'i0': [2, 128, 2]}
{'i0': [128, 2]}
{'i0': [2, 128, 1]}
updated self.tiling:  {'i0': [1, 128, 2]}
{'i0': [448, 2]}
{'i0': [2, 448, 1]}
updated self.tiling:  {'i0': [1, 448, 2]}
top1 time: 0.25084 ms
top10 time: 0.15893000000000002 ms
best idx: 8
best config: [level 0: [tile: [256]; step: []]][level 1: [tile: [4]; step: []]][level 2: [tile: [1]; step: []]]
top1 compile time: 0.0026023387908935547 s
top10 compile time: 7.531643390655518 s
