relu_expr_75866112_8_98784_1_1_384_1_1.cu(35): warning: variable "output_size0" was declared but never referenced

relu_expr_75866112_8_98784_1_1_384_1_1.cu(43): warning: variable "output0h" was declared but never referenced

relu_expr_75866112_3_296352_1_1_128_1_1.cu(35): warning: variable "output_size0" was declared but never referenced

relu_expr_75866112_3_296352_1_1_128_1_1.cu(43): warning: variable "output0h" was declared but never referenced

relu_expr_75866112_0_1185408_1_1_32_1_1.cu(35): warning: variable "output_size0" was declared but never referenced

relu_expr_75866112_0_1185408_1_1_32_1_1.cu(43): warning: variable "output0h" was declared but never referenced

relu_expr_75866112_6_148176_1_1_256_1_1.cu(35): warning: variable "output_size0" was declared but never referenced

relu_expr_75866112_6_148176_1_1_256_1_1.cu(43): warning: variable "output0h" was declared but never referenced

relu_expr_75866112_4_197568_1_1_192_1_1.cu(35): warning: variable "output_size0" was declared but never referenced

relu_expr_75866112_4_197568_1_1_192_1_1.cu(43): warning: variable "output0h" was declared but never referenced

relu_expr_75866112_7_131712_1_1_288_1_1.cu(35): warning: variable "output_size0" was declared but never referenced

relu_expr_75866112_7_131712_1_1_288_1_1.cu(43): warning: variable "output0h" was declared but never referenced

relu_expr_75866112_9_84672_1_1_448_1_1.cu(35): warning: variable "output_size0" was declared but never referenced

relu_expr_75866112_9_84672_1_1_448_1_1.cu(43): warning: variable "output0h" was declared but never referenced

relu_expr_75866112_1_592704_1_1_64_1_1.cu(35): warning: variable "output_size0" was declared but never referenced

relu_expr_75866112_1_592704_1_1_64_1_1.cu(43): warning: variable "output0h" was declared but never referenced

relu_expr_75866112_5_169344_1_1_224_1_1.cu(35): warning: variable "output_size0" was declared but never referenced

relu_expr_75866112_5_169344_1_1_224_1_1.cu(43): warning: variable "output0h" was declared but never referenced

relu_expr_75866112_2_395136_1_1_96_1_1.cu(35): warning: variable "output_size0" was declared but never referenced

relu_expr_75866112_2_395136_1_1_96_1_1.cu(43): warning: variable "output0h" was declared but never referenced

Namespace(arch='K80', backend='tvm', code_dir='roller_src/elementwise', data_type='float32', eval_bar=[1, 5, 10, 20, 50], fuse=False, keep_tiny=False, num_threads=4, op='relu_expr', padding_threshold_cap=1.0, reg_tiling=False, rtile0_shape=[64, 128, 32], rtile1_shape=[8, 8, 1], rtile2_shape=[1, 1, 1], schedule_fuse=False, shape=[75866112], smem_tiling=False, st_align=False, topk=10, use_artificial_rtile=False, use_tc=False)
IODependent:  False
threshold 0
found 10 results in first round with threshold 0
evaluating top 10 configs
{'i0': [256, 2]}
{'i0': [2, 256, 1]}
updated self.tiling:  {'i0': [1, 256, 2]}
{'i0': [32, 2]}
{'i0': [384, 2]}
{'i0': [2, 32, 1]}
{'i0': [128, 2]}
{'i0': [2, 384, 1]}
updated self.tiling:  {'i0': [1, 32, 2]}
{'i0': [2, 128, 1]}
updated self.tiling:  {'i0': [1, 128, 2]}
updated self.tiling:  {'i0': [1, 384, 2]}
{'i0': [192, 2]}
{'i0': [2, 192, 1]}
updated self.tiling:  {'i0': [1, 192, 2]}
{'i0': [288, 2]}
{'i0': [2, 288, 1]}
updated self.tiling:  {'i0': [1, 288, 2]}
{'i0': [64, 2]}
{'i0': [2, 64, 1]}
{'i0': [448, 2]}
{'i0': [2, 448, 1]}
updated self.tiling:  {'i0': [1, 64, 2]}
updated self.tiling:  {'i0': [1, 448, 2]}
{'i0': [224, 2]}
{'i0': [2, 224, 1]}
updated self.tiling:  {'i0': [1, 224, 2]}
{'i0': [96, 2]}
{'i0': [2, 96, 1]}
updated self.tiling:  {'i0': [1, 96, 2]}
top1 time: 5.8683 ms
top10 time: 3.7339 ms
best idx: 4
best config: [level 0: [tile: [384]; step: []]][level 1: [tile: [2]; step: []]][level 2: [tile: [1]; step: []]]
top1 compile time: 0.0023622512817382812 s
top10 compile time: 8.046895980834961 s
