relu_expr_18966528_8_24696_1_1_384_1_1.cu(35): warning: variable "output_size0" was declared but never referenced

relu_expr_18966528_8_24696_1_1_384_1_1.cu(43): warning: variable "output0h" was declared but never referenced

relu_expr_18966528_0_296352_1_1_32_1_1.cu(35): warning: variable "output_size0" was declared but never referenced

relu_expr_18966528_0_296352_1_1_32_1_1.cu(43): warning: variable "output0h" was declared but never referenced

relu_expr_18966528_6_37044_1_1_256_1_1.cu(35): warning: variable "output_size0" was declared but never referenced

relu_expr_18966528_6_37044_1_1_256_1_1.cu(43): warning: variable "output0h" was declared but never referenced

relu_expr_18966528_3_74088_1_1_128_1_1.cu(35): warning: variable "output_size0" was declared but never referenced

relu_expr_18966528_3_74088_1_1_128_1_1.cu(43): warning: variable "output0h" was declared but never referenced

relu_expr_18966528_9_21168_1_1_448_1_1.cu(35): warning: variable "output_size0" was declared but never referenced

relu_expr_18966528_9_21168_1_1_448_1_1.cu(43): warning: variable "output0h" was declared but never referenced

relu_expr_18966528_1_148176_1_1_64_1_1.cu(35): warning: variable "output_size0" was declared but never referenced

relu_expr_18966528_1_148176_1_1_64_1_1.cu(43): warning: variable "output0h" was declared but never referenced

relu_expr_18966528_4_49392_1_1_192_1_1.cu(35): warning: variable "output_size0" was declared but never referenced

relu_expr_18966528_4_49392_1_1_192_1_1.cu(43): warning: variable "output0h" was declared but never referenced

relu_expr_18966528_7_32928_1_1_288_1_1.cu(35): warning: variable "output_size0" was declared but never referenced

relu_expr_18966528_7_32928_1_1_288_1_1.cu(43): warning: variable "output0h" was declared but never referenced

relu_expr_18966528_5_42336_1_1_224_1_1.cu(35): warning: variable "output_size0" was declared but never referenced

relu_expr_18966528_5_42336_1_1_224_1_1.cu(43): warning: variable "output0h" was declared but never referenced

relu_expr_18966528_2_98784_1_1_96_1_1.cu(35): warning: variable "output_size0" was declared but never referenced

relu_expr_18966528_2_98784_1_1_96_1_1.cu(43): warning: variable "output0h" was declared but never referenced

Namespace(arch='K80', backend='tvm', code_dir='roller_src/elementwise', data_type='float32', eval_bar=[1, 5, 10, 20, 50], fuse=False, keep_tiny=False, num_threads=4, op='relu_expr', padding_threshold_cap=1.0, reg_tiling=False, rtile0_shape=[64, 128, 32], rtile1_shape=[8, 8, 1], rtile2_shape=[1, 1, 1], schedule_fuse=False, shape=[18966528], smem_tiling=False, st_align=False, topk=10, use_artificial_rtile=False, use_tc=False)
IODependent:  False
threshold 0
found 10 results in first round with threshold 0
evaluating top 10 configs
{'i0': [32, 2]}
{'i0': [256, 2]}
{'i0': [2, 32, 1]}
{'i0': [128, 2]}
{'i0': [2, 256, 1]}
{'i0': [384, 2]}
updated self.tiling:  {'i0': [1, 32, 2]}
{'i0': [2, 128, 1]}
{'i0': [2, 384, 1]}
updated self.tiling:  {'i0': [1, 256, 2]}
updated self.tiling:  {'i0': [1, 384, 2]}
updated self.tiling:  {'i0': [1, 128, 2]}
{'i0': [448, 2]}
{'i0': [2, 448, 1]}
updated self.tiling:  {'i0': [1, 448, 2]}
{'i0': [64, 2]}
{'i0': [2, 64, 1]}
updated self.tiling:  {'i0': [1, 64, 2]}
{'i0': [192, 2]}
{'i0': [2, 192, 1]}
updated self.tiling:  {'i0': [1, 192, 2]}
{'i0': [288, 2]}
{'i0': [2, 288, 1]}
updated self.tiling:  {'i0': [1, 288, 2]}
{'i0': [224, 2]}
{'i0': [2, 224, 1]}
updated self.tiling:  {'i0': [1, 224, 2]}
{'i0': [96, 2]}
{'i0': [2, 96, 1]}
updated self.tiling:  {'i0': [1, 96, 2]}
top1 time: 1.4669 ms
top10 time: 0.9340599999999999 ms
best idx: 3
best config: [level 0: [tile: [256]; step: []]][level 1: [tile: [2]; step: []]][level 2: [tile: [1]; step: []]]
top1 compile time: 0.002683877944946289 s
top10 compile time: 7.762917757034302 s
