relu_expr_146361600_8_228690_1_1_320_1_1.cu(35): warning: variable "output_size0" was declared but never referenced

relu_expr_146361600_8_228690_1_1_320_1_1.cu(43): warning: variable "output0h" was declared but never referenced

relu_expr_146361600_3_571725_1_1_128_1_1.cu(35): warning: variable "output_size0" was declared but never referenced

relu_expr_146361600_3_571725_1_1_128_1_1.cu(43): warning: variable "output0h" was declared but never referenced

relu_expr_146361600_6_326700_1_1_224_1_1.cu(35): warning: variable "output_size0" was declared but never referenced

relu_expr_146361600_6_326700_1_1_224_1_1.cu(43): warning: variable "output0h" was declared but never referenced

relu_expr_146361600_0_2286900_1_1_32_1_1.cu(35): warning: variable "output_size0" was declared but never referenced

relu_expr_146361600_0_2286900_1_1_32_1_1.cu(43): warning: variable "output0h" was declared but never referenced

relu_expr_146361600_9_207900_1_1_352_1_1.cu(35): warning: variable "output_size0" was declared but never referenced

relu_expr_146361600_9_207900_1_1_352_1_1.cu(43): warning: variable "output0h" was declared but never referenced

relu_expr_146361600_4_457380_1_1_160_1_1.cu(35): warning: variable "output_size0" was declared but never referenced

relu_expr_146361600_4_457380_1_1_160_1_1.cu(43): warning: variable "output0h" was declared but never referenced

relu_expr_146361600_7_254100_1_1_288_1_1.cu(35): warning: variable "output_size0" was declared but never referenced

relu_expr_146361600_7_254100_1_1_288_1_1.cu(43): warning: variable "output0h" was declared but never referenced

relu_expr_146361600_1_1143450_1_1_64_1_1.cu(35): warning: variable "output_size0" was declared but never referenced

relu_expr_146361600_1_1143450_1_1_64_1_1.cu(43): warning: variable "output0h" was declared but never referenced

relu_expr_146361600_5_381150_1_1_192_1_1.cu(35): warning: variable "output_size0" was declared but never referenced

relu_expr_146361600_5_381150_1_1_192_1_1.cu(43): warning: variable "output0h" was declared but never referenced

relu_expr_146361600_2_762300_1_1_96_1_1.cu(35): warning: variable "output_size0" was declared but never referenced

relu_expr_146361600_2_762300_1_1_96_1_1.cu(43): warning: variable "output0h" was declared but never referenced

Namespace(arch='K80', backend='tvm', code_dir='roller_src/elementwise', data_type='float32', eval_bar=[1, 5, 10, 20, 50], fuse=False, keep_tiny=False, num_threads=4, op='relu_expr', padding_threshold_cap=1.0, reg_tiling=False, rtile0_shape=[64, 128, 32], rtile1_shape=[8, 8, 1], rtile2_shape=[1, 1, 1], schedule_fuse=False, shape=[146361600], smem_tiling=False, st_align=False, topk=10, use_artificial_rtile=False, use_tc=False)
IODependent:  False
threshold 0
found 10 results in first round with threshold 0
evaluating top 10 configs
{'i0': [224, 2]}
{'i0': [2, 224, 1]}
{'i0': [32, 2]}
{'i0': [320, 2]}
{'i0': [2, 32, 1]}
updated self.tiling:  {'i0': [1, 224, 2]}
{'i0': [128, 2]}
updated self.tiling:  {'i0': [1, 32, 2]}
{'i0': [2, 128, 1]}
{'i0': [2, 320, 1]}
updated self.tiling:  {'i0': [1, 320, 2]}
updated self.tiling:  {'i0': [1, 128, 2]}
{'i0': [352, 2]}
{'i0': [2, 352, 1]}
updated self.tiling:  {'i0': [1, 352, 2]}
{'i0': [160, 2]}
{'i0': [2, 160, 1]}
updated self.tiling:  {'i0': [1, 160, 2]}
{'i0': [288, 2]}
{'i0': [2, 288, 1]}
updated self.tiling:  {'i0': [1, 288, 2]}
{'i0': [64, 2]}
{'i0': [2, 64, 1]}
updated self.tiling:  {'i0': [1, 64, 2]}
{'i0': [192, 2]}
{'i0': [2, 192, 1]}
updated self.tiling:  {'i0': [1, 192, 2]}
{'i0': [96, 2]}
{'i0': [2, 96, 1]}
updated self.tiling:  {'i0': [1, 96, 2]}
top1 time: 11.321 ms
top10 time: 7.1973 ms
best idx: 4
best config: [level 0: [tile: [320]; step: []]][level 1: [tile: [2]; step: []]][level 2: [tile: [1]; step: []]]
top1 compile time: 0.0024008750915527344 s
top10 compile time: 9.339380741119385 s
