relu_expr_62447616_3_243936_1_1_128_1_1.cu(35): warning: variable "output_size0" was declared but never referenced

relu_expr_62447616_3_243936_1_1_128_1_1.cu(43): warning: variable "output0h" was declared but never referenced

relu_expr_62447616_8_88704_1_1_352_1_1.cu(35): warning: variable "output_size0" was declared but never referenced

relu_expr_62447616_8_88704_1_1_352_1_1.cu(43): warning: variable "output0h" was declared but never referenced

relu_expr_62447616_0_975744_1_1_32_1_1.cu(35): warning: variable "output_size0" was declared but never referenced

relu_expr_62447616_0_975744_1_1_32_1_1.cu(43): warning: variable "output0h" was declared but never referenced

relu_expr_62447616_6_121968_1_1_256_1_1.cu(35): warning: variable "output_size0" was declared but never referenced

relu_expr_62447616_6_121968_1_1_256_1_1.cu(43): warning: variable "output0h" was declared but never referenced

relu_expr_62447616_9_81312_1_1_384_1_1.cu(35): warning: variable "output_size0" was declared but never referenced

relu_expr_62447616_9_81312_1_1_384_1_1.cu(43): warning: variable "output0h" was declared but never referenced

relu_expr_62447616_4_162624_1_1_192_1_1.cu(35): warning: variable "output_size0" was declared but never referenced

relu_expr_62447616_4_162624_1_1_192_1_1.cu(43): warning: variable "output0h" was declared but never referenced

relu_expr_62447616_7_108416_1_1_288_1_1.cu(35): warning: variable "output_size0" was declared but never referenced

relu_expr_62447616_1_487872_1_1_64_1_1.cu(35): warning: variable "output_size0" was declared but never referenced

relu_expr_62447616_7_108416_1_1_288_1_1.cu(43): warning: variable "output0h" was declared but never referenced

relu_expr_62447616_1_487872_1_1_64_1_1.cu(43): warning: variable "output0h" was declared but never referenced

relu_expr_62447616_2_325248_1_1_96_1_1.cu(35): warning: variable "output_size0" was declared but never referenced

relu_expr_62447616_2_325248_1_1_96_1_1.cu(43): warning: variable "output0h" was declared but never referenced

relu_expr_62447616_5_139392_1_1_224_1_1.cu(35): warning: variable "output_size0" was declared but never referenced

relu_expr_62447616_5_139392_1_1_224_1_1.cu(43): warning: variable "output0h" was declared but never referenced

Namespace(arch='K80', backend='tvm', code_dir='roller_src/elementwise', data_type='float32', eval_bar=[1, 5, 10, 20, 50], fuse=False, keep_tiny=False, num_threads=4, op='relu_expr', padding_threshold_cap=1.0, reg_tiling=False, rtile0_shape=[64, 128, 32], rtile1_shape=[8, 8, 1], rtile2_shape=[1, 1, 1], schedule_fuse=False, shape=[62447616], smem_tiling=False, st_align=False, topk=10, use_artificial_rtile=False, use_tc=False)
IODependent:  False
threshold 0
found 10 results in first round with threshold 0
evaluating top 10 configs
{'i0': [352, 2]}
{'i0': [256, 2]}
{'i0': [2, 256, 1]}
{'i0': [128, 2]}
updated self.tiling:  {'i0': [1, 256, 2]}
{'i0': [2, 352, 1]}
{'i0': [2, 128, 1]}
updated self.tiling:  {'i0': [1, 128, 2]}
{'i0': [32, 2]}
updated self.tiling:  {'i0': [1, 352, 2]}
{'i0': [2, 32, 1]}
updated self.tiling:  {'i0': [1, 32, 2]}
{'i0': [384, 2]}
{'i0': [2, 384, 1]}
updated self.tiling:  {'i0': [1, 384, 2]}
{'i0': [192, 2]}
{'i0': [2, 192, 1]}
updated self.tiling:  {'i0': [1, 192, 2]}
{'i0': [288, 2]}
{'i0': [2, 288, 1]}
updated self.tiling:  {'i0': [1, 288, 2]}
{'i0': [64, 2]}
{'i0': [2, 64, 1]}
updated self.tiling:  {'i0': [1, 64, 2]}
{'i0': [96, 2]}
{'i0': [2, 96, 1]}
updated self.tiling:  {'i0': [1, 96, 2]}
{'i0': [224, 2]}
{'i0': [2, 224, 1]}
updated self.tiling:  {'i0': [1, 224, 2]}
top1 time: 4.8438 ms
top10 time: 3.0748 ms
best idx: 4
best config: [level 0: [tile: [384]; step: []]][level 1: [tile: [2]; step: []]][level 2: [tile: [1]; step: []]]
top1 compile time: 0.0024161338806152344 s
top10 compile time: 8.123347282409668 s
