matmul_expr_65536_1024_2_6_4096_1_1_512_1_1.cu(136): warning: variable "output_size0" was declared but never referenced

matmul_expr_65536_1024_2_6_4096_1_1_512_1_1.cu(144): warning: variable "output0h" was declared but never referenced

matmul_expr_65536_1024_2_3_4096_1_1_256_1_1.cu(209): warning: variable "output_size0" was declared but never referenced

matmul_expr_65536_1024_2_3_4096_1_1_256_1_1.cu(217): warning: variable "output0h" was declared but never referenced

matmul_expr_65536_1024_2_0_4096_1_1_256_1_1.cu(207): warning: variable "output_size0" was declared but never referenced

matmul_expr_65536_1024_2_0_4096_1_1_256_1_1.cu(215): warning: variable "output0h" was declared but never referenced

matmul_expr_65536_1024_2_8_2736_1_1_384_1_1.cu(283): warning: variable "output_size0" was declared but never referenced

matmul_expr_65536_1024_2_8_2736_1_1_384_1_1.cu(291): warning: variable "output0h" was declared but never referenced

matmul_expr_65536_1024_2_7_4096_1_1_512_1_1.cu(136): warning: variable "output_size0" was declared but never referenced

matmul_expr_65536_1024_2_7_4096_1_1_512_1_1.cu(144): warning: variable "output0h" was declared but never referenced

matmul_expr_65536_1024_2_4_4096_1_1_256_1_1.cu(207): warning: variable "output_size0" was declared but never referenced

matmul_expr_65536_1024_2_4_4096_1_1_256_1_1.cu(215): warning: variable "output0h" was declared but never referenced

matmul_expr_65536_1024_2_1_4096_1_1_256_1_1.cu(209): warning: variable "output_size0" was declared but never referenced

matmul_expr_65536_1024_2_1_4096_1_1_256_1_1.cu(217): warning: variable "output0h" was declared but never referenced

matmul_expr_65536_1024_2_9_3072_1_1_384_1_1.cu(237): warning: variable "output_size0" was declared but never referenced

matmul_expr_65536_1024_2_9_3072_1_1_384_1_1.cu(245): warning: variable "output0h" was declared but never referenced

matmul_expr_65536_1024_2_2_4096_1_1_256_1_1.cu(207): warning: variable "output_size0" was declared but never referenced

matmul_expr_65536_1024_2_2_4096_1_1_256_1_1.cu(215): warning: variable "output0h" was declared but never referenced

matmul_expr_65536_1024_2_5_4096_1_1_512_1_1.cu(136): warning: variable "output_size0" was declared but never referenced

matmul_expr_65536_1024_2_5_4096_1_1_512_1_1.cu(144): warning: variable "output0h" was declared but never referenced

Namespace(arch='K80', backend='tvm', code_dir='roller_src/matmul', data_type='float32', eval_bar=[1, 5, 10, 20, 50], fuse=False, keep_tiny=False, num_threads=4, op='matmul_expr', padding_threshold_cap=1.0, reg_tiling=True, rtile0_shape=[64, 128, 32], rtile1_shape=[8, 8, 1], rtile2_shape=[1, 1, 1], schedule_fuse=False, shape=[65536, 1024, 2], smem_tiling=True, st_align=False, topk=10, use_artificial_rtile=False, use_tc=False)
IODependent:  True
found 8 results with threshold 0
found 10 results with threshold 0.2
evaluating top 10 configs
{'y': [16, 16], 'x': [32, 2], 'k': [2, 1]}
{'y': [16, 8], 'x': [16, 8], 'k': [2, 1]}
{'y': [32, 4], 'x': [8, 16], 'k': [2, 1]}
{'y': [8, 16, 1], 'x': [8, 16, 1], 'k': [2, 1]}
{'y': [16, 16, 1], 'x': [2, 32, 1], 'k': [2, 1]}
{'y': [4, 32, 1], 'x': [16, 8, 1], 'k': [2, 1]}
{'y': [12, 16], 'x': [32, 4], 'k': [2, 1]}
{'y': [16, 12, 1], 'x': [4, 32, 1], 'k': [2, 1]}
updated self.tiling:  {'y': [4, 16, 2], 'x': [8, 16, 1], 'k': [2, 1]}
updated self.tiling:  {'y': [8, 16, 2], 'x': [2, 32, 1], 'k': [2, 1]}
updated self.tiling:  {'y': [2, 32, 2], 'x': [16, 8, 1], 'k': [2, 1]}
updated self.tiling:  {'y': [4, 16, 2], 'x': [4, 16, 2], 'k': [2, 1]}
updated self.tiling:  {'y': [2, 32, 2], 'x': [8, 8, 2], 'k': [2, 1]}
updated self.tiling:  {'y': [8, 16, 2], 'x': [1, 32, 2], 'k': [2, 1]}
updated self.tiling:  {'y': [8, 12, 2], 'x': [4, 32, 1], 'k': [2, 1]}
updated self.tiling:  {'y': [8, 12, 2], 'x': [2, 32, 2], 'k': [2, 1]}
{'y': [32, 2], 'x': [16, 16], 'k': [2, 1]}
{'y': [2, 32, 1], 'x': [16, 16, 1], 'k': [2, 1]}
updated self.tiling:  {'y': [1, 32, 2], 'x': [16, 16, 1], 'k': [2, 1]}
updated self.tiling:  {'y': [1, 32, 2], 'x': [8, 16, 2], 'k': [2, 1]}
{'y': [16, 4], 'x': [16, 16], 'k': [2, 1]}
{'y': [4, 16, 1], 'x': [16, 16, 1], 'k': [2, 1]}
updated self.tiling:  {'y': [2, 16, 2], 'x': [16, 16, 1], 'k': [2, 1]}
updated self.tiling:  {'y': [2, 16, 2], 'x': [8, 16, 2], 'k': [2, 1]}
{'y': [8, 16], 'x': [48, 4], 'k': [2, 1]}
{'y': [16, 8, 1], 'x': [4, 48, 1], 'k': [2, 1]}
updated self.tiling:  {'y': [8, 8, 2], 'x': [4, 48, 1], 'k': [2, 1]}
updated self.tiling:  {'y': [8, 8, 2], 'x': [2, 48, 2], 'k': [2, 1]}
{'y': [8, 16], 'x': [32, 4], 'k': [2, 1]}
{'y': [16, 8, 1], 'x': [4, 32, 1], 'k': [2, 1]}
updated self.tiling:  {'y': [8, 8, 2], 'x': [4, 32, 1], 'k': [2, 1]}
updated self.tiling:  {'y': [8, 8, 2], 'x': [2, 32, 2], 'k': [2, 1]}
{'y': [16, 16], 'x': [16, 4], 'k': [2, 1]}
{'y': [16, 16, 1], 'x': [4, 16, 1], 'k': [2, 1]}
updated self.tiling:  {'y': [8, 16, 2], 'x': [4, 16, 1], 'k': [2, 1]}
updated self.tiling:  {'y': [8, 16, 2], 'x': [2, 16, 2], 'k': [2, 1]}
{'y': [8, 16], 'x': [64, 2], 'k': [2, 1]}
{'y': [16, 8, 1], 'x': [2, 64, 1], 'k': [2, 1]}
updated self.tiling:  {'y': [8, 8, 2], 'x': [2, 64, 1], 'k': [2, 1]}
updated self.tiling:  {'y': [8, 8, 2], 'x': [1, 64, 2], 'k': [2, 1]}
top1 time: 4.8068 ms
top10 time: 2.5653 ms
best idx: 5
best config: [level 0: [tile: [128, 128]; step: [2]]][level 1: [tile: [16, 2]; step: [1]]][level 2: [tile: [1, 1]; step: [1]]]
top1 compile time: 0.003966093063354492 s
top10 compile time: 13.96493148803711 s
