matmul_expr_128_1000_2048_6_32_1_1_384_1_1.cu(148): warning: variable "output_size0" was declared but never referenced

matmul_expr_128_1000_2048_6_32_1_1_384_1_1.cu(156): warning: variable "output0h" was declared but never referenced

matmul_expr_128_1000_2048_8_96_1_1_384_1_1.cu(99): warning: variable "output_size0" was declared but never referenced

matmul_expr_128_1000_2048_8_96_1_1_384_1_1.cu(107): warning: variable "output0h" was declared but never referenced

matmul_expr_128_1000_2048_0_32_1_1_256_1_1.cu(110): warning: variable "output_size0" was declared but never referenced

matmul_expr_128_1000_2048_0_32_1_1_256_1_1.cu(118): warning: variable "output0h" was declared but never referenced

matmul_expr_128_1000_2048_3_32_1_1_256_1_1.cu(128): warning: variable "output_size0" was declared but never referenced

matmul_expr_128_1000_2048_3_32_1_1_256_1_1.cu(136): warning: variable "output0h" was declared but never referenced

matmul_expr_128_1000_2048_1_84_1_1_384_1_1.cu(85): warning: variable "output_size0" was declared but never referenced

matmul_expr_128_1000_2048_1_84_1_1_384_1_1.cu(93): warning: variable "output0h" was declared but never referenced

matmul_expr_128_1000_2048_7_32_1_1_384_1_1.cu(165): warning: variable "output_size0" was declared but never referenced

matmul_expr_128_1000_2048_7_32_1_1_384_1_1.cu(173): warning: variable "output0h" was declared but never referenced

matmul_expr_128_1000_2048_9_96_1_1_384_1_1.cu(107): warning: variable "output_size0" was declared but never referenced

matmul_expr_128_1000_2048_9_96_1_1_384_1_1.cu(115): warning: variable "output0h" was declared but never referenced

matmul_expr_128_1000_2048_4_32_1_1_256_1_1.cu(117): warning: variable "output_size0" was declared but never referenced

matmul_expr_128_1000_2048_4_32_1_1_256_1_1.cu(125): warning: variable "output0h" was declared but never referenced

matmul_expr_128_1000_2048_2_84_1_1_384_1_1.cu(93): warning: variable "output_size0" was declared but never referenced

matmul_expr_128_1000_2048_2_84_1_1_384_1_1.cu(101): warning: variable "output0h" was declared but never referenced

matmul_expr_128_1000_2048_5_32_1_1_256_1_1.cu(146): warning: variable "output_size0" was declared but never referenced

matmul_expr_128_1000_2048_5_32_1_1_256_1_1.cu(154): warning: variable "output0h" was declared but never referenced

Namespace(arch='K80', backend='tvm', code_dir='roller_src/matmul', data_type='float32', eval_bar=[1, 5, 10, 20, 50], fuse=False, keep_tiny=False, num_threads=4, op='matmul_expr', padding_threshold_cap=1.0, reg_tiling=True, rtile0_shape=[64, 128, 32], rtile1_shape=[8, 8, 1], rtile2_shape=[1, 1, 1], schedule_fuse=False, shape=[128, 1000, 2048], smem_tiling=True, st_align=False, topk=10, use_artificial_rtile=False, use_tc=False)
IODependent:  True
failed to find results with padding threshold 0
found 6 results with threshold 0.2
found 6 results with threshold 0.4
found 10 results with threshold 0.6000000000000001
evaluating top 10 configs
{'y': [16, 4], 'x': [16, 4], 'k': [8, 1]}
{'y': [16, 4], 'x': [16, 4], 'k': [32, 1]}
{'y': [24, 4], 'x': [16, 4], 'k': [8, 1]}
{'y': [12, 2], 'x': [32, 2], 'k': [8, 1]}
{'y': [4, 16, 1], 'x': [4, 16, 1], 'k': [32, 1]}
{'y': [2, 12, 1], 'x': [2, 32, 1], 'k': [8, 1]}
{'y': [4, 24, 1], 'x': [4, 16, 1], 'k': [8, 1]}
{'y': [4, 16, 1], 'x': [4, 16, 1], 'k': [8, 1]}
updated self.tiling:  {'y': [1, 12, 2], 'x': [2, 32, 1], 'k': [8, 1]}
updated self.tiling:  {'y': [2, 24, 2], 'x': [4, 16, 1], 'k': [8, 1]}
updated self.tiling:  {'y': [1, 12, 2], 'x': [1, 32, 2], 'k': [8, 1]}
updated self.tiling:  {'y': [2, 16, 2], 'x': [4, 16, 1], 'k': [32, 1]}
updated self.tiling:  {'y': [2, 24, 2], 'x': [2, 16, 2], 'k': [8, 1]}
updated self.tiling:  {'y': [2, 16, 2], 'x': [4, 16, 1], 'k': [8, 1]}
updated self.tiling:  {'y': [2, 16, 2], 'x': [2, 16, 2], 'k': [32, 1]}
updated self.tiling:  {'y': [2, 16, 2], 'x': [2, 16, 2], 'k': [8, 1]}
{'y': [24, 4], 'x': [16, 4], 'k': [32, 1]}
{'y': [4, 24, 1], 'x': [4, 16, 1], 'k': [32, 1]}
updated self.tiling:  {'y': [2, 24, 2], 'x': [4, 16, 1], 'k': [32, 1]}
updated self.tiling:  {'y': [2, 24, 2], 'x': [2, 16, 2], 'k': [32, 1]}
{'y': [12, 2], 'x': [32, 2], 'k': [32, 1]}
{'y': [2, 12, 1], 'x': [2, 32, 1], 'k': [32, 1]}
{'y': [16, 2], 'x': [24, 2], 'k': [8, 1]}
{'y': [2, 16, 1], 'x': [2, 24, 1], 'k': [8, 1]}
updated self.tiling:  {'y': [1, 12, 2], 'x': [2, 32, 1], 'k': [32, 1]}
updated self.tiling:  {'y': [1, 12, 2], 'x': [1, 32, 2], 'k': [32, 1]}
updated self.tiling:  {'y': [1, 16, 2], 'x': [2, 24, 1], 'k': [8, 1]}
{'y': [8, 4], 'x': [32, 4], 'k': [8, 1]}
{'y': [4, 8, 1], 'x': [4, 32, 1], 'k': [8, 1]}
updated self.tiling:  {'y': [1, 16, 2], 'x': [1, 24, 2], 'k': [8, 1]}
updated self.tiling:  {'y': [2, 8, 2], 'x': [4, 32, 1], 'k': [8, 1]}
updated self.tiling:  {'y': [2, 8, 2], 'x': [2, 32, 2], 'k': [8, 1]}
{'y': [16, 2], 'x': [24, 2], 'k': [32, 1]}
{'y': [2, 16, 1], 'x': [2, 24, 1], 'k': [32, 1]}
updated self.tiling:  {'y': [1, 16, 2], 'x': [2, 24, 1], 'k': [32, 1]}
updated self.tiling:  {'y': [1, 16, 2], 'x': [1, 24, 2], 'k': [32, 1]}
{'y': [8, 4], 'x': [32, 4], 'k': [32, 1]}
{'y': [4, 8, 1], 'x': [4, 32, 1], 'k': [32, 1]}
updated self.tiling:  {'y': [2, 8, 2], 'x': [4, 32, 1], 'k': [32, 1]}
updated self.tiling:  {'y': [2, 8, 2], 'x': [2, 32, 2], 'k': [32, 1]}
top1 time: 0.5475399999999999 ms
top10 time: 0.5475399999999999 ms
best idx: 0
best config: [level 0: [tile: [64, 64]; step: [8]]][level 1: [tile: [4, 4]; step: [1]]][level 2: [tile: [1, 1]; step: [1]]]
top1 compile time: 0.003539562225341797 s
top10 compile time: 12.236630916595459 s
