WARNING:tensorflow:From element.py:9: The name tf.logging.set_verbosity is deprecated. Please use tf.compat.v1.logging.set_verbosity instead.

WARNING:tensorflow:From element.py:9: The name tf.logging.ERROR is deprecated. Please use tf.compat.v1.logging.ERROR instead.

2021-12-14 05:09:16.501794: I tensorflow/stream_executor/platform/default/dso_loader.cc:44] Successfully opened dynamic library libcuda.so.1
2021-12-14 05:09:16.639562: I tensorflow/core/common_runtime/gpu/gpu_device.cc:1639] Found device 0 with properties: 
name: Tesla K80 major: 3 minor: 7 memoryClockRate(GHz): 0.8235
pciBusID: a8d3:00:00.0
2021-12-14 05:09:16.639938: I tensorflow/stream_executor/platform/default/dso_loader.cc:44] Successfully opened dynamic library libcudart.so.10.0
2021-12-14 05:09:16.641691: I tensorflow/stream_executor/platform/default/dso_loader.cc:44] Successfully opened dynamic library libcublas.so.10.0
2021-12-14 05:09:16.643269: I tensorflow/stream_executor/platform/default/dso_loader.cc:44] Successfully opened dynamic library libcufft.so.10.0
2021-12-14 05:09:16.643624: I tensorflow/stream_executor/platform/default/dso_loader.cc:44] Successfully opened dynamic library libcurand.so.10.0
2021-12-14 05:09:16.645765: I tensorflow/stream_executor/platform/default/dso_loader.cc:44] Successfully opened dynamic library libcusolver.so.10.0
2021-12-14 05:09:16.647324: I tensorflow/stream_executor/platform/default/dso_loader.cc:44] Successfully opened dynamic library libcusparse.so.10.0
2021-12-14 05:09:16.652307: I tensorflow/stream_executor/platform/default/dso_loader.cc:44] Successfully opened dynamic library libcudnn.so.7
2021-12-14 05:09:16.655708: I tensorflow/core/common_runtime/gpu/gpu_device.cc:1767] Adding visible gpu devices: 0
2021-12-14 05:09:16.656180: I tensorflow/core/platform/cpu_feature_guard.cc:142] Your CPU supports instructions that this TensorFlow binary was not compiled to use: AVX2 FMA
2021-12-14 05:09:16.666324: I tensorflow/core/platform/profile_utils/cpu_utils.cc:94] CPU Frequency: 2596990000 Hz
2021-12-14 05:09:16.669573: I tensorflow/compiler/xla/service/service.cc:168] XLA service 0x560edc233c20 initialized for platform Host (this does not guarantee that XLA will be used). Devices:
2021-12-14 05:09:16.669639: I tensorflow/compiler/xla/service/service.cc:176]   StreamExecutor device (0): Host, Default Version
2021-12-14 05:09:16.816010: I tensorflow/compiler/xla/service/service.cc:168] XLA service 0x560edadd6370 initialized for platform CUDA (this does not guarantee that XLA will be used). Devices:
2021-12-14 05:09:16.816063: I tensorflow/compiler/xla/service/service.cc:176]   StreamExecutor device (0): Tesla K80, Compute Capability 3.7
2021-12-14 05:09:16.822963: I tensorflow/core/common_runtime/gpu/gpu_device.cc:1639] Found device 0 with properties: 
name: Tesla K80 major: 3 minor: 7 memoryClockRate(GHz): 0.8235
pciBusID: a8d3:00:00.0
2021-12-14 05:09:16.823093: I tensorflow/stream_executor/platform/default/dso_loader.cc:44] Successfully opened dynamic library libcudart.so.10.0
2021-12-14 05:09:16.823120: I tensorflow/stream_executor/platform/default/dso_loader.cc:44] Successfully opened dynamic library libcublas.so.10.0
2021-12-14 05:09:16.823142: I tensorflow/stream_executor/platform/default/dso_loader.cc:44] Successfully opened dynamic library libcufft.so.10.0
2021-12-14 05:09:16.823158: I tensorflow/stream_executor/platform/default/dso_loader.cc:44] Successfully opened dynamic library libcurand.so.10.0
2021-12-14 05:09:16.823173: I tensorflow/stream_executor/platform/default/dso_loader.cc:44] Successfully opened dynamic library libcusolver.so.10.0
2021-12-14 05:09:16.823186: I tensorflow/stream_executor/platform/default/dso_loader.cc:44] Successfully opened dynamic library libcusparse.so.10.0
2021-12-14 05:09:16.823215: I tensorflow/stream_executor/platform/default/dso_loader.cc:44] Successfully opened dynamic library libcudnn.so.7
2021-12-14 05:09:16.826902: I tensorflow/core/common_runtime/gpu/gpu_device.cc:1767] Adding visible gpu devices: 0
2021-12-14 05:09:16.826999: I tensorflow/stream_executor/platform/default/dso_loader.cc:44] Successfully opened dynamic library libcudart.so.10.0
2021-12-14 05:09:16.830319: I tensorflow/core/common_runtime/gpu/gpu_device.cc:1180] Device interconnect StreamExecutor with strength 1 edge matrix:
2021-12-14 05:09:16.830356: I tensorflow/core/common_runtime/gpu/gpu_device.cc:1186]      0 
2021-12-14 05:09:16.830368: I tensorflow/core/common_runtime/gpu/gpu_device.cc:1199] 0:   N 
2021-12-14 05:09:16.833108: I tensorflow/core/common_runtime/gpu/gpu_device.cc:1325] Created TensorFlow device (/job:localhost/replica:0/task:0/device:GPU:0 with 10805 MB memory) -> physical GPU (device: 0, name: Tesla K80, pci bus id: a8d3:00:00.0, compute capability: 3.7)
N, C, H, W, repeat_time: 128 256 14 14 100000
is eager mode:  True
0.3463677620887756 ms on avg
