WARNING:tensorflow:From element.py:9: The name tf.logging.set_verbosity is deprecated. Please use tf.compat.v1.logging.set_verbosity instead.

WARNING:tensorflow:From element.py:9: The name tf.logging.ERROR is deprecated. Please use tf.compat.v1.logging.ERROR instead.

2021-12-14 05:44:30.070238: I tensorflow/stream_executor/platform/default/dso_loader.cc:44] Successfully opened dynamic library libcuda.so.1
2021-12-14 05:44:30.153512: I tensorflow/core/common_runtime/gpu/gpu_device.cc:1639] Found device 0 with properties: 
name: Tesla K80 major: 3 minor: 7 memoryClockRate(GHz): 0.8235
pciBusID: a8d3:00:00.0
2021-12-14 05:44:30.153853: I tensorflow/stream_executor/platform/default/dso_loader.cc:44] Successfully opened dynamic library libcudart.so.10.0
2021-12-14 05:44:30.155579: I tensorflow/stream_executor/platform/default/dso_loader.cc:44] Successfully opened dynamic library libcublas.so.10.0
2021-12-14 05:44:30.157029: I tensorflow/stream_executor/platform/default/dso_loader.cc:44] Successfully opened dynamic library libcufft.so.10.0
2021-12-14 05:44:30.157388: I tensorflow/stream_executor/platform/default/dso_loader.cc:44] Successfully opened dynamic library libcurand.so.10.0
2021-12-14 05:44:30.159300: I tensorflow/stream_executor/platform/default/dso_loader.cc:44] Successfully opened dynamic library libcusolver.so.10.0
2021-12-14 05:44:30.160690: I tensorflow/stream_executor/platform/default/dso_loader.cc:44] Successfully opened dynamic library libcusparse.so.10.0
2021-12-14 05:44:30.165088: I tensorflow/stream_executor/platform/default/dso_loader.cc:44] Successfully opened dynamic library libcudnn.so.7
2021-12-14 05:44:30.167853: I tensorflow/core/common_runtime/gpu/gpu_device.cc:1767] Adding visible gpu devices: 0
2021-12-14 05:44:30.168294: I tensorflow/core/platform/cpu_feature_guard.cc:142] Your CPU supports instructions that this TensorFlow binary was not compiled to use: AVX2 FMA
2021-12-14 05:44:30.178262: I tensorflow/core/platform/profile_utils/cpu_utils.cc:94] CPU Frequency: 2596990000 Hz
2021-12-14 05:44:30.181281: I tensorflow/compiler/xla/service/service.cc:168] XLA service 0x562b39ce9310 initialized for platform Host (this does not guarantee that XLA will be used). Devices:
2021-12-14 05:44:30.181311: I tensorflow/compiler/xla/service/service.cc:176]   StreamExecutor device (0): Host, Default Version
2021-12-14 05:44:30.305893: I tensorflow/compiler/xla/service/service.cc:168] XLA service 0x562b3a10e900 initialized for platform CUDA (this does not guarantee that XLA will be used). Devices:
2021-12-14 05:44:30.305933: I tensorflow/compiler/xla/service/service.cc:176]   StreamExecutor device (0): Tesla K80, Compute Capability 3.7
2021-12-14 05:44:30.307255: I tensorflow/core/common_runtime/gpu/gpu_device.cc:1639] Found device 0 with properties: 
name: Tesla K80 major: 3 minor: 7 memoryClockRate(GHz): 0.8235
pciBusID: a8d3:00:00.0
2021-12-14 05:44:30.307327: I tensorflow/stream_executor/platform/default/dso_loader.cc:44] Successfully opened dynamic library libcudart.so.10.0
2021-12-14 05:44:30.307348: I tensorflow/stream_executor/platform/default/dso_loader.cc:44] Successfully opened dynamic library libcublas.so.10.0
2021-12-14 05:44:30.307363: I tensorflow/stream_executor/platform/default/dso_loader.cc:44] Successfully opened dynamic library libcufft.so.10.0
2021-12-14 05:44:30.307383: I tensorflow/stream_executor/platform/default/dso_loader.cc:44] Successfully opened dynamic library libcurand.so.10.0
2021-12-14 05:44:30.307399: I tensorflow/stream_executor/platform/default/dso_loader.cc:44] Successfully opened dynamic library libcusolver.so.10.0
2021-12-14 05:44:30.307421: I tensorflow/stream_executor/platform/default/dso_loader.cc:44] Successfully opened dynamic library libcusparse.so.10.0
2021-12-14 05:44:30.307440: I tensorflow/stream_executor/platform/default/dso_loader.cc:44] Successfully opened dynamic library libcudnn.so.7
2021-12-14 05:44:30.313939: I tensorflow/core/common_runtime/gpu/gpu_device.cc:1767] Adding visible gpu devices: 0
2021-12-14 05:44:30.314056: I tensorflow/stream_executor/platform/default/dso_loader.cc:44] Successfully opened dynamic library libcudart.so.10.0
2021-12-14 05:44:30.316838: I tensorflow/core/common_runtime/gpu/gpu_device.cc:1180] Device interconnect StreamExecutor with strength 1 edge matrix:
2021-12-14 05:44:30.316869: I tensorflow/core/common_runtime/gpu/gpu_device.cc:1186]      0 
2021-12-14 05:44:30.316880: I tensorflow/core/common_runtime/gpu/gpu_device.cc:1199] 0:   N 
2021-12-14 05:44:30.319287: I tensorflow/core/common_runtime/gpu/gpu_device.cc:1325] Created TensorFlow device (/job:localhost/replica:0/task:0/device:GPU:0 with 10805 MB memory) -> physical GPU (device: 0, name: Tesla K80, pci bus id: a8d3:00:00.0, compute capability: 3.7)
N, C, H, W, repeat_time: 128 168 42 42 100000
is eager mode:  True
2.134153790473938 ms on avg
