depthwiseconv_expr_S1D1P2_128_336_21_21_5_5_3_43008_1_1_288_1_1.cu(89): warning: variable "output_size0" was declared but never referenced

depthwiseconv_expr_S1D1P2_128_336_21_21_5_5_3_43008_1_1_288_1_1.cu(97): warning: variable "output0h" was declared but never referenced

depthwiseconv_expr_S1D1P2_128_336_21_21_5_5_8_32256_1_1_384_1_1.cu(87): warning: variable "output_size0" was declared but never referenced

depthwiseconv_expr_S1D1P2_128_336_21_21_5_5_8_32256_1_1_384_1_1.cu(95): warning: variable "output0h" was declared but never referenced

depthwiseconv_expr_S1D1P2_128_336_21_21_5_5_6_32256_1_1_384_1_1.cu(87): warning: variable "output_size0" was declared but never referenced

depthwiseconv_expr_S1D1P2_128_336_21_21_5_5_6_32256_1_1_384_1_1.cu(95): warning: variable "output0h" was declared but never referenced

depthwiseconv_expr_S1D1P2_128_336_21_21_5_5_0_129024_1_1_96_1_1.cu(87): warning: variable "output_size0" was declared but never referenced

depthwiseconv_expr_S1D1P2_128_336_21_21_5_5_0_129024_1_1_96_1_1.cu(95): warning: variable "output0h" was declared but never referenced

depthwiseconv_expr_S1D1P2_128_336_21_21_5_5_1_43008_1_1_288_1_1.cu(87): warning: variable "output_size0" was declared but never referenced

depthwiseconv_expr_S1D1P2_128_336_21_21_5_5_1_43008_1_1_288_1_1.cu(95): warning: variable "output0h" was declared but never referenced

depthwiseconv_expr_S1D1P2_128_336_21_21_5_5_9_64512_1_1_192_1_1.cu(89): warning: variable "output_size0" was declared but never referenced

depthwiseconv_expr_S1D1P2_128_336_21_21_5_5_9_64512_1_1_192_1_1.cu(97): warning: variable "output0h" was declared but never referenced

depthwiseconv_expr_S1D1P2_128_336_21_21_5_5_4_64512_1_1_192_1_1.cu(87): warning: variable "output_size0" was declared but never referenced

depthwiseconv_expr_S1D1P2_128_336_21_21_5_5_4_64512_1_1_192_1_1.cu(95): warning: variable "output0h" was declared but never referenced

depthwiseconv_expr_S1D1P2_128_336_21_21_5_5_7_26112_1_1_480_1_1.cu(105): warning: variable "output_size0" was declared but never referenced

depthwiseconv_expr_S1D1P2_128_336_21_21_5_5_7_26112_1_1_480_1_1.cu(113): warning: variable "output0h" was declared but never referenced

depthwiseconv_expr_S1D1P2_128_336_21_21_5_5_2_43008_1_1_288_1_1.cu(87): warning: variable "output_size0" was declared but never referenced

depthwiseconv_expr_S1D1P2_128_336_21_21_5_5_2_43008_1_1_288_1_1.cu(95): warning: variable "output0h" was declared but never referenced

Namespace(arch='K80', backend='tvm', code_dir='roller_src/depthwiseconv', data_type='float32', eval_bar=[1, 5, 10, 20, 50], fuse=False, keep_tiny=False, num_threads=4, op='depthwiseconv_expr_S1D1P2', padding_threshold_cap=1.0, reg_tiling=True, rtile0_shape=[64, 128, 32], rtile1_shape=[8, 8, 1], rtile2_shape=[1, 1, 1], schedule_fuse=True, shape=[128, 336, 21, 21, 5, 5], smem_tiling=True, st_align=False, topk=10, use_artificial_rtile=False, use_tc=False)
IODependent:  False
threshold 0
failed to find results with padding threshold 0
threshold 0.1
failed to find results with padding threshold 0.1
threshold 0.2
found 10 results in first round with threshold 0.2
evaluating top 10 configs
pad:  {'n': 0, 'c': 0, 'ho': 3, 'wo': 3, 'kh': 0, 'kw': 0}
pad:  {'n': 0, 'c': 0, 'ho': 3, 'wo': 3, 'kh': 0, 'kw': 0}
pad:  {'n': 0, 'c': 0, 'ho': 3, 'wo': 3, 'kh': 0, 'kw': 0}
pad:  {'n': 0, 'c': 0, 'ho': 3, 'wo': 3, 'kh': 0, 'kw': 0}
{'n': [2, 1], 'c': [1, 1], 'ho': [12, 1], 'wo': [12, 2], 'kh': [5, 1], 'kw': [5, 1]}
{'n': [1, 2, 1], 'c': [1, 1, 1], 'ho': [1, 12, 1], 'wo': [2, 12, 1], 'kh': [5, 1], 'kw': [5, 1]}
{'n': [1, 1], 'c': [4, 1], 'ho': [8, 1], 'wo': [12, 2], 'kh': [5, 1], 'kw': [5, 1]}
{'n': [1, 1, 1], 'c': [1, 4, 1], 'ho': [1, 8, 1], 'wo': [2, 12, 1], 'kh': [5, 1], 'kw': [5, 1]}
{'n': [1, 1], 'c': [1, 1], 'ho': [8, 1], 'wo': [12, 2], 'kh': [5, 1], 'kw': [5, 1]}
{'n': [1, 1, 1], 'c': [1, 1, 1], 'ho': [1, 8, 1], 'wo': [2, 12, 1], 'kh': [5, 1], 'kw': [5, 1]}
shared mem tiling is too small.
updated self.tiling:  {'n': [1, 2, 1], 'c': [1, 1, 1], 'ho': [1, 12, 1], 'wo': [2, 12, 1], 'kh': [5, 1], 'kw': [5, 1]}
shared mem tiling is too small.
updated self.tiling:  {'n': [1, 1, 1], 'c': [1, 4, 1], 'ho': [1, 8, 1], 'wo': [2, 12, 1], 'kh': [5, 1], 'kw': [5, 1]}
shared mem tiling is too small.
{'n': [2, 1], 'c': [2, 1], 'ho': [8, 1], 'wo': [12, 2], 'kh': [5, 1], 'kw': [5, 1]}
updated self.tiling:  {'n': [1, 2, 1], 'c': [1, 1, 1], 'ho': [1, 12, 1], 'wo': [2, 12, 1], 'kh': [5, 1], 'kw': [5, 1]}
{'n': [1, 2, 1], 'c': [1, 2, 1], 'ho': [1, 8, 1], 'wo': [2, 12, 1], 'kh': [5, 1], 'kw': [5, 1]}
shared mem tiling is too small.
updated self.tiling:  {'n': [1, 2, 1], 'c': [1, 1, 1], 'ho': [1, 12, 1], 'wo': [2, 12, 1], 'kh': [5, 1], 'kw': [5, 1]}
shared mem tiling is too small.
updated self.tiling:  {'n': [1, 2, 1], 'c': [1, 1, 1], 'ho': [1, 12, 1], 'wo': [1, 12, 2], 'kh': [5, 1], 'kw': [5, 1]}
shared mem tiling is too small.
updated self.tiling:  {'n': [1, 1, 1], 'c': [1, 4, 1], 'ho': [1, 8, 1], 'wo': [2, 12, 1], 'kh': [5, 1], 'kw': [5, 1]}
updated self.tiling:  {'n': [1, 2, 1], 'c': [1, 2, 1], 'ho': [1, 8, 1], 'wo': [2, 12, 1], 'kh': [5, 1], 'kw': [5, 1]}
shared mem tiling is too small.
updated self.tiling:  {'n': [1, 1, 1], 'c': [1, 1, 1], 'ho': [1, 8, 1], 'wo': [2, 12, 1], 'kh': [5, 1], 'kw': [5, 1]}
shared mem tiling is too small.
updated self.tiling:  {'n': [1, 2, 1], 'c': [1, 2, 1], 'ho': [1, 8, 1], 'wo': [2, 12, 1], 'kh': [5, 1], 'kw': [5, 1]}
shared mem tiling is too small.
shared mem tiling is too small.
updated self.tiling:  {'n': [1, 1, 1], 'c': [1, 4, 1], 'ho': [1, 8, 1], 'wo': [2, 12, 1], 'kh': [5, 1], 'kw': [5, 1]}
updated self.tiling:  {'n': [1, 1, 1], 'c': [1, 1, 1], 'ho': [1, 8, 1], 'wo': [2, 12, 1], 'kh': [5, 1], 'kw': [5, 1]}
shared mem tiling is too small.
updated self.tiling:  {'n': [1, 1, 1], 'c': [1, 1, 1], 'ho': [1, 8, 1], 'wo': [2, 12, 1], 'kh': [5, 1], 'kw': [5, 1]}
shared mem tiling is too small.
updated self.tiling:  {'n': [1, 2, 1], 'c': [1, 2, 1], 'ho': [1, 8, 1], 'wo': [2, 12, 1], 'kh': [5, 1], 'kw': [5, 1]}
updated self.tiling:  {'n': [1, 1, 1], 'c': [1, 4, 1], 'ho': [1, 8, 1], 'wo': [1, 12, 2], 'kh': [5, 1], 'kw': [5, 1]}
updated self.tiling:  {'n': [1, 1, 1], 'c': [1, 1, 1], 'ho': [1, 8, 1], 'wo': [1, 12, 2], 'kh': [5, 1], 'kw': [5, 1]}
updated self.tiling:  {'n': [1, 2, 1], 'c': [1, 2, 1], 'ho': [1, 8, 1], 'wo': [1, 12, 2], 'kh': [5, 1], 'kw': [5, 1]}
pad:  {'n': 0, 'c': 0, 'ho': 3, 'wo': 3, 'kh': 0, 'kw': 0}
{'n': [1, 1], 'c': [1, 1], 'ho': [24, 1], 'wo': [12, 2], 'kh': [5, 1], 'kw': [5, 1]}
{'n': [1, 1, 1], 'c': [1, 1, 1], 'ho': [1, 24, 1], 'wo': [2, 12, 1], 'kh': [5, 1], 'kw': [5, 1]}
shared mem tiling is too small.
updated self.tiling:  {'n': [1, 1, 1], 'c': [1, 1, 1], 'ho': [1, 24, 1], 'wo': [2, 12, 1], 'kh': [5, 1], 'kw': [5, 1]}
shared mem tiling is too small.
updated self.tiling:  {'n': [1, 1, 1], 'c': [1, 1, 1], 'ho': [1, 24, 1], 'wo': [2, 12, 1], 'kh': [5, 1], 'kw': [5, 1]}
shared mem tiling is too small.
updated self.tiling:  {'n': [1, 1, 1], 'c': [1, 1, 1], 'ho': [1, 24, 1], 'wo': [2, 12, 1], 'kh': [5, 1], 'kw': [5, 1]}
updated self.tiling:  {'n': [1, 1, 1], 'c': [1, 1, 1], 'ho': [1, 24, 1], 'wo': [1, 12, 2], 'kh': [5, 1], 'kw': [5, 1]}
pad:  {'n': 0, 'c': 0, 'ho': 3, 'wo': 3, 'kh': 0, 'kw': 0}
pad:  {'n': 0, 'c': 4, 'ho': 3, 'wo': 3, 'kh': 0, 'kw': 0}
{'n': [2, 1], 'c': [1, 1], 'ho': [8, 1], 'wo': [12, 2], 'kh': [5, 1], 'kw': [5, 1]}
{'n': [1, 2, 1], 'c': [1, 1, 1], 'ho': [1, 8, 1], 'wo': [2, 12, 1], 'kh': [5, 1], 'kw': [5, 1]}
pad:  {'n': 0, 'c': 0, 'ho': 3, 'wo': 3, 'kh': 0, 'kw': 0}
shared mem tiling is too small.
updated self.tiling:  {'n': [1, 2, 1], 'c': [1, 1, 1], 'ho': [1, 8, 1], 'wo': [2, 12, 1], 'kh': [5, 1], 'kw': [5, 1]}
shared mem tiling is too small.
updated self.tiling:  {'n': [1, 2, 1], 'c': [1, 1, 1], 'ho': [1, 8, 1], 'wo': [2, 12, 1], 'kh': [5, 1], 'kw': [5, 1]}
shared mem tiling is too small.
updated self.tiling:  {'n': [1, 2, 1], 'c': [1, 1, 1], 'ho': [1, 8, 1], 'wo': [2, 12, 1], 'kh': [5, 1], 'kw': [5, 1]}
{'n': [1, 1], 'c': [5, 1], 'ho': [8, 1], 'wo': [12, 2], 'kh': [5, 1], 'kw': [5, 1]}
updated self.tiling:  {'n': [1, 2, 1], 'c': [1, 1, 1], 'ho': [1, 8, 1], 'wo': [1, 12, 2], 'kh': [5, 1], 'kw': [5, 1]}
{'n': [1, 1, 1], 'c': [1, 5, 1], 'ho': [1, 8, 1], 'wo': [2, 12, 1], 'kh': [5, 1], 'kw': [5, 1]}
{'n': [1, 1], 'c': [2, 1], 'ho': [8, 1], 'wo': [12, 2], 'kh': [5, 1], 'kw': [5, 1]}
{'n': [1, 1, 1], 'c': [1, 2, 1], 'ho': [1, 8, 1], 'wo': [2, 12, 1], 'kh': [5, 1], 'kw': [5, 1]}
shared mem tiling is too small.
updated self.tiling:  {'n': [1, 1, 1], 'c': [1, 2, 1], 'ho': [1, 8, 1], 'wo': [2, 12, 1], 'kh': [5, 1], 'kw': [5, 1]}
shared mem tiling is too small.
updated self.tiling:  {'n': [1, 1, 1], 'c': [1, 2, 1], 'ho': [1, 8, 1], 'wo': [2, 12, 1], 'kh': [5, 1], 'kw': [5, 1]}
shared mem tiling is too small.
updated self.tiling:  {'n': [1, 1, 1], 'c': [1, 2, 1], 'ho': [1, 8, 1], 'wo': [2, 12, 1], 'kh': [5, 1], 'kw': [5, 1]}
updated self.tiling:  {'n': [1, 1, 1], 'c': [1, 2, 1], 'ho': [1, 8, 1], 'wo': [1, 12, 2], 'kh': [5, 1], 'kw': [5, 1]}
shared mem tiling is too small.
updated self.tiling:  {'n': [1, 1, 1], 'c': [1, 5, 1], 'ho': [1, 8, 1], 'wo': [2, 12, 1], 'kh': [5, 1], 'kw': [5, 1]}
shared mem tiling is too small.
updated self.tiling:  {'n': [1, 1, 1], 'c': [1, 5, 1], 'ho': [1, 8, 1], 'wo': [2, 12, 1], 'kh': [5, 1], 'kw': [5, 1]}
shared mem tiling is too small.
updated self.tiling:  {'n': [1, 1, 1], 'c': [1, 5, 1], 'ho': [1, 8, 1], 'wo': [2, 12, 1], 'kh': [5, 1], 'kw': [5, 1]}
updated self.tiling:  {'n': [1, 1, 1], 'c': [1, 5, 1], 'ho': [1, 8, 1], 'wo': [1, 12, 2], 'kh': [5, 1], 'kw': [5, 1]}
pad:  {'n': 0, 'c': 0, 'ho': 3, 'wo': 3, 'kh': 0, 'kw': 0}
{'n': [1, 1], 'c': [2, 1], 'ho': [12, 1], 'wo': [12, 2], 'kh': [5, 1], 'kw': [5, 1]}
{'n': [1, 1, 1], 'c': [1, 2, 1], 'ho': [1, 12, 1], 'wo': [2, 12, 1], 'kh': [5, 1], 'kw': [5, 1]}
shared mem tiling is too small.
updated self.tiling:  {'n': [1, 1, 1], 'c': [1, 2, 1], 'ho': [1, 12, 1], 'wo': [2, 12, 1], 'kh': [5, 1], 'kw': [5, 1]}
shared mem tiling is too small.
updated self.tiling:  {'n': [1, 1, 1], 'c': [1, 2, 1], 'ho': [1, 12, 1], 'wo': [2, 12, 1], 'kh': [5, 1], 'kw': [5, 1]}
shared mem tiling is too small.
updated self.tiling:  {'n': [1, 1, 1], 'c': [1, 2, 1], 'ho': [1, 12, 1], 'wo': [2, 12, 1], 'kh': [5, 1], 'kw': [5, 1]}
updated self.tiling:  {'n': [1, 1, 1], 'c': [1, 2, 1], 'ho': [1, 12, 1], 'wo': [1, 12, 2], 'kh': [5, 1], 'kw': [5, 1]}
pad:  {'n': 0, 'c': 0, 'ho': 3, 'wo': 3, 'kh': 0, 'kw': 0}
{'n': [1, 1], 'c': [3, 1], 'ho': [8, 1], 'wo': [12, 2], 'kh': [5, 1], 'kw': [5, 1]}
{'n': [1, 1, 1], 'c': [1, 3, 1], 'ho': [1, 8, 1], 'wo': [2, 12, 1], 'kh': [5, 1], 'kw': [5, 1]}depthwiseconv_expr_S1D1P2_128_336_21_21_5_5_5_43008_1_1_288_1_1.cu(89): warning: variable "output_size0" was declared but never referenced

depthwiseconv_expr_S1D1P2_128_336_21_21_5_5_5_43008_1_1_288_1_1.cu(97): warning: variable "output0h" was declared but never referenced


shared mem tiling is too small.
updated self.tiling:  {'n': [1, 1, 1], 'c': [1, 3, 1], 'ho': [1, 8, 1], 'wo': [2, 12, 1], 'kh': [5, 1], 'kw': [5, 1]}
shared mem tiling is too small.
updated self.tiling:  {'n': [1, 1, 1], 'c': [1, 3, 1], 'ho': [1, 8, 1], 'wo': [2, 12, 1], 'kh': [5, 1], 'kw': [5, 1]}
shared mem tiling is too small.
updated self.tiling:  {'n': [1, 1, 1], 'c': [1, 3, 1], 'ho': [1, 8, 1], 'wo': [2, 12, 1], 'kh': [5, 1], 'kw': [5, 1]}
updated self.tiling:  {'n': [1, 1, 1], 'c': [1, 3, 1], 'ho': [1, 8, 1], 'wo': [1, 12, 2], 'kh': [5, 1], 'kw': [5, 1]}
top1 time: 5.4284 ms
top10 time: 5.2404 ms
best idx: 1
best config: [level 0: [tile: [1, 1, 24, 24]; step: [5, 5]]][level 1: [tile: [1, 1, 1, 2]; step: [1, 1]]][level 2: [tile: [1, 1, 1, 1]; step: [1, 1]]]
top1 compile time: 0.007458925247192383 s
top10 compile time: 8.69547963142395 s
