depthwiseconv_expr_S1D1P1_128_168_42_42_3_3_0_236544_1_1_96_1_1.cu(89): warning: variable "output_size0" was declared but never referenced

depthwiseconv_expr_S1D1P1_128_168_42_42_3_3_0_236544_1_1_96_1_1.cu(97): warning: variable "output0h" was declared but never referenced

depthwiseconv_expr_S1D1P1_128_168_42_42_3_3_8_75264_1_1_288_1_1.cu(75): warning: variable "output_size0" was declared but never referenced

depthwiseconv_expr_S1D1P1_128_168_42_42_3_3_8_75264_1_1_288_1_1.cu(83): warning: variable "output0h" was declared but never referenced

depthwiseconv_expr_S1D1P1_128_168_42_42_3_3_3_64512_1_1_384_1_1.cu(89): warning: variable "output_size0" was declared but never referenced

depthwiseconv_expr_S1D1P1_128_168_42_42_3_3_3_64512_1_1_384_1_1.cu(97): warning: variable "output0h" was declared but never referenced

depthwiseconv_expr_S1D1P1_128_168_42_42_3_3_6_64512_1_1_384_1_1.cu(87): warning: variable "output_size0" was declared but never referenced

depthwiseconv_expr_S1D1P1_128_168_42_42_3_3_6_64512_1_1_384_1_1.cu(95): warning: variable "output0h" was declared but never referenced

depthwiseconv_expr_S1D1P1_128_168_42_42_3_3_1_129024_1_1_192_1_1.cu(89): warning: variable "output_size0" was declared but never referenced

depthwiseconv_expr_S1D1P1_128_168_42_42_3_3_1_129024_1_1_192_1_1.cu(97): warning: variable "output0h" was declared but never referenced

depthwiseconv_expr_S1D1P1_128_168_42_42_3_3_9_75264_1_1_288_1_1.cu(77): warning: variable "output_size0" was declared but never referenced

depthwiseconv_expr_S1D1P1_128_168_42_42_3_3_9_75264_1_1_288_1_1.cu(85): warning: variable "output0h" was declared but never referenced

depthwiseconv_expr_S1D1P1_128_168_42_42_3_3_7_64512_1_1_384_1_1.cu(89): warning: variable "output_size0" was declared but never referenced

depthwiseconv_expr_S1D1P1_128_168_42_42_3_3_7_64512_1_1_384_1_1.cu(97): warning: variable "output0h" was declared but never referenced

depthwiseconv_expr_S1D1P1_128_168_42_42_3_3_4_53760_1_1_480_1_1.cu(87): warning: variable "output_size0" was declared but never referenced

depthwiseconv_expr_S1D1P1_128_168_42_42_3_3_4_53760_1_1_480_1_1.cu(95): warning: variable "output0h" was declared but never referenced

depthwiseconv_expr_S1D1P1_128_168_42_42_3_3_2_86016_1_1_288_1_1.cu(89): warning: variable "output_size0" was declared but never referenced

depthwiseconv_expr_S1D1P1_128_168_42_42_3_3_2_86016_1_1_288_1_1.cu(97): warning: variable "output0h" was declared but never referenced

Namespace(arch='K80', backend='tvm', code_dir='roller_src/depthwiseconv', data_type='float32', eval_bar=[1, 5, 10, 20, 50], fuse=False, keep_tiny=False, num_threads=4, op='depthwiseconv_expr_S1D1P1', padding_threshold_cap=1.0, reg_tiling=True, rtile0_shape=[64, 128, 32], rtile1_shape=[8, 8, 1], rtile2_shape=[1, 1, 1], schedule_fuse=True, shape=[128, 168, 42, 42, 3, 3], smem_tiling=True, st_align=False, topk=10, use_artificial_rtile=False, use_tc=False)
IODependent:  False
threshold 0
failed to find results with padding threshold 0
threshold 0.1
failed to find results with padding threshold 0.1
threshold 0.2
found 10 results in first round with threshold 0.2
evaluating top 10 configs
pad:  {'n': 0, 'c': 0, 'ho': 6, 'wo': 6, 'kh': 0, 'kw': 0}
pad:  {'n': 0, 'c': 0, 'ho': 6, 'wo': 6, 'kh': 0, 'kw': 0}
pad:  {'n': 0, 'c': 0, 'ho': 0, 'wo': 6, 'kh': 0, 'kw': 0}
pad:  {'n': 0, 'c': 0, 'ho': 2, 'wo': 6, 'kh': 0, 'kw': 0}
{'n': [1, 1], 'c': [2, 1], 'ho': [8, 1], 'wo': [24, 2], 'kh': [3, 1], 'kw': [3, 1]}
{'n': [1, 1, 1], 'c': [1, 2, 1], 'ho': [1, 8, 1], 'wo': [2, 24, 1], 'kh': [3, 1], 'kw': [3, 1]}
shared mem tiling is too small.
updated self.tiling:  {'n': [1, 1, 1], 'c': [1, 2, 1], 'ho': [1, 8, 1], 'wo': [2, 24, 1], 'kh': [3, 1], 'kw': [3, 1]}
shared mem tiling is too small.
updated self.tiling:  {'n': [1, 1, 1], 'c': [1, 2, 1], 'ho': [1, 8, 1], 'wo': [2, 24, 1], 'kh': [3, 1], 'kw': [3, 1]}
{'n': [1, 1], 'c': [2, 1], 'ho': [6, 1], 'wo': [24, 2], 'kh': [3, 1], 'kw': [3, 1]}
shared mem tiling is too small.
updated self.tiling:  {'n': [1, 1, 1], 'c': [1, 2, 1], 'ho': [1, 8, 1], 'wo': [2, 24, 1], 'kh': [3, 1], 'kw': [3, 1]}
{'n': [1, 1, 1], 'c': [1, 2, 1], 'ho': [1, 6, 1], 'wo': [2, 24, 1], 'kh': [3, 1], 'kw': [3, 1]}
{'n': [1, 1], 'c': [1, 1], 'ho': [4, 1], 'wo': [24, 2], 'kh': [3, 1], 'kw': [3, 1]}
{'n': [1, 1, 1], 'c': [1, 1, 1], 'ho': [1, 4, 1], 'wo': [2, 24, 1], 'kh': [3, 1], 'kw': [3, 1]}
updated self.tiling:  {'n': [1, 1, 1], 'c': [1, 2, 1], 'ho': [1, 8, 1], 'wo': [1, 24, 2], 'kh': [3, 1], 'kw': [3, 1]}
{'n': [1, 1], 'c': [1, 1], 'ho': [16, 1], 'wo': [24, 2], 'kh': [3, 1], 'kw': [3, 1]}
shared mem tiling is too small.
{'n': [1, 1, 1], 'c': [1, 1, 1], 'ho': [1, 16, 1], 'wo': [2, 24, 1], 'kh': [3, 1], 'kw': [3, 1]}
shared mem tiling is too small.
updated self.tiling:  {'n': [1, 1, 1], 'c': [1, 2, 1], 'ho': [1, 6, 1], 'wo': [2, 24, 1], 'kh': [3, 1], 'kw': [3, 1]}
updated self.tiling:  {'n': [1, 1, 1], 'c': [1, 1, 1], 'ho': [1, 4, 1], 'wo': [2, 24, 1], 'kh': [3, 1], 'kw': [3, 1]}
shared mem tiling is too small.
updated self.tiling:  {'n': [1, 1, 1], 'c': [1, 1, 1], 'ho': [1, 4, 1], 'wo': [2, 24, 1], 'kh': [3, 1], 'kw': [3, 1]}
shared mem tiling is too small.
updated self.tiling:  {'n': [1, 1, 1], 'c': [1, 2, 1], 'ho': [1, 6, 1], 'wo': [2, 24, 1], 'kh': [3, 1], 'kw': [3, 1]}
shared mem tiling is too small.
shared mem tiling is too small.
updated self.tiling:  {'n': [1, 1, 1], 'c': [1, 1, 1], 'ho': [1, 4, 1], 'wo': [2, 24, 1], 'kh': [3, 1], 'kw': [3, 1]}
updated self.tiling:  {'n': [1, 1, 1], 'c': [1, 1, 1], 'ho': [1, 16, 1], 'wo': [2, 24, 1], 'kh': [3, 1], 'kw': [3, 1]}
shared mem tiling is too small.
updated self.tiling:  {'n': [1, 1, 1], 'c': [1, 2, 1], 'ho': [1, 6, 1], 'wo': [2, 24, 1], 'kh': [3, 1], 'kw': [3, 1]}
updated self.tiling:  {'n': [1, 1, 1], 'c': [1, 1, 1], 'ho': [1, 4, 1], 'wo': [1, 24, 2], 'kh': [3, 1], 'kw': [3, 1]}
shared mem tiling is too small.
updated self.tiling:  {'n': [1, 1, 1], 'c': [1, 1, 1], 'ho': [1, 16, 1], 'wo': [2, 24, 1], 'kh': [3, 1], 'kw': [3, 1]}
shared mem tiling is too small.
updated self.tiling:  {'n': [1, 1, 1], 'c': [1, 2, 1], 'ho': [1, 6, 1], 'wo': [1, 24, 2], 'kh': [3, 1], 'kw': [3, 1]}
updated self.tiling:  {'n': [1, 1, 1], 'c': [1, 1, 1], 'ho': [1, 16, 1], 'wo': [2, 24, 1], 'kh': [3, 1], 'kw': [3, 1]}
updated self.tiling:  {'n': [1, 1, 1], 'c': [1, 1, 1], 'ho': [1, 16, 1], 'wo': [1, 24, 2], 'kh': [3, 1], 'kw': [3, 1]}
pad:  {'n': 0, 'c': 0, 'ho': 6, 'wo': 6, 'kh': 0, 'kw': 0}
{'n': [1, 1], 'c': [1, 1], 'ho': [8, 1], 'wo': [24, 2], 'kh': [3, 1], 'kw': [3, 1]}
{'n': [1, 1, 1], 'c': [1, 1, 1], 'ho': [1, 8, 1], 'wo': [2, 24, 1], 'kh': [3, 1], 'kw': [3, 1]}
shared mem tiling is too small.
updated self.tiling:  {'n': [1, 1, 1], 'c': [1, 1, 1], 'ho': [1, 8, 1], 'wo': [2, 24, 1], 'kh': [3, 1], 'kw': [3, 1]}
shared mem tiling is too small.
updated self.tiling:  {'n': [1, 1, 1], 'c': [1, 1, 1], 'ho': [1, 8, 1], 'wo': [2, 24, 1], 'kh': [3, 1], 'kw': [3, 1]}
shared mem tiling is too small.
updated self.tiling:  {'n': [1, 1, 1], 'c': [1, 1, 1], 'ho': [1, 8, 1], 'wo': [2, 24, 1], 'kh': [3, 1], 'kw': [3, 1]}
updated self.tiling:  {'n': [1, 1, 1], 'c': [1, 1, 1], 'ho': [1, 8, 1], 'wo': [1, 24, 2], 'kh': [3, 1], 'kw': [3, 1]}
pad:  {'n': 0, 'c': 0, 'ho': 0, 'wo': 6, 'kh': 0, 'kw': 0}
pad:  {'n': 0, 'c': 0, 'ho': 6, 'wo': 6, 'kh': 0, 'kw': 0}
pad:  {'n': 0, 'c': 0, 'ho': 8, 'wo': 6, 'kh': 0, 'kw': 0}
{'n': [2, 1], 'c': [1, 1], 'ho': [6, 1], 'wo': [24, 2], 'kh': [3, 1], 'kw': [3, 1]}
{'n': [1, 2, 1], 'c': [1, 1, 1], 'ho': [1, 6, 1], 'wo': [2, 24, 1], 'kh': [3, 1], 'kw': [3, 1]}
{'n': [2, 1], 'c': [1, 1], 'ho': [8, 1], 'wo': [24, 2], 'kh': [3, 1], 'kw': [3, 1]}
{'n': [1, 2, 1], 'c': [1, 1, 1], 'ho': [1, 8, 1], 'wo': [2, 24, 1], 'kh': [3, 1], 'kw': [3, 1]}
shared mem tiling is too small.
updated self.tiling:  {'n': [1, 2, 1], 'c': [1, 1, 1], 'ho': [1, 6, 1], 'wo': [2, 24, 1], 'kh': [3, 1], 'kw': [3, 1]}
shared mem tiling is too small.
updated self.tiling:  {'n': [1, 2, 1], 'c': [1, 1, 1], 'ho': [1, 6, 1], 'wo': [2, 24, 1], 'kh': [3, 1], 'kw': [3, 1]}
shared mem tiling is too small.
updated self.tiling:  {'n': [1, 2, 1], 'c': [1, 1, 1], 'ho': [1, 6, 1], 'wo': [2, 24, 1], 'kh': [3, 1], 'kw': [3, 1]}
shared mem tiling is too small.
updated self.tiling:  {'n': [1, 2, 1], 'c': [1, 1, 1], 'ho': [1, 8, 1], 'wo': [2, 24, 1], 'kh': [3, 1], 'kw': [3, 1]}
updated self.tiling:  {'n': [1, 2, 1], 'c': [1, 1, 1], 'ho': [1, 6, 1], 'wo': [1, 24, 2], 'kh': [3, 1], 'kw': [3, 1]}
shared mem tiling is too small.
updated self.tiling:  {'n': [1, 2, 1], 'c': [1, 1, 1], 'ho': [1, 8, 1], 'wo': [2, 24, 1], 'kh': [3, 1], 'kw': [3, 1]}
shared mem tiling is too small.
updated self.tiling:  {'n': [1, 2, 1], 'c': [1, 1, 1], 'ho': [1, 8, 1], 'wo': [2, 24, 1], 'kh': [3, 1], 'kw': [3, 1]}
updated self.tiling:  {'n': [1, 2, 1], 'c': [1, 1, 1], 'ho': [1, 8, 1], 'wo': [1, 24, 2], 'kh': [3, 1], 'kw': [3, 1]}
{'n': [1, 1], 'c': [2, 1], 'ho': [10, 1], 'wo': [24, 2], 'kh': [3, 1], 'kw': [3, 1]}
{'n': [1, 1, 1], 'c': [1, 2, 1], 'ho': [1, 10, 1], 'wo': [2, 24, 1], 'kh': [3, 1], 'kw': [3, 1]}
shared mem tiling is too small.
updated self.tiling:  {'n': [1, 1, 1], 'c': [1, 2, 1], 'ho': [1, 10, 1], 'wo': [2, 24, 1], 'kh': [3, 1], 'kw': [3, 1]}
shared mem tiling is too small.
updated self.tiling:  {'n': [1, 1, 1], 'c': [1, 2, 1], 'ho': [1, 10, 1], 'wo': [2, 24, 1], 'kh': [3, 1], 'kw': [3, 1]}
shared mem tiling is too small.
updated self.tiling:  {'n': [1, 1, 1], 'c': [1, 2, 1], 'ho': [1, 10, 1], 'wo': [2, 24, 1], 'kh': [3, 1], 'kw': [3, 1]}
updated self.tiling:  {'n': [1, 1, 1], 'c': [1, 2, 1], 'ho': [1, 10, 1], 'wo': [1, 24, 2], 'kh': [3, 1], 'kw': [3, 1]}
pad:  {'n': 0, 'c': 0, 'ho': 6, 'wo': 6, 'kh': 0, 'kw': 0}
{'n': [1, 1], 'c': [1, 1], 'ho': [12, 1], 'wo': [24, 2], 'kh': [3, 1], 'kw': [3, 1]}
{'n': [1, 1, 1], 'c': [1, 1, 1], 'ho': [1, 12, 1], 'wo': [2, 24, 1], 'kh': [3, 1], 'kw': [3, 1]}
shared mem tiling is too small.
updated self.tiling:  {'n': [1, 1, 1], 'c': [1, 1, 1], 'ho': [1, 12, 1], 'wo': [2, 24, 1], 'kh': [3, 1], 'kw': [3, 1]}
shared mem tiling is too small.
updated self.tiling:  {'n': [1, 1, 1], 'c': [1, 1, 1], 'ho': [1, 12, 1], 'wo': [2, 24, 1], 'kh': [3, 1], 'kw': [3, 1]}
shared mem tiling is too small.
updated self.tiling:  {'n': [1, 1, 1], 'c': [1, 1, 1], 'ho': [1, 12, 1], 'wo': [2, 24, 1], 'kh': [3, 1], 'kw': [3, 1]}
updated self.tiling:  {'n': [1, 1, 1], 'c': [1, 1, 1], 'ho': [1, 12, 1], 'wo': [1, 24, 2], 'kh': [3, 1], 'kw': [3, 1]}
pad:  {'n': 0, 'c': 0, 'ho': 8, 'wo': 6, 'kh': 0, 'kw': 0}
{'n': [2, 1], 'c': [1, 1], 'ho': [10, 1], 'wo': [24, 2], 'kh': [3, 1], 'kw': [3, 1]}
{'n': [1, 2, 1], 'c': [1, 1, 1], 'ho': [1, 10, 1], 'wo': [2, 24, 1], 'kh': [3, 1], 'kw': [3, 1]}depthwiseconv_expr_S1D1P1_128_168_42_42_3_3_5_53760_1_1_480_1_1.cu(89): warning: variable "output_size0" was declared but never referenced

depthwiseconv_expr_S1D1P1_128_168_42_42_3_3_5_53760_1_1_480_1_1.cu(97): warning: variable "output0h" was declared but never referenced


shared mem tiling is too small.
updated self.tiling:  {'n': [1, 2, 1], 'c': [1, 1, 1], 'ho': [1, 10, 1], 'wo': [2, 24, 1], 'kh': [3, 1], 'kw': [3, 1]}
shared mem tiling is too small.
updated self.tiling:  {'n': [1, 2, 1], 'c': [1, 1, 1], 'ho': [1, 10, 1], 'wo': [2, 24, 1], 'kh': [3, 1], 'kw': [3, 1]}
shared mem tiling is too small.
updated self.tiling:  {'n': [1, 2, 1], 'c': [1, 1, 1], 'ho': [1, 10, 1], 'wo': [2, 24, 1], 'kh': [3, 1], 'kw': [3, 1]}
updated self.tiling:  {'n': [1, 2, 1], 'c': [1, 1, 1], 'ho': [1, 10, 1], 'wo': [1, 24, 2], 'kh': [3, 1], 'kw': [3, 1]}
top1 time: 5.1557 ms
top10 time: 4.0592 ms
best idx: 2
best config: [level 0: [tile: [1, 1, 12, 48]; step: [3, 3]]][level 1: [tile: [1, 1, 1, 2]; step: [1, 1]]][level 2: [tile: [1, 1, 1, 1]; step: [1, 1]]]
top1 compile time: 0.008108139038085938 s
top10 compile time: 9.182851791381836 s
