depthwiseconv_expr_S1D1P2_128_84_42_42_5_5_3_32256_1_1_384_1_1.cu(89): warning: variable "output_size0" was declared but never referenced

depthwiseconv_expr_S1D1P2_128_84_42_42_5_5_3_32256_1_1_384_1_1.cu(97): warning: variable "output0h" was declared but never referenced

depthwiseconv_expr_S1D1P2_128_84_42_42_5_5_6_32256_1_1_384_1_1.cu(87): warning: variable "output_size0" was declared but never referenced

depthwiseconv_expr_S1D1P2_128_84_42_42_5_5_6_32256_1_1_384_1_1.cu(95): warning: variable "output0h" was declared but never referenced

depthwiseconv_expr_S1D1P2_128_84_42_42_5_5_8_37632_1_1_288_1_1.cu(75): warning: variable "output_size0" was declared but never referenced

depthwiseconv_expr_S1D1P2_128_84_42_42_5_5_8_37632_1_1_288_1_1.cu(83): warning: variable "output0h" was declared but never referenced

depthwiseconv_expr_S1D1P2_128_84_42_42_5_5_0_118272_1_1_96_1_1.cu(87): warning: variable "output_size0" was declared but never referenced

depthwiseconv_expr_S1D1P2_128_84_42_42_5_5_0_118272_1_1_96_1_1.cu(95): warning: variable "output0h" was declared but never referenced

depthwiseconv_expr_S1D1P2_128_84_42_42_5_5_7_32256_1_1_384_1_1.cu(89): warning: variable "output_size0" was declared but never referenced

depthwiseconv_expr_S1D1P2_128_84_42_42_5_5_7_32256_1_1_384_1_1.cu(97): warning: variable "output0h" was declared but never referenced

depthwiseconv_expr_S1D1P2_128_84_42_42_5_5_1_64512_1_1_192_1_1.cu(89): warning: variable "output_size0" was declared but never referenced

depthwiseconv_expr_S1D1P2_128_84_42_42_5_5_1_64512_1_1_192_1_1.cu(97): warning: variable "output0h" was declared but never referenced

depthwiseconv_expr_S1D1P2_128_84_42_42_5_5_4_26880_1_1_480_1_1.cu(87): warning: variable "output_size0" was declared but never referenced

depthwiseconv_expr_S1D1P2_128_84_42_42_5_5_9_37632_1_1_288_1_1.cu(77): warning: variable "output_size0" was declared but never referenced

depthwiseconv_expr_S1D1P2_128_84_42_42_5_5_4_26880_1_1_480_1_1.cu(95): warning: variable "output0h" was declared but never referenced

depthwiseconv_expr_S1D1P2_128_84_42_42_5_5_9_37632_1_1_288_1_1.cu(85): warning: variable "output0h" was declared but never referenced

Namespace(arch='K80', backend='tvm', code_dir='roller_src/depthwiseconv', data_type='float32', eval_bar=[1, 5, 10, 20, 50], fuse=False, keep_tiny=False, num_threads=4, op='depthwiseconv_expr_S1D1P2', padding_threshold_cap=1.0, reg_tiling=True, rtile0_shape=[64, 128, 32], rtile1_shape=[8, 8, 1], rtile2_shape=[1, 1, 1], schedule_fuse=True, shape=[128, 84, 42, 42, 5, 5], smem_tiling=True, st_align=False, topk=10, use_artificial_rtile=False, use_tc=False)
IODependent:  False
threshold 0
failed to find results with padding threshold 0
threshold 0.1
failed to find results with padding threshold 0.1
threshold 0.2
found 10 results in first round with threshold 0.2
evaluating top 10 configs
pad:  {'n': 0, 'c': 0, 'ho': 0, 'wo': 6, 'kh': 0, 'kw': 0}
pad:  {'n': 0, 'c': 0, 'ho': 6, 'wo': 6, 'kh': 0, 'kw': 0}
pad:  {'n': 0, 'c': 0, 'ho': 6, 'wo': 6, 'kh': 0, 'kw': 0}
pad:  {'n': 0, 'c': 0, 'ho': 2, 'wo': 6, 'kh': 0, 'kw': 0}
{'n': [1, 1], 'c': [1, 1], 'ho': [4, 1], 'wo': [24, 2], 'kh': [5, 1], 'kw': [5, 1]}
{'n': [1, 1], 'c': [2, 1], 'ho': [8, 1], 'wo': [24, 2], 'kh': [5, 1], 'kw': [5, 1]}
{'n': [1, 1, 1], 'c': [1, 1, 1], 'ho': [1, 4, 1], 'wo': [2, 24, 1], 'kh': [5, 1], 'kw': [5, 1]}
{'n': [1, 1, 1], 'c': [1, 2, 1], 'ho': [1, 8, 1], 'wo': [2, 24, 1], 'kh': [5, 1], 'kw': [5, 1]}
{'n': [1, 1], 'c': [1, 1], 'ho': [16, 1], 'wo': [24, 2], 'kh': [5, 1], 'kw': [5, 1]}
{'n': [1, 1], 'c': [2, 1], 'ho': [6, 1], 'wo': [24, 2], 'kh': [5, 1], 'kw': [5, 1]}
{'n': [1, 1, 1], 'c': [1, 2, 1], 'ho': [1, 6, 1], 'wo': [2, 24, 1], 'kh': [5, 1], 'kw': [5, 1]}
{'n': [1, 1, 1], 'c': [1, 1, 1], 'ho': [1, 16, 1], 'wo': [2, 24, 1], 'kh': [5, 1], 'kw': [5, 1]}
shared mem tiling is too small.
updated self.tiling:  {'n': [1, 1, 1], 'c': [1, 1, 1], 'ho': [1, 4, 1], 'wo': [2, 24, 1], 'kh': [5, 1], 'kw': [5, 1]}
shared mem tiling is too small.
updated self.tiling:  {'n': [1, 1, 1], 'c': [1, 2, 1], 'ho': [1, 8, 1], 'wo': [2, 24, 1], 'kh': [5, 1], 'kw': [5, 1]}
shared mem tiling is too small.
updated self.tiling:  {'n': [1, 1, 1], 'c': [1, 1, 1], 'ho': [1, 4, 1], 'wo': [2, 24, 1], 'kh': [5, 1], 'kw': [5, 1]}
shared mem tiling is too small.
updated self.tiling:  {'n': [1, 1, 1], 'c': [1, 2, 1], 'ho': [1, 8, 1], 'wo': [2, 24, 1], 'kh': [5, 1], 'kw': [5, 1]}
shared mem tiling is too small.
shared mem tiling is too small.
updated self.tiling:  {'n': [1, 1, 1], 'c': [1, 1, 1], 'ho': [1, 4, 1], 'wo': [2, 24, 1], 'kh': [5, 1], 'kw': [5, 1]}
updated self.tiling:  {'n': [1, 1, 1], 'c': [1, 2, 1], 'ho': [1, 8, 1], 'wo': [2, 24, 1], 'kh': [5, 1], 'kw': [5, 1]}
shared mem tiling is too small.
updated self.tiling:  {'n': [1, 1, 1], 'c': [1, 1, 1], 'ho': [1, 16, 1], 'wo': [2, 24, 1], 'kh': [5, 1], 'kw': [5, 1]}
updated self.tiling:  {'n': [1, 1, 1], 'c': [1, 2, 1], 'ho': [1, 8, 1], 'wo': [1, 24, 2], 'kh': [5, 1], 'kw': [5, 1]}
shared mem tiling is too small.
updated self.tiling:  {'n': [1, 1, 1], 'c': [1, 1, 1], 'ho': [1, 16, 1], 'wo': [2, 24, 1], 'kh': [5, 1], 'kw': [5, 1]}
updated self.tiling:  {'n': [1, 1, 1], 'c': [1, 1, 1], 'ho': [1, 4, 1], 'wo': [1, 24, 2], 'kh': [5, 1], 'kw': [5, 1]}
shared mem tiling is too small.
updated self.tiling:  {'n': [1, 1, 1], 'c': [1, 1, 1], 'ho': [1, 16, 1], 'wo': [2, 24, 1], 'kh': [5, 1], 'kw': [5, 1]}
shared mem tiling is too small.
updated self.tiling:  {'n': [1, 1, 1], 'c': [1, 2, 1], 'ho': [1, 6, 1], 'wo': [2, 24, 1], 'kh': [5, 1], 'kw': [5, 1]}
updated self.tiling:  {'n': [1, 1, 1], 'c': [1, 1, 1], 'ho': [1, 16, 1], 'wo': [1, 24, 2], 'kh': [5, 1], 'kw': [5, 1]}
shared mem tiling is too small.
updated self.tiling:  {'n': [1, 1, 1], 'c': [1, 2, 1], 'ho': [1, 6, 1], 'wo': [2, 24, 1], 'kh': [5, 1], 'kw': [5, 1]}
shared mem tiling is too small.
updated self.tiling:  {'n': [1, 1, 1], 'c': [1, 2, 1], 'ho': [1, 6, 1], 'wo': [2, 24, 1], 'kh': [5, 1], 'kw': [5, 1]}
updated self.tiling:  {'n': [1, 1, 1], 'c': [1, 2, 1], 'ho': [1, 6, 1], 'wo': [1, 24, 2], 'kh': [5, 1], 'kw': [5, 1]}
pad:  {'n': 0, 'c': 0, 'ho': 6, 'wo': 6, 'kh': 0, 'kw': 0}
{'n': [2, 1], 'c': [1, 1], 'ho': [8, 1], 'wo': [24, 2], 'kh': [5, 1], 'kw': [5, 1]}
{'n': [1, 2, 1], 'c': [1, 1, 1], 'ho': [1, 8, 1], 'wo': [2, 24, 1], 'kh': [5, 1], 'kw': [5, 1]}
shared mem tiling is too small.
updated self.tiling:  {'n': [1, 2, 1], 'c': [1, 1, 1], 'ho': [1, 8, 1], 'wo': [2, 24, 1], 'kh': [5, 1], 'kw': [5, 1]}
pad:  {'n': 0, 'c': 0, 'ho': 0, 'wo': 6, 'kh': 0, 'kw': 0}
pad:  {'n': 0, 'c': 0, 'ho': 8, 'wo': 6, 'kh': 0, 'kw': 0}
shared mem tiling is too small.
updated self.tiling:  {'n': [1, 2, 1], 'c': [1, 1, 1], 'ho': [1, 8, 1], 'wo': [2, 24, 1], 'kh': [5, 1], 'kw': [5, 1]}
shared mem tiling is too small.
updated self.tiling:  {'n': [1, 2, 1], 'c': [1, 1, 1], 'ho': [1, 8, 1], 'wo': [2, 24, 1], 'kh': [5, 1], 'kw': [5, 1]}
updated self.tiling:  {'n': [1, 2, 1], 'c': [1, 1, 1], 'ho': [1, 8, 1], 'wo': [1, 24, 2], 'kh': [5, 1], 'kw': [5, 1]}
pad:  {'n': 0, 'c': 0, 'ho': 6, 'wo': 6, 'kh': 0, 'kw': 0}
{'n': [2, 1], 'c': [1, 1], 'ho': [6, 1], 'wo': [24, 2], 'kh': [5, 1], 'kw': [5, 1]}
{'n': [1, 1], 'c': [2, 1], 'ho': [10, 1], 'wo': [24, 2], 'kh': [5, 1], 'kw': [5, 1]}
{'n': [1, 1, 1], 'c': [1, 2, 1], 'ho': [1, 10, 1], 'wo': [2, 24, 1], 'kh': [5, 1], 'kw': [5, 1]}
{'n': [1, 2, 1], 'c': [1, 1, 1], 'ho': [1, 6, 1], 'wo': [2, 24, 1], 'kh': [5, 1], 'kw': [5, 1]}
shared mem tiling is too small.
updated self.tiling:  {'n': [1, 2, 1], 'c': [1, 1, 1], 'ho': [1, 6, 1], 'wo': [2, 24, 1], 'kh': [5, 1], 'kw': [5, 1]}
shared mem tiling is too small.
updated self.tiling:  {'n': [1, 2, 1], 'c': [1, 1, 1], 'ho': [1, 6, 1], 'wo': [2, 24, 1], 'kh': [5, 1], 'kw': [5, 1]}
shared mem tiling is too small.
updated self.tiling:  {'n': [1, 2, 1], 'c': [1, 1, 1], 'ho': [1, 6, 1], 'wo': [2, 24, 1], 'kh': [5, 1], 'kw': [5, 1]}
shared mem tiling is too small.
updated self.tiling:  {'n': [1, 1, 1], 'c': [1, 2, 1], 'ho': [1, 10, 1], 'wo': [2, 24, 1], 'kh': [5, 1], 'kw': [5, 1]}
updated self.tiling:  {'n': [1, 2, 1], 'c': [1, 1, 1], 'ho': [1, 6, 1], 'wo': [1, 24, 2], 'kh': [5, 1], 'kw': [5, 1]}
shared mem tiling is too small.
updated self.tiling:  {'n': [1, 1, 1], 'c': [1, 2, 1], 'ho': [1, 10, 1], 'wo': [2, 24, 1], 'kh': [5, 1], 'kw': [5, 1]}
shared mem tiling is too small.
updated self.tiling:  {'n': [1, 1, 1], 'c': [1, 2, 1], 'ho': [1, 10, 1], 'wo': [2, 24, 1], 'kh': [5, 1], 'kw': [5, 1]}
updated self.tiling:  {'n': [1, 1, 1], 'c': [1, 2, 1], 'ho': [1, 10, 1], 'wo': [1, 24, 2], 'kh': [5, 1], 'kw': [5, 1]}
{'n': [1, 1], 'c': [1, 1], 'ho': [8, 1], 'wo': [24, 2], 'kh': [5, 1], 'kw': [5, 1]}
{'n': [1, 1, 1], 'c': [1, 1, 1], 'ho': [1, 8, 1], 'wo': [2, 24, 1], 'kh': [5, 1], 'kw': [5, 1]}
shared mem tiling is too small.
updated self.tiling:  {'n': [1, 1, 1], 'c': [1, 1, 1], 'ho': [1, 8, 1], 'wo': [2, 24, 1], 'kh': [5, 1], 'kw': [5, 1]}
shared mem tiling is too small.
updated self.tiling:  {'n': [1, 1, 1], 'c': [1, 1, 1], 'ho': [1, 8, 1], 'wo': [2, 24, 1], 'kh': [5, 1], 'kw': [5, 1]}
shared mem tiling is too small.
updated self.tiling:  {'n': [1, 1, 1], 'c': [1, 1, 1], 'ho': [1, 8, 1], 'wo': [2, 24, 1], 'kh': [5, 1], 'kw': [5, 1]}
updated self.tiling:  {'n': [1, 1, 1], 'c': [1, 1, 1], 'ho': [1, 8, 1], 'wo': [1, 24, 2], 'kh': [5, 1], 'kw': [5, 1]}
pad:  {'n': 0, 'c': 0, 'ho': 6, 'wo': 6, 'kh': 0, 'kw': 0}
{'n': [1, 1], 'c': [1, 1], 'ho': [12, 1], 'wo': [24, 2], 'kh': [5, 1], 'kw': [5, 1]}
{'n': [1, 1, 1], 'c': [1, 1, 1], 'ho': [1, 12, 1], 'wo': [2, 24, 1], 'kh': [5, 1], 'kw': [5, 1]}
shared mem tiling is too small.
updated self.tiling:  {'n': [1, 1, 1], 'c': [1, 1, 1], 'ho': [1, 12, 1], 'wo': [2, 24, 1], 'kh': [5, 1], 'kw': [5, 1]}
shared mem tiling is too small.
updated self.tiling:  {'n': [1, 1, 1], 'c': [1, 1, 1], 'ho': [1, 12, 1], 'wo': [2, 24, 1], 'kh': [5, 1], 'kw': [5, 1]}
shared mem tiling is too small.
updated self.tiling:  {'n': [1, 1, 1], 'c': [1, 1, 1], 'ho': [1, 12, 1], 'wo': [2, 24, 1], 'kh': [5, 1], 'kw': [5, 1]}
updated self.tiling:  {'n': [1, 1, 1], 'c': [1, 1, 1], 'ho': [1, 12, 1], 'wo': [1, 24, 2], 'kh': [5, 1], 'kw': [5, 1]}
pad:  {'n': 0, 'c': 0, 'ho': 8, 'wo': 6, 'kh': 0, 'kw': 0}
{'n': [2, 1], 'c': [1, 1], 'ho': [10, 1], 'wo': [24, 2], 'kh': [5, 1], 'kw': [5, 1]}
{'n': [1, 2, 1], 'c': [1, 1, 1], 'ho': [1, 10, 1], 'wo': [2, 24, 1], 'kh': [5, 1], 'kw': [5, 1]}depthwiseconv_expr_S1D1P2_128_84_42_42_5_5_2_43008_1_1_288_1_1.cu(89): warning: variable "output_size0" was declared but never referenced

depthwiseconv_expr_S1D1P2_128_84_42_42_5_5_2_43008_1_1_288_1_1.cu(97): warning: variable "output0h" was declared but never referenced

depthwiseconv_expr_S1D1P2_128_84_42_42_5_5_5_26880_1_1_480_1_1.cu(89): warning: variable "output_size0" was declared but never referenced

depthwiseconv_expr_S1D1P2_128_84_42_42_5_5_5_26880_1_1_480_1_1.cu(97): warning: variable "output0h" was declared but never referenced


shared mem tiling is too small.
updated self.tiling:  {'n': [1, 2, 1], 'c': [1, 1, 1], 'ho': [1, 10, 1], 'wo': [2, 24, 1], 'kh': [5, 1], 'kw': [5, 1]}
shared mem tiling is too small.
updated self.tiling:  {'n': [1, 2, 1], 'c': [1, 1, 1], 'ho': [1, 10, 1], 'wo': [2, 24, 1], 'kh': [5, 1], 'kw': [5, 1]}
shared mem tiling is too small.
updated self.tiling:  {'n': [1, 2, 1], 'c': [1, 1, 1], 'ho': [1, 10, 1], 'wo': [2, 24, 1], 'kh': [5, 1], 'kw': [5, 1]}
updated self.tiling:  {'n': [1, 2, 1], 'c': [1, 1, 1], 'ho': [1, 10, 1], 'wo': [1, 24, 2], 'kh': [5, 1], 'kw': [5, 1]}
top1 time: 5.0119 ms
top10 time: 4.0827 ms
best idx: 9
best config: [level 0: [tile: [2, 1, 6, 48]; step: [5, 5]]][level 1: [tile: [1, 1, 1, 2]; step: [1, 1]]][level 2: [tile: [1, 1, 1, 1]; step: [1, 1]]]
top1 compile time: 0.007243156433105469 s
top10 compile time: 9.409557342529297 s
