depthwiseconv_expr_S1D1P2_128_42_83_83_5_5_0_59136_1_1_352_1_1.cu(89): warning: variable "output_size0" was declared but never referenced

depthwiseconv_expr_S1D1P2_128_42_83_83_5_5_0_59136_1_1_352_1_1.cu(97): warning: variable "output0h" was declared but never referenced

depthwiseconv_expr_S1D1P2_128_42_83_83_5_5_8_55776_1_1_352_1_1.cu(86): warning: variable "output_size0" was declared but never referenced

depthwiseconv_expr_S1D1P2_128_42_83_83_5_5_8_55776_1_1_352_1_1.cu(94): warning: variable "output0h" was declared but never referenced

depthwiseconv_expr_S1D1P2_128_42_83_83_5_5_3_59136_1_1_352_1_1.cu(108): warning: variable "output_size0" was declared but never referenced

depthwiseconv_expr_S1D1P2_128_42_83_83_5_5_3_59136_1_1_352_1_1.cu(116): warning: variable "output0h" was declared but never referenced

depthwiseconv_expr_S1D1P2_128_42_83_83_5_5_6_58432_1_1_352_1_1.cu(104): warning: variable "output_size0" was declared but never referenced

depthwiseconv_expr_S1D1P2_128_42_83_83_5_5_6_58432_1_1_352_1_1.cu(112): warning: variable "output0h" was declared but never referenced

depthwiseconv_expr_S1D1P2_128_42_83_83_5_5_9_29568_1_1_352_1_1.cu(98): warning: variable "output_size0" was declared but never referenced

depthwiseconv_expr_S1D1P2_128_42_83_83_5_5_9_29568_1_1_352_1_1.cu(106): warning: variable "output0h" was declared but never referenced

depthwiseconv_expr_S1D1P2_128_42_83_83_5_5_1_56448_1_1_352_1_1.cu(87): warning: variable "output_size0" was declared but never referenced

depthwiseconv_expr_S1D1P2_128_42_83_83_5_5_1_56448_1_1_352_1_1.cu(95): warning: variable "output0h" was declared but never referenced

depthwiseconv_expr_S1D1P2_128_42_83_83_5_5_4_56448_1_1_352_1_1.cu(92): warning: variable "output_size0" was declared but never referenced

depthwiseconv_expr_S1D1P2_128_42_83_83_5_5_4_56448_1_1_352_1_1.cu(100): warning: variable "output0h" was declared but never referenced

depthwiseconv_expr_S1D1P2_128_42_83_83_5_5_7_55776_1_1_352_1_1.cu(84): warning: variable "output_size0" was declared but never referenced

depthwiseconv_expr_S1D1P2_128_42_83_83_5_5_7_55776_1_1_352_1_1.cu(92): warning: variable "output0h" was declared but never referenced

Namespace(arch='K80', backend='tvm', code_dir='roller_src/depthwiseconv', data_type='float32', eval_bar=[1, 5, 10, 20, 50], fuse=False, keep_tiny=False, num_threads=4, op='depthwiseconv_expr_S1D1P2', padding_threshold_cap=1.0, reg_tiling=True, rtile0_shape=[64, 128, 32], rtile1_shape=[8, 8, 1], rtile2_shape=[1, 1, 1], schedule_fuse=True, shape=[128, 42, 83, 83, 5, 5], smem_tiling=True, st_align=False, topk=10, use_artificial_rtile=False, use_tc=False)
IODependent:  False
threshold 0
failed to find results with padding threshold 0
threshold 0.1
found 10 results in first round with threshold 0.1
evaluating top 10 configs
pad:  {'n': 0, 'c': 0, 'ho': 5, 'wo': 5, 'kh': 0, 'kw': 0}
pad:  {'n': 0, 'c': 2, 'ho': 1, 'wo': 5, 'kh': 0, 'kw': 0}
pad:  {'n': 0, 'c': 2, 'ho': 0, 'wo': 5, 'kh': 0, 'kw': 0}
pad:  {'n': 0, 'c': 0, 'ho': 0, 'wo': 5, 'kh': 0, 'kw': 0}
{'n': [1, 1], 'c': [1, 1], 'ho': [8, 1], 'wo': [44, 2], 'kh': [5, 1], 'kw': [5, 1]}
{'n': [1, 1, 1], 'c': [1, 1, 1], 'ho': [1, 8, 1], 'wo': [2, 44, 1], 'kh': [5, 1], 'kw': [5, 1]}
shared mem tiling is too small.
updated self.tiling:  {'n': [1, 1, 1], 'c': [1, 1, 1], 'ho': [1, 8, 1], 'wo': [2, 44, 1], 'kh': [5, 1], 'kw': [5, 1]}
{'n': [2, 1], 'c': [4, 1], 'ho': [1, 1], 'wo': [44, 2], 'kh': [5, 1], 'kw': [5, 1]}
shared mem tiling is too small.
{'n': [8, 1], 'c': [1, 1], 'ho': [1, 1], 'wo': [44, 2], 'kh': [5, 1], 'kw': [5, 1]}
updated self.tiling:  {'n': [1, 1, 1], 'c': [1, 1, 1], 'ho': [1, 8, 1], 'wo': [2, 44, 1], 'kh': [5, 1], 'kw': [5, 1]}
{'n': [1, 2, 1], 'c': [1, 4, 1], 'ho': [1, 1, 1], 'wo': [2, 44, 1], 'kh': [5, 1], 'kw': [5, 1]}
{'n': [1, 1], 'c': [4, 1], 'ho': [2, 1], 'wo': [44, 2], 'kh': [5, 1], 'kw': [5, 1]}
{'n': [1, 1, 1], 'c': [1, 4, 1], 'ho': [1, 2, 1], 'wo': [2, 44, 1], 'kh': [5, 1], 'kw': [5, 1]}
{'n': [1, 8, 1], 'c': [1, 1, 1], 'ho': [1, 1, 1], 'wo': [2, 44, 1], 'kh': [5, 1], 'kw': [5, 1]}
shared mem tiling is too small.
updated self.tiling:  {'n': [1, 1, 1], 'c': [1, 1, 1], 'ho': [1, 8, 1], 'wo': [2, 44, 1], 'kh': [5, 1], 'kw': [5, 1]}
updated self.tiling:  {'n': [1, 1, 1], 'c': [1, 1, 1], 'ho': [1, 8, 1], 'wo': [1, 44, 2], 'kh': [5, 1], 'kw': [5, 1]}
shared mem tiling is too small.
updated self.tiling:  {'n': [1, 2, 1], 'c': [1, 4, 1], 'ho': [1, 1, 1], 'wo': [2, 44, 1], 'kh': [5, 1], 'kw': [5, 1]}
shared mem tiling is too small.
updated self.tiling:  {'n': [1, 2, 1], 'c': [1, 4, 1], 'ho': [1, 1, 1], 'wo': [2, 44, 1], 'kh': [5, 1], 'kw': [5, 1]}
shared mem tiling is too small.
updated self.tiling:  {'n': [1, 1, 1], 'c': [1, 4, 1], 'ho': [1, 2, 1], 'wo': [2, 44, 1], 'kh': [5, 1], 'kw': [5, 1]}
shared mem tiling is too small.
updated self.tiling:  {'n': [1, 2, 1], 'c': [1, 4, 1], 'ho': [1, 1, 1], 'wo': [2, 44, 1], 'kh': [5, 1], 'kw': [5, 1]}
shared mem tiling is too small.
shared mem tiling is too small.
updated self.tiling:  {'n': [1, 1, 1], 'c': [1, 4, 1], 'ho': [1, 2, 1], 'wo': [2, 44, 1], 'kh': [5, 1], 'kw': [5, 1]}
updated self.tiling:  {'n': [1, 8, 1], 'c': [1, 1, 1], 'ho': [1, 1, 1], 'wo': [2, 44, 1], 'kh': [5, 1], 'kw': [5, 1]}
updated self.tiling:  {'n': [1, 2, 1], 'c': [1, 4, 1], 'ho': [1, 1, 1], 'wo': [1, 44, 2], 'kh': [5, 1], 'kw': [5, 1]}
shared mem tiling is too small.
shared mem tiling is too small.
updated self.tiling:  {'n': [1, 1, 1], 'c': [1, 4, 1], 'ho': [1, 2, 1], 'wo': [2, 44, 1], 'kh': [5, 1], 'kw': [5, 1]}
updated self.tiling:  {'n': [1, 8, 1], 'c': [1, 1, 1], 'ho': [1, 1, 1], 'wo': [2, 44, 1], 'kh': [5, 1], 'kw': [5, 1]}
updated self.tiling:  {'n': [1, 1, 1], 'c': [1, 4, 1], 'ho': [1, 2, 1], 'wo': [1, 44, 2], 'kh': [5, 1], 'kw': [5, 1]}
shared mem tiling is too small.
updated self.tiling:  {'n': [1, 8, 1], 'c': [1, 1, 1], 'ho': [1, 1, 1], 'wo': [2, 44, 1], 'kh': [5, 1], 'kw': [5, 1]}
updated self.tiling:  {'n': [1, 8, 1], 'c': [1, 1, 1], 'ho': [1, 1, 1], 'wo': [1, 44, 2], 'kh': [5, 1], 'kw': [5, 1]}
pad:  {'n': 0, 'c': 0, 'ho': 5, 'wo': 5, 'kh': 0, 'kw': 0}
{'n': [1, 1], 'c': [2, 1], 'ho': [8, 1], 'wo': [22, 4], 'kh': [5, 1], 'kw': [5, 1]}
{'n': [1, 1, 1], 'c': [1, 2, 1], 'ho': [1, 8, 1], 'wo': [4, 22, 1], 'kh': [5, 1], 'kw': [5, 1]}
shared mem tiling is too small.
updated self.tiling:  {'n': [1, 1, 1], 'c': [1, 2, 1], 'ho': [1, 8, 1], 'wo': [4, 22, 1], 'kh': [5, 1], 'kw': [5, 1]}
shared mem tiling is too small.
updated self.tiling:  {'n': [1, 1, 1], 'c': [1, 2, 1], 'ho': [1, 8, 1], 'wo': [4, 22, 1], 'kh': [5, 1], 'kw': [5, 1]}
shared mem tiling is too small.
updated self.tiling:  {'n': [1, 1, 1], 'c': [1, 2, 1], 'ho': [1, 8, 1], 'wo': [4, 22, 1], 'kh': [5, 1], 'kw': [5, 1]}
updated self.tiling:  {'n': [1, 1, 1], 'c': [1, 2, 1], 'ho': [1, 8, 1], 'wo': [2, 22, 2], 'kh': [5, 1], 'kw': [5, 1]}
pad:  {'n': 0, 'c': 0, 'ho': 1, 'wo': 5, 'kh': 0, 'kw': 0}
pad:  {'n': 0, 'c': 0, 'ho': 0, 'wo': 5, 'kh': 0, 'kw': 0}
pad:  {'n': 0, 'c': 0, 'ho': 1, 'wo': 5, 'kh': 0, 'kw': 0}
{'n': [4, 1], 'c': [2, 1], 'ho': [1, 1], 'wo': [44, 2], 'kh': [5, 1], 'kw': [5, 1]}
{'n': [1, 4, 1], 'c': [1, 2, 1], 'ho': [1, 1, 1], 'wo': [2, 44, 1], 'kh': [5, 1], 'kw': [5, 1]}
{'n': [2, 1], 'c': [2, 1], 'ho': [2, 1], 'wo': [44, 2], 'kh': [5, 1], 'kw': [5, 1]}
{'n': [1, 2, 1], 'c': [1, 2, 1], 'ho': [1, 2, 1], 'wo': [2, 44, 1], 'kh': [5, 1], 'kw': [5, 1]}
shared mem tiling is too small.
updated self.tiling:  {'n': [1, 2, 1], 'c': [1, 2, 1], 'ho': [1, 2, 1], 'wo': [2, 44, 1], 'kh': [5, 1], 'kw': [5, 1]}
shared mem tiling is too small.
updated self.tiling:  {'n': [1, 4, 1], 'c': [1, 2, 1], 'ho': [1, 1, 1], 'wo': [2, 44, 1], 'kh': [5, 1], 'kw': [5, 1]}
shared mem tiling is too small.
shared mem tiling is too small.
updated self.tiling:  {'n': [1, 4, 1], 'c': [1, 2, 1], 'ho': [1, 1, 1], 'wo': [2, 44, 1], 'kh': [5, 1], 'kw': [5, 1]}
updated self.tiling:  {'n': [1, 2, 1], 'c': [1, 2, 1], 'ho': [1, 2, 1], 'wo': [2, 44, 1], 'kh': [5, 1], 'kw': [5, 1]}
shared mem tiling is too small.
updated self.tiling:  {'n': [1, 4, 1], 'c': [1, 2, 1], 'ho': [1, 1, 1], 'wo': [2, 44, 1], 'kh': [5, 1], 'kw': [5, 1]}
updated self.tiling:  {'n': [1, 4, 1], 'c': [1, 2, 1], 'ho': [1, 1, 1], 'wo': [1, 44, 2], 'kh': [5, 1], 'kw': [5, 1]}
shared mem tiling is too small.
updated self.tiling:  {'n': [1, 2, 1], 'c': [1, 2, 1], 'ho': [1, 2, 1], 'wo': [2, 44, 1], 'kh': [5, 1], 'kw': [5, 1]}
updated self.tiling:  {'n': [1, 2, 1], 'c': [1, 2, 1], 'ho': [1, 2, 1], 'wo': [1, 44, 2], 'kh': [5, 1], 'kw': [5, 1]}
{'n': [1, 1], 'c': [2, 1], 'ho': [4, 1], 'wo': [44, 2], 'kh': [5, 1], 'kw': [5, 1]}
{'n': [1, 1, 1], 'c': [1, 2, 1], 'ho': [1, 4, 1], 'wo': [2, 44, 1], 'kh': [5, 1], 'kw': [5, 1]}
shared mem tiling is too small.
updated self.tiling:  {'n': [1, 1, 1], 'c': [1, 2, 1], 'ho': [1, 4, 1], 'wo': [2, 44, 1], 'kh': [5, 1], 'kw': [5, 1]}
shared mem tiling is too small.
updated self.tiling:  {'n': [1, 1, 1], 'c': [1, 2, 1], 'ho': [1, 4, 1], 'wo': [2, 44, 1], 'kh': [5, 1], 'kw': [5, 1]}
shared mem tiling is too small.
updated self.tiling:  {'n': [1, 1, 1], 'c': [1, 2, 1], 'ho': [1, 4, 1], 'wo': [2, 44, 1], 'kh': [5, 1], 'kw': [5, 1]}
updated self.tiling:  {'n': [1, 1, 1], 'c': [1, 2, 1], 'ho': [1, 4, 1], 'wo': [1, 44, 2], 'kh': [5, 1], 'kw': [5, 1]}
pad:  {'n': 0, 'c': 0, 'ho': 1, 'wo': 5, 'kh': 0, 'kw': 0}
{'n': [2, 1], 'c': [1, 1], 'ho': [4, 1], 'wo': [44, 2], 'kh': [5, 1], 'kw': [5, 1]}
{'n': [1, 2, 1], 'c': [1, 1, 1], 'ho': [1, 4, 1], 'wo': [2, 44, 1], 'kh': [5, 1], 'kw': [5, 1]}
shared mem tiling is too small.
updated self.tiling:  {'n': [1, 2, 1], 'c': [1, 1, 1], 'ho': [1, 4, 1], 'wo': [2, 44, 1], 'kh': [5, 1], 'kw': [5, 1]}
shared mem tiling is too small.
updated self.tiling:  {'n': [1, 2, 1], 'c': [1, 1, 1], 'ho': [1, 4, 1], 'wo': [2, 44, 1], 'kh': [5, 1], 'kw': [5, 1]}
shared mem tiling is too small.
updated self.tiling:  {'n': [1, 2, 1], 'c': [1, 1, 1], 'ho': [1, 4, 1], 'wo': [2, 44, 1], 'kh': [5, 1], 'kw': [5, 1]}
updated self.tiling:  {'n': [1, 2, 1], 'c': [1, 1, 1], 'ho': [1, 4, 1], 'wo': [1, 44, 2], 'kh': [5, 1], 'kw': [5, 1]}
pad:  {'n': 0, 'c': 0, 'ho': 1, 'wo': 5, 'kh': 0, 'kw': 0}
{'n': [4, 1], 'c': [1, 1], 'ho': [2, 1], 'wo': [44, 2], 'kh': [5, 1], 'kw': [5, 1]}
{'n': [1, 4, 1], 'c': [1, 1, 1], 'ho': [1, 2, 1], 'wo': [2, 44, 1], 'kh': [5, 1], 'kw': [5, 1]}
shared mem tiling is too small.
updated self.tiling:  {'n': [1, 4, 1], 'c': [1, 1, 1], 'ho': [1, 2, 1], 'wo': [2, 44, 1], 'kh': [5, 1], 'kw': [5, 1]}depthwiseconv_expr_S1D1P2_128_42_83_83_5_5_2_56448_1_1_352_1_1.cu(89): warning: variable "output_size0" was declared but never referenced

depthwiseconv_expr_S1D1P2_128_42_83_83_5_5_2_56448_1_1_352_1_1.cu(97): warning: variable "output0h" was declared but never referenced

depthwiseconv_expr_S1D1P2_128_42_83_83_5_5_5_56448_1_1_352_1_1.cu(94): warning: variable "output_size0" was declared but never referenced

depthwiseconv_expr_S1D1P2_128_42_83_83_5_5_5_56448_1_1_352_1_1.cu(102): warning: variable "output0h" was declared but never referenced


shared mem tiling is too small.
updated self.tiling:  {'n': [1, 4, 1], 'c': [1, 1, 1], 'ho': [1, 2, 1], 'wo': [2, 44, 1], 'kh': [5, 1], 'kw': [5, 1]}
shared mem tiling is too small.
updated self.tiling:  {'n': [1, 4, 1], 'c': [1, 1, 1], 'ho': [1, 2, 1], 'wo': [2, 44, 1], 'kh': [5, 1], 'kw': [5, 1]}
updated self.tiling:  {'n': [1, 4, 1], 'c': [1, 1, 1], 'ho': [1, 2, 1], 'wo': [1, 44, 2], 'kh': [5, 1], 'kw': [5, 1]}
top1 time: 8.5889 ms
top10 time: 8.5889 ms
best idx: 0
best config: [level 0: [tile: [1, 1, 8, 88]; step: [5, 5]]][level 1: [tile: [1, 1, 1, 2]; step: [1, 1]]][level 2: [tile: [1, 1, 1, 1]; step: [1, 1]]]
top1 compile time: 0.007690906524658203 s
top10 compile time: 11.553982019424438 s
