fused_conv_expr_S1D1P0_128_168_21_21_1008_1_1_0_441_1_1_384_1_1.cu(216): warning: variable "output_size0" was declared but never referenced

fused_conv_expr_S1D1P0_128_168_21_21_1008_1_1_0_441_1_1_384_1_1.cu(224): warning: variable "output0h" was declared but never referenced

fused_conv_expr_S1D1P0_128_168_21_21_1008_1_1_6_882_1_1_256_1_1.cu(418): warning: variable "output_size0" was declared but never referenced

fused_conv_expr_S1D1P0_128_168_21_21_1008_1_1_6_882_1_1_256_1_1.cu(426): warning: variable "output0h" was declared but never referenced

fused_conv_expr_S1D1P0_128_168_21_21_1008_1_1_3_442_1_1_384_1_1.cu(277): warning: variable "output_size0" was declared but never referenced

fused_conv_expr_S1D1P0_128_168_21_21_1008_1_1_3_442_1_1_384_1_1.cu(285): warning: variable "output0h" was declared but never referenced

fused_conv_expr_S1D1P0_128_168_21_21_1008_1_1_8_588_1_1_384_1_1.cu(1063): warning: variable "output_size0" was declared but never referenced

fused_conv_expr_S1D1P0_128_168_21_21_1008_1_1_8_588_1_1_384_1_1.cu(1071): warning: variable "output0h" was declared but never referenced

fused_conv_expr_S1D1P0_128_168_21_21_1008_1_1_1_441_1_1_384_1_1.cu(258): warning: variable "output_size0" was declared but never referenced

fused_conv_expr_S1D1P0_128_168_21_21_1008_1_1_1_441_1_1_384_1_1.cu(266): warning: variable "output0h" was declared but never referenced

fused_conv_expr_S1D1P0_128_168_21_21_1008_1_1_7_588_1_1_384_1_1.cu(424): warning: variable "output_size0" was declared but never referenced

fused_conv_expr_S1D1P0_128_168_21_21_1008_1_1_7_588_1_1_384_1_1.cu(432): warning: variable "output0h" was declared but never referenced

fused_conv_expr_S1D1P0_128_168_21_21_1008_1_1_4_663_1_1_256_1_1.cu(237): warning: variable "output_size0" was declared but never referenced

fused_conv_expr_S1D1P0_128_168_21_21_1008_1_1_4_663_1_1_256_1_1.cu(245): warning: variable "output0h" was declared but never referenced

fused_conv_expr_S1D1P0_128_168_21_21_1008_1_1_9_882_1_1_256_1_1.cu(1067): warning: variable "output_size0" was declared but never referenced

fused_conv_expr_S1D1P0_128_168_21_21_1008_1_1_9_882_1_1_256_1_1.cu(1075): warning: variable "output0h" was declared but never referenced

fused_conv_expr_S1D1P0_128_168_21_21_1008_1_1_2_442_1_1_384_1_1.cu(234): warning: variable "output_size0" was declared but never referenced

fused_conv_expr_S1D1P0_128_168_21_21_1008_1_1_2_442_1_1_384_1_1.cu(242): warning: variable "output0h" was declared but never referenced

fused_conv_expr_S1D1P0_128_168_21_21_1008_1_1_5_663_1_1_256_1_1.cu(292): warning: variable "output_size0" was declared but never referenced

fused_conv_expr_S1D1P0_128_168_21_21_1008_1_1_5_663_1_1_256_1_1.cu(300): warning: variable "output0h" was declared but never referenced

Namespace(arch='K80', backend='tvm', code_dir='roller_src/conv', data_type='float32', eval_bar=[1, 5, 10, 20, 50], fuse=False, keep_tiny=False, num_threads=4, op='fused_conv_expr_S1D1P0', padding_threshold_cap=1.0, reg_tiling=True, rtile0_shape=[64, 128, 32], rtile1_shape=[8, 8, 1], rtile2_shape=[1, 1, 1], schedule_fuse=True, shape=[128, 168, 21, 21, 1008, 1, 1], smem_tiling=True, st_align=False, topk=10, use_artificial_rtile=False, use_tc=False)
IODependent:  True
failed to find results with padding threshold 0
found 6 results with threshold 0.2
found 6 results with threshold 0.4
found 10 results with threshold 0.6000000000000001
evaluating top 10 configs
pad:  {'f': 24, 'sa_fused0': 128, 'ra_fused0': 16}
pad:  {'f': 88, 'sa_fused0': 0, 'ra_fused0': 16}
pad:  {'f': 24, 'sa_fused0': 0, 'ra_fused0': 0}
pad:  {'f': 88, 'sa_fused0': 0, 'ra_fused0': 0}
{'f': [12, 8], 'sa_fused0': [32, 8], 'ra_fused0': [32, 1]}
{'f': [16, 8], 'sa_fused0': [16, 8], 'ra_fused0': [8, 1]}
{'f': [8, 12, 1], 'sa_fused0': [8, 32, 1], 'ra_fused0': [32, 1]}
{'f': [8, 16, 1], 'sa_fused0': [8, 16, 1], 'ra_fused0': [8, 1]}
{'f': [16, 8], 'sa_fused0': [24, 8], 'ra_fused0': [32, 1]}
{'f': [8, 16, 1], 'sa_fused0': [8, 24, 1], 'ra_fused0': [32, 1]}
updated self.tiling:  {'f': [4, 16, 2], 'sa_fused0': [8, 16, 1], 'ra_fused0': [8, 1]}
updated self.tiling:  {'f': [4, 16, 2], 'sa_fused0': [4, 16, 2], 'ra_fused0': [8, 1]}
updated self.tiling:  {'f': [4, 12, 2], 'sa_fused0': [8, 32, 1], 'ra_fused0': [32, 1]}
{'f': [24, 8], 'sa_fused0': [16, 8], 'ra_fused0': [8, 1]}
updated self.tiling:  {'f': [4, 12, 2], 'sa_fused0': [4, 32, 2], 'ra_fused0': [32, 1]}
{'f': [8, 24, 1], 'sa_fused0': [8, 16, 1], 'ra_fused0': [8, 1]}
updated self.tiling:  {'f': [4, 16, 2], 'sa_fused0': [8, 24, 1], 'ra_fused0': [32, 1]}
updated self.tiling:  {'f': [4, 16, 2], 'sa_fused0': [4, 24, 2], 'ra_fused0': [32, 1]}
updated self.tiling:  {'f': [4, 24, 2], 'sa_fused0': [8, 16, 1], 'ra_fused0': [8, 1]}
updated self.tiling:  {'f': [4, 24, 2], 'sa_fused0': [4, 16, 2], 'ra_fused0': [8, 1]}
pad:  {'f': 24, 'sa_fused0': 0, 'ra_fused0': 16}
{'f': [24, 8], 'sa_fused0': [16, 8], 'ra_fused0': [32, 1]}
{'f': [8, 24, 1], 'sa_fused0': [8, 16, 1], 'ra_fused0': [32, 1]}
updated self.tiling:  {'f': [4, 24, 2], 'sa_fused0': [8, 16, 1], 'ra_fused0': [32, 1]}
updated self.tiling:  {'f': [4, 24, 2], 'sa_fused0': [4, 16, 2], 'ra_fused0': [32, 1]}
pad:  {'f': 88, 'sa_fused0': 0, 'ra_fused0': 0}
{'f': [16, 8], 'sa_fused0': [24, 8], 'ra_fused0': [8, 1]}
{'f': [8, 16, 1], 'sa_fused0': [8, 24, 1], 'ra_fused0': [8, 1]}
updated self.tiling:  {'f': [4, 16, 2], 'sa_fused0': [8, 24, 1], 'ra_fused0': [8, 1]}
updated self.tiling:  {'f': [4, 16, 2], 'sa_fused0': [4, 24, 2], 'ra_fused0': [8, 1]}
pad:  {'f': 24, 'sa_fused0': 128, 'ra_fused0': 0}
{'f': [8, 8], 'sa_fused0': [32, 8], 'ra_fused0': [8, 1]}
{'f': [8, 8, 1], 'sa_fused0': [8, 32, 1], 'ra_fused0': [8, 1]}
updated self.tiling:  {'f': [4, 8, 2], 'sa_fused0': [8, 32, 1], 'ra_fused0': [8, 1]}
updated self.tiling:  {'f': [4, 8, 2], 'sa_fused0': [4, 32, 2], 'ra_fused0': [8, 1]}
pad:  {'f': 88, 'sa_fused0': 0, 'ra_fused0': 16}
{'f': [16, 8], 'sa_fused0': [16, 8], 'ra_fused0': [32, 1]}
{'f': [8, 16, 1], 'sa_fused0': [8, 16, 1], 'ra_fused0': [32, 1]}
updated self.tiling:  {'f': [4, 16, 2], 'sa_fused0': [8, 16, 1], 'ra_fused0': [32, 1]}
updated self.tiling:  {'f': [4, 16, 2], 'sa_fused0': [4, 16, 2], 'ra_fused0': [32, 1]}
pad:  {'f': 24, 'sa_fused0': 128, 'ra_fused0': 0}
{'f': [12, 8], 'sa_fused0': [32, 8], 'ra_fused0': [8, 1]}
{'f': [8, 12, 1], 'sa_fused0': [8, 32, 1], 'ra_fused0': [8, 1]}
updated self.tiling:  {'f': [4, 12, 2], 'sa_fused0': [8, 32, 1], 'ra_fused0': [8, 1]}
updated self.tiling:  {'f': [4, 12, 2], 'sa_fused0': [4, 32, 2], 'ra_fused0': [8, 1]}
pad:  {'f': 24, 'sa_fused0': 128, 'ra_fused0': 16}
{'f': [8, 8], 'sa_fused0': [32, 8], 'ra_fused0': [32, 1]}
{'f': [8, 8, 1], 'sa_fused0': [8, 32, 1], 'ra_fused0': [32, 1]}
updated self.tiling:  {'f': [4, 8, 2], 'sa_fused0': [8, 32, 1], 'ra_fused0': [32, 1]}
updated self.tiling:  {'f': [4, 8, 2], 'sa_fused0': [4, 32, 2], 'ra_fused0': [32, 1]}
top1 time: 12.929 ms
top10 time: 12.914 ms
best idx: 4
best config: [level 0: [tile: [64, 256]; step: [8]]][level 1: [tile: [8, 8]; step: [1]]][level 2: [tile: [1, 1]; step: [1]]]
top1 compile time: 0.006311178207397461 s
top10 compile time: 14.907553434371948 s
