fused_conv_expr_S1D1P0_128_84_42_42_168_1_1_4_1764_1_1_256_1_1.cu(206): warning: variable "output_size0" was declared but never referenced

fused_conv_expr_S1D1P0_128_84_42_42_168_1_1_4_1764_1_1_256_1_1.cu(214): warning: variable "output0h" was declared but never referenced

fused_conv_expr_S1D1P0_128_84_42_42_168_1_1_5_1176_1_1_384_1_1.cu(212): warning: variable "output_size0" was declared but never referenced

fused_conv_expr_S1D1P0_128_84_42_42_168_1_1_5_1176_1_1_384_1_1.cu(220): warning: variable "output0h" was declared but never referenced

fused_conv_expr_S1D1P0_128_84_42_42_168_1_1_2_1764_1_1_256_1_1.cu(243): warning: variable "output_size0" was declared but never referenced

fused_conv_expr_S1D1P0_128_84_42_42_168_1_1_2_1764_1_1_256_1_1.cu(251): warning: variable "output0h" was declared but never referenced

fused_conv_expr_S1D1P0_128_84_42_42_168_1_1_0_882_1_1_384_1_1.cu(261): warning: variable "output_size0" was declared but never referenced

fused_conv_expr_S1D1P0_128_84_42_42_168_1_1_0_882_1_1_384_1_1.cu(269): warning: variable "output0h" was declared but never referenced

fused_conv_expr_S1D1P0_128_84_42_42_168_1_1_1_882_1_1_384_1_1.cu(218): warning: variable "output_size0" was declared but never referenced

fused_conv_expr_S1D1P0_128_84_42_42_168_1_1_1_882_1_1_384_1_1.cu(226): warning: variable "output0h" was declared but never referenced

fused_conv_expr_S1D1P0_128_84_42_42_168_1_1_3_1176_1_1_384_1_1.cu(239): warning: variable "output_size0" was declared but never referenced

fused_conv_expr_S1D1P0_128_84_42_42_168_1_1_3_1176_1_1_384_1_1.cu(247): warning: variable "output0h" was declared but never referenced

Namespace(arch='K80', backend='tvm', code_dir='roller_src/conv', data_type='float32', eval_bar=[1, 5, 10, 20, 50], fuse=False, keep_tiny=False, num_threads=4, op='fused_conv_expr_S1D1P0', padding_threshold_cap=1.0, reg_tiling=True, rtile0_shape=[64, 128, 32], rtile1_shape=[8, 8, 1], rtile2_shape=[1, 1, 1], schedule_fuse=True, shape=[128, 84, 42, 42, 168, 1, 1], smem_tiling=True, st_align=False, topk=10, use_artificial_rtile=False, use_tc=False)
IODependent:  True
failed to find results with padding threshold 0
found 2 results with threshold 0.2
found 2 results with threshold 0.4
found 6 results with threshold 0.6000000000000001
found 6 results with threshold 0.8
found 6 results with threshold 1.0
evaluating top 6 configs
pad:  {'f': 44, 'sa_fused0': 0, 'ra_fused0': 24}
pad:  {'f': 12, 'sa_fused0': 0, 'ra_fused0': 24}
pad:  {'f': 44, 'sa_fused0': 0, 'ra_fused0': 0}
pad:  {'f': 44, 'sa_fused0': 0, 'ra_fused0': 0}
{'f': [16, 8], 'sa_fused0': [16, 8], 'ra_fused0': [32, 1]}
{'f': [8, 16, 1], 'sa_fused0': [8, 16, 1], 'ra_fused0': [32, 1]}
{'f': [12, 8], 'sa_fused0': [32, 8], 'ra_fused0': [32, 1]}
{'f': [8, 12, 1], 'sa_fused0': [8, 32, 1], 'ra_fused0': [32, 1]}
updated self.tiling:  {'f': [4, 16, 2], 'sa_fused0': [8, 16, 1], 'ra_fused0': [32, 1]}
{'f': [16, 8], 'sa_fused0': [16, 8], 'ra_fused0': [8, 1]}
updated self.tiling:  {'f': [4, 12, 2], 'sa_fused0': [8, 32, 1], 'ra_fused0': [32, 1]}
{'f': [8, 16, 1], 'sa_fused0': [8, 16, 1], 'ra_fused0': [8, 1]}
{'f': [16, 8], 'sa_fused0': [24, 8], 'ra_fused0': [8, 1]}
{'f': [8, 16, 1], 'sa_fused0': [8, 24, 1], 'ra_fused0': [8, 1]}
updated self.tiling:  {'f': [4, 16, 2], 'sa_fused0': [4, 16, 2], 'ra_fused0': [32, 1]}
updated self.tiling:  {'f': [4, 12, 2], 'sa_fused0': [4, 32, 2], 'ra_fused0': [32, 1]}
updated self.tiling:  {'f': [4, 16, 2], 'sa_fused0': [8, 16, 1], 'ra_fused0': [8, 1]}
updated self.tiling:  {'f': [4, 16, 2], 'sa_fused0': [8, 24, 1], 'ra_fused0': [8, 1]}
updated self.tiling:  {'f': [4, 16, 2], 'sa_fused0': [4, 16, 2], 'ra_fused0': [8, 1]}
updated self.tiling:  {'f': [4, 16, 2], 'sa_fused0': [4, 24, 2], 'ra_fused0': [8, 1]}
pad:  {'f': 44, 'sa_fused0': 0, 'ra_fused0': 24}
{'f': [16, 8], 'sa_fused0': [24, 8], 'ra_fused0': [32, 1]}
{'f': [8, 16, 1], 'sa_fused0': [8, 24, 1], 'ra_fused0': [32, 1]}
updated self.tiling:  {'f': [4, 16, 2], 'sa_fused0': [8, 24, 1], 'ra_fused0': [32, 1]}
updated self.tiling:  {'f': [4, 16, 2], 'sa_fused0': [4, 24, 2], 'ra_fused0': [32, 1]}
pad:  {'f': 12, 'sa_fused0': 0, 'ra_fused0': 0}
{'f': [12, 8], 'sa_fused0': [32, 8], 'ra_fused0': [8, 1]}
{'f': [8, 12, 1], 'sa_fused0': [8, 32, 1], 'ra_fused0': [8, 1]}
updated self.tiling:  {'f': [4, 12, 2], 'sa_fused0': [8, 32, 1], 'ra_fused0': [8, 1]}
updated self.tiling:  {'f': [4, 12, 2], 'sa_fused0': [4, 32, 2], 'ra_fused0': [8, 1]}
top1 time: 5.2274 ms
top10 time: 3.877 ms
best idx: 4
best config: [level 0: [tile: [128, 128]; step: [8]]][level 1: [tile: [8, 8]; step: [1]]][level 2: [tile: [1, 1]; step: [1]]]
top1 compile time: 0.006463050842285156 s
top10 compile time: 15.554971933364868 s
